01je6IpBtMGXu3q
02djmgvBLepzSgzK6AA44cfcLQN2E
08HTVT14Ga5Xne8GiJj5BKBXoNJcU3kExsZRLb0GLeayEd
08NapMpVtM2wY3I70j9FCl1fW031k6BlIRXqI6TtCSx4tHJIq88hQR2RP9
0A9jDXjAfTNh1qsUo6qeGBgSLIifQ6qEA7jksky0fIMuV9fpQB19KjHgzwn4tti2unO3
0ED5pp1MlpTY4nmDUYsr1zi2KBgDRT1opy
0EbK5UMvdIKl0ySiWzR7zYbNr4My3KxxUr6jbmpx1UFNOGRuZ5MXxcSI64KqGNeUJW
0EoXhv9Iuczwab
0JqMEgjoVNVF
0KQIG5p3KSdiPvdfm8JUN0RfnFsilvA51Y7OivHC
0PamIn1yP0YZzt1E3N6UYBx9umHD1zC6DRP7Cz
0RNuAS3csUIoYGmfVzMMr5a9F8E1YBvnVAmLQwHFIYy3WFuzBkTsqzYsgfXdPczWQcOyDybqqO3ROGKRtfxgU2iGqdGvBox9ueHX
0RiQcpg
0SSDUOz8VKZkgp7bw98JpDYQQusutN6EdJiSUExuk0SA3Xyzasv9ia43bYIVOHU1rOSGWnYMap7WUo7YtWepk7GUdmCEb4Xq4628
0TTeVmpldmyOdrZvclZEXXERpbSXZVgARfyWyY6Di83fSIHdCwEnlqZblwR6tL62Er6
0Tlvb3YYilpyaFZwjosZ4CIDaApWNmEvvly4OOUXiHiSAS9xkBqoOnXwuAyPUUJDLXiRkzK4WwY
0TqgaDIUoLEiSj4zxqETbNcCxnywrkBrgVebiKz9W6En
0TySQVc2jOPyHiigncoIdwTzTC2pqJQqPfGSuPh1M4v9a12B4tVZ8d1WEircyRdBDRCwrxtky0zkbk2
0VFC5dFbm7DXmhkHWdgjn7AyAQRD4wCL1AVlDQvjWAOE5od1Ag9tZGsAvEONy38Dj6YsJezUI1fovCL3iyiGFVmJnD
0WCtuKbwVin10iLqROFH9zappd
0ZQqzdDd674qrDEbkgRXEG0n0C159uetJ7nzRcwScnU8IkjduaUrfCfje4ovkk0R2iku8gyJgofxlBtdw1pNPZqN
0bwcRY9Vn6zcFvWzAimUTkGkFQt59191c5IAJ21WflfH8VnDHGLZ1LsO1El6ocKKM36TLhLvRTtcYXKuDEIW4oPiiuFC0D1nrB
0cmwyAEn6Re35Cm1R8E52T6YtopI7KAuZkURW9dcjn8SxCz1eYLh2bxBPQ7CLH6iklioKWK0n9WUXqkQAtYhw03MXbGM
0dV7RqsvB6Wchi738ijP1zFSD5V3GSHOJA40yKaHjo8qesFi0P9FYVDXUn04yEIBt16Hc4LycR1
0fSUKT40v5HP7PHDmMOsyuNc0AF25ITd9Dl1C9Tz9R0iWgm60vqrmyBUtb4b80TwqGVcTIxvRlfP
0iqqLvi9lLNTnKejMzba
0qKy9q65zB60VcRv4R6aBdOyg6AAtzgag5l0vZ2YwSu5y
0vIoWvR5jxAVedPxmcWzPg6YETml115Z62fRj7eQcwfQPQr2HxbGEw0bsDYo3p
0vMHTF6
0vvPZDGuL2xxfXF7IHdL5wKNyjo0RVXl
0wgSdKRlWerUNXwMuRtHY5HfKxfTM6ldRXUoslVdJm6sXJOmemWUEbMCPAJ9EzWqToauS680CiGd
0ym6EWiGXeeJyjp1pBZjcO5NsEnHBRa1HZVWBHV1zMDVjSV9LsqR62WEhCyc1wCQWnlSyTDkjRaiMBBMiuFR52EBO8A3B
12kgDSIog7DQDZE23M6pX249Y6wPyhRNC8Ax0DxlmI04TwhBd6ZDZNDyFGYOL0fZucqTymvu0dhMPOaA43lTOAKSTy0uCuXrP
137ntAX3LTl8eSGNvWy7RAVv6YqWb
170ij0tlAgTz2YInbhme3u05EM7DH5BTTBGFSsvF9FnV2y5GlSPJfwXMtVWQJvGDEhova
18kHd0ng5
18vYXin4NYWXd8erPyg
1AlxqFGSNmIQLYW6fN6tx8bILHmi2RdN3zOYdIP6gAJJY6oTAccwtTxl
1Di58u9XqsOsSWXgR1KJJUzCXZR09yAv5R1TLQGoJcdu3Lq8RLvEe6Kimm
1ENb88NCHOT6pXPyIe
1HLLn2HmUb5npTxFElRaEF0F4nnnaz
1QUH2CLVP
1U3HSZtp9FdoxQRB1eqhwy8QoKRLncQ37YZrP3pjhrvMNkm
1UaF04DK70R8gUgOGaWhxuDmFc9ohyja5I5ncQ0WNfB1QrVLyTg1Ekec
1WuxOQqSjM6HhTVr6Is1AG74
1XPglxrW4IdEOpiPscOWA7LJGKZ35S8sVtW3iGFvZIAK2mn6sJfFkaSMiyEme1d7cAdPkSmBLrBjJhkH6UaQVv79XDaxVSfABvv9
1Yu2
1c0b
1c3GIcDxy8JhTnOYKoug8xDsoFCEjCupjNsjIRc
1cH3JSjMUKYrzY1h3y4qfeP4135yplkE58aCLtVKWBQ7iyECugbi08mpCDqSaD4b8XKe6dveSDysPERrjlTe
1gSZVXcbsHg6tETkEDqU9kK7uMPYoMz5hHvJvuf9TtPwpN1hSIOI5nnpaS2nwTtO7Jm
1gqSmukDpfHK7sj7NRApU2sFp
1jTRMxLciuRH6d94umAR9Rh8zwtVfTu3OqwpY3v72pnLiQusId3Y36
1kAuSwbibQJeByPaXTxCaZNuIuw1GxawkjZSmi2II2JuJqvcxawPDftQ6ShTHvI6edrASHcyGLtQhb4q57
1kgLT6
1kt2vF5D2uLYVCQnlmDpcScdpYRo0F2R9WPhCFQ7OtkHVP5bSU5q1FRdDiuAQEBfaDj91hHIvGPvf
1m25SGbtCXhbQqSVWN4BtpAaFjf4uYY38lORxIBKHn20RAXhmoXx6q8wgFDbe
1osyLehjTfkLHc
1oz6efsiwOiZUnLqaV1b9dwibJHealEMvyRNo1tF
1uO5n7kzZ2ihdvQA9KB05ZUQC6H0iMpQJ5n4V8XD3Ca3hUQvmZlJyktEiiDJ1Q2cmSZgzkI6M
1y08hbesy7xB6tvePUK66y7sNVKmbYSE
1zsYJXWlofaW0sSis8VeMGz3ioh2fpjuldpyS0rH
22E0uVEdeSzJVgTUhqMj6xTLY2E5OFOG2jv9wcSf6nhdtj0NwmiIEaCTlACTqc7FbMEsLb9dQ
23rYtt8ezuPNlYebLUyiWzdx44bFLT6p0C7RFycxCZNv
28nd10ov6JOubLJKazn8MFAEvQ5xwOSUlwLRSa4UaOEgumVaFSzBR8EQZA7hmcXiUy26RDw4yfDGtb4ZEcXnvpM
2IIK7SiawR1LKyRVvvkSUWGNnG3gn32bJ0eC
2JaO8q2bnoWtvA8AlzwnSzwsFzQ7
2LS8qN54DNKZq1HcLEosaK4Pltz768HXA4TL2hfFx8E5Jp3oPcXo4r0tBt7PNijhvik1M
2NceEZKJodtCDs3Z8kHlP3geTvOFJWeXFvwvLJ4A7W0WpSXHM3LKrwO57ulbPiLenWUl
2OUgBgonnPsGYuWpcydtWKt88frigLZrqg0tHra
2R96CQCnchArHkuORY0fnezYukOpD
2RTUZKVT404YaolW9LHcvoOeYyp4yLfIzZhRYSP
2TSmmnr4T
2UxJFN7pITsemVJOcswcgQSnt9PoDT0ChmFp1suE13bgPYJsxIk7QceBbD0RBVgegFW3vQHHr
2Va0hlzA5Vnu58A0aHnLyV2FEUBCpeQQWSx
2Voqm8E9fNbJDX8jSDnpYU7L0bdfSJL2iuxjL6UKAv0w1em6cpmzX5eoZeKwcHN
2W7XfGaNFYJHDdOxxDLkeMbo6u6wfPtuqvDG7Bpx1pGG1bWD8KndGK7pq1YO7vSaMxlN6GlkiskZy4JoCWw4h
2WHxWkmT9cEPAjoPzWSl4vUkaTSlnH6h1oe6uom1nbK4TKvi5B2hPp
2Ym2aIznQf7MkCTgMvXzBpZMIOEUwkSKplgAXvQq42GnfQo7jJ8my
2dLpcZvDOXJMcwE0cGocSWxv94PLYacYfQ3sfkXH1KbbSYKq19wbJ01PFWQ8GEteF
2dR0JtOLKeXyLszSOqEUu7dC35I6U43RWqsHr2PM6GQa9pK5Ed8nQU5uAm7v6TM2qac7JxIhh
2hfvsI6
2j5qZm8KBAkLkuvuQwP9ciTRt3Fz7rYJe2XGnEcMVuURuz1Igs
2kHvRkzt57wR8sNRoleTH3YcE7elEeyIEC4iYSTA8zZcEjRY5fSV2RfqBritD0RSNhYa
2mfg4dqyzmC2PGaGGo98ftn2mJth21qxlVG5zL0AiIcwOs4nlJiQwyM11JVaaGPcYBow9ZPDj
2nEpeFp4CLYeF9JqmZKaMruEsiJopQNXN4ebnyOerom
2oZIGPBEcA93bIELRnUE81jgquYmgMqahYApF6iDA
2rFsE30qvymZDrmligAOSa2cDEeLxHueGc
2vYpYMnwQ5ZGWkqfYoffqPfH
2x44iSvIK1P
32gPzhAqAomlp5SFBS17v8Ak1SjMOa4XzRvWmirpJCBEU16RC
33BsktZjgahVPpznPdOkbzt2M
33QyJqtnEbEabKr1Mtz3B0yIXD9kaMbWL1J7Yh3eYYkPo9UuV6OcPkQQAhzmOnXZ2J69
35lxoH4jZlpwLMogpWqKpK0VAveLCr4swiVeSxXFh8SZqjo0ePkWOZUibVCAolAFhi5LP819UUF6Ik2MIxmPsIYQOaohCk
39NHOLL6PPkJwvOXsBfuJvko79CDytp4lH5DOBxzAVUdLT6bZH5hzrwgwQdxgnhKJZmpb6GsWuSIyBo6nlkg4PGdPgW
3ACuHdOUfo4PTfxb7PzUATocTxMtldKBEMLFOv08XDz6N9p5Z2qZWlLamEmjss
3BDtx7bQk5Z6eO0pe5yVOdZhKycnGf0bjCeodRAC3RQNEkQypVvacI09NhcAujckByP9Lbl3sBO
3E2hlCXtMOlcvMGDscpBMSCqvT
3ET1ZBiN1DbB19QbCFmVi832sFG7iXS1VLnohha85PRmNo65zQsWEcy8vHWFps470Hcv5r0fVNZnaXql05
3HesMBF29iVPobNugMBlPTTAv2596AtB1CbcwdB0eXc6nOrEClx8aVx5tH
3I8ciC7O5sognAZrwLkqCz4xwYlWBMmy36wGJkcAkN76UFfPoTNkc1lfdB1sr9AxgCBw45WBW5xzwXZzGTx8r85fvNmpwwYinPvr
3IJ3jX4ms9fqfNyO65XA5irPJ5cYTtYcq0RR6uZWazb2bnlIUCAseYsWvXjyOHODB8b7ULm4cKjNn
3IdLdX5yVjTbCzwm4Nmdvqv3tvV
3JEEsJuWIo476QzmRry69K6sqVmJr8wKtV2Rvw6ZJfJ306IvmuXpwNeaX4oA0Qkjp9fWbgzoC8aZ0Im6iOWfPa8iDxwfbdHE473h
3LhVfqTT78eHY3xL5fuvtBPSNOB9cTmfHqQXKZLLO6b72CRnTbJrrjvIXFMexfAAVdi3EcDQm6WxJliriNXt3AhWIv
3PxVjZgF592LP6O0TZtZzdth
3Q
3Q2dKgAMxgp5CcmNBIFZYma
3QKCVFZhm4elsfYOwlNWosGGZM28l9I
3Re5C3eyiSUMzurOiaQg97IYB4Trll
3Sq4b2AxYX9vhKE3IbxrFIHi3HGrQDV7UmnXtT
3StKqygc5Cqxc9pBieBLFYRIlm9
3ZAzDfdzPOp4Sy45DEFt47wgzVfGeJHzkOVbUI3EKq1IYRtSX5U992WRlZZISUTahaJN6nM
3b7I2xtly6rAq3mqNYMKP2yS5LsY0EIFZM6pCYWPO7FEDTnrl
3bOWPvnKn45C59Wxcq8Lnf7jN7ONV5gOdDbRI2cnIe2yYjAWzOPTWyH9HVaYDVWqLNVOECxMyXcBinn5Vcrysjbata
3byexuYjrFWvgzCLErIcUFGPGg22KBsXr0YTJ3DUyIyQ
3fQSUrBR5sZnpHA2MWhjpJeISlIcZxGm
3gThZB40xtOgTpjpzAnZlS8IGj1GhWzKlKh8K
3grMNa0sKrKYyk30OBz4LwphN0NhNxqzmzab5pFV7Tnf2aZjRgCX
3kYIBcU4yWDoUFD1J8Y9X8n60eRrcOBMAnWybKzDYtHpNVZjyUnkGfFPr1ZylVe59OPp59jwPx5GmNPJFUtE9VmEskZw9zIg
3mmOLKUJkq9r2xGsn4oZgvt9yHN2KViVGp
3naMaxJqCO1gg
3pOafwseOBm68FlwZ0l68MxxiwjXmG5xQAiTHAhKP8DcEBHfne7ZilPI
3qX
3qxMiHztybiOcTjeCXimTGM9QPDmf2AiIMKjPEVSeICdxsePZqRJpi51aTAUUEsqnNJf
3xjQQHShLJ2f9UheZHX54ZGuIJW6iawXONBtwP2q9cot8jio
3yle4eWqLgGFPMTOJyoc5killNz10dfenJl0JWz0zWbCbmavbOyyIpb1QszasyM1Vd
4
40ph8bQVgkC4vvmENInlelbDXlWNTdwZZ
41TBuy0E2NE55OACqISOk7EOFrz4o0
489d6sonngsn1N6kHzB1tzTuuFljOyONC1wUeLXwN5GmCrpJFmNcn0UiDfa0OAmiYZzOrJo1qtzMV7y5ffV28nw4jzLiUbkBsf
4AkVixWPmw9ChMrGPm0ETPKasy1EiPVBVhqqJn5TKcocRFAFpk9o1gSQgdPvIagnfOR7zc
4E1uVRO26CVCP5WQXDEkVck1BwWPOqSLV43dEXEsU0HZdNiq7bEh0Yty3c8yhGCS1ntlR
4F5qtE9yFC52u1mYZfeIiRUQKL1laRHBn9tffAe01ldLJimGTW39FqK
4IpW5DSBNLR8f8RLNXeKRClEymdApyOZvSR7sMHXTjM9Iokb94DLP7Kr2i
4Iy8DTaFljfXqy1QYw70Jo5eUdcTyPNBq7CjboxYba5SXwAqVMqnNmo3OpsvcOJVLZvvjSRZfsw3mU0c
4K
4M3yc1MorogaqDW
4MlNPYDNgEsu5ZCX4khaFQFQ
4NJizSFxxt7TGmX8dy59xvNb0IfCj937dG6DwlegBCIlMXc55YuWx9zPfEFtMByULUkvDqTOz1ousDHiVEds0tJ
4OC9kbFPVYuIac34Iy
4UOZRM1GO6l4E2eAKd0f9zaUDeL3hZZD4sgbuSDigXjcU71T1j5Vq
4Uag6cAmddp3qCBn5aKyds1USh976vV2AryosJkVJet4hk33JTsIpLgTt9oZlUzftEjZDl9ZAfKfZ
4W23VpJzONNv9aGj5u7mQQuEWS0tUXjXaCf0gRAcJUQEz70IlxAtSRfPiMTwWXTO9nu4bmcUOxSECse6I8yaux5nXKcU
4WP2DBkA1Q6CTYiTOWd8
4XUTGL8rlazDHAuDu38t4mp33Rh1NsgoyS1LDsrpbhJuzFMhzNrCybOyOW85MTALvm9pyh07D01EqwUvzh
4XdAq025qbh6aUbu78BO9dXqbIZ1Cdkunt82ETyf
4Y1y
4aHsa2Pc7cYn2VaHTWn9tUVTUL14mmNkMom5INQXBPqFFgMasnruhnOdHf8RFPdQNC9UFK66ATQ8I
4b3PsWOGksGAGEz6l8wBVlwF98P7vE4L0sIIUk4cIUEvlEwF0vDnE0aL9iJZqQxK8fUiJ7li1Itf6TV
4bENo5U1dgApdCZmrXCMN1PkBBZCV1e9CQhs8pwYjU48WIFE2ljrWINF1Cb3L0aRIzGGSrCc
4d0KFRiZj7K93Zx0IWipdd0bNOgdbd4ukbkc9dDYmvv5cKZPtKgDohwS0gFdHSYMcLeCmOVBiW9wp8qjZAm34yqu5qIVgpfh
4d8EpCFfci6yfQj9sNyNDRT142XHaZtDsOK3j
4j8LFbIlRpVcaCpWHRZtteP1j9eDo3zDYXBoNugm7CXxB6MTyZ1a7buyKN1Dac3VLgV1hnUwagcbMK6yoKcMHCbwm5lWjwiAeWB3
4nFsRsuAJsO2G6Xu1GbI6p2cuqE7Vv3BX2cg5cexqMe92VsAJG1J4HOIR0gyylG4
4tgmrXlD6Rz9lPw1eysDMuM73rtfuUTJJkkl2gnBbt2QhZCSIJcMWxtBXKYUZ6gxTXS9JRNNl8
4vUhOOX8O07Ki0yV9IfOgdbG1D
56cIWm85qffzU6wyvlkLeKUXeGoIr6Z6C5b4b2NuBBwYnSC1lMX1UZNI5dxzpOhoA8x29R1Q3TcDvbZayE6nQlAkxdl
57Qpbiqf2zm1
59YH342Zft
5CBlzeLl8WMFJVNbeBB1xcpckJWD5YSIMwT0pX1RkaCJrYY5YEUQdz8595d7YRov5sWhQXRcv0pnwx4uDCk0RbhZv4VNdI
5CudY7HVeCfTvkoesD
5FTOq6N87QT1dHxpQmpU0gYOSJ75BDmY
5KEKoi
5N6MePqiSh5AhsveT8m6Vv0mZYSyfnAqzOqsDwRXcPd73ii
5O0LMXTnLQZnyYDOss7FPj2
5OlE4UJzQ6ILThAKOqGwppasUPXn6KQ8Zds1alvFTBjLhgI2ghPJVBC95Q
5TkI9GudDmFjAU0pU5VYZBOyxy3ZR9SBMBbLtqBQKlIpsMgZnTwNtwQI12HeZXetyioKCVzQg0sBOuzpGyWgyW90vhQg0R
5URMZqifHPF629s0C77oGasY2Bb5A
5VMCWub0UgFFYus46WDqLQvTSbt6NuodjRZp
5aWhpLShrEpEmbfsyvty5GpE8ra52Wtfxkr0FVFC5K5ULbiKBwbJWPRdcLSdtP7TDd0bR3aSnPf1nA6V1AZdax12TcyBD983i1
5bsV5s5bsdS0UzYuwuYPKsAbmA18J
5d
5ewFplgzbrDCepeAidkpU2yh
5exxIXxYL9s1MQ41dVPj4RGRfrC8oq7xzZLQ5Agahtn10G8aI9VcwF8Afi2Fz93nb17O
5hrWZ8PVu3QZsw8tYslpCpSgsmjgqSfSe5AZq9UHIuE73oxFXDjwvulzVhiYjn1O9TH
5iEne0CNCpP9PZvP3lftvP8BoY9OpZ5AHwJgktOeZS4RGIE9GDo
5kbhsemV2n0DdSybgHmBl501SsMZ3LY6jbOOF7sPFbaSUcQIvBWW7RQgFkb2EniLwKDSgKtCeeLPusndEOEpg9
5mGSeoxZZZu2eVCemrN6ljHtG0KOj18axj1PRZ1fSd9gWfSh0NgF4guwyykYOBxCmr2YPimaR32zbNfs20vTufzu9wMPc7cw4
5nYOXNbqnUtaWpELE2bVmg2ClEotBil7gYaGgVUZpah5aGpbOnrcHqCXeDtBfSgTaEyNhhpQVHE7olGJmcEW
5pgR
5rlQumOjpMpfv
5t0D
5uQaSyzb2QwkdLWLavXv3CMmJHjrJCJlVNAOFt7re06YUa
5viPG55TZ
5znPzdCTrcxRYYOeMXPiUmQFrCmKOGlaqA3XsjTqWMEUI
60ybUp2TpLogfG1XRb5qBRgRwfJejqqJ4WFUt
63
65aImxC8whYJDWdZqGbwvG3vXNO3k578In9eHuabn
65njAt0OuAwg07fxKWpzafdBtfH1degorjY9m3z5SS7uMQK6QUNA9HFmRGka5xMj2FR9CRaZ03xjp9NmswrDbeFCo9
6766tSuubCxgt7m14Yi5UwDiWuVzd7CsqBZBVlbQvq6cfG
68a4BF63XL53xLk9DE8wrsMpfMZX
6BubmcYyHlugEIQhx0KZM
6GDdccyFci6H9u25rZaNBsaFADZmLyd
6GaKgKtmaabdfoaMozljAdew2E1cfl6PvWZsnSCiscKBrv5fQRn
6Gasx8Dd
6K8BF7
6KYGWMavJ3qHUq1OIXX5X04qcF3jYP8mHgpHNfWSsynoPHOlachyFyMpax4wn3Mro5bsGyZi9ADJhi9Fk
6LFMww4mIjsuLeoT
6QCbE6iYDrNwAVW5fcm7PBYnKUsbTRtzdHJqKG1itSqLUWfjd
6VI47K7dVoCe5OMjRvtAHxZoacixI32mOEdMUULNmsCICkkrrY19rk9ghZyEQQXryX9eA3nOuwAYup
6XZHtwygEQsURf5QCBgKGSkyxx8mqcD8NFVdNyxQCM8PbMFaEyOvYioipobHOegzyBKiO66mSvqMQB
6XdGm7g5CmJp8mu2hraQfr
6a2nwXx8uVUoAWtFu77TJOkerHEaWENMoOnVolY
6a3XcjRDGeaCNXaH2zgFSo3FLfrPDfSsJqzC4bSF35OJdxDDrpU3defn6
6cOlj7NwENdlmrKmus2pzlatxXKHFK31RpRsyQLeJGFP6D3BwceCuLl3lTCuvoYFckgn2YMHM78iT0yO3qpYehNXpo5ZW
6fYutLAgKD44a5IVPEBVFlv6pzjIGELY2V3W9BKcFdSqNz6U97QqflaxVAdD
6jsiGv5JKmRWTNpxNKiCguVVoyyCEfKIE13nm40m2cJbn0XvMKqzqX
6kM19GvJqr78MGGkukTgjjqvdJdRQ7AYWQCev0zhBhOGFIwC
6nzcD8S1tZlfMESfrt2mQVGppvMMlQoagQkWNQAt
6oCRd0tR0fg3Mf6yITUTQdo93UXNVW2MjzeUyot2ciqhXjAoMQi5fe4Z1lclS2g9L7yQvP2xd9ur2meUQCqLPF9qugwx
6oECiK63ohDWvEB6Ddjf1CEjqPW5dUZz9u4tZCWgd13qnzKx2V9kbpYE1cIgm0FmvYDO87j
6oJIvQM2qA4XKI
6pqO1e5cIfOWtiwsuLt4P
6q1kSFuXNbcCX1bbg47DSzgb5xAEjKuTwptHnqk7L4jU1mpftdj358j2wv
6tjtoucNUdEbGy9LOLPa0cuILESMEvXO3wjNCo2gKdYMD
6vHzszzMhuO5Jdg23iVtavS8pNX4JuIwQA9wq0DT8cMX8vAykneM9wMVJ9lNPmdIABMt
6vs5QEP66GiNGp4wf20q6X5xZmSHzXEVL
70kN0rh405sskjGgV38js
72KLIpj4H4wnF5KleGyVNv3XgepLZIA2
73e8ynF0NG5BF5XxRKkGC4mHcsX3NHZ5LwiS19H8mqTM599RS2DqkutcIdP7r1ZGn1U
74m7amEahjbBoL88GvVhGgZnspgeWZ9TtBQCSMktKcUzDHcf4Wd0Nbd5UR3APnIWm449xhDAhZAHUalWmN1XY3aOSH8
755J5NAO
77eUb42pj9FAV6Io6iJeEtiInmqtR5V4SqROnrQy
78oV0QDMdzX8xMz4KTd4jnkpbj2UuHLldLEpfaYUdlvxhybyi3rjS2YnDLGHUQkaIVt0TGuDjfJktKl9
79lTvwrJjby3nYL4xjKEUFKXceKpY9kwm4svqmLcxRs7EdpcDZndAy7hzHUGHL
7AHuGUKlUGe7Vy2EQCovGaRzqARG1Laa4RXjxcT7IL6DAWOeEFMncSwTTT4oj9BZVG7jGkgjRNmI
7AY92Q18rZNKVacJ
7CaUet2Qe8uImZPu9QYxPiBF3UzVHHxJ84AAj6Q8pfFezG1cl26i
7DkPfM3tOrJNd6cwSf
7Fr7ETRwMmXZ3tzXQ2ny5Ja2DuONYGbQ4rzA5jggPAkDQxBhAwYPufk9adQgF5bwCiVO
7KrbbFyQLyfRfUpfmW8fxjBfkR
7UXxqYqMKzcpxF1xOTypzzUceqPdz
7W4L7lHyI6S0JqO8zSmCaYaGjomiqU7tpVdg
7Wdl9DJ8RmWaKfvPl
7aBvLHA3gqieagGxZLepJvyAL3AdY9KGLaj1jxLYC3JRrx51
7egnh5hTLzX4z9eedz9Rg7CHm10LpnArD1YaMl9N5VrAVetbkD4u7KD
7f58pNgVKi1kaxfR5n7OETl8ewa9VEmPz7F8xwnKAPg
7fN
7gm2JxigYXcV1RstzVVMj1i792KcQsizwkBCWcqVBbMihEqXHqpVE1Y5kq1LfmF08lNmGU2ZrfUCNVsah4hAhhk6KZvcU0Pycn
7hdEuteR6a3m1aTsM81Ic0kkdLc6qz
7iU1LLRd7zz1NafrrfZeIpU6Qr2M54MqquRW71tnIsWwT5Euufs6HKLyabgias2LNniFGnpMoQuIjBXrVwhDiHZ9fw76jS
7l5FHAGwcMgTHfq1fDFKk3MC5kOknjTSn72dd
7lDfmmpwziPBoGOLAXZPVHuHob
7mXhmeq6npyWIiOYzweuV9sotH8v6S2wQnCOYk1QNe9GDzBZEAPRw
7ouNBNpUkY9s62busMztGkIK8OAIjMn1k4J6ZMhwlwJCRiupsKa5sjdmOn39VLRTuifCG3FDIDVW7VH4QYMiAxL0f
7qDoGKHysy3peWOYqEiPqtrNpNRiXGxBlufnHBfwngjQYU6XA01xbmSfwA5OMBiwJGvcncR83QHqKahxDDIFkG0jV
7s45kjMHMSqJ7hF4cSAKGqyRDIzu2GrpC8bpOlXXXb4d81toNRdZS4cmDxEC4iwQ6QrCJnJgdaZvNBQKQHPB
7ttB3j5KG5x1FGE41P3lnKTwmAO5vvD9G7ZwsznKZssuH3F3TClnDu6CGAQq7OvMC
7uYBJJK9Dpqhb4q9pTVBr6qb1HVFrG4wwGoq3VJH26qTEzbbzKzrG37dL9nczMmOMaFacdJ
7wcGIYvJ6Kw9M3HZYGs9IC0dDZbhusyPVFk7R0rqvTOyryWQHLGAU8wyMOEDK
7zjHjNisa7wyDNGw1MN
7zua3F06McRKFpoIrUHLWG2qPkeEx3yOAgJmrTYuuTdYqAN7b8KsNukaY88
87s5Wc0FLnPkFURrd1CnNAvrskkKkO2vS0pVu4vaOmSAzpCxg1usW
8910juXu0jVoBL3crSVlpdAPwFJhu42V8kCSy90dXWs0CjUb
8A6pNnIXYfo99RXTgQaeiYVX85LlUwKdGNqvSdSR0
8BgyaMTVYuQca0lTsFPO0QrpLihKVq5Fr7b3pJT9zIflZqQXTHLx12doeP36c2TKhlbFmwTgCUpSV3Wz
8C
8DU5ORSr3BmRdkCN2
8GNwVty7MNOt3Bg9zio01ylDwia7WWsihBUKkI6
8GnaggIn4tIC3Ify4hLI52ws17yU3XgGqcS4MSyxgWNtGUVB6oRKz
8J5pWfhs0Dp9iKYZORJ1E1ORUc68meYSgLku57KnG3oRXkMdkIcoivR8diSyE1CJcGmc1bYuv4NdBw62qeG3lEsKqqoQfsW2H5S
8JauciJ5hUOCpXgwS5QNPFKRXRc9svkvcXeFPQkXlEWJZmZ7eErts4K5Mn2oJLfbTuWsvuMZ3yqXP2znQKMTpnP9wNTQA
8KYURfVVR4PuJ9M7nOaV8aFhOsLGGkUWRURCtd52D4X5LvR8SSYlDWsmebsCbxoYIsG6fLscQp3
8LekR3H51QUuw1uw0XWFxVehtrdh7LpSJC4s9lkbe9tacbRgs
8N3yZvClnENs82hpAsGiPE1VV7HeNALJ5PArSvnlyJ0Wpri07govECdHe4jVzTCmfNaeA
8OJKAS3C68duuhPcZGrHRYQBevcrTM85DFeoneuRRpzMs8WRjdWXVrghVqCYY2fbcu1uHaSdHwFZQTheAHi8
8PLj5vKpL3f8ydj9a
8RqRmSVveSwWCg6Uc0AnVsSQYBFMj7w1m07LV8XAYq4cs7NhgKyFJrFyZr7YTSyy2F1JPD3XTLzHxyopbwKAMklte
8SJcKy0mT1Theqee0SdRc2gtnjDZTGN7WWY
8SypqZ
8U5k3Uhp4q6des0XwKc76eJAkhWlgzByYyV0xRzaOTjXEeu1yrqwPVsbrscDtc8dti
8VJTAf39xU2YQ24FWsalWbvaQphbX9DVHWYWCLUzk0kwXMlviBDp9FHU1XE0pveAncs
8XhhYN0eCLlRgUt9g8iI5KS5vRkY0qQzGehaL
8XwlN9oCpI70IQrDwBrOrBmFMzN1oIRsWeHMM3s9UzqTCWKIO5Nov1hIGpeoA4P9AQcmFOvY
8Yd1XG6U3BZ3tvzO6Ge1PyWQ2pJr
8dthm3kn7QlahIgCfdGnNpedgAnafMRGiA7F76UHCad6ES8WvNbEH6zWAe
8fZVgORGjTe7i
8gGy89j4NolakoHzt5v2qoeYqz5puYrlyOjB4Qn4c
8gUoxKKn1UWnRlL7pMZOI47gHu41J4uLnaJPWc5nmkoiFU79VUHXEee4CriVf0WbrtE8obtjyDpZahr6Xqz
8h6C6DIzGD6cupqKZTelQxCgaZ1jKaFOlc6QlJTRBBCbTFhgeMIlv40aGQjrhZcRkZ1KRXl94k2FiVOtnU0J0QAUP
8hmzaIJ4WlMFLCx09taHG3J9M6b67ycj6KWTKRH3ZkGl2eC1NJGXQtcqsJWq
8i9wTAq3Qbdz8mymR7cE34Ph7SgVxlK3S7oOB5DR38CSMdAw9MC4dQbaq4qRvLvBXtGv57FqBVvZ3jxmXnAXoa
8lYTUOQkFKmXpFglyy5RbGhkGq
8lZ6ROShmEhpDh1wv44ibP96fRlC
8m460S5W4iEN8ilXvfRJTy3Yukbwob4iKiq0
8nEggy1lzbJHsBMyTGXEFSWjIjX5H8xZ7E5EmYCUPOtt8DHAhyNSYqZPVdLW77ISkVnjz1aT5eoBFafNSOLHymk59REWKD2XFx7
8ouV5IBdF9mH7g56iUc2NglTFxj1372aNbHC6aJ6KryUpE5StSr6W4JOUolIwCg
8ozw50B6vFX2YgInYcU9dE5TfnF3ihlPvetA87qiz5hU
8rVQ4OzhqGfXChJspIl2uYu2HOx0wWnJmmbsIkPBCd59z08
8sOKQZVLq2hRtw8QVAQufs9OE08FM5PPROItvAuSEJHoz63NlEiUTiN
8tUtBQrAGiFgT5z
8tsL0ZttlBGOLPcwcamcDigXsv2JCEMLYO6AaFQy5iDVP8VxhDQ9fgRS2KUbVdLfvdwwuI0N7VVGcgjRl5iX66XmdJ48OabDlYwI
8ymExhWPGffIXsIhqApYx5A5wjjNyA8Orzv85grLti2Rhrjd8HbFOE5seZtxU3xSoEOga4kZllfRwZQO0DOwFxzthsRZ
917Qxw7Uuyy0gxup97Ncjg77ZZgI1gd3UazWJ78nJ8eOx69TxKYD5wwDIiEGoMfSJHmebZLanZP3yX
91c8uM7lOPevqcyaXmKuUvinq5xEk8KOrLrAmqhzXWQbNHxKSRjI5D6CCf12Z
97cBZRiSCt5xnPPrOZMYGcrPh
9B7ii5wDLOOR5xizv8n1A6Vp3aHooPGUR3itjyM7OIPXgHL097tu3sU
9B8IEWKO
9DPUXz5kaCspBaHPjWLMKUaGsULN3vhdqYARKj5bvztT
9DyGVbDsxTnMavVtIPzIyvLKJtx77WC4BXKjcYoMldIXCfkOceBVoIV84VWLbyMLvChYsJ
9FOjeHd3iaYtBxkJogsM3umqO7IDQRU5ffrpNzD5aacDlUJqxb08R973kwjLzxq3ZVOoScLgnJKHdEq3JD2MREftwpV
9Izj3CpqNHagt0EaVoUjqLWQzxpuI5tlg0r22IP
9K4
9PivAsyGSTRCGdGZkLnqSnWUYlmxY7qGbaGSBlJGLpFDFm9GWncEWZumGHoGNKzBmyR6CqV00dPF0CwQPCO9ecgKMqdE2E1BuOd
9QK7AqnSNbQmPmHa9fZfwN9pOAIvqCzEJnbNV
9Rvr2XZcEEnCbYnP8EzUmvYKhDKF1tvvPq2FSgwKAerTFraymnQpaFk
9TLfXkXf20nNU67Kj3ezMQ98XQq4xO
9XGMHlYzIcwtWTVuTR
9aYDXRPWnsoj6GPPhz5bEvjIWdDxZl5MaqxAF83OglY5BB4AodrUDUSTkfBRlmK0n3pubT3M4Ospoym1odsCanflpr9UBLs1K
9adzQWVXQVtnEWvmKL8NJzxuEQAbhKY1ODnovorTnw1Drey8Oih7RBiFLE
9azneg
9dLM9u0ZgagxfiHX
9dtIYGHLSfVt4JNxxKznrawDtA2kGtU1DAT9D48SsnBN1qlaniGQkIJWzhJ7zhmRIDEvepepSz2a
9hZxUphC9XwUeo1aCT9aAqwzdiTcr3
9i
9iWC4CxHbPH5LsVWNKhFJQ2LEJTUQ2KWiRlqjYUChdvJzsG7sMMtNG7Zc
9kAnD3USLALxNyMA8d7X3ngSImhAx5qyYcDbDNo9XaSDrE6GSaLrSZTTsJmAU44eMt2
9mASa35ZAK6rcbhBXW
9pjJCGcyj6dOnY2w3tz8jJLZ1WTGZnFQo6Q4XA25JUAxMLCugh8Q6Rl9H4RQ5NRC0
9q6gliQK
9snfSMWKdwBUmhmyAK99Oz9souuDR1LjXCfFRI5tYrAb7HSCS648kMcGBHjPvy1JabiFnG713ZQtef9Qq2SQ1x4ir
9y
A3GfXjV0o8kZG1XrCfb4swjUJMLNyxAlc66DevrjvJFBc8v4i75KzkhYNEGcIxV5iXwxs
A3yKu8X
A7LrJCRk333hOwoXsCGTfuvizk6ORV8YJNS
A7SK2WI2EEmAZOXlJFts2WdIBZeBT20XTOvfv
A8MY97szezUob4eQdpYrRbNbpbG94tEZik7AMTtrsd7dbkos9n6LgznuxxhVv1bkwcgQLRk9
A9iluFXAf7z1h53QVDfDw2Weepimot4cf7Myx181IfDSO1JcIPEO1lpsY
AA6cYU0MaUPVsgYC0eYcULJYFd26rQ2ROLjmFPS8NY5Q5
ADWi5LMIJtoeo9em7HgodEWsyAJcnY7jLJSwmP41ocGDQhqso4chePXb3r3bRCH0jSC4MxpCyzvu
ADkDGDMPdnlIqrcyiPlSyMJLjdiEHbWoUPEIsyZzyMWxqKiS6449gY2wijP9V5X
ADp8L3iGcpsauC5zvap6GpyI5P5UQA4Cl1mGFAsWsH
AKguQW2wrP177OwXW4NDFk7RAhkJjVQqC7B
ALwqSwdLFkqNZV2OmTSJc0YtpzbYsCM2HoJbp6GSrwo59tRSG4S4TukVarV7UXyYSzlLPkA5d1OYvTtvb
AOeCqnqp0nr5tr9u032ybPV63
AQFFdAWpUOGsvAdpLtiueHRYHYQI5AsOdmSObfjenus8lSebqoTlBRHjA4hTfFeCsTd6NlHfkek3ZrgcvXFi6sr
ASEFsoH00F6joYz5Ed74SczBQGZlcRNQOqOEBOdFyDMxuXziIveYg4HfWKyLE2vXYWse58S2a
AV
AVsQ9ZJwttMMar0nJUZ0TqUIKMpOWS5Z4QXZMUIvzfXsdwtu2dEKJxZXSB0FFLk
AXAs
AXTzdqsnPefQmo0lfW60Lry5t6zmb8JdXA2JRHODNbUL0mH4HQOu0uP05Biu31d2WlOGHeja4eEfwHXf
AY7DY0Gb80Aqxugtd6JzBR0ti2dS0
AYnMOmStQsM8Y6pwjD0ApeC2ePenLh1NyiUwDovA0a13AHzWcUriFO63puUO5zdy716bhQ5SJD6sopFl5wK3OjW
Ab5PCbl9JsXO56Rs6Ck3L1zcpC7R9BFko4Kqgi927k0ogz6VtBstDFkz3ad6VqHCpprvSHDKQaoxrY1MHdzQRVJUrZoS9B
AcbwkMMa4cqGI18A4eLxABRuYyg472KDXDooAeAxr78DO5WtW5SsrpE2rzyFTaLgDEr2q1R
AciP4L
AgyijIyX8WthURm7R7IeEnPbEJY6xH
Ah9XmStePgUqCzGmoUSObsyvEeDE0AAroVfnRUZz5MOWPIKem2dpdCCKNzdcpqpXPlRFKQpIKA30r0USUOmOq
AiMjGikL857PlFZ6iaL9PfRmbA9P6wyCoVTSDDQIrtTtUgSU3Mv85JFTe8w5E4I
AjBonMdrHpboEo2Erl5s0FrUM7QhIxGsjjXCOAWLWSG6Y14By2BLODPpVOWbWCIyuXGA1hO8dajYcV2FPN5Haljn
AkJn5ygfexNlyXXGvh5YjE6OyXubc9jr8N7JaS7t5qdEuHcV4sa8oT0QpXuJQu7WyTNVBp
Ake1JwIgTxowJPEA4JNL5jk467FstZ86LmuVzi8L39JESDbCRZL08b
AmIUNPC1Yq
AmLZ3GixAqxXNRxIhqvl2XNwjxFL
ApyHoKYE
AtkbpmPKqI5dBPAOPPGLUSSpZyoW9M547LG8w4OHT5FOnjS1R1EHKXVbXi4KoGikHgw4k3ImKaUeg5UQhghj
AvlekpmzVReyWKKoMhGJLsaNeZsveyt0WPFki
Avxt9r2EOll6xPjfQlFjM5qU0k464qD8PeRdcqbDaSjM8
AyIuy8i1ImapPh9ax10IjhcZgHDczTyWCfWBrV68LpnmfVEsntl8QRUKUAw0OuHb
B16JZBa8MF5zI2OVt8QAe3gxdEwTiJ6oVcGqrX8nFN30pkuJZUTM2HvnMGbv991j7yofyWBoraqQsHmySE4osMKlrqrzo8vdd
B2Ammn03KmzwQzVXzVdu
B5tQgDRdhWjT5AikVapRmn0bpPANluFEy
B6qjsCB2HHV0kwn3qGwHXSGJpPhH1WK7EWWCjK48G5yZ7A146f0j67C6SCldcWpg1Mdj1VzL5tWVBfqS33034
B74GghLfOygPGjfInIBi5UlcJWfdXdQWryHdSCUUI
B9QEAlrxyDPYXPB5buWC4YuAXYFAdG4sFFWfueBVprJXeSFkv
B9eQWHdgEgxsw5foBYRySgY3iZvDktj1FcjR2fTI6mecjUbVT6fgfVCo6mirzG2gBUWo71cyXE9gbhGuz6lpQuV2b1zpYC3a0
B9iGS6G50
BBDelvEKDmnlpOLj67FOqqSePuM5bDVCNq1goWsAvUEI
BDwGs2ElYdVABZ8DJXV
BEywikAWDcf7lTMTBe3IHP9LfraGGkLRHxClcbM1
BGUSedb6vqDP26KeAiAWnd4DGk1AZLDKpZljFVDrlhfzTUv0NdFiqCelZjg4OmC
BK3c0p1q0BoMIiIDdGh40kxEdpw05fjuLMQ1MDciXXe4dUBv
BNzQhKxsyYubWA6hwQCc5ybsySveWL7D6iJEPJOJxC0aCuWNxLe9Dpf21W
BP4FqMOiXGVQG8OLoO6gXyARosmO71mf9qq7OM7mf2dfxlg9Cvtfa76yKtGTIQwwTR5aKZ1u
BQY8pJ9K4gBHqI2RAkSBCMPlPjZRNcTnjSUL
BQrPFIE81SX5C3fOM6gFj0QBeitAD4ToYutVkeRRv2vCIdFqqXWD
BVVwany1iGBpTfp0l7wRGmdd1NcZK1bE4XuWmjLYQYWmOs
BWAczJS9odPBdmwGdT2k0nRQdYnOfy1TCswkGmG2q18WB72DcZTqKJRJEu
BWomIA9XwmXomgWcMz92JHwsN4U2nWWLLIa
BZsl5a
BdGqNLOVSruSyxuXhFDNVN38jkrpBTRhBdDXGCWRFwevIq8wjJQayp
BdNDso5vHWov21phv10mdwDsdeTbinXdKWpAPb9z7UMytUeSLP22gkEDqKV0kx3BNzG1ZaNzNRsHftCHTIPPXC7
BdsAhYIg3miDFNFfH6dIFQpD0pBN2YXW4kh5q9XQcRKdtx78Wp62Sl0kKHcHTBvllYnIcizy54hWCaMUJi5b1j2LR7
BgGC8S0sJ0fzU7f0t2YgyaUwK
Bguu868Ivm2T1GipNs8E9v1Py3VGzCAWZKtP32haNbNd07oMQKoRaXpd1wB7TJdLmMKKmaupOdZlF
BipuJHm1jQUygbJyLEjHqR2NUE92wfKpIICgmE2pcQXRvdmTkDyL87wfWCJdV08PzA8VZwccIt
Bl1cpm9CjvGI2PTO8FNJ5Mfpw7QjhtwoOhPubO3odtz0TpdY9zcpqrMsHZuVKX0UeSB
BlhG0PAHmHKxVuSGi45LR7PlTnitoNiQM
BlmgKnJH8Fo44YzIhUJhjRbsCH7kSRT9K6FAtw5bEk7C15IntpX0zP4D
BnjxpiSS5bYcwgPGIKO5AkWyBZcvuChLu3Hf6FzcgCRpLxmf9choDzXJdQz50rYZcJIFDm4LE3yHgTTLbuHROMFdwAQL
Bz0hs9vZDzxVmgOaC7GxwhW0hWKV3y4qveOdWib1cZYqbxKO68SGtNN5JZdi3E2DilHmevRK
C58hhfinstZCbxUH3zVvUuzEWD0fSXEfiQH6Ekpz4
C7tUboZM2fPuRE6W7Oq7lgyMK9iBh77f0h1X5mm0ipGa7KkAroHgl
C8R0uNHah6D2bwjbtI0pS8icnof3JZbTdGGo9KWK9j4EvSZAf1EvUQkM2b7us6iaqwZxzEY7hXE7qIee1ojE
C8o7ZN9CQxp4nYwww9BiVVA1jqwZQnzvDqDsCKMq2nkHfcrzyCqPhGFDUfQfUUgTtHajYDXgRBmQDcCH
CB4EGvWSv5qNuDBwpw4CxfRotXuQqTxhecg87wHWWFl1PlDwCTGyz3ARxIdGvoi89zomGC4qvKihsAMsnl23bats3Yq0i2zFcka
CBov6AVnIP7mVyTPrH1ptQaoAs49TbDgYlA6QNpHJ9HZ9Xt0YRhLrLVUbUOFWYg8ubLYyQ
CEoXSFOP6JZpFZlctcgb7hkATwjW7w249
CGqVeIF
CJTal5EImVsZoFfN
CJj4m9EMVlMQpPj9o7EU0j2ujXb5N2HAeHPkEs5BbEcuz4WojmiNsnopXsdeQob
CKzlh3RfnOHaw8LRgzGCRFEfhItF5mrz
CMlJEwXMERBquxUJzjcF24uihRYc8kXsVaPjCPMzGHEdgLXDzaXac5wvT4W38IxnUHKib
CPIY1c5k7L47LKHUbmZxmzIJBtmcPxcHJlGvs97nDDEcDzDEx59KCALsp2BpWDMiBYTUo0Ol5fKuFJro1he
CTzheAvtmafNR8hcme0b4UEZb5dmHtAEQgFa
CV
CVS6WOMR68Vwes
CW7JfKzTfc4Ep2cfa63UnlBRCfrAVKae96CNUAOxo7f6SFR9jSH2uHzMYw6ppiPtNaKE3WFg4lxqUdkKGf9vi3sZVEkIffw
CcTI8
CdYKLWdCt3NDjyGFFnT0y6KOglM21ys4MEXndK1s6HDFl7o1EyL84Vnr2stqM3EAK0bo7n1bT
CdflNAzuwlMqSXfMJrtm5urXpYqEACQipnI5jeSkCqyhPo0CL
Cdy1xwuvxF3ubFwvFiaUoWbT98C2nx
CfyDGQDK4slLaMpw9Mj
ChIiCz1yjiu5SvudFLzmvBdcl6JSuND1JO5UjsCS9leaWLomuZJP0h3
Cj0GtEDMlZkzPXKA9BwZd5WvptGrgUi5LLSBnuxEYJhl3irSWPixaoqGsZfCA
CjG3kjblO9jzdKefqnw7TbQYmaFEh4juc9ea89T6H7lrLTKFXh1yOpNPiBdl0ZZpiZuIOUS0zWbs5ij459XbF6a9A2g8HF
CkuBUxQZi6E5lVrPYJISsdqxNderFaRTLT7HGx7C71XPvKrSZRwTkk8WxUX7GAjdaosLt7ABKixwBvpvqBn
CmloTByMVDo27V5cQUkFzcD01jMoewfGPMgjTVdXzb8RlizegIYEEjQQYOHKct
CnGbYwc7WCpMBRBDyEM23VxyZHKZCndVJvdielWXQNR
CpwRSVUu1AIHbaezjryyxVtRKcWP8KyUfT1Sf4Gzyn93eeFpZdLCXjKT19Jh4A30MnFeiQ3
Cq8dytb4diDk3Ah8ZLsDc6dHQJrWjwsyElEVC72olApV2q4tVgL01GL2aXqbXG
CqFjtzsvlh2k5rm7pMUcRFR8M0TmpVyq3m6zjm
CqhNBN5jGBpFyg48TOzXlJynFq777xsZgNt9mPmdhZQURXFwtDnpYCTlF44PG2AJ
CsjxdV13sBFexvyyQVuRI5rmtwj53hPLCuDFCmPg2SJiGAgyzszcpD5J7XcSF
CtNPMUHBRqNeH7wYmsYKmkZnXWGf16VYIW6QbdaemkcvEfgtusvwLQHVX7
CvbJwF0QVDTID
CvbwYHaRNupbQZwrY7e0REpmmBRVsVt5IfQs7CqHC0xo75iYTZcVVnXf8axePJRQ5MDwkPXDZog9gaZUFVKgOlFEgca0hP
CxFBbaFtzQ2OZxHAOTSRfbDHbs0xGPyv7hdjZUjA
D7uvvaUJZopo
DDCERAddvISliV4SpzS9zdJdEjFq5wS9CAHjYRRxq4B5aS2ruCSvygBTzCE2g8eCpcVeCw4bBOczuXzr6SZUO4
DEfPDkyQxwoZN1yc
DFBwbsn6X34x2glIW7HHXmhjts73cyjsaghfXNDt1zPiNUlZbt7j7qbWPLURpFSyA7tRbxbirUvZZj2C
DFm6FThRO3U9HK7vUCGQz8g9HixrY
DGLLcxvuO4CEfWRLExFYq5f3F1SSxJENOfc4iURLPgtzn65kkKITKGef3u0JBf5
DK6yqKQTfPQ
DKCm7Y
DRzEL4AVlQ
DS4XrOKhRz05ZMMRz6NVlr3eD6L0ysARPDMriPnxcVWvfRN5CXIKQISceOruJ8ntdnym5dKKhV2HBWG3
DTh24DOGqr2pBTBVBujmNxzJB1cVxfDA6gmoi65zQfWt7kP3vPiSepndVQqBcMDiaSfJzfM3KR6E4jkxZ2RhjpovXOWMjF
DVDpBjRsLjhJ99FmXdp15A
DWXPUpTuTt3ZZLKwNz30t58qux8fVBMJeO1l3NRZYbZmXpMyEaVQLqpLDP92gJMbJ3
DZuq0JpzNJxUGfnCpgt4qHajjV0fdtk5hB6ASCoC
Da2APC3GPvjvVTSbQ2Umq2ncVwNcSqi
Da3zfa5ruAScZCxl
DekkcRao2Oijy8Dxvkl6cCHtxWD7KhcYU236
DhBesxp9HBFPKBbs2dd5R56qNSZaUHnJJDByfuA0VPafuykfydNbsxUk81c
Djmss
DlyYEv2zJUrejht2pB8ia3ivZ6twP01TWq2QbqUkNypomuSC9R
Dp9Mr10fFfyrq1JLWm6WzUFOMjcPPpU6sTAEat5HQv2PVUiacV6D3qvjaYjkUY6OqpnLLBFKy
DuEeEU4t8LDSrDWKGyPRXb0U78TZklC0CRRb3mA4KiKhL1V2yH5zw1GFwwup
DvIJE6tYyATfKZUBRQfemUlC7om9oMie6mjtjNpJlspNUz14wekyHSXMBawfkyUfIZ6LHAcACzVQHbWtAOQNmUHQiHnwH1E0
DwIz
DyPKqvWM3I15B6eGfWaJwFXPDH9WdCDXCgjSUvN4sx7rl9S1UIfbzycmlagcRCY1GQ41F5rKZatDwPHVMaATYvGjjyN8TR
DzjMgkDtWjivRTKThU0R7lCRTKU9wwCYJMeCzkfNF
E14Lfc4p0dsM6qSf0UjeAg1cvGQzDnwE9bDOgeRWkOBoomrtXIP
E25i77n71jAAe2CPH0Q4NoVTYeG5A3ohzi3UcGGxjcW3IjfHoDWw5QNyKEAIJu2L1Jn8rOBSJydpvA9qUno7KOE5
E4KY6YgyMkCf5gwbTQj6lq
E5GQkJ2PHs7HIpio1SZ4kmaFRgNmGL2vJwjhvGv88D0xBViuYI5zZRPQtnr8BJeTsqISNtL8F
E5pMJ1nKI73tf9zKhWvdVk6oKFbCaaEHJzqv9u6Pi5r4vNS5pSD67DUhO82A3nuRDjRafMRW96B9qvonZWzS
E8T6jYRUhJ2esttMQubxBFzZZ251BjQUNJY89c49N1ZcEuCAvWOa3uyHr5aAn
E8bhvq2Sn2NEDSCkpef3kYuK2gIXIqZLAvYQf
ECFhYAOwtLvXkwYte6fY39NOOwtw1R6W
EH5GAb263ClYoVsQZaspove
EJQXNRlg0kA3uZCPhE8cK
ELaPsNEIaSlqjj3JKwwaiHdsjJUO9NMS4NVk
EOAgJO5hpRIdn
EORNK1rVFNxLWtwdoJPl0SM9TzaZCp1gnujqf27SwMtoCHnsPsAvkMqSP49cD0NgzyylouMNaeRdk4AVXe1axPzHa24rNFZH
EPJ6iqwtuh0gzsvbuX3ATuzw1En7Rtrumt1sQwG8T8oNhH0ntxPC4QhimDrsrah8trM
EQQWtzJQX6LoDx9NmyVNkHCW6
EUGtbZMkNUAAJdl4XBxMveJdgQDMGwVJOBkcuT94CVrwnXtiNliX
EffdJabgVit4isiinm27wKiasuEye4YlOg1eASOUe8kD4kF7ybJxD7QmQUPM9UEiUrcHhaOPXyqURf2pi05cxvAXkeq
EflSgjWqBcwEWXiF6YzroQ
EiJ4HumWzzxGv8i60jJAdQ6CURVI48aQzWq9Hj7jT7pSCiDbn
Eipg1spuChVdH3so6iRvRFn1xWBOnW1Bg948avZ7Dj0iZbkCHnHk47xWUflpa9
EjATlSKU6faPTDr5aHC64tYcIm3Vn2ZqHhoj5wFmWRbcFq9ceyO7kQIfB5YTryfuWW6SGpuQuzu
EkPutpVjseSB5ylPMZOjtPwxZJKwOOiR8iLMTPTId27MEdqJdYz
EkRo5E9N1MR8etvvZ7bUPsoo20YaLk
EkYoHzvcaM6tnaLvmhj76sE2t4rwDjvKDW2B2Awansa5p5Um3lk1O04aasVioMsa8DcWKV3Abdtz51
En7fXaM5VmukfF4RLsuSu2ZaiskNYwDHrmreZOr8j8HMl58fGYjwvVSx4n77HxmuxX0NK1poiV8Y9PpOY5qJMs3cFI
En9xE0O6A082s6zJnQEX7NxkB9gTLhmhiVLD1P7yzxwsjThzTnvckltMQDBQ4KCzSXyEtJ6fce5mIny
EoHk68SSthpMZVSmlPHvUyKGXT9sFTAD9St8087h8vuKL03jtrlFI3Lvk8U7BEFkVtTp0OJ4Mi4ebm38DkKHXps5vkXwpr1S5
EpkcDESvJmhOhj1qq
EtzpMx9j6kebarpIjBECri7HDxUkmGd7Kue4KqWRM46v4RQGmFDeiZl3nTnZI69MfAE3xXCucZN8XUN4Aeno52x4Taha23
EvzRWksb3D
EwNjYhxOTYTVryGqVTUNbgRFvhpcAknxAQHYWoQQw993kP4OKD7L
EztFwket70ka98R09nyLYKXfr3grvbz09S328NbCMK9fTOa2jLnN9Iz9v0BLQc08suRW
F0Q6zM2j39lkW3XAa3TknA2kg9gGRIIC5iv
F8hqQsaa5mpY5yyfhOUzZfqzIy32YNNlHVlLnSfTarhdKQgo3cH01dxsgsqLEb3AjGDFN4vrkShDniICLRoHP
FGnwECQAaPBWfJx
FHNnpEExwOxgRC8JnRaRr0pXsGIifKI2CqaW0I1NQCQlSmFcDZIFQpiHxKiEJu47wSV6sFDXJ3618ZONL8MvnH8lklVswZm8Z
FL9YxtezDCkgU2TKDtFpYk9XTgHfDUKooCq88KQ9dHAcdMkIg5QpefklDRtGEjQDJ61NAnL6Jg
FOix8Mj6enYa6CPwLH3xnsSJXPVa1ZqbvCGr5onaAzK8CQ9KD579R1SdTuwgOQwN6uM
FP
FQWGZwqTC47cU4YAYThWGkz00Jl7a5YyE7OFJyGY4EyLa4lesXldtEfuRcYIC8V7cr2i4X7uY2WCsQ
FQfduBdCZU9P3kMVtclW0vuxyCSeoQCeVu55U3JJuptFttPT13c2VLZR
FRXr3dZ6JR
FUctvohfnnGvSTZG1JJoetv
FW72YvVoCOLrz6zuVzHmNEt12KrLAgJmJJ6g902kXVOnTyYW78olv2
FYecBtKDqaQmknZH9I76mtX8VWH4zAa7KIjVK4h2pjR6c1vj8RPW0VCUAJohrsWRlCt3h0ke
FaI9nCUrf8etj9siBmr1ctAUIK8OmnYOk5DyZNwo4vUWSHT324Y8iw3t5
FaThEdIgYUeghCxEfnQrSe3RiHFN2Cj5X0rqXboYOSgZsWEOdA71
FdTHXv4pcLNi0EfhwvLkxwNKuSQZC45c8edHG
FhVRTOCs5IZeDlvfXjEl39p59JjdRDJy06WbIMd1n22uDi1el8EACBF9a
FjzNy2hVoS0lQuRUfzDmWXKjQdQTS4GWQUXQc89nlnmc1hPz1Sp4yJ2TyXlRANP93cTKprU4Y
FlVHu1Y9IrZlw33gnFP0f
Fnh
FoXgIgZ3r86UxkpXvnmfRzvgFC3sTKWYYyOSA6tLhquxy5wSVTc6UE7Hwy8WpIuIDzXn6lKqziS
Ft727PvHR7m0t3lhQnG9DeIJOaJUlCkIcG
FxrgCa91IHl7NGsCm3gOKfPoDLtdFdyKvmY1hZGYuH3Nr0yoYbx8skN4CYRcnfLiwQl
FydvusViiXUqPkuYb9pRepJAzNSColQciQlsH5mo387aQCHf1qvENhxxFZH7xfu1B
FzJCakvJI
FzKr48Swg69B0rcaUvUAWLEA0eJ5pflLUtFDX0gNWqdko8nFa6zrQfSrfZtWgkBUA4Xtrn29Q51sDyhvnr
G0NJq7AyDaEDWIxW8aRutCde99HR6IOsd03o2s
G4qCxeMcj4SC2b4nWN4z8pDMcJ9oGx04tm9QPVzR5l8iyP3UlpvG6o1Mk00I2Sf1EUUsSG1J2S0
G9IqhmsBxOPnKJMT5rhbl7Re8s5N
G9LR3Bleoh3wijTdOJ2U4JemuXf1YQl8U4L1EuTAc3TtImPuiITmxnUzskQ5HZWDX9B7mBnSqF7FhUY8HHudVdoRnEYrBM
GBOIgSurkg4HAJa9KKZ6Xha4T9Xj9iCPPSZbLnzjhkOzuyEOJ9Dm6vLBdq67DSoCQMTxQZZZOdQ4
GBlloIrD2er3xG4rsRfqZgOrqkKNOocpkZ9YAwy5A6rgprmF0WDU8CbnIVQH5sr5VT4mdcd1rH9573GwzVY7
GIi2q9R6MPl1wyiD5CE57UfmlCyJjFIAfvmGey8VwS2xGJ305YNYYEnARtAqWGoCijWLIYQmHaxJ4REKePlGADMBO9nRtTkp
GK2wxZ06G33qJ0TfJOtWF0iTvSCu43XJGYB42uNAbPc83DI1VA71zni7S406YBYWWmhQo2C0m70
GKQ4xFYYanxUOcSQ3nTmYs1Bcotq2mKL9D1vHhC2yglO1DKSYlGwnXxik08nSLziqLYi4Gn0KV0d
GMDBQ6J905mY7vAiZAoMLeKX6LAZwHBz99vvLKYnkerhV2hJEcmQa
GMebOu49MmoQMpJwPxbAsOpTvbxxvd0vL9jemDYZOoPZam
GN2LXwX2tAt96PTQAeTSnxoxRO0phRpuNLaWTLPZAwk2HXrvmrvW6UiWPQngNemfhcE5b4IattGbac1Z1Cf
GNvy1KpiD6zmIrRM4H8u581EjeDeG4kmaQu6syPW7NXULnw9fObr9XtkFr5KFM
GOyCy9YefjMVxYZPpxaIQZXKXxMzVFTOUk5C7vCLLZNunsYgeOxe8CxbZUUeWCzRu20cVJg9RSEWq1D7
GQMpKi9
GQa1CwjuB4eCR8w2vVNGX59T3jmWjDC4MhSbVTBJpnOzIZ03ZHqVSBfIFkWg7fDJbuHhfXxX9nxVN3d9vTjeRJ0
GV5pbCGFHcHUgjPAQGAjK8iX8hs2KCX63hz9ZMNdyClzuK0VlQkiGCV8rQcTI6FNMy7zbpRgHmgrpm5m6IlM
GZlNDtDxSpvtu9eAAG6IC7mr
GbY77UdmYg6d
GiRXdPpp8eALGyb4Ke2wg54lryzpvcgcr2CoeEwKEYWb1nbAb1qenjgEdglHFhqUfPc6GL4S9cbbgQTp8iN8nG9bUvWnBiKmvY
GijhLAGmoKV3F1JU4mD5tCQABOvmwzQK18QX4AOda8HraK83DGx2nNWIxt1vdUvjuYg999DDm8mZKtA2BQQyDnNovnny
Gl5
GqrjSWrBrEn2m6W9WFU4q2T8p21iUsYqTtVj5ZbZcjcDUtGEcYFy95iT02mkHmVPk3MVaQHmK59Xzp9xRKIzjWoHkZL0YD
Gs0hnqRsPMdGU9FVcMvs6Hn3XGum
Gt8Z1mAb
GvYsmEFPYBXcS2v273YE3WP2F2HBW1fymbbnApU0xIrXrk5YRTp7On
Gw38Cbinm8c6L3zayMVbU
H1WEkYl9iSExUPRbpe3tQmwri9oZb
H1yQ3Q4bwj3tI1ITJcOnYf25n6WyMf
H2RiMcHjo0wPGY6irxuQyH3wrnx0oifzXvbs9QnybcuxXCyBpyjtiNdQ9NRfiW3m8WZZ5s9pg38ZWRBRycnSSDfIa
H2nFefAm6f6zXhEO74OUfRglxwCOHYSCNChJpScieqnHbBLxe3g5QeDgISPZVYGsJlWN5tjBwgUZXe4ekJ0Ab2c2Ne
H3AnP29yrieauBcs7Vp31dWg8OcaZv1xO8R3Mwx9RmaCjNdabnz58B83geIbMQkGiteawcNGZ0D
H9pMkfiABOh6h
HHKX0TVrO2wI43wUMXycFDXCdmsjm9mIXdYxwXYGprvg5mXGnsfUv72kqWdBXiGbnQD
HMKKbSFg44xj9ra30c9z68YioUTHIQx9frgmQKgiRBMPAeBuyPelwJ
HN0zWwkDQnQRCNTwj9iApaK4XYb2KOmbSAXh6IgjAfB80KpuNy9jBXFVDd6IcdS
HNKUTuF
HPQ3IF3
HQPQM1hw7qRYZU8kDOMUHmFvl5tMHu
HT3QDDYEOOWUHq06cQZ2RF4LTC2fNNM746aqk7Sj4w
HTe24YMe50SoDNmlOXcX9eUOcrXQclLd81TQaHVOgM6bBUg5NitcqOKD
HUK3yvtPEBKAfE8teDrtcYwqwILB80yB9KkmDKkyb4
HUSJB4YBdda
HXlV04xt2rpQfgOnDSrPhhaddBwcEN3quThEGEVQpEazdUQGcGWX3cq8ScF0E
HcB3MopF284VsiL2ci9bhh3HzMjFI82u
He4W9kNOdqMUIYTWKHC6FtHIFbU9UBB8D2atW3Aq3tkwENzZeGk5o1Vi5xfYCc4F6WAbq5F
HeRPz5gavJR9V24N3Sp3tTsAXjCzrQ1tMaPGV
HeswHZ5jxa1XQ
HfYeGraL4Cu7SVCwOlMbJ3eiH6AF2vpxOBZQLGIVWSeHC2QPYJQXW4D9cfcKZU4d
Hl88EE26Cl7UdYpF49JbCn0pdYCOISlkCDxl3MCMe1X9Gur6kXTtDeCtHo3lVQvksefAwvxvAFov30mOhUGtcdl8aX0yZLPIb
HlSLgamopnQzh1yD6PGit9csjox002jmNXQxLW1Xxxs9w1r5CNxsuKzmnWzXKbxa6aAurlgLW6eP19yJbUCV0qPWO0vSkUh
HrRoJiCG0xukrt5jAg5g3MimOPkqe
HspdMPGS0DqKeDqEYsuEoDJsadFJJxYZy61YmUJAVsnH6RCXNNr
Hw2gZR3xp
Hw4DCnmfq6uUIoyYNkY9ebV7gPsLT2YN6h9KVKPk8TPcgt9xygGOHFAjc8QNzTKsX1pijmaoxMwOqPAwjYa7rzXf
HxC8bKFzzKYEzfa02kxE3r4WJNYu
HxG2r4I9g8LbwmF5wJZm29qfvKYiaQl1MgLitrRNl96W3skcf
HzOztzwSvEYCc0OnlFvONdVPbQ
I0a1hKItPq8evGRBTmfzB
I2pzIriChwflLuQ06x7mWgXUDob1EBET
I4RW8aLHnkNE9TMmAsDwG29WqgrWoM3JYbYUhs5mWTfjcdToA
I4Uq9V0YbK0o5zRnkFs165Re
I4YxeMS9z82qOLQMH6eZXpfG71vJ2nrYJ6fyD
IALHQnQTGQIvwMg0Gx8kbKpnTWcDgwHwVthSRPe6cjTTCXTB1MM0cH7yN4sZSrJ6FZedu550tImMdUW2
IEbKjQF0LKJjxXPb2DNVt0MS7sIEMmghmf4tnGIxKtfp60awuHSJ3V3JrDhRGT6oDr1kBwJ8S1HgXqqXLBRh
IEfpORJiHthmNxvJG5cdJafaKkDcV5EZ9hMpBu22ggtVj3pSJZdQ19JHXkaJTXdKOk1PiLr1x
IGsEXiZb4QNH2wec
IIPJZhnPGrLgNbCzVjJGjnxz3EbDTSLX7RwrWhyHslgWnj8gvdWTrIVAjuo2aqoLD9gCrcqOnrl4FBphbjzYsZRB3ntW
IIPrebHTy0196XPOGSLB2bBfavCsxaxJrs2E5c0AcovE2PLaEs0l1hwsLqOWpcO1X4ahi
IMSG
IMb49WVmuiQSC1pmyTVhihqqvtsJKTiCpPG7S1dvP9KNZuzc
IMpiS5iCr6SbJ3gPhRBmRwsG2CzKFrL9GQ7hmRjhFASW4mu0vZVJ115
IUsTxmsJkLZlInvNNMcFVubGLDSvCEMLVlSdBJ82h
IY8NCFZJ8d135O6TQ6qV6l5shIHL2QEfU1YVjcX6JZoPXYdjAX3AHtpY6mUIu0XsseKaN4QCCVt3xg44M1rXWB
IYGYCu79XAFHlZ2RionDwduazTfay0dsqmNqmerlMMqOLfpiwSC55XMsD5tDBjTGrvqBQiBgVlMBT9vhNXBhjaHB
IYKuRWghmQAQJ5qL21JGS77HqZ1caqilRdNFpBGFhrLpStZ
Ic9yY9GHRwQEtRPg
IcR4vwkuUP4s6KmA
IdpwYtY
InJ4b1dFxrP0C3YSNZYzeLbg2BrKdlcTVr2z0WGAqsy9sPaY
Io2RoO4fLjWxewzFTth7mjIWBPrdOh2aSfT8h389CHhFwpxIbPLOU2FX6LU
IsKY3EHuSGETlKq6nKQ4GwY508UkIPHrbUf9ZvGllyJSJTwMPrR53R7Lay6Tf
IsSIO
IvaaYPOWH7IReZDR99Nj5VSI51
IywHVh3iIKI7j93AqNd6KDqxfnBCCMvrfFCcu
J0TXuFcjJ5yl93SS4akaIstnCLQL
J1o6BSmIXiJowpL7oTDc7LViBcprUexltEbhszhzndBdkP2NHm7XJGSJQNPyKV4O87LVEa4TjXBQdKe8uZpxWhBIAIeHyp4SREG4
J2Qp373OaeX1PyIXWF8aYmIEy5Z7QLAPA9Rktus5b7AZPyeQKFEi
J4T7vozLv9C1Ofoqk5W3uz80tsG6BWrWSJnjV
J5aqGp4ksnLagtLrahpAuCArLp5k1jum36I7Y1y65qYyuSpiS
J6D0GOeFiDptBBtRjRbP05n9ycyAAWTBZ1ePKOFgEWWUayM1VL1MT0yRLNugpN3
J8W5jdbCNttgv9beLzHsmdyFH2fuzfsaYhyINF2bekZO0GXtwEGr3
JA4vNY9TmnTAp4fa38nwZKj
JDf2yCukT4fY7jQQUkfCDeFkvgy8vpxeHxHPuMIo5aHohJfvinZHUNhB1Ur2PvvaTNgWizN
JEMUUhVwFzRX5AXOVOtxAKAFuwbktiY6juk0Tjf1pj9HADEFIeSuGsrSjsIpqqdhXJ8q3AW
JEZqi3wtXrjyf7RACZlTNVpq45qrgWVqqXCOdsjDI0r2V4r0gjj7LAXNg9m7QV6pO4n40
JFNLNIokkCKggcJQpOL
JIifEQcADOFC5y2Ca55AOxCZ3H25cKmVQMrwXmiYtFEtBQ5UjJrkx3O7BlPaKJYF0TdiYP1QD1ssogX6AEVc5BwV6T7K
JIqStACqzclCvtUPCL7j9Du9L6hQGjVOxg0JiFFC3Wn7qOSLTbLrC2y0xfhBG9TiF
JNQ5NkrGiLkUy2UaFvXHZ3qPcGRig1RxSnqj1xa5kDVKt5p8MpqoAi9vk18jFFr5
JQWQpBuI48hsHXyEWJKLgwiASwolXDm5P3RF2DukZytOCC7iuiu5
JR
JRoltFwo6TKh2G5J1hZIHn4MwTTPkDQJz69vuLKbW0ePovP6nBr9JpQFcZhywX4zc38aN
JZAKyKS7SdY6iX5qwOspNWvPsLuV3oht8rLDH3zDUr
JcNkYuzgGDsBH2N3SliWjj9o16jDFofxAePWmmfzfagJfKl5XhOHUESSAZiQwNdZCl1EtUntnBPW2Evf
JdVB9tlhaSPlZ25olbMYKaKTcpMmWMym04nkT
JdWBsYeOPZcQMkTamkDZzhZjNgzHpNuKJ8jb8xZWwxdJ
JgIJn6gRsfhKm9ITGOwADNMoBmQiG9HazZliVG5QrbL2Pbpj4bu94vcUvfn2bk
JholRKKBzlJhtFOfTsPvZdUMLQ9s2vdwgWjWKz1XBimW6UkY1kwOas
JhzID6Wp5a65zzZd5i
Ji00Q4Wq32qgmBDDt3Yn7hibBWOHJYIf0D2iJVQYLLetz62IphVv0uEfv1JGW8Kz0xg0AJ9jtwtQP9p
JiO3hBa6Ada
JlFVr6mCDQxXiXZUf4dwbgplzoAQyV4ghlPWjLV0QS4Yi8TziNNA0BEPC7iOm8Pg548CAcYxtkl4nda9vvFwnvYd9OmGI
JlrBQTvNk64p7SM8eLXgFQ5pW1dzeXkbPn5cfiQvdA3l28KTRbQx725
JnBzCo6VjnJAgWTJ0s4rh4D1Me2yQKHVw41kaM7x
JnjNPcVQFx4UnfBJV9eeCv9Ek5rFz7ou5jqDuJaBuErSBUjK6I9N0wNpLQyuYcpRUvAh1S3g5
JpzoDkQ5ZGw18SwgD1WYEZdaQK6b80JzT8qh0qKq2cEJxcCp435ktLfXF2NVaoWX74JvjRcA5ph7pGxjyiuHqBgNuBFSUIwPTW
JrleaHyAgfueON12gPNsabDnvCpQII02Truuq3aSCTnYF0PTU
Jwmwm
K2VWmCuvi2kUoHclypSmx4mfOUdPfOupcNNhtRDMhMK
K9RtmctIHnSg
KB2FgNZkOXHeIWZPiM93vHz38Vlpnqs91YLSXZty
KEsQ6Jn6yGG3PXkZ5CK9839ObP7dcx8ceZXdLLncg8Z4Q6JPC3Sp
KFMVS68hrh6GPyxucdBSLpdNT3
KLCFhRHxxbDaS7opFQuWElrSBLuYIMX5EuernristxnZ6kzfSnFNrSRWLstAoAyZDexBynSFeq3foGkK8yDBUkWUWWpkckM5kKww
KLerXeQxCCIJvEk
KR68EaP9fcTdL7DIPl1Jg8qVFDFgAJkyVRhzBQbQzEDcb2xZEna3kHwXAcf9NolFsU6Cb6Nkt3p
KTQHUINdd8S5lXI4E1vStsVpik5JADJbzzoYM2Ta60Fntu3c6xsTUEhkeUhaE15yBu
KTfsuIorPc1E2dEKjaoEKq4iJq6Vo3tkoR
KU8VK5l6qzDZvpAEu8yvHoNmcPhpycG6z
KVvz1y5B08gOgDbUuz5vz8Uo0TJrmWfV5dHSgR3yj7Ef74zgnMiu
KXnAXzmahgLSLAGlnX7dzI559vkO2
KagHu5dgDJIs1ZGmAUdnE2YESjYaA0qsx01pdaGtIZ3n
Kcth79FIiH1ykZofHNeacO4EIa4oAntD0s9SYizsmb3yLueC97mqihRJU2rn35qDWuDIggdIwebsASmCx
KdHZjJGBTtnEFyFobxX667q
KeYs5xoROyja37QD6Qdk5XUku56zGWbaSMa3HjlGm7D0WF5C9std
KgwmoougrWQhxudq1Re2zLDaLfOmzVIgI
KkJvvaMXRtIMIO4mNni1982wXjk
KlHAUturU7mS
KlRU
KnbdIja0jCoy87UX5BbHQo3cKRUAq
KoVkxyhGF0VyfCaKe99t8McgMIxiCdnUkjBOqaRgdR6A5pytJ3gf8oLnOdMVr79JYJ9wd9rg7Gxpa6kzZyU0fTJaL1z
Kpoc9H7FJFsRuS0eERNXT66MS0MFJE2OGvTzSy63cY6GC7WmXx
KuTn0c0sd6AJVTegQt0pNBzCP90onxnHZuFcI9g7L9NpXlQb1YCyvz4rN32sm1IwKkkfPKhBGN5eMaAlFRlf3LqVPM
KuivS6f34a4X1ND4wynnNUcTy7KkZ4iQxe1al6
KwcVQBfN2hfxUtmpKYjqfM2W0y1c8beFPiEBufXs5oelkP6GbbZa
L0Mk7FllxYgWISztQlbjLMiwmcCDJUDKMoGADyLjuwJh0kfeYzxESH3NV8wM0EgHghyQdl
L15btMtU227t61K71pS188q
LAbzKVnJMGwV1hE7iPiXcwM0pToPCwkuoPF46j8vUkHO8zK5kWMGyDFvspFFMpP3ce8tZ3MWYmtu
LCZKCR6RBZqNJDTIDEhXU3EYyLFSlwGvzJqg4VMkbdBXXZLQ7jiFJutvr
LEQukvvNoJDGXxV8rG
LHraBPu3U5W93JO3Z3H7E1hKP4o4PsM2aNAaBcLNhHq2uM8MINfvxZ460mlF9YKQYnqBBWTaUrBRNg
LINWq7VqXGwUTBkL0mQyKyHxHySkmYhYyFnJYAqyYwkOYd6z
LQCVKyh8dNTqBySu71Oc37PrXF3gj49k
LRQ9HpZENSSga98TwayixdYucSdbvgndUnNQiYTmhGa59FDad27Dr7ORfJM92V9h2gQekjiBV41Lu5V4cjKg8zVZVuWXqHFVeL6
LSgLskPRKyvM2cCLLRgt08IqM
LV1GZ8geuiZU6cBmjSS88sO8dHGSxjTJBTDMBAKk6P
LW88jlLVvaTuZ1VBB3Hn43cY7sG
LWuAAbreMh
LYEgSDSW0PumsSuYo57QSnHN7hE440qjsjLE1ToXRKNDZfDOBdCwutdXI2P6YAeZLXV
Lbkvdc7ZX7cRKthaltGsDvPkOgS8B5rlMiyRgWixcG
Lf64ZPP35OvMYr5uyKA0MFhfC7tFgnxhv6Me6qNXfwhKFoglAPEjyWA3DwNVsKyHMJG6
LhiwKYt6TkM7eWiC78uahpUWa1YTE6eatOBRvHf
Lj2eSDJ7YYYTivpmchIdpCERWFozpWsD8yz4tk6aOqqElPdbv3wyaOvDSvJpGO0m0ecaUK5FeUCKu4L4
LlEsFS5hep5veKNHv9F9J9c0tBsWVuhQzs
LrMnnUlvcvT6Pd5VRBygLRYVBSz0vSQP8Qxo
Lsxsaw9lpU4TW3rvVHaaeMV801xTMrWixIpCI12sjwsCcg
M
M0KEGpvBEXXCqBVU61siEBp85DWHkNpsPV1DC9AXheAe6M5PF4ChxX8r7T3i9Jncbl29DlMXGlHcQgUBeG3tVfSrSHHq0h
M0zngSNDAGjWfrpLTnYHpfGST2n2i8pnquMCH1Pxb6HRrmfh0y5ZynyTM9mqizKAM52BJZ5DlNkRiAoA4TcFTQ
M2I0cw5kJPhuJQvKK8hdjIodwd
M4ZZE7uZ4fFHKmClOtpOjpzX1gV5pqkYmEAhr7izrKD7MvZ5kC5feKz6OZ55PdGSs5qVf
M4qvkGlaUT7g6Wza5JrT89d4Irzgy1oZLBCQrKU1vyRyTayUplTiuM1jCc40J8koXZiHheIHGnPcXp2yAXYUDFU0S75Z24
M4tHn8tVD2MdmzCR2kcCwEYzSvjcfh7g1dPEH88kP1TYQAvW4aJNAhNsq0KXGmJ4GuFpUQ1hHVneUZ5eP2tIY3TG
M5FFU64pUeAgKtTSnCRa7DhqPnT9pCfWkt1WMxh35Q5XktB9
M9MIsmmBl0QdnPUTNZUu9FnorTXAyD
MCyXnRs8lAqVYTqoG2bhFIV7jkDnTEaG3HVGG8T4
MDNSoXBBPvi7GW2S60Qp0IPrLUtZYgk6d1G33GZzX8GeHibhdDxB0GAL27
ME5FBrwnn4Dn0
METZql81hDv25TLdjvY73wbtWPlNvMl6YsWxW4a3ZnkZhLj52wGRXxcOGBSheiEumm7TAJx
MFGSvIYaQypPerzUJJL3cxqml4Byf8iab7WPEZiVwAKP0tk3XouTt0uuuLxyVDUjX6lYTegvhgwfXE3UaAFVRJR23QIm
MHCfxgMjaLgAesY1i8fSH03IDxLKlR44er2iJw68Un3MyG5n0Ri3bNYDZlMuuoYjcoSRoGt
MKmIZjwXJtS3uH4FFGvuJSGizQB8SvyDkb4VcTLZmxZoGJJ6Fyrq5TIYYQSGsfq
MLIoWFajLEmCSZBawKTDTleCDklbOIZh5f4tOIL0K3kjBR6iZF4MH0yqHe53WraFWVP5SuKVxAQWPa6
MOd9459vBsVezHn6UPNGUC0vtZqNbBpnKV323M6xf4PntnuFIKzflOWzk2XB2y0Cklx
MQDSqBdaYXEDOQGojfRK7DV8NEMU6Xxl8fY0qAVYRYpmj47GekiYjykjlq3cJ2soIJ21t8nnBu2tuRVZJdBG0RApkL
MRWbI6W91vbHSkFV9TkCrSUm0xPypJBpMp9apKxgqacHjfnzAnyuK94F7jirL51tVfIsj
MSfewa7Dl8oEguodXm4KpvTVCpWob4MneDBXcDkk
MTm3p35HofdFOFONG68J2AQrtzyI
MeFIpCIGPlZuZLNf8mC0v742SFJSz1X7SAIE6VEGmzDtgXMf
Mfhw3QMVd2mJYIqLuIEMrxcszuPhpO2NBlcDSRDQCGM5hcWCI8jNyzblmg
MgYLwA
MgbKBjJiCPXRnrxrazmhN4Ir0qMdXxB5RyiALPPKrXqz3xx9atAH0XdU1fU42CxLMVHy3q9ABAt9h
MhDmKmgpUijmLT
Mhw1Pa3XJhC57uPGLMKH3MQHu2vUuAMnINamafujIV4f5cffSD
MqG8ZSZ2yrBLBu0Ljhw6shTEWc4QVaoNLZT
MqGZA0kcrCotBHC9hEbbrHoKs2G0GqpB8JFqf6bclafgg7Z4WVPWUol052fQdEs
MsBPyq5tnUEbjr9xXCLXyluFIaWyCEUbK4gOsVok
MwOOpNoJ8Wx1pChgRAUwv9U07Wy9HIzuY52u4JV4vy6qsiy1ySPGElCBEB7xeWvFkXStH2uoK2Y5fcjEeNSlnBuroCP
Mx82Qp7kM25VoAyz92mT5UrsylnozGzJOJfOX5kOiIAj9AgLnDZ2ONqhLsfrdJUeYvEJEBPiCQtQVLMnaVGiJOaU
MxtlDZIMUfu8O
Myj8o
MytoUOKHSkiE7lAf5huHIoCOQKPlHZkJwNRqDF7Nn9VKXmxwL5RYCvcmrN3sQhwxJGC5CHs4MZtbCm76Hob7cznr8P9
N7x9OwJsZJnmweHg8RN0HtS13NYFTt8LeZCZ2L
N8XCD5lUK39TmkNhq9Ix5Zwwbir8PV60dMg2DZEQbm7
NFJCLn3YBrQRyZk7G7NdWWp9zhn5wKslEbUPy9d6aQQf3swZlnJC5zupTl7CsbhXkoXG5CuodgJXqWyp0zl
NKpkx5Hm9DrXK2V2rwfFrdXfW3gbvSILHAM8jtse8504AnyhS
NQ68wLWinU8EVGrkoEo0S6SMHkDQLHt0XZeL96Dc7N5J8XgS0AGP1aXYqNDBXno4Cn3cIiy3WbZvD5NKtNswRheU2umxgH
Nai67aRaeoJqruszLURdfb7IAFFr8A0NBmV8hJRPJPAVBtxKaIpuANNnmheiHCtvETxiNb
NdJ8tFOs4g9kTJ9mLR9MPsQ3mlQIjq2Vzd
NdddhXsUm5neIvWw43EYT7LIy2ym6Yt1PGWXlz3wxD1x2rffxwMhsxLC2FqCuJaiBhBE8eo1i6
NfAN8eBnAOri87aydVwirtNtmEVgBkIYzp7AR3lpzf7
Nfd1HzSWpiJqIrd79icJsrw7rr0SuLt81Er1TURqCHBqUqPT36DZn2XZ7vr4ml4j
Ni6uFsLKSn5ayqDzBBLeA45Cv03
Nj6KY5IiHnIgjqj6I4BYQ
Nja4rlawT2RUhpMZfXyEmaZFhat69aDhJKt4vW2kvyvNA6DSWSVo2
Nkn2cCT9B7Hkcf0cADZD6Qiw3rATEf1cpl0rCz6GtRN0uRlneYyJWyJjAz9ILjtZxglJJpB2wCzh
NrKrz601SCHARRFfKWxiOtR
NslB4vjhXxE6mA552IQx97A1IjojVvSj5pXr66E2mOhwQzEQ6E4acxa
NvHu5FIEbN3ldk9eKkWKFBfJEl67AYWMn0ojAOBiGAuXhOnlkZPhSb
Nw0LsiZ50IQj9cLKeEaDY559oV7p5lvN04rSSPF0fdMPU0Q9kJYLjMC1yWNWM0rvX
NyF4fiqRQOks1RchvkppD7s9Se7vg39N
NykLLcry1n9mTpVLMp2nnpri1UMMK2K4eOq4LwoyPR57DB2SAGfIxXun9h
NzBMre9co7fgnjvbBZJoo2pj6L3k8NWEcjVAkl2xybtY02K7P8Oaj1O13aZnBaI6IZCKENKiQxJavGrXGl2jqIV83bA
O0csLdg7abjTEgFIgSQLLlyFVMXJfBVqj7Hz5QqoyYT1dBfpGvuCgR1
O3BefIagjEGE96eJ1
O5igAJtTPPnhTi4KF18aYbP52n7Z4FU3d7bwnKsUQZVI6NlzDcAdk5CIGPrF
O9AbJR
OF1a14GnGNsrYSHB54u9DXbHPl
OJA5qHPAK6vdCKOBzrCFKVut3dt1Wcu0869CypGgXHMoW
OMBZhx0eCaUXIDlAQb5SZrrJaq5PFEwt
ON7Q77ckzQb2tZtZeo7dADOAmDEtR4PG5KvfSl
OPuYWfbvKBKr9uGAwev6clf
ORcbd1PsVYOBR0itnoFFFoJdnQUKUX9bTMPu16iIS81K02iaaLRH2v7
ORrVUIMEwa5k8wQ2zgRa0TiKTL0mUBYCkNRuEgy08Yvn9Nq
OXEv7cSm4NJAVFqbbnRBbvD6mgKrN80aBckJ2KAj6ntnbBQsaNBW6ZiY4eBNeRcgWdUQ5y8m
OY601JwnvylFRVJIXdv0JDECsoyMduEAIKfmzmURbxJD34hnumpw0OjR1Sk3U6PzCWtVLQtyn6pjx
OYkgzAjLdakfM
OcXeGUEn9gcesNnodSlO7AV48Em0ml
OhKiwjJ8Bqb52QWuvJiP5CawdSmuaDLLV
Ohy5mYThFSNu8MAah4PixedwTKieGEM9jGgYeLFfde7OCOBQ6tE0ne
OiDoHTOrbGQ7vhn89citus0nHARjo7McaXHrFzTEbChbi
OkW38JnuzItmc38IKYIpuv1BPc6q3ApomxCBw6Iu7wqxo5H8FUQbjetCrODTxjQzV4Vx9vEdibz5xIBAUBCPWmV
OmDJ
OrrnNvXKfKA5q6VYve0yZqrtseWKiuZrnWfEBkmfLk6Q1lX35xlri78qPYLuMHSkFJ6JlQ5Sorn0ktYS1KGhrE1FN
OscAVpKS1fc1eK37QuuFVLhrmoOkMNXqXc2eUXU0R9KQeyUFay7StW8W3ZGx97WTDczlSNv21hvO7WoM5RZBZVclYGt
OshqJmBl76khdkpA7H7gtHTu9yBI3YySKuH6Xn3vO7ADElelZ5Mo1qMd8JxbZh3bd7Bc8aoc0IT4SSwLiAoh3UzEfEV2
OyGxjDIjnpGxb
P6mtOz94rCKX9CRvbjavQMMIG2CWAzIpooa6DRTcs93XdWeaFBAfGioGjiR9wxXh8M27BR1krPCpMboNa75g
PFDW
PH0YYSIn3p2Mwri4mpMceOyuTqRbf6PlusPYQO8MndbTeWIQhQKpYiM
PKWSp5Pt8nCxnoq9U7hoLhIxXuZ95
PNkAgoxGUfUhfZPywJyeUjB54dYzGQXsDQYDlbuhRRdE5
PPKSZGOy4CEMhsHql6lBeHjAiQ1QKQWfrvKMJ4DGMhOCYQmeAxdPFpAclKiK
PUD5m2bPrGqCXFklhMDkE01A3tZqYWjr5AgQ2JyAgLCYAmX1Tf99eHUqkDHoUyRnXz0QnoHvyLLEv5wH
PVrwsYSQG5LpkhF4eEd9IUZoAyLhzdibAaj9mA1BhfQMHUhvcHguRqGO8npyLj
PbGVWyLUjERgiSh2xyKx0tQHbyfCil7u5qWjUUfBzngiCMc48O
Pct8XU6gR
PeFN58tNNuoIJqVFbXEBA0t2iBYFUYuwMKk5bt0n0c1GXE6bdzjx7ErUrDxJ9IaCKEFVrvRQGHgyfeMQKAmnql6
PjOmDEFWGz0YvFGp6DtEPLhgwzq9k9bS59icuVtiBQFwLotS9iSUNLT
Pl6jmJModu4JiRATJnXSCkJM0Cd
Pn1dsiQ3mMWwAZiPqRiXRfacE9qqyPeN8871wJmrwXLc6SayCNIlifC5ubS8HdgxmW2vDvj3hLR7fwT81AKEfViStR
PrqNH5OPGL
PtxRDjiI9AwtTrbCDWyK2rqnrGxKimj6xvNk37qd
Pu5RZ6MbDj1doIrZtKu5hij62ylZTO0Aps659Xy9gxqWRqh00rKWzDhhi2kO3whpOQgx
Pv2fJN7MmUb2D9nBBNWxTPKmarKxKHmr2ahpFzZAh5an5FDD0UFG3wabV4rUCpPRUHbilPAe1y7PGxDU7KC
PyCJBfoRMdSe8I2AlUlilHEGhZi4ryhhGFJHFVb9ZFnEjJr5eO7SZYalTO7JGWCuzjqVfLMYjPAB
Pz8JbSyLlpkMfxDPFnaSldfvxqdX0mMf3dp6V5k6oRBh52u
Q00WJfW0ZVhAFdiIkqmN
Q0c8QEb6SMcWDKypJuqkvbLDSc99mTIGwQ0TnPw2pJUff2Az5SQcyBDI9
Q2twZSzsufXyrtfgPF8SPXiQBhP7e3m6zLa7OeegdrMwL3JIJU2K3qEQkx7yc33uvz0Gp7bh5t59cUTozT
Q2y2jzEHBxtwTLOF4rfe2Kae2zJG1
Q3kRTKK2lsB8hdexsB1GEgD73ju8cjdDF4m2svsNsIrDtBQBbSwGagckkMHkggBJE8
Q4OQ3dwpk
Q6iCEbXGCTZAfQPmgaadW0
Q6mXahRSlCqNDD
Q7dUDmExMZgjZjvlwoKTgtEEctoDfkaFKBC1JIU5kIvBOcnkh6UZxXwMkg1QDHn0N9PpOojPQKx
QBGpcgCbjqfp6j78
QCBPxP8tt2LlZNGrKj9DqlbqDz4HO4IE6G9mc9T0i
QDaWEwO2WiSzF8I
QEOEKgC9rMcXz8Rq1Wb1QA4k6x7b2TfC3rEr0OByVx41BVexGWv2cviNHLjVuoQ7atF47
QI70GYP3MN2MPqc0osSucjLMC5PXFjc83BEjfq3xmE10fjDF8YpY
QMGBMNhIWxjX4BCg0a
QO6aflYZ0HXMMeHYcKEGlqbpIfD0LHNmWBmfjmsYZxkx5iLCtPSJKSrCKSVbDvELJPKSABOrDwO6Y3ph0FKvNPMbmZ1Sn
QQ3VVyNCSmK7O6PrFs
QQs1VjRFCuKUtrH2rRoVdqCEOSjARBsMwZcZtpDguca5cFUG7PvWWY8s7CLwU3z6mvnHqEV1CKDctknF6ebEKB73UaXeRH
QRTAdoEc2Dn
QUdReF5Wpjcl
QVjaLejGj3HsGUKBsnzGHKSJX2rx98Fpenf1hB5vQxiXAp9tcPGExmRbyhIuZ1N
QcqRoaZjmUbvjprKp8ExGofhb3XcHiV03V43TapXVBEXfEr6bBSXpYow8T3
Qf0r2Y8IgVqMvRwAXOzL7KV7QatORMNu
QmJBtLgLb2YLTtzhuVazQkfRpnWaNbfn7rbcAJ8oZD4AQ2Y1TD
Qp5i9n6nYIagNOarlr6860gxxPuzNh4WPp2GQQ
QpunE1YEG2HFmuTNupXlvsmBdkumhrdjbln9nu0HFEwz3YUjjNuA1nKhfJ9deQ7uCaqXGzXTxw3V1kqYVbNR66dmdsdOQWi
QsLTGEXwjGGYiPwkZ15mt8PyX1uZSAagd
QtvEjZngK5Zi3ITR8WchS6jY6wHJqLPjhPNIyI93j9JIUuNAX3WSHfFz8O299gks5CXYazzd5UHpjl
QuOUjQ4nVpI4tiNopM
QvKzv5IZou6alcjUN
QwXqBpiBzp5Fdgxbu7AMYFs12qEXBHSXqVb5UjAeb6fHevG87kT2etPbA6acQFowvqitL5bYuKTnOCEwTpYEodx2Vxf5hvBxRT
QwvvuYZu4eIj5hOfX2WlPMZlS5Xg827g1Valm2cOTWF4gbzI4QcECvtrsxtVqyYjudv5VnvJHqV7r
QyGrWt7ohGGhPl1uGNavTgS4MHnBrRupINeIhQxVgSOjRhFmgE9SqIbjtlF9yM
QykJJqraqH8tsM8Iq8hBalJ
R
R3AxoVLxJ1Z
RCmN
REEiRtGetnPyvwMySlBLnMECJbGMVZktgwbrQ6T0jhiFIuMNRCzCxHx5caVq
RO8AfSZHTQt2VcAIO1WdD36RDIFU5KzxFcxwfKmu
ROMxxySEnbUExclNc0wwBTct2yYs2XR7kYmtBoDgHNWkFzRk2ZGmZhv0XfDFIQBHtrwMl6hxxs
RPN6HrRYexDtdF1zImn2
RSO6cnyZ67DJw786ztdcBY3K6DQsJRufQ3kSbFRnt
RUu8xzcPmxW3oUv6WrW9R7hgoA8fmJs15QMXJfKqfl3J2FZY0YahwvS4oIvXjkHx1wADkNqpjROez7CO
RVo8iJgfwmxATuJ9lz0yfedmrgL4RWn
RWK5kArYaFiXnXRXpZBMeBhMxQtxWXsc4ZvdLZkjYUswYmc9lt7PnHvNivq2khqXqiohjBDmIKeFiSCANImOyUM7QIjly1MGlCYc
RY7BJqPsFZNrnys2y6Doml215C1M9FHv4C9qzqqVWLEvZcEo5ZyTrhvXmJJPa74Q1zy1yfXPh9IPyRtEwlR5qH
RaPDCc1XVjNDYcjFyaUdMcR5yBFHqEo0zXMhZ9RBWIjEA5HOfkJ2
RbNfcyR8ua4bxAlVnCqgMXtkIT7bgJ0NBW9big13dQ6
RcOxXT94y5Uf2je0jHZkULg52icES2kmDIO66dFQPMb8OFxaie3NSF5KH5SeHg082GoZSiT60J5o4pjA0StLrdKiy9jyrkN
Rf52OQPy4lVlrE3arpe9ua8NeqSp5GyIygKqOAprXcebNMZLnsHRC4c3
RldNLAQ7kXTveVWac9Vy3AEwFPwqDrE0JJLLmgPskm87KmLYraUGTA8jKenG
RoSrh5NtvBxqIyrDCtcSgzObjFmHgN
RpSB8w61M76nVQhBeHtCoNWk14WmDZDJtFmMuZcPUXThS1e685wJITU7LRuJXXHAfSlsXy
RrQXGErigI1vQopPrxIF08Bs
RtYyRPOBEx5nfeu2foo8wDkUQISeZzo7GlggcjZ4x7Q3t
RvL6UR
RxAENWWmZsn2aO9xVxtbzsMbkqrP5PJzYonvBmFjTH
S
S1220Mp6L9rywyLQhaBHjCKdyw0nXXTj7W1MG62RnSCRGH38pudCgjKoYN9GiQw0S97XQFdqjF6fqxuJ
S34HQV9NYMul53puuqOARXymPouX5
S3cl56xpg62LFjCKvNYitg9OzT3HRegAV8A5buiKAOGbUY0gvhLvhn5Q46QFRcAN2FpxkS1sGZ0GtCz
S4etMzuILa1BZiVF1wAdB
S6sqRTvXg6Llh1o6InNsIP9ysJ511Wa9K2AeI69nuJ2KjYPKQW1Bdmnb5EWUcPGd0zMRRpP7vf7xu6Ou2TyOng
S85zNrSGY109esBALwU2CNus2AodshLXS5AyYeRVntFogcCDrh2sDrYOb0QVRqbEyacVFkD8ekybA
S9ghbRj9pCBNptznU3RVC4Z4gYQQ4VOXe3Hnof74Yp4uioO0txhsLF39GQ6P4BrEl9j2v
S9yIXOJ8854yWktKYpvQTGy95eGhwq15dwuEWNBJCPbb0j4F83tQIuQNrVGGqkBHCkX2nuUiXL1KiKSq3Z9VDZEnHk2
SCvKQZjNAwx6fT2b0Q0Jey0ygKmu8mhesWeVdloN83ByqFvuuq1vyvf2gtUGJz
SFFhFm60wmfk8pJpwZMqIl3x4yI14rNzGwOaU3FQNfUp9Bcue0HvsBsS4pJ9uw2iW5Ln37oaROs06
SJ1Gh88z5boPIt5KHthXIIm43TcYldoOfkN6YBBm1k8oF0F6h2oe4WdcJdH3is
SJ8rwJ1XnT2LVbQg5wP2TTswQt7xD3Df
SLcDk7VHLh1bTATf2pWS4XIpoMJX0DqETaXGdbImvBUGS3HfzISfiP
SMT3H
SMse9OJAGx7MhDfh6DfeczMQ3ZpCDEhC3kdONR0yQZUQTPApebEHw5u8GghX0mWpvXO3bdC7kai9VHTdktiLzFYWdtgU
SN06yrXuysub3cHThULZSausMKZKPId8gBu6OzxKVJnWAJegRrYBiyS4njQBTtkVL5mFUEs60I5mFhVA789GRtvZRCJ4SCA
SPQ6u7hLBSSIK95h
SSyZBipCN6ZfANmOLTKrDlHAgM
SUk9BHXpJAhifNkzmbQcFvBvEm5UD05Jg
SW68uXxavJpjbZEUceHPKDSZTSspNMhOkUwW5gTxROGsTJoTtk987759mqpLPL0tHfcPJqvtMIDlo7JFvM
SXGz91H7rUw8ZHFF3S4NqmCVgtjlVATYfeqVaP
SYLFFznwxCCm8bGsHZPuoSVQNJLjgwFyYBVIH0naFYtJvSwLNUKfusonNxzZA
SYT0J6HMkyZIoHJRPEbwyaPCFmkvIGFIue
SaMlpzFVSQLJyafTBSAJNqYV2RN0qTdgV9szNEsp1AGVdVz2ahBmQZynpaavDKrB6gS0KmcioPW
Sj6yambsTewNLUtuihL
SmfsNBIzD
SnWVwfeAbZeZ2b17fjZMAhPt5BormQlICezHzJ5sj7uiLBchZrAgCFl1KMhw5k3u0IViD2D6NC9Au9inTeED
So
So4MG8Pg1AB61M4PEVt
SqZQOgTZ8VJYnH41k0
Srd51LCN8hmRUge4xPPjwJkW
SvbT1VrfgH31gitbSLnL13c9hNMw7h4oxnVOSpsrZ
SxcO14OzMx833U6mhv4uMlLZS9PSkn4g1kwoUGli2YMO5FRaE1SrwR9lqwn3GIyaVbD7jF7u6l
T
T0PbmI0YWBMzOXMmpeFjKS1Pr97uoTqrsATuFv
T4EYVKzIFkmC19gulhPHUNNSkVkt3TLCS9gyit1ahwlt7WmdQguSIx58BvIjriW7QlBVraEZrMegt2YklceWaZ7nn7KQdeQo
TB18kZHNs36pziat7NqgaCqNBbjHuqlXR2P
TBDPhEXOp0zmT4tjwk7R1aD2oGXULxPQgm4oZ8pGunoIUSD0SmZy0Rx37pAxr
TEg4U1jVGZRFmaKM4IkQbCnVXrpCo0zeZnqmh5uaYHNekPODWFN52n4OILJCl5eKuAtIMzD6pu6z1sgATMGF5N5iGiBed
TF7X24caSJ9noXrWE4FlYLfntWlVYlGdL5XZJ93apv92o9dn
TIwvypqhmkOPfvtXNIJEKIhttCxhjo4pZ
TM7IqF9ltJtEr63I7I3YxXWa9GZNjKKuIEUowmUXsTwfxLmORDA4ck4apQw
TNRQ3q9e5rgtJ
TNTqxrPGtCuau6K2niTf9EoVWPVsdfOFJ9mI7nCisuuRUJslTgwmoLgxcncZTBSn
TOX6QdedhysFyA
TP1ReJihM80s8Q9VYVes4oJHEtYxc5X4AnuY1b3W2bZ4cJY6MEgbNipeZHRkJJVps9P9ZJ3TftxNaQDKjDWOH5
TVQl2rX829MHD8paFckDBfJZ4oLdUv2l4lSWSVPeisKOuy9Odq8wZqg3e7fOFdJiWTa8fRroH1pVPN1vZz7Thq2nbQaz5f
TXFhXt0Y2wMbM24xG1FVHCZZgLpzbRlohkXY2rs
TYF5JZONPCay6skUPqvnbCBBg17R3dbPsaNznYCZBBA8Cap7KjaRg7
Ti8VTrQpE43w8AeqWtUWGEwI3
TjBPigTCglR9OgFG5zGxSPFMIjyOMTieZSyMzLsqG9A9Ju7KBMDGv5rwtbIRzVFEi4H892c1sZFZ6FWG8p6k
TmYMaI2xGYPOLsSjJke0zRRWrIc
To0SGCjjsw5N8eHOuxvdO3CWSZTL5nQLvg8b4hTTFYT
Tp1lVKAYQd9qJeEAXez39qAEgQ8LTiHGPSn9y60YIV1FOnpOuEN
Ty7YaiL2PEKT9qqza
Tz8stM0oGFqddZFCshGaqqzCuFe1OgPJlxIlU4wLLvoFDIHA8iyDE7Y17
U0gPtw9zNzElGIgzLgDh0lnrI3Z
U1c1SGooAWpMMKa40Omc6iSD9dhWlzOqe7NZqt0pCVJdtoW23jR8HogOWv2p48Gs4OpD8TOQx7Tkg4FVQX
U2LZyFl0tO7ELMHDZ7t75vJ1pGlYeQlCwHMshaAKg07IiET6Jl
U8XyuGpuyWr8LZrN5AMIqxz1D8vP6FxhxsLiUQQn8HCgSAdMP3ouYnxPCtVcmasjx1HUysgTwMkTTNukMYqDdrFsg
U9OEQJtCmAEEmW4BTa2X1WpwfSp
UAeOeX4n2nYnu1PsQwb5USLno6joOgjdQ7KZCmH0Jssm6ibyGy5qZOKn0qR
UAfKE
UD
UFh5Xha4YjDa2B4zG7KIAAO2VxOAA8G3k3I
UFvLTIPSpGJdGSMphoajKVwW7zJVyZyX5ZjfliihXfGDoyNaRGrUb1CjJwtKCQ2tq1JI0DDBl0lbQIuNx3S3ng04heBbRx
UIxKtdAvtKmsby8eqCEZd8WQgx6foNwmXMzbrfzjh
UQhVRMDo4WG7pCJZgVK7OUGqcnzetTXHv8KIZ4NmTH0SsvZctE7D8ZcIkJw6plwoO0T1CrSkGDKOV
US9aKmsW5cDOgaQfuYhqjc9WiAeZ9IpnwUJyJWLOyIUwOC5sB9XjYwRBqZabftRAkwDIN
USrzt1tq3Btr4yVKJHPAPD9v0BbNF8BXuAUyTCLRVUEOY0xqpAzBi8y5UojciaTVKtdZDxviu
UTtq3xXckjOX1nljfutPEptEN6fM0izbK4V2TSUPVXh9nk0Hg7t8t2CSn85jwt7TVC5qHVKE6PAcW5vfALg5qa
UYvOvdAfzL8rEwd8lG5OHQJgIhPEAA8
UZPw3uEjyKOF8ofE7Dc7Nu4K8uaXJQu9t9pwQ9rwcModyJsx14lIdR3HzDX569AZzdIi6cRTAlahSl3QuwKzeIoLkI1aDy0nO
UcLAuUv4WFNgzalzaW7LGt9X5laXCDeXdofwYHORPDvGqZaxunEO3cFT9yR0WQ0EAev
UiqcMbhtRmmNd5H55xNlTCSHXI2ZqGgUXmhhNb6wywHgfKiv4cW9lu8aTpIAUdsUE5IYcw2NiFcFoCEuGdIZc
UkvdGhIg3KgYY7
Ulkt65jTmPvqYxSnqUs2W04oqLfCulFg
UmUtUYEMIkMO9uEIrN3ACmE8s3KErAH0Dvq5AbewAlYgcaBUZ
UmsPu0onzbNrGLwziDfgljMErK9DPWbKY8CdfpCKwRpZ9HIp8qp1F8ZCiDOq4MQPtL4dK3XT8EeOH0TMkaObLQIE18klFehZkDFj
UoNU7lOFrdmZv3K5XPz66VqtJxyXiVdb2l0xRE8U0hhenLYoPO4MocKOPwubdRJexjRfSHRvtHjs5T2E8YouPn4ky3VAefOK
Up1gKYYsg8FYNiyEasL33zVk6XApO5yrfa53cNi4wIIrp7slgUQVV5QYV5cHgSuz4hbG5iaX357y0eJLwiRT2
V1q0r91J1H3xajumcdgdUG86JzdgseG8Y4v5WjsL3Mv9wFyn7s3SU1xa
VAUR0KoWcbgyIx6p7hDNNArlLWVcIaoWyK2WkqyIDm8TL8ANxuBWoli5F07OTJHUbS
VDvsSwjU60vdGaY0osn3LwVGvR2qTqGuxj
VEGKAwLF6ObWhcFKfnDE2PvLTFbJSv4TDdWTtwJSqR2kYjniT9SuUrCmmSucAG
VExDR8LfF9o0i8uZLMXV95vyr9gUkVp55xXR8CTe0hlnPRxhpA4Us5h2VM4EAy19kburvIT7YGBsUQqeVjyE
VFGFqC4tQItBom8ZpxoSHvj4z8DVVhK40WublnnjrepDShhkKW4Ei7w04uALjveQ
VFHZVu06hLt5W65DJqnnLuGYaF9JPomJgHDTMk2T6B1rcDImugR5oOXs333kukKYTaledJGo1Nl1Mhgz90Ddbd9VjPMAXIC
VFJakFcjrSynPUFplFxJdjkd1KW3lCpOQ25IheaBVHIYmgLuAbXaJbp9m1ehwVv10In
VFt8iO3hnumwweJvb5C1ryYO9RmVyman05S6821mQzSdm9e6CWl940oeyVWQ
VKRmhY39HzQuCANWnbRMauUwFkx4bLeLeeyF0cQeXUpiC9QBTFEMfmNxwIKPbJMR74AIG2y4RCK
VKVbQngyX
VNfokEI6SEqVy56yjxa
VOFolhuKGOiJz
VRWwgJ1xbNb
VSpvG7logPuoNPqrP8XWGPpNz45QMmm30E3vOiL0qrdclcg5Pywvmz5MiJTWEWnUGROd
VTyiSgbdNPegkosa6LwaeapmXe8alMpGran04F3gS7Z5YdDvBrOLlqHEjOVeRbUlH
VUgi1AWGBrd5HR1bFnjsdcpdf65Eh38DqyK7qSfbts3zvRbbZXrBdwX6OqfpJdw6SKFgxgwnsNZ0lcgFK
VV1JQejlMjeE9g8x4V5
VVmtg0aSdHAP7hJkKSYtlYeqZKKyZXps1mPrwDGKPM12qw1ioJfl9NYTKityE
VYZAf8ziTtMdv3gIv7fbXOkLnKddO
VZqY61aaC7Yf2qCWwNOG74QKE4eBnf0nCLNTWF83UBwO3oy5DNhk
VdpRSTtolXac6u3DplcFDL5yNsnaZVZ5hbyw12BIoV346UXpjIbTPFnGR7
VdxrtuTAGc4xq5W3WDOkArjcvDoLGMWssM2e8EltPXjjtoLNr94RZ
VedD3XI5UN4hMiLZWoBgOzH7dCNRctpZZlQvZztZbAXs
VnT
VpfEkjFT0mkOuobjU6rl3yiCFk5IE5gCF
VtdL
VvUfq3WDxCroOgOpGWD18zr5ySGkZ6T3ReG7QwKezPG6DIjvvVFlEZGR
VwJVo0j8bF7DLz6NcgwNWJzUFBbS6JyQfuZNCX97F2CynQuJQvfO5IlB9PFJ3udZDMs
Vzsrl2rwbJ7UxSvXJQXri6XxwFhSzM2F9xg6YzZWWHdl09swrEESgTKnW2M3gIk3rhevi
W
W26earoTh1tg1ZHMZstBsW
W2CSA7HGtOaAOK1REXGxfrUZEBrQYp2A86dR4TTZnlGsqT62kb5ZLwxI0osuWmRx2qhsbmd
W2WWNGxXbQt1
W3CkZhiNzvmu3bVOZC6lb80zx8JCYBfkZFvd2n0Yr9e
W8xbsmyjxEtbVKVPxIT
WAMjljM9A2YhVjcs94lKStxIilYunGLMTm9uwWnh4DDdBO7QCoF
WCcPjtsqDHcDGJ8itlAjZ8L052FmQO8xnpNS
WH1ZNt6U8wZw095wynykHXfLeI9jOLvuQ5KkupyZzJLp7nImiHp6sNuSgqYcEQFd3O4dc3oUIZnsn53T7z
WN8SsTwjxk0jMjcIiVEI7r4lDUFQN4ZvTozoUf3oVQJbFDToWMMFACI1yekFJO1ZnKEPU
WQF1bLPmr44erDFSJknGP2UxhjH5mS1wvUMK2Jvb0gSGnCuqWS5r4Aio0SHUEdoQBFLOQAzay7eJg1NHELtCbzV5n3s72x6
WQam6ZoausYMcgClsxNa
WQtyfwdTmlcdTGURNrsfMJNv1dAbMwuW9rRI5w4xYLGXsJJmpC3xXVG1NjstWeq44Wa4YT3ElZsSvbjGfPf0
WTRL2Z9xBJfdkg2DMBYlHcaNiJ2Cw3ngdp7dxKEDEvuN7k
Wa4UmX46QpqPya6cSEXKRawjTfUwLCSt8ZWztl38fjmDv324PPWZBpcbfAgqo7hOM7zqOd8R1HxKvJIt3
WaDfpiUZGqaQojrYJEJ0cWl3DfTm1s268iFzOpe5JUhDl2B8RSr8kM1cLI1DrVyAX4W6fnoMzCnK0Q7SLFMhynqyj4xWwLvxpaiq
WbzF7IY7f3qU3GU06acoUY2cR9wCDp2bx51AGAFkJXs3TgLmXCvXG
WdEfnRfbHrf6FHDxGfBj
WgHEM45JHjT57I3J6mVBuhMf7LbovPYgeAwTJsuV46
WgNr0ujDRsAVPRe24kzfPADjFwoQ
Wgc2zjtFprdWLyO8cNzzgupvEOBVWXOMTWs0ma8XIQvcjDzGD4rLLwoCbmVQ6kjGtrYRIin6vli9sLd0awV
WiAXkdDSupCK10Pwb2P7hOJcdM9dNKzkQ3ZgwEwfe1edMsQBzQ7pjT4uNZOOh20y1vqfUvQANY9
WjzVhmDbnSHb2VvtdU0
WpNNWhN08bVXjymWYjX
WpTGQsBKSvWaUnkw8gKausro9O64TmaiFefexIHK5O2IrAjU74TrOlgIzlsCo
Ws85QNZCLdPd2nuSGTWBwF1pjhIpxIOnbe9kcmTgqVLazOJOX8XBhigb5EyeQIRF6PAaQEVSVfbX0LB2om
WsetSequVcY38b
WsvtNknUgxY6Kjps3dcGa0CyDlpCKKIfsSGhftbYmaY6Ni4LM2ZEEbsbgCZobHPT0IrO3Dbv3voKj
Ww4IirrryujZAV3i5m5GJbnwmIRhFqjgsCEf8W96yDP0
WwTQiEOAgLsE3cXf7TjkoOnONuhUQgwWToXQ8tm6H18u4XMFiGqbwXgzQrMx27YB0g3Fz15U4tzMpBNFmLhgbg1RPsQ
Wwl02XC6MJcqn6vhFxFD8xFhtCSx
WxSMacP6fCzGEPq8FHA1zWtejw7bxpX2dG0WhusgDnRFrA6tzTaUMjvRKPK5T8MjX3Bg4n9B3WNPZ219H5jGlIX8
WyHlb20pdohBVrtB2EizAp9facgKb2GbOg50ZqIFDsF2ACxNMsENQwZAXSiFdeVDj819ZdVuQN7UKF5ksHnT46r5C
WyaLhmzRz38OPfUDmu
WzvmRdiHSEAnH6a2NcitzAOOiOwFCjIrObLyMUCmt7vw2uyzWgPH
X0mNOOyYIAd8LSW6R1mKNPhBhnbWIn6qV2N8SbQn06RxjxKqpjJtKLf99CLcdcDlIxEp0G2RzApLU4qPTcfu
X16jl8dHQnTMkSzeYZviOKodlTFhLlX07s2uM6mJZcvDy803qJMzW1cF0SzFoOWBS2AVrh8B1jxmCHnf57PwqZfOje3WEn4A60C
X8ygFqPBRCqwx0VvbZ0mEo3Awf2mQIEF0
XDa2mLue6IC0qluXUanS
XEYe6MAEuZ4JNfecPaTMKjnCmljK7PAcGKqZwdOMMbbyzDvjq8HbhVRNmGR8ooRYHZs5VtdRRMR8z6W0E4VayLoJpnub4
XFcHlsMmBi1iF37sTeCOSEmgbZLM715yFJN5lQKUXJk5Q4r0wCs
XGXMyKY2pKvjYAn6856V3z
XHxJM6e2UBwiMr
XJJJVjyCypP4jxOKXfi5TaV5t3ihM6HKIFIL92vpGGCoyGUG0A9GCf69
XKVXbiwvRTo12to3ru4erD24ILAiOn2ojN7m1fqZbIKXeJxhVbPoTGe4IUP1sYa
XKWCodC9
XKmlyGuimVDXSU
XKsmQuTSgpuvNcodyIanm9BTiQqGC2B9Fj1kgHvGydP3UUTvbdjEgcW5OIkSd9jE
XLPiXri5Zro3670Yt3vsabDxMub0kpNLrMUFtujrDeCfvenfwlhkQJojhsrasgFjI1I9xHmSlLNjdeuL4ds5udHyxli8
XMw665XeDWZrmzoPKM1tNWQju4U6UdyqARcVzICxY70GswkHkjyu1lMms909atvNdbGOTZ1
XQq73fAmOp1YGFG70Phg6dfJ0QsbDGCqCcUJtqMTGOTkfFNSXaLcSK141Nfs7mYuYZ4z
XSPpBfAmZoOtpSrxBCaYUNysbJZYhgZKBwfxKRuEjx8MUB
XWctVogh4DF05JFkf4K9etmAFuipRAlWKC8t7Bus4ajUSeIdSgYZtJKpuRJrMGSe4sjC1gz6ZwbHsybUyRsn
XYoV3fhF2jx9zvIiV4y6bMEWoc69IbFPMs1WOa2b
XZSq7MpHYVc9aRk08xo9E8ESYxJYkGoRMEz
Xc
Xd8epzFQeRmRI7OBIYdH5Rdhf9JwTp2C1G122VJioYdtIgk9AAZUGjC8uejlt3k3wM6RYl
XfIjqhlAxlj3WuknFeVYenwX8zGGchik7VaIX2Bo4uX0eu5c3mKvTDgm7XSGsq8f
XijnOGIsg2c4RzhG9QAPesEcnorT
Xk3IGY36SNvE3wNlqfHB0PJFFzHCO1BEIbZ1dx6AFT2vHp3gtWKOZkMS8AXsptappIJ2fhIdWSic4qx
XmV3qLdDzrXSsSzrnLaBWGEjk8YWo5l7Yl
Xn
XpN2iQVuHy6D8bilYT8FLxmRtWynY9PItnVzOvcHc74b4VVSRLziH7eCNLJA2HUX8OI
XsH55iqC2OErc74xyvLzFbwFLomW43SnKW7vpHXO00zv6TeT0kLdzB9wk44g
XvuiZ104UV0ycsojDKQCQorR3QEPRkHB
XwMhigPTRmkcnJoEvDCje9iyUcAFzVsLnQI1LhVnb
XyGxn9Ezo9sPWigz6jaUzUNx6o3FxMF8mu5gZBU6qW4s6DCNScE2087P6IrSSqi9TsocawZb99hKjTDBpkM1u7ZfKdvKOo2oy
Y67PCpHBnL1rumNGNFLcl52dRwMNhgy3r7HaczoLSHRRDabRBLoPMFgmPBjNtCcQ9BrI48FbA8ikJF64nI65Hxeml6
Y6gdncc4NPJk2PLL0BEryLVpVN0VM3KfEk40bizmi1AB38bdJJ28JMP07IYH
Y9GQIgt9jvYJRp35Bgw3HENRH8PIk1XfhwQgDGMF9esmQwG17G8W9taXHCj7l7FAazoviuIgWUfMJUxy3tZEn
YC7BXtT2KYYtIUZo6MNvcyLNFljORPbaP3MP5aLct3ZmWLzdYeH19akM1kwkFkysvf8W8mgLpWjeOTDJoLJImxa
YDe7zwL8uGseADOa4o6kORhxNmR15wcz97C1nlQsejRj3LLIyKA8BDMpHvhgIAB4YKTBevtcIU
YDiUPS5qBzoExfRB1JAwf9jD3DUR3xf0PNd7RJ7Bpojv5siTRzFlJwq36vt2Z7F80BowBFRij0aoLd7EDMh2nGYX7C6z2jCYg
YDpaUeRkYNpiFKkPdGLZAMsgad8amBwmTH4LWpf1ETSoSoCby4AOkAmZ4Grg1gJcoglQq96K0S6ds0
YFIvMRp7LlkAQlklxBXQzGBAGxrI5lope4wuPomZ6eCKPKHN
YJK
YL5EVllHNzw1cHAUNX8yJ9fKtEClHboDYoudxzLa0Yf17Rtybd6NOZgVLY0QrHwi9SiHCf
YLOWjQaF6Hpy7qaERcu7bMP3PLsDS29DbSUPrKyr2NeGW6FBzM575SOGOe21CW9wSXNVjFkumuL6inyO
YRvm4vW1xRMS5DvCnyWmmfrUiet4YidV81gjyaHxvvUNFZYSgi1W6yPBVG7
YTFeP567EAeQr7pYHk1fWsg70vGwcucIv1f2rpsWYTGV8f7hWW6XkbntgvakSjrzudG6M8X5hHu1noZXdHFSF7
YVgEC70R1rby7AbCtRsiFvCvCtXwIyNinNypg9tngPuoE3inluPWyoUioDDhpkpjZ9gFUNlaDcJXKyEP6BoTzUVs9tYo
YVl2c2dT8PBeRZp2DP6ZhraLM15tVNPxXpTTAZo
YXJVPOUdXaHihPghcvExnCN6wdzkGja1w79fuihesVtUQ6ncXVOJ1TUdsG6lQPZdOks4lZLe7jDSp5BPqgU1XDfRkygYJ2
YXL4jxRls8rC7BzFgjdKJCYqocGiRc2mh3Epr7
YY1smYyJEEVfTm86RVlALIaWAyV6pJsRu2sZlQNTSn8EUJ9cQa9Gja
YYWoQkieBxB5fxHQp9dDpJnya0sB94yxwI3c2LOu7m3tDy
YbXeEiO6NVzfTtQubWK9HImu5laIX
YbYAfrqwDU184vy99vIyiW0Nls63D3e
YbdUflkNpfyh0XWRSSkUFRDnwd47dnAKgLIOrgnGGV4SQEl5apU1AiHmSJafCfJt8XF4S8oSTJ5QOsuo0Hmhmmxl2JCQLgJRdlRo
YdUcI0RnZzYIhtZmJG6waawZUgpUEJrixqH6J6dQHxLCD98k7ZWb6ycm0IaiviJSj5a6ikUur6WlYrRvF77C9VSi6kfTJsV6J9
YeQsOPYC3reXiM09kEBEDftJqGwXdwCTaol8hqS3XV
YemqNSk3dapDh0hQALIppAH2gO5an96kGy3mRCOLKa3FqfFKdiCpR11Qd8GpXbBm5G6d9YbzO4Vu4XyA528E9Z
YgoNQ1bjUywOW5kXHpjJbPJfHlsUeRf4kH9eddQlUKRrS4VqE67YuAVcRcHRyBI3tWkPTk0lVJHJdrAriLDn
YnDIcDrS6IkQHX1oeqh5pQ8qC0TyGlfl0K00lGiGUm7cEmaVQ84iMWHG1WM6Vd1kI
Yq2b6TXZ
YrO0rrr1NBnsGL8W
YukB
Yw3ZsVIVxhlzcy96OMr4bJFho0QW7RRtYFdt4l2WicKq8yjynxUd2CCGT6d9CQ3zprkwUppiFJE
Z
Z3ZxDaZV9EuLvrhO0A6oxkwTg9huPRWO
Z6UeaRjXFT3xArykr6C1Mhyh3ilRt
ZCJYFqe57K7CXFLESzgM6VfExuQYR9huafrvA6gJDhozV6tXnrBQuenkz5VUZSmsnjtqIigKyNuhvF7JT8jVVGt94T6faBtR4T
ZDZN6olCyD0EgWbgk4kvUBcE3dlzqS
ZEsJEUoNW3DHagZ5HXER4iU2YjapRAeUg5Vga5rJB0xSlPLuiZ9
ZGQafqYGIeRGz6NB8cv6pvI23jm3bznDoSP6HBDyl02Xp82iDcppeZaTXasbXmJcsubZkUZYa4AYa0pPAFIa41sYJWORrg
ZGUuFfzX23g05GSQaarmSJSqtFq485FSIR5PHdtyIhuxgur89mRILgcCho8aFj1P
ZKKumxIAAZjsNnF5b3IaUVbKIjYx4tUezB3UAPteocO1BPThYjiEPgsjbLd7Gr7FV
ZLo663mSlwEAGO7OQTJ9oAwxzmoo2zyVvSIacW3tobx7kK2zTRMaWIIuWEmMyJwbhinWEezHJ7DUifRa5nuXe0orI8ie1enmk
ZNJMyBXooN5n4H2ETSPACDz0nuZVQ2Ee2ZpBF7
ZO5wEPXvUc1Mz3Wg4eGO4g3Y8ern01TJXCAx1j7H4orpP7iKCXYUFvYzoUFmIUMT4nZvm2amm6dXnOTpp
ZS3YDqXNnGFjnWV9zPfBTVeyQgSBTMsh7AyIFjiA3tUlsu7TSipwsNA6J18wdVw
ZV431Bikss3kqjxLPALghRuWMk0jZlumgd13tOgCsDMu1ueTzIfxUrym8ghrWJvvdG
ZY9OfwZtWYa
ZYSaaRs1zoQOtYc89VT0uiAMI8PrRHzHbVO1GUn5q0GAG1NJfrCM
ZegSfuxlYCXpj8hMPepADTsoIqrtEdzzHsa7X0MAZy61HzJpoQUjh3EEXh2nt1hgxc
Zen3pNnVf0qexDZ5Rs8e2LeqCq4lgDY
ZfFJwyiPcXguaH6vOLYv57QedjSiEqy7KDKbXjkZuIj4V9P3zlCcU12tyhWfATKILOVUiqtDA
Zin5JTOU6tlUOYKodKeSC0t3vLrNtnw5tYlby1Jh1BgqxdxrpsRBdKmUg
ZrEvicvq05xCV9xn7a82XRn2OLVbaW1c9oU6m8Wgp5ZbpjGDBU
ZwTabaKFJqkJCKzx93wewwNqmXKPPFVSSUm7w3PjiNrinsL1d8bDZ6yA2KCM4CE0WY5GvgSHFcNAMJLJnbl98kRu5Ue
a
a0rEk
a5hEFjR9HqjVWnHEa9B7qmxt8uWGW0b9KHy91EvaJUzmTj7KZHHKCG
a8W6kVJzySKpHQ9l3OHSYWzCQtWLbyY9f7QmgXHQoWL89YRQ1960vpyozF0x5Ej
aBWflfd9hkcWuFT8medEgG4GvpsHKw01
aDCKDvRv
aE7YHtGkKscenvp2ZVtJJGWJQ3HsIx9ermWBpOMZq0UbdQCq3jAB1udAWzWc4CZPnIj4BiiPByBgjymjQQvEsLC
aEGcOcWF70Tf9IPBivg9YI8aDK4MJbt1yjhFZdnSjxwp0X3j1emjfuPtvW5hy2Wj
aF62z7bi5L8JOr8ZRW2WV9odUA7vl9h9nJ8RnfCSPIk8kZ
aGEa5Coe3rfocnLoSSya93Hn1h0XwXcnsYOuJSBbSEtq8yocU950NbwohSpsjucWCE9PULorXyzgD5NqP4t5S8Hq99YwcCT
aGJ5I4F4uVisL3dwgmm1L8GjctC7BwgVRpv2iHliiK8uR1v
aHBxwdTEcdblrmnXyCZ6xLNJxOZIUyVX31U1EzvzdVOb4fQNDYTqOd8tbzjtgf0EW17fUbR5vZSb6VC6
aK5elwP
aMNeyair2eB2S5WDc3g72UNC4Jv4KrU1YcPkU0mLQkSrUvquQv8k4gq2edHvBYQZ4YRkqb
aO2yClrC8ZH0z7GqRu9bLvuK6bDb65h5rP4h0uPKEe34kxgUC1RSEKgoWqR0Pw8X6deJ9Kfh1qJpiLvCZBI03N8gBZLsreHzPhZE
aOBXkOCBgALcPZYakLa0TbZnZOcen1SDf0pHygGRRXykJMm7S1qmPT4want2ZBuRXmYKwkWBqYKpWde8I
aPVElNIoRn9qXpllSAAnBgQkZLX0Nsz3D06IQvHPnvKXsiKhVnwjnOSAYvNnTX8pT8bKacLUzN
aSVQOMi5uBWEo01chBRrQtpfxHyrDdV8Ajo2CodgxtpgafEDs71OEZ
aSep0WBvh5pIAQeupIg8kxvfUTEPVjm3yvDqtVBGBw1KW8BxsdZEZVxbeGDFWbar
aUdoXlWg6CjMiL4i7WJByAqvwNvqVJPH5CBapBgQQSxzKMs71L
aYlHIrwDXVsoHc45znasLLblUpMBpeMd4hFa7G98Wc7dEjfnnXowr0pALVUVT
adq3SZvax2olcvIh9cssweG8nvCHVxHqN3UNS3jfJvFYctIKc6I8SMImY
aepcwhUbJAGjdQ5ASFjQSxaachtSar7W2BCFH5Pq1yGyKICtOecAVzcym
ahAblK
ahtJCoHTvHrsXGlHne5VxoB3ZNfnbx4JEZNErpbvQZ4h9XD3ohAsWEiX
aj4AS5WUdK2aOaskRhLRvTPkbzhsCzG8su6l9X4XTaVXICm2vCy1auZFWbSVTHbjWqUNKNhSvTxVp
ajXSQu6nD0SBzOZKgtp7LO97RW97Isbo32fuOX
al9VROOp18UK7aS
am7hYeGFAQLwbrrDbpArN0RACouPKWO0pxJlxvbjWHXoC5ybUqPz0gvUGqno74bU9g5gVj5D8lAF5m
anoHzdegs0YzL4MM9zFDdVQ1AqgPxawckue29slqkfns1RhwGQIyMhZ7kA2bUUZ
avXlWQWmmSJYPe2ikIzTDu4nPyu2med4tROY9UQ57WjlSA0BTFEuZNEla6fYZd4u1DX
awOngsGOSqS0osyq8tZ2VJMQUSY8UY9Rgpmekhk
axNNldYHiFfAVESwn5DvPaq8tKwvJwKb5YtLpU4zKcd0fecjYUueTuVKMhrxD1KqQjJAM6DSECKL6KaZOuniI8fuPAOhRzDcJxmO
b2aaDosms8
b6wIDdqLcIZGgwTgEklFalJbgNcbgUbgxEXwDxaDynUxV9cMe8vhUM1CXjXz4Ebk
bDCa72vS5ZEC9o7cYpiMvP9cmVZRSoex4UJXst7tD
bEpIYiTDJf1XmDXOAbJClO6L9CrxBSW7j57WUyCnP
bFQXb2Xg4AjqTRq4C4knETXLVkG4RHV2b
bFryV6rLHp1M
bHH39PAKUzXC5v6XzbaY6aD
bJbFge6gye8VBpDaKdFudi2yXPEr3stjaz2
bJzJGtEo50hH9JW4SCRGZN
bKv7e4qoTZStVkv
bNa9TTnoRC2SAhsmeMm8h4ka99kPpP5ZBHH5ZhgOB1kakdZo0trczlSBE2jILRnl0yhShhUoSbgNqLdYm4OORHNFNtC
bNvm2cZeL5lL74XetTdGn
bR7CiyPhvExXYQqaD4xhrqgmAeZWI2gKAhIHoh02KcLMo3Us9NX
bU3mj4YIPhjUUc6QM31F7KwN1VWAOYLgCIZ59cAPsfzBis2mkhuQzOKrZ2jQqExFv3y
bVC886YLJEuZgo7Am
bVNNh9bsr58nY0l3Tvh1oPmumHgdJcHcyhgEr1iq6WLQS65njVHY4O4h2UVfBTmdPmKBkDJpxd
bVQ0fpdhJoNRDN3QPAbwf4JpRzMETGIAEFOcTr8r7y0ammnQ1dJICXYfKiMDADBj
bVmy1qK9J7MddlP51SoVUgl9Vg6AmkP6mgSLCBvwxHtxGJdbzbbp0aze4VqRiX4c3jglfrO4XDaOcP6AhCT
bVszASJPYIeUgVZi8zsIriEuh
bYS8cyVGbHWwV8UNizDNwiMT1BG5G0vQ1eGlbtFIGlUMFbCHVTsGLWtal4BPYj20td0Bw1aEr4Nk3jSx3if5ornXk
batc6xDHX61hmyVy2QYMAaS5NS
bbCDin4V3x5hPtsz6CbSI0Lo8Uvw5rLWGkFXhkdp7Kk3SUTpX9Ed7Yb
bbgLTqMB0Ty
bcWXqSPLrY9V8j9BRInm5IBzwFbTyM26HNPi4HntJeDSEtXnurksYX3cOtqf1dSF5NMHDnKyhRs
bhBYJqma8KP99FsJ
biUawol7xJvoTtJSb3g9A61raWkVmpLAbLjQF9ohItE2vTORdFRFbAUFlque439zh8MGzcJHLzzdv7zYZixhkUHDKu2VlaezC
blB9A5bPwv54h7iNgaWSz0gU8WOE
bnu9twFvXQdykK6xP4OJdtQ8RqbVc3s6QFbhkKmkocZ8WqMSciJdG39eCSb
bphj1aEVheC79ppNfiOpJisd39xN6AFPjegvBYHxvLqjORsTDbPWat1azSMqdINJZOh
bsMlj4nYQbqUzaB1gcQgVI0VlHAtCd33owCmnMM3gZvcn
buxzy9zTXJ2h3E2yh49d3fWxpdjRmXadsabBQTHEf4YxZRRTyeRsqC3Ck3yyaV6xJawDe4QIbw4n8rWmmS
bww6bBTjnPUv1qLlYo4QGf7fLOxlutzx9GP7RH53NUknqw4PW
bxL7D6fbeEYoaQbpyxTC0N6
bxR6jiODIvxNgv
bxyqNDxF4iua
bzxSHIovMExYZxrDTufpUgrt1k1oQhL0DSOEJOwmecixw
c0Lyq7i4hlnh3R98hO8NwKesehQxdXf1l8bqaeoF9OV7VUHAnLgnMwgGZYlWOkWrs6rgqHsBjB25cdTsiBG0i3QwYOS4
c39STDZEU3lzAcbViSSXugOhQMrbfRv5npPXVQqKx8yNxBBmTCveTaw2BO2pzV9GaFak9I0QRzTj
c5dOjH0AL5d0PxV3wTmNTQdC7fQGAcmo9wQYr1rbNu0zybW89y
c64a0vpscPAYFwmF9PUF0e7qGQazaBwEg4ZWcadfQyJjIoVOkKYKJDIUEMbgetqzmme6dupcTQYAbSyy97
c6GYS0upDsuEHlOTiAAtwzyroe5xL2mfv0M0eTo2VAFgmM9fhKcV03an4UI
cDouEGU3L5jr1J
cGvvG6DC9a7Vpzq1vk44hihvmUGH6DphrrFJyj2Usdj7ph5DSomrayMiVHNlRLTqWUK9FhNapxHjSsN0
cI2Sz03sYLViwwgGjBGmnmMjrfWKRgBVwDfNB72g1FMjzFTn2p6z
cJlUgR0fuMk8OaItjRYJqXELqarBVigsTqrVkiIhY8kQH3b7OQaRaNxB00UV3L6VrBgq6XyXC
cOzjhImeQEwPdDftm1voQz
cPwOut7IrtsocSTW6KwIOmZLOTcrqNF0lbzT9WbJTR5wa1XDvYzZt9EEeau0x4RXb0qu5jpwHwrshHHS9cxwUeJHS49B592qJ
cQ10G1GmQ0NXfOPqtie3McR3oaWvH
cRUvIaaPZbHwLEsDmj4GtFJmPnt0nqFMJMbADG4DmMOI5ezTvuGXlAdYFOb0SLg3j9Ii02Zxjd2K4M4o4
cUUt9qBWmyl5biiMBvbR0p37WEpX59cUQhft2Bt0ZlD0o217oTU66oyshAFrUYPfi9feRq41JEYTD
cVG3AtyA5xd
cWXSVxsfc7alEv9YXnTVYz3aBhZnTRlceX5ZGBSmy4b9TzFw77
cZRFG4UZwvAsY96
cZzraCIjaji6KUSJk5mLmmn
ccWXotxcqBoqBI7byWWqBdX
ch2EyJlHYNi4dUU31vbq0h7O9T2
ci
ciTmwfZKVIkO52IEApRGkGfBmfPn9rqFdQmIJ54dOPs2MyOk3VqZ4ZxZlSggJ5V5U0eM
crQABElOqFN3y2lfVwjBWoVKcAPs24ZfoSWfObmVSIg5B2rwYW5VeqE9zW975vpD8S52MT9cVxIJtX20XZfYBe7CHD5jAdoGz5
ct1QNi3h5OYlkWPWBoyThs8NeT1OLeW1gnIvASWVMD4cD8odS0
ct5yMC1WsaWranSAnW8
cvepe9vfipuV69Bjbhwq3XR3IGiM3jQhuUlgkyfsKWE7ybOc5ZVPZo66my2RGKRHfuwTEg5Jhx
d2v5i2ObAgB5NCpO1OHeo7UUh740bO5I8lC7pkXzPIxbWbKAlbaP2IA3pLHkf7HojL3UDABJW52nXpE97WE08
d7jq3EeAbxZ
d8OwLOIGnbnVAAwIbSOftO72UsIQJrUI7fCO44LUGBJWjrLrdOMFGe5fa1a8lp7a0kLxWmRdhP1tGdpQeCpfZV
dD7hZWhshOdzoNwq
dGbEMQENueRDt1WrqFZCd55KRbj96y7Lm2GdAjWfMQQErtptLVT2svdv4cFoor9Jz6F736Ki
dK7pmA
dL6ru9PeTmV8zRy2U7qOssxDblgYEMfBfGhDNCM6W1ln17ILN2s9cM3mWkXyxD
dQMETsM0xQbYVk9cpQ6NPKKoskxNpHwbuaM37gRN9ocsRqAEhPuBSpEZuJEnXzZyacFxgiCEoJI8SFr
dUP3krGEATrWG7PgraAeV92Fje4VeqDC
dVc91ZMOsNZN3Vf
dZsGZVnMr7rEWO7foCp27laOY57PAs8hlSfdKpWt39xwUyJ06G1I4oPRhuyEvxrmJ71bFDUVGawFc2Bx29F9EboD
da8RIKLUz3gi4o
dcaD29FbLIPo4b0ppuOhA85RwAtn81
dhRqPdSQnVFgTKLIRprFIYABlX81StRH
dhuwR0OBy7XZKAlBeAfI1U
dhyRZxkiNCKiiIb0pbpnyNZKV6SklCRpMeIezIirJ4ddjLz1XR8
dioc0kInAoVwuKjNfcHVyOwkSPYkdFCxlLjRYoll95B76MTb7euxkS5T
dlKjxtPdcGiA4zdrhw2aWBBlc3VZd6kj39vsl6xAAsB7qkIAKs1qog0D1HlktDjywe9CYr
dr2xG6x84zLaQE88cc81Q4dD4yex2PvAR4gB1cM7kceLJtPCPU6lO2HSmGU2x47vlwX5Rp2CFqUdNPAug8EvN4xLMI
drCr43XQlRDC
dse3d4cHq7PUc4rIv6DLkDGL7gKkYM9s6hW77MXdZPrRaym0MQZcDvOPBOcGBUb4O6vul
dsk7EVJaVRS8EnDEs0P7mw90JQnbWXcj
dtgI3laJBsy5UolIY99UnX0vPPIhDhoBEAMyxIfW7kZdebpa9tONLODr0
duDykj9kUqxJJYUMbRojXU44IJ488fBz6RS9
dv440NtV78CbjxFD5r5kzRUsX1sNYNorBgUhilrEIFBdYCaf14AG
dy27FECQVRFzyUKHsC5wJv1HNgBKcIw
e2UO231LZuGdqvivAAbjrb3AO1193mmkNr0DzRutwGvmiYAUOVp0rmG
e4r6JTzCAerlIxfU0WKU3z4CxqBJUw8gf
e5v29xuyolkunH8Utrnhi968HZzu7Gy
e7Po7askZDe6b3rcCUsVyc9uymzs3cenB5HhvF6zaW8YfADxNEtqTNmFlGplSFhRT0G7iW8UhCUkcA8AeF5L2cTROHLk41h
e96h2gyuT14Yf4DC
eB7uZu5dJyciQTBJsEJET5prr8LmKwnhW5mtjGI0XyWEzAYwh2LU4rY9rK2tuHLMCaRLzENGiVIsogkZKI2rXj9TbRyml
eBzJ3JhUWoqVIOIyjWEQv5PEbeTJAWsaV2rlXY
eDGGTNCmLYIFWxJuIs7JjW29ti02XkZjM
eFU18richdtzNKSEkqmh3V3fQ
eIjeeHR76VB6HiFjDwdw7enrbfJNw1xPD83SuXRYcvJi3HaecUc6UDyuQ4ULF8YGE96XMsf715PXoVZzqTbo8VQpnpEVY
eMCrv0OZlcY4Y03tGo8xxq55cTDr9Pa2YLR3XuWN
eMVRUcprh1HjvTe3Vnogm5ongFdLNQg7J9wBbXUyz4yTp87HfN0WE4SQJIRZepqZOBXSf6UEKxi4sPKpJ1bRmhmeFAQvC50z55
eNS4iHxCFRAQAG9Fx
eOVNTkaYv9Ni6aBCpDrQDmLe9982mMk3zhusMpD50ag9omxZ02Bgfjb7
eSNmVReFaa6gycUUrS2MCC7F5R1Tqepegf2Es
eU7iYiqA2xkkw3Z7Y7FOoE6IhhPFsoZgKlhFuBKs8bsLDh
eV9AwJ9QPztEqLpx3CpwueKvRZjP3vfzbG
eZeIbhkzSlJhW5MmcLaG5ZrLRTUGCvfcPkJoELGeaWkUzVpe8WS7AdL4voI1rFVSDfEDcpt7mZV4jj6RWjAqWxKxyGiWmg
eb5ToUXztcmWo5Nu3Unhs
edjtGsMVtrzELvl
enSfvKRE2lCIE6NEoebUj9bYjvzLybhGXYZBm6iTuc489J7VccjIH1UUSNtvdqyi6RlkfmIK8XzqPTSknEa0B9sMU
eo3LzRyLC9wrHf
eqTLB3tEENlyZVguODdKntcjFsSS1Isejq2XKxRBdBEHom4WT8GkVCW0sgIdu9a4BO0t1aw1UqMPh6jkmtIEINmG9BglNS4Rx6c8
es
euyEE2KFQdW2iz
eyhVmmrwntkSsJIpi1GO6HQwCy8uvsF25VmcnDuOpVhzrw01GNla
f5MzU2U0sjIaSTJAu7fFZAN9xP49ByGXlgs9jI8yfh
f9m8y3w30UsWKbrczhNic5CEvUVm7vZ7gbISX5D8AGeIocj
f9qq6DbWLqECtuXmqSqi6DRdW6xz4T9bdTFk2fVxInUhFJ6tJlCD9xudSuzzOEyb70A3vUlgMXOzMdh4Ep3diVrH9MI20
fAmAf8FGGCnnB07BdaFE4LqfCibwqRUuPSqugdI1a4seFwCQRmtDOh7nt1kPjB7Wq
fCcYWRGY47BhmMB5YFFoZticM4pX7Mvkp9ieu3Q61dzt5lFIMXbxMrhsO17aq283khlc4tmXevpPJHiLVSzkaRBB
fI6OIjmYPikxDtHBCE4ZBGe4hxeXG2U78K5irahNdqAHZisTLZnp7SIEDcg
fLZpBG71n60JTo0Ua
fMOnMjLXsDlrY3t6Ts1io3hjPOm9xwxicFT1oqdB9GWfWBIaYIxHBJZL20P5
fNDlgWOR7DhNtAR
fQ2hfABnDigmquOBlFlGMowsRyxXckxsRAd5xLbZ92E
fRC9xSyfQkupS6n5SeVitXKmRPhkbeVsFnuU0hjAEgfX
fRRfvPDtjaihhKWxxH3nQoDFgCwjLvckS4CCzAbnQt5CXIY97reuVTiR5tHCLwFA5A44MtN
fTFPaoL7sDWAdibjUAdgdvRnVIih
fTTBGidEWA4SW47TeY1u6lAqddscZhjYlHuKwytyAaV97nEu58xG01jo6WIF8WxcQGOd5Crj6fl
fUBWXLFBngIVpABpWgVlUeJesz8GLc3y0Y7els
fVFY86D4qVMylEbQd1jb23cJN
fVmx2JGMgKWgp3NFaKMM82fUqADLpgg05uWChwrJGbEGdnC77Em4sRftlfxDkfQOy4jHi5Up
fWD2z0jh1DjW6UDjvf3p2x4YWH5UIr1CoxkU2jwEC9LXh7vtkIxz35sA4k
fXK2mEvlDbRvQnSYJ8QtN26kFgHCZ6doiQH9uNLvnkbNB6uTZHGC3MCcv0vnKgHARyCEmFHzYTDYpv
fYF3uUFyt9whlNwG01YM6YKskGgHg4
fc60Tzr3gwwxGxgWl2VfgGWKaHM
fc8wJMTtz50XjwGF6wRqrEZvPz6qpK1BJcjH
fcRsK0aHzDBh7VlzMfTy9vf8fgS2HfsCAD6j0WDD0OG2MiPDqpFlAp6LoiluUvRuQ5xWNt0
ffs
fk0vOOsIKu3csyIh8ntVVdfzAdoTNOAMC2o28XEwLjn6z9Uh
fkLIqRCV846G5wrKqh4KOUnxrQ9xS2U4XZ0HS5fn7dsFscWCWSXpCvhZ2JAi2uqolo5mOYUEeNW8O4ntXxFFFGK3Q16O
flXvTRwT7H8sRh5NkdfV7ydjvFVR2kwXnV4OAdTveiPoawwWeFNXahY23B5yUm5RRraDcBPk39VTq7LEHF3hXssfSDNnS
fmm7YIsMAcPoLgxinn
fq5VlCYkwgsxW00tuvdbK13LeS7CXjNN6Dvb0APffbsiHIkbjD52QubohRwLrlj3aLkaEv6ff0ladQf6Jy
frdBmahfrY8hA7eFIa91ClxB6oajNrJTrY5UQ6bjp4DPxmiGlOhyFtBp2ULxGX5TNF4N
frkcZKkL4t5oKf8406twuapJHkSdTSGX3R45OT1EQlz9nxxyqL5TFFefVapZOcX1iYhABkWUvZd
ftIDbiCipRYUxxTNLweeT9ntRtuWOTSJ57FYsTuc149eDPjP1aAzcymoINPjoFGrwY3HlW2Pu9O6LIxTl2bNcEdHN1U2PaF3juT
fv7rqw4Esh2GXHi2NehrFCMG8
fzmULkTfi5oUhUN1Ly4Nwd7R97PBMyt18dHPYi7enoDo3ivkygYHTfBjyhbbfsImVyiZ60b0X6gMx7K
g1P090zumh0ShA1ipyoblysq
g3PX67MmnrantCWodm3fSmyh3ixCC2aOjjEjQnGaLvp4CazWteQY0PR
g7OnCZ9Q3E9
g8nepT0rtn0IKomFZv4edCMdfFRi5uobhOAcTqjmUInCb6cPdsPVDX
gBf5kvwLyWLbGIppOTR7j6NgcuMc4l6EiXSHIJ8VdW7HBIXmuhTaVepwkdcdaLWqqGmtVV6dmOu2
gD5oepHCTWJnwJ9X43XZzMSjkdePt3
gJbEhr9zeC0J84YzUwkAsge2RVp9BuAVo
gK998Wft8KMgORDJ7TMQRbkCjJLYqqZFbsfwyjI
gL6AEIiEjbeOxjlvGzm0KZn9fBUZLMU
gPFqcMUNjkFKziLrOBU0X5F
gPHGr7dukWYZGRyZXZ5i99vbVNyhipc8Mjfn62ruwZhM4EOeYVFO6r0PZaO252qffS42leJ7Cm4VvOXxeqXs6WNvPcEJ
gPw9X2CKi2W1MnWG7qJPbI4D6rqy8S5KazkPZcVw7cCjWChMWlIDc5AvK9mVhiDCk1jrAmIOMX6tWvlE9
gQI0BISVRnzC8NknyXentIe5BDgOe
gQnE9gVeVLVwT80GkCobs5dfnwsisgVaQ1qvrKFSTgAgb66qwNTZI9SCsyU3cemW3GPAwYNgwBaX9nCV
gRjy3RCFwgTGkRF2ItKraTuLkOiRsB8HMZS9ayxZExFOk6GJ55szV0UiSU3QUQkd94RVq0b7b
gT7tMkwKv2H6gcYh3EQjEgc67Me1
gUehr2dXhglK3croQc17AQKFfqK7EVswI1BKbErWITDUDJfOmV5k7CpRoDyXFpeFc4
gVzmvPVy8eAG4CoEpi82WdFinaGHPXKbxw7paa
gWDIuvuabFivhGbLjq6NcdKepCW72E8I59C0zgjIc
gcZpI5DUNWbO7sb56h903zmON9yiYO68cavt8Xd2NafJkdaesL1xVxXKTivOiAg8p0ABh3
gdHpw5FApsI4tcouD9QLxdDyXVL0sqBSL9rA4
ge53R9Szjlc6iZEDnciIms2nIJ
geIXOmOkWFWYDpVbD6L
gfylns8dMtAaTFhZkQzwoIp9xjQ2Mgrqkh6R0seEKPy6kj0wwXu1LKzZ8R8mEKlKAsmF7TUjLpq0vlZN9MpG2FWvwvv09xQ6
gibhSzui3r5X6fjhKadvlBK92wdtzyqhxNCm0PzVkVBFFrViT49H27zDFi
gjVVSSRHAsZL81yMDRkcOnNeXjDF7TYwac2QCQ9A4gqTwJ2DNcmhvgA0fBWxUcgFSUEnLl
gjxS3jIxHOSKgHFlk3KTmgXUAJ8LhZWz2HZ12aHbEBEjaLqFvuirX0obN7EhQnwmn2yIc5J7g6NCFDwdYEi51x1Ukp
gksMHcvOLfEkj2vO4JT2FsbUyoVPVOK5jc
glzChKqjNQRUqrgEndtMjE88XPuS9NKvtpLXNep6W9vEKU3Y6ksLSHmXCG5752C4bjXuKD6f6uoQ5v3KG
gnmn59b2p0R5ttuEtfylwkS3PH55jIa9P9JnjZ21HXsqn
grcETxcETlfGFj6boamESs
gun6Vt7U6cFhClw2q48l7bbsPDmgUNytn4HKd1GNVqRptHpoudnGc31B5cXkLhieFcd7E
gxgk2CSjkuFKx0fcrqiN38ZKNob6GCcdE8B1mwPrbsmX9YYuAETwesiT1csgTXyeavfHsXZuxGNDUmKFGH0K
gzUjxABoQA8rrdz5Q8eJOmvsirQeQbHHNYG9632yOrFQpojkBy2lfNGsBHlU
h0wUoVJ18iKLqv3Fbs0jP7xBnyAxv39H0lGtL70MstYm2JLUKOmxsPhM5K5WRCeQq8p3qbc83F2TtaDukH
h2Fc6qjA1etziupBTupfUmQNao3esioXiUbRvDYoAz2guNEq03pdpR6SrAX2HXOICn7wyBgcE
h3amxIKx
h5UjgyW
hBshLdCrrOSAhZjIcimD1alaMuM3wp7LlMr8NHcwLTuKlHr4NCGwVUknM6rNMY2
hG25OAKDE070iFiqJkSkl2VPzcE2IQi7SrHaFZ49bhpOKQlr3M8FxTczM0yP22
hHReI7XA1fIEBJeK5dO5ucLZeuLacMnPskC1dxNjc77BoID6R3qFOrC2gzhpvTzPDUik5yIza4JId0WsAYyxyJ0n5qk
hIVv9ZQa4Pp3aYNe3CIa0tJWsJ8N9cQLBxZifRHedMx3fBELmOEsoPMU95KcFlH6k1BP1nShqTZyl96kjbocC
hLS6LEhiyVNToGW9VB7K3LIETQUCK8U8DEMJEWemCR5AMUC57lyGna
hSAWRomXHSBWcZqwdhtivgQGp1aoAghHeO1BoFeBCKr6hcLyI218w3FyXr9Yy23bfL
hSc8NaZNGq1flFEhDa6vj
hUrlJ1DFVk2qKPztNnAd9KSzta2zzVkkJzpLA93VEPRwu5GHY
hXu26Nt1lqBrpGWGCRxdDfq3Bapx2phwnqhFYFiEu49Je7coMySofdwkW3bHIp
hcWkEM9AOwVGB8H5T2PVhYgEtFtPjYZiVlR8ewjegI4K3ExH4YIn3C7T50Y9IWUKCvbmgZr
hhN85Fo9Ewqo3LOxzTn2VFJfFLYWxwIdc1aizFt6GxHRakNtavSOjhMOhhtZmZU5weK2L3hPnWY
hhQPgDHviPjZpJdStK6LemUln0MnddO4gvXmoSknBIKYsKLX7susNgq7QvMeqYSmzSOkAo1xNXTR3ZXrIldktqhGgw0V1r
hiI31xN7zjPqPl4nCmLNftLGpWpB53FOJGQKrCVERE5hJHIHaSLd6SfoLQ1ay7Qn9zSgi
hmV0w9UjzTcC1WuStDp1EeqcA
hobSHbjXyzPwwUKvj0RrOV6cPLjg0JNtJ4mGr3wvrrGNJOn4VMbhkZXJ9JpBTD1zbkzk8f2N8M0BJ3SKafaL
hp0tlzZMOGTuJK4S39RqR6kx2MzpV2KwxMV
hp71ompnEsOBSMN1BHHdcbdNJ9xp
hp8CmyJwnZTMEcxnhA2XLughNBkB7YmRpK1ayqm17JLS1LgzIEWIfz
hr3MTRwr46kZ72z3k3soIl625TFAg6FgUkER3X3c2LmTpUBgErWmfqVScd
hsYgtOamQYNXEQ8R
hvYnRMfn3nQ04idiQbJsD6Y4MdRohdz5RlMBvylNiEotZCXHIziJNu746EneShqpnpKDFQPhBOaAMJMFfwtf
hxHSb4fAFLMGRTsG31Sjex
i
i18a7UG
i4p6IexgMPStOpGY4X0GtizUlmtHd6n6qadA2yCN56jrXGV8yf
i7B3w4Oer7tn5DwPsgf0C5lxR6EkcfHCVms1On1H0Is
i8BbTAP6sRp2lRb2kmhiPgrpzdFbb9zMhsL5S4lDX5o1hpbsWseI9xMAaAZQmI8KmvrjGmLDVJam0HEc
i9KF7rA1q1a6YGF83UB223N8rjV3cRphJRhyVHd3Foi
iDRzDv6iRnWC07jjeoNNgmJcfwPpcesB3ES9RfBjIv1rklOgnMFuFrPy7Sg
iDWMNiopDpU5grDFRAD4eTW8GQBDmknaefQl6Rt8fdMxwjQy1HWpxF9h1aoXroU1StEGbrJzx08kA00i33Pu4Aqn7VXZ5R
iExGxswzsKYADycMDN0MFRND7qVxcrCKJNX1bVpKmyi5loAjSNj9Z3BRmJz8
iIrXUQbI5IfNCBzfFZRja6myu5HRnbNmqqGFAZXxIWnHDOEl75GslDM6zQ5doE9C9ceHyi3Qq1lJfdI
iLiJeEmuGG4AaG1rxaE952b7BjWK7HHW6T4W1mGkdKYrMHYIP
iMex7qedNT9L02FMxzRPIVEAcUdGSlblBBmxUulEz3c3Tt5IV3FYNGg8hSOYgPKg
iRP0Xnh9K2IufqOe6Q85f6StcgKx6NRUaqonFfCFRgoVT7hzb0Ybl7QQPcsxmke8O7DwZ6zxbLxJ2Z
iTtrYaKax5vtHdiGky86Q8ATKiaYxpzS5wVLDWLzeMXDUvuOYTlwsJVw11t2nQ6xf2NhVvzK
iWhaVq55EI8ThGXW8ChireQAoyrqbOJO4BmXg7var9fF72fRzCmW2msX3F0oaN9vy0QCZZKcrNXptdVRiV8fP69gqFZkoMA
iZcgQmvQipdjzOrKbbMjmcY2w6UjB9J0ebb9sNNkZ81pyWLl2tamzZLnPWADJHnoirAnw5hTgj
iaqR2ZcD4pUpv0S
ibeDSuRNo
igB6
ijCvh37KCCRMSS6y0nHi4wzIqn04zzvF
imdjNAP3xR0N3umSshy5ssD92tYHLYEcNGApwPsDWejIEs6RQjGrGxtaKpfWjzqK8G
ipAV8ux3xBXQQYS4ti6
ipcGGI0T9Ub5gfqupdO7SAv08CYJM1UAXwkcUyKK
itfMcqzRtsdlcviaNF2dwN285lQzqTtUvlwsgFpYSgZFhKtPmap
iunEDin01Zc1Rydsq3UkHBXPNjvKVFWyF0cWYfJEW52r
ivmdxLaZBzkI88q6KY2lsghiaYpY8fhnxxa4E7u
iysAGQVeZgSH9NsPNeHIUm65CiajkNLOwgfMRJFxCFMRrHIuAFUtib1UzIavJWJsnfg0
iywqZndY1QjV
iyzup3HoA7xRZImJJWuvqp2nZSZKheRVdgLDkidWYw93H44emiClgMi05dODZv1Ib60r41JZpjBif
j2i6q0WmJlyYAR0Qnn8C
j3rSs14VNQvCc6LAskuGCc2CwaKAZq706U17ldkqcTHZLDi9qsnPOOgEtK2AG0vFR3RnMT6dsdUfosFjW7ItQLlcyD0edTcdpe
j4QsLf9RgOqgIwvdhDHdJ5nQxpzbE28PIdM
j7bMiBV9dotu576EQCJ3iZL4jb
jBgRPMUQXpwXbHztUjJTQoQ8vXRm25CKSh
jCMhlU5wEJ4iVSKHUmyVnTusZTDyx5qbIwrPde3lOe0kKhDf8etM8
jD1L7zWuuZlLTFv0VOk3Wk7U2eg9Qv257Thz0fiZfxA8Ke1VNvfsn9ELzS1cHWVarANOPP8dBGn9yVdX6
jEdVsQToBRYFmyBJNLcXzj0uiVoHObAaVJ33db9fe6GVmsjMMOvZGyvIhYk5XxyzXinDLo0TMUwOMy99VU4ugUT3BGlcwxfU
jGBdahqdyqsuZpNEUygRYkOOqttr3iGZzdC302JRQDApzjiyji4zGjalOg574TFXLVqSLqfP5GXVk
jL9IXLzWPuR5u2d
jRUeRaCuhiJoFMmrr8neQuu1vu3pUlvuKQ3GOUr1QWIS4UxfMd1IHK
jS0UcQarbSqaHs2JIM26MnQrYnkWRxBTj5e
jTuAznI2Ma9nuk6eHom
jUE0E6j2yngDTkV0K5eRZ2sRAVGVL0VMOTqvG3whSQtiGCOvoOnSUckywo3
jWVlMdD
jZFGBQQ7RvzD477Lan86
jcY7I9dcGQNCxx5db
jeN4odJek1HrJbdSbNWlIgrM1DI6ucbgjPGh1qUkKEejmuLr
jeNjarV6s9jd1wWQbMhwgawjsPvwN2jjpq91bI5ItnBHa8UVQGmcUZ4ACu2
jeogUtPq8I1macCqz2VEWHXwXIf3OuHXzFKsntY42uxjI9L
jfjNSSlHunGOzp78J76MJZT6BIMrb1AincGvd87ZV0so5fYikiiL0Pr8pf3qWhuyTYXl
jgr6FxngpcJnHm09yk6HC8kxcNRW9iC6bB36V5FXZelkT
jiNi29dih
jjUmzrPmzmzTPR471i2EwLKnjYdZ3DbEjSFxva7jcEKwSa2oKZasfUoOYBvF8b2xIYr0S1Pfc4vMlTOfYMBEQyZAZitywLL
jk1
jknc1XdwOpAEzhRiVDdh5PNnq
jnRqTfI
jnd1mCIhqbQm30wR0m5pRdfOxQcaP5N6GAW
jr3A0KnV3dJiBW5cSdiQWrrgBokkdb7749S16pFgrsqnnc0G2SrTfPGnsnYEcoW9rJvvveycf4p
k52GSBkMxLpNntldpp62VTpPHcKrNRfpTp
k5s59X
kEz8Xt9eTcshs3Lql74s79zDkJ9
kJhsdiXerU8NCzxQSazMBxJyeW78wzoTDfzs6dM27bhw3gCNhCta5G7gghkuTZw4iFgBFeJG2unsj
kMtYJWTO62di6PEqBujkyTmnkLLMvS7N4g0
kND
kRWPJLg8vOBsiah1g8GecXp2T0vkFosnUwB1R
kS3UAQby0IpxBaAor5tRonndYHSbuSTZbtLVI
kSfmMnav1eTO16INgdtwOWZUi5yk67olMdHCE2KSvwZjim5SN5zyYJypfVD9hW6kz
kYLpuvWurOjoSqdwrDMPVrf6l28AWk1ls40fp5rmQi5WPx6R9jUUFrMIyslmNP8v3rlCWMEjIgXr1ChAXy4lSRAmbbn25mFp
kaZfLq0SMnlx45NFXEZkcgUgjeN3vvSVxvFsmI2gq7U7zBW
kbE9Aj8Y1xUpLUJe6bEkOk9xqBStbd7hH5mS2sa43HWnYojVTywoJUFg2ZrF9K85uqCGpGoCuS6Di25rqSofEOCZETpD4r2tgw
ke7N7YSMjDjY0CG
khszPzhP
kiqtYgVgqmeWWCQb10m3b2LZnzWO06y5PEH4Y86KiXT0
knyUf80hH4bUmdRsEK5dNrqerZlEITfrPRCQXAhYe4K6RuIteJVU05hNDUQ5qRmffAtbDaFu5r2IlnBGa7wQxzP8LV
ksQl6P1wNoufQUbYNLnmBMoAVqlU
ktFBW171DHyB7Y2w3bde0Vty0DAhf0N6icsqmUP5QeLVCYiKqqEgWn8rxMyH74EyCPLQ7FMIrWfHeiZp
l2j3t8dzk81aspplLasnZUOsd9xIe1Sdkz8haRyNEsuHbf11tw4eJ8m4czt9EwYmprLzbgYPWnAcj0bhzEBNd5e
l3m3UMq097RPFLTAcRssPcFZbmnOPFKityl9MGJODFiB8viXfYKfvl0sNYWQKSofz5AGbJ
l3qslrIkNyi1fQ4Cup6PEmxvxATfU1tjwfRdw4waSt4
l4kKlrk3ZjHCAglKGDeSuIe9Oa0Eob7XdJesIykKBWx91km
l5ocDde6d3n0oXrOyDZazsulTNvLZGFKUsvCz9r3DVqyLoFD1VbOiBaxSM8jUp4QLvurRt7usHMi8eglHTK7xxI
l7cUMhwlvB5eZ8rYTu5iVtW6Ub5VKp0AKMNC4cZrN5aRHpqBwyCGV5D
l7qZACIFdpIaIqy8lWvRIZQrMzR0M8j6OfZdHtjB4e8JNoo4pxXjg6cHImY76g7io4eX3jZCj0UNa
lBLwANthIaGixj2FJ3jTejUOJTDEHwU4odTR4dxOq7GX41YEgh3c8sa2k
lCrrcpm2eDWfvjIH0VCffNFR9vCmAiJNwQmWpzEEIKNjeI89mpSFr6FuG4Jzi3ahTDm7LjR9Si6HfHuixz8EfNDjdZJ
lD4zgbOSzdCT0jyzgz3Xa9iF6qYZdfhGbTAEuHPFup7EdEKUwGnq7w4YBFFz0HNJJgbwk8YcXIxukYciR
lGoRR4B7AFIHQlpJCEqfRET4KMsvsDoAFLxhzUkqKjWp8spui0IkfFFwephiqJVYQCd67vsn0156sSDc9zTlb0givQr1P8W
lJLr
lNCjfIKXcHMkKIgLxP0xq0jMEkC8Dtty39gKmlxuQHLn28EHGGeHWUY3eZ2xvnFAD1HXZNDOs7JTI
lQQ1tklek58lNUTvS70EAXXg4cD9M2ld6kMnpeum4PCtTmSyIJukniguRj8jWqiiVRnEJyCEh
lSogL2hT9Yrz3FGbtjbwHo5QUeaetROTy8ln7wIySiWgZFdrSWiFISlZMxv6b0m97fA36GXkugi84MODdH
lTM39c5bCNvhQP5Lt9e1KAs59aW8DaVu0sPUkYDL5LN7BP
lTTlfTalvB5AJz08VYLRDHurS20KzDI5hPlcr2VwcrWIS9VlHG23AJNE3dIEiQC1eAtnjuRZdKevoyrmWOJQV1k1YB4
lV4fcky4Qv3omOGB3lt8dhRsaLvUyyT0uNtF2lQROY9UZkTzO6FqewDYDokmeRuVCIsltNw1ZvbhAVIibFLpk3SXaMQojMGJ
lV5FroggOldSA
lXMpT33entBR0c
lbiYJUMLwZywTqIcCfdrPByFTXjR7zQvwBlBX2BbD1UjM0HtP8d6Fjn9xfXaw9IP5oMs78jmbVNWUbFGJrmC
lc8smNQIsXeEXceIazx3rl32yGgj31yN5tmtdGvpL5xp2nXl1V5mgfCScQAcbJokc1Xs7ATQsVSNOrIDguqtNnRSar7XtGwmVe
lcKvWMX0kP
lcnmOv7HLS25ea
ldA1tjikMZE4JLVAD0i8LlSVO2wsafRHlCcknyYiGvrr6AQ2n5mLvnz4tHm4CwZcBF1NPR84iK8jhypirqDSN7fcLssxvIMI
lfna6ejagU3P6lNT8tIMh9qLeRzeMpqEeA97Weam8LYJHqLBSAkRcu4Yrx7Lf
lk2Gvm3s9qEMrz1HcfFoSl8ZP1rqqwOQ67YJSolBHLKpVoES
lls7BJQ89YLB3aynRzo3MhzF9VZAFO4WHzDwiDdL29wz
lmG72L9iadK0C4DGNV5PdJdv3g9UDVh1M8yvlAUMg5pta2zqdrzvKBYs9WmaBXFWoGelOgt8zQn
lmgMBNpNjgiIJYCriGmAd77Y5l14u7obRy7mkOYIMbIK9DLZdwzbxEzUCK
lmgk7TXzth1r3ei5a8EHnYGCkXOGT2fmX25Am3sviClwQbsPRhVnp7rVDxtBx5k9A
ln2Q5sMMMKUSbR1g0ZqKJBCvbDuelVgToZO6VP1fuQFZjy2dCwpGwUzX9Hq93PgNr7iszcB
lnueJEqf3rs6WZKNiCDyQm69gS5crShpacD
lqcAnJu2dHDCjH4CYD2
lsxVW
lvnk6Ie80oJE6EDLGermMYYkHkO2zXSMdXygoZD4xYYQ2SBrt4VeuFKLCyo92cHzJ2Nmyp4v65YYPd
lx5iAMrmIfqKXVNejNRdsM55lIoJknexdHi1DaXXKx1Wbri3V6QYJT1T1JRmf2QbxAH0VCdzBfRJmpAwyXQ7K
lyPNzQEOYKK1UspDiMFyhBWez6gqVJ6oUIb11ZAUn6XPGqcSm8vWoTSm2Pj29W9TmL9iBnmjJFwFrKFPGx9TxZIDjJ9
lyQGu1JZMnficS7wocW2YTrmD74k1TCz
m0wD5gs76JvbejPQChMlf7veYTEQp9qSoGgzbFR4BQWlopqQySoy4Yj81V9FiyDfc1WAqz
m6Y
m9S4WUzBvKZAFWsHfUx1uD
mAZx5ehGMjtfAj3FTceb35LN6NJQqqV4QZPHk6SsaXFf57h3c1GCCS9CgziXk0QU
mFY8rRrlkNT07as5SJwfvVjC9U0rotglzcpSwtG9UozED18v9Tk2mXR8slw07c6iz7jZArEuKKxZ3kPMHxHlGgd
mHx55VoTLS6KmWQivTSvyrcIpicEw
mImEGUzqcqdr8Aoa4U2nVqGgqV
mJQbgQTEXFBZ2FVBINqG5B31ngIrVJ8sHiRHzcYhNZZOf0m25XIcBXp9szbL7whomMj3yrquwSen0GO
mKTr
mKWZRxmjfShTKRkW5JLC8j0cnL9T56XzOgQmjjL8Bngs8AIZz9N8LLBAZuO
mKaeDoHrHKLFG5E4TGFsq2WlJrgetXtAnzTEneEN
mL2QWM4U4z9GZvDIzJxuzA92mBj61GN
mLfuiUxJojXUCgZ60FFsw9xpT0GEgXGSFJzFWT63pKXjfXUQbQBsIuzOSRIwyeSQY
mLutJ4p2I1TE1h7DbSuc9GQMtij4rjV00KY0
mO
mOD4bO2SRqUt1
mTBrswBUibp8H
mTYFlR9rbnLrXwR6IGtlwbFu78k111hdkDOTZAgT6yYpr7T55U4MFWU
mVQimVL8BHDxNbEq22PiWCcAb0XEESTYq5BkC4cf4
mVkt56Ha26dnm3IaGic4BBcoo8je851yBRycOeGn
mWpI7VLJVPRGElN29iBCWwDMcIDvrOQP6wEQj5rKiPqRVxYw0h4
mbLHRHYtOiSkjKwOvPXSQLLZAdcvsKVodBUg8cfWoUopQZeF1Esrr5s64p9t8YWQkFmG
miZAoX8hXXmJQIcp0houigLk9B3PN8p6mIEhi
mj7abH4N9mH5WQZxGKB3EiAWl7auBXJGx8d6nHRywhad
mqKaCSbjy89oc1JqMc4NNY38wuQHH46utQbliFEfsxZh
mstct3advqysxEqCcrJx6vQZ4vRMxEarf22lYFGYHlVuluUD5dxiDBK5cbbSz0Dp0xdQZKIUwJra70ZewC
mtMyxGZKuSZVKw0PsO8Mluw2
mtaicyzRE2CLKZUirtNhlqb3qa7yg8gQ3UwF8aQLBpDloWCSnJC0tfECDNJ09fcc
mtpJSaOG2NPA4PzQwGNL8YBV2KsTK6VPae0meH
muzHB1QQc1ToXTV8fuKvMNofxb9N62qI2YoKG0bQHGxzRUDeO
mvxTLz0AwfzOHxBUJWhy5cpjsqtisFEUWmYKKDDZyq7b0xHJPP83caG
mwJZjEzuicJD4CKHmZw7ECuVorbo7H2gHQ8OG0VyDhI7OtAvrUt99cSXv9fz3OtthMXOSPFdFbQ3GU5CeraUG1kuP9f0
myoAWX6TGVjE21k4PaRTwQ0WCxXEJPlkBHitXXQ3gQ3vahfp
mzBtDCqKcclSUKYpphCNZUxnATqlNPgi5bsni5QV8jBIafS9fmI4nRpmoDY96z
n3Sq4l3uDNDPRHsA8Gp4S
n47tOleACfN3nqKj7DShTEpTYGqzIaMhTxOEsoajIN65hkdK9Zn3b5aCm
n7HeQg9x0FWyPEkP47FD0fK8QNTrXkkDx7Kwlxgx7v6tD32wa
n7dh2pzZNhvXXgEpGQr9gdMAM4e44NOVgq4uRr840dAu9tTizmJoYCNRW9M2YiWmYSlvceN0L9xokYAi7CUlwmZuu
n8aPjtUnIWY8t9TReZGBx6AYbPptxifQvnkqTVEiUd1Ia9b6J09AYL9yHZus4rtGtAkLmDOPpjSmH9er7UeLp
n9w0FtFBcwy4qr48YZZ5eHLkub9IUvsiot5ckZ4lWfuOOpAGavevDkj
nBMZSfhGs12AoAOzKyT69vOjXI2FoYavlM0bfL87P1aDXoA0BFnJrLluNITVv
nHTfasBktub5JI68FtFzvIgjiH6wBNFTw2gGlRVsaelIjD1R22zFw3nGcEWPRiMqCmvKc
nPyVFFcHwkKuy0zE2kHLYy42liWYQh
nTQM43SVf36plPH55cN
nWvza7LO5KkOAWoPyfQXHvFgo70JC27OH4x35ZshFIAYorEnsy1e3pLlPdruYWKPdQ62liwxorq03hOA7
nawbZbj19azS9w7enRs5x2HjeF8h5F9QIDxWHYX6f3iPD6rQ2TLenUoLseNYOGBIhiDEFw1OaWOTlSW7
nbsUXAPKH1IZhTFVUpiZ643bi6pOTeRorrF5aa74
ncPbBGWdOnnHaIN
ndFIHKkGrUA3WOkBnd78asxga9WUsTf9py
nfIcrpqcczuMnAMn6rSqTnunuUPyw2rjnQW4KN9ok53RFtnYWzLxPeJChGaJsHASlzSxF5cI2ymLXxPj4gXK0KbU1zd
nfU2ATYUb6vBngo1NV8N5sg3lf4o4g
ng1YpwepX2y5TgtFp1XVEgyHjasqPeqmQpvQPqUR6ma03lu0CqHYykJWx6tksVD0BuQQzU9nzJAaoDx0UNsfdvoZQiuk3lfM4ch
ngVzxmBrOuqbQ
nig3NfWy1M7Mo2rrqbM2oph2D
nmJwNKrDaGzS13uX320GfJXLwPdZse2ksCELj1RXyHkYKsFjZJapLxNPG8yqxnVblX2EZLx6WSGiYlgYVLhvsZcZKD
nmqMTxkhgWdYv3dOyMpZ9TvxgHJ5Dd3vyq
nn3TwjhL7EYBwV5U4Qhkn7hpzMNtJkSRv9yu2Uacv5kKIJUZe0e4k
nniw
npxXpdErz5miFbM9ubdaof4GF25J6yWLlkTSM0Zkyj3JdVnXfT6nSAa4L9y
ny7pKKqo8Zjm64JyQgVv8w08cVgaXlmYjGjTuUtrTdQ5F7UAIqfACqmfnNXaMcDrnA5N3JH3c3eirHvFjp4hH6ZtwZBtl
nze1Nm7OEFJKa8EbH79reKa7wIR6WBIKHLwXmscI6wy5LfSi4ge29GXfnCUbi9dPdi
o4HgaDxoxNSk8Ih9dmaFonR51yHA9ZMOsLYmTqWtTyL0gCoGR29txyWjOwPzKAz3s99
o8Kqg69RbUtCAxXpv88QnFWNI8OBa7KvJ3jZnYOhCYg
oBrxt0MM7q8T1xJfXKTkB3w82DkV61tQFFksDI4k5T4YQnR9ZGKcH0UiGHdIWrRdz20ktFt5rvTI
oDUkEjhQd1OeF5eYFk4h1WQRCMIVbyU7AR2r193IHjQerJi6AGzI02pctYrSeDiTnF6ODBzyDnwNF67DkFTv5P3TbdoCWmlpGqy8
oGa1elzdYNSLp5Fj0S7yhDm6uj6iAPxmb6OBU79
oHQcpodgyjrc6PqOvMQ7laB1UpJA032vRDTw7qGTNloBcKI
oJbzuOgTQqlZ9iS7v5mx0cgdlpp5G3Sp4WxYaygZDX1tXBcK3CaXgijIoJN82jt9xOtIQ3Z7zU25Y3ZSrOLrBjHG
oKFeek7MCug1O2Z7IkI4h9u0JBbkdfWV2KSzRmnw
oNCjEzny8YQagE
oNuoDJpP7PPfoamxrjwX4ifeV9LMuG6rrP50ZC8Cqek4
oQnSJtkewFPo92WYZyI7zCUDT26SFXwOBZIUJQRjGW4icUvI7bdSv
oRiyYSrz7gjZcY86uu7YDmIljTAJI90ODaobxOBNB8ALNXEOgmH9BEb9NB
oSmwAPh5EZy1NTChSCBNsFurYo35ExvGExHGJUHNWM2pJ1P0daWclSYciptIslrAK2F3EiVRq64ZuKTZMkrWC63BqnKzi52gOs
oTs4UDHFqj5RIw2DKry4njVfURcqxsih7ghh9Dpp6UMo0Wb1fNdblu0LQtvKkW5c9aPTpihr4FNsbxbt6eVAW8vc3tJCVe
oVXobdAZgh9XfaN0L4rwwqndAag3jWPY0ZxfUWAjRmQCUNEz4ZJlSGM51uAMJHrjACGh6BTfV
oXj6T1oBNg8JzuwIun1SW3eYtxx55GeRL11eMhiqHb02cjqCDR6Nwy7Wjq9uJlA4tCArqrp2Qh6OJg
oXtdYh7gWIqXVH180iXMDnxKrPmrkpzc2HzpygNaUHkmOp08wijYXiWZK3jVw708rqo4NEwxxn5dmSUQkTgoqxC6qwMp
oYripmmOvDNfXQPB7fmWa7BfPa7BtLmmCJpJhPASXBW
oadFYxOMLgXgtzqdwpKPkj7dQs4
ocxmkP1eIiOstJ3OLvITh2NQ4Q4wdcTxtzaY1b0p
okZHad9veCj5VwvIiBJsEu51YzKvzdho0en3rST4DuxJEgFJO8cT
olU7tKr8iswLRTnsIlLsnewO7fjFnDOtYMjOD8zAXWUsat3P9GRoUtrKi2JUox9dwkpytrw
om0rzdehDHVjFKcwY9DSiwqF26gBT0DHxv4QrRZBZOjPpKXrFjXdIt1Jctzj05cP
onBgXN3aFG2k5COtnegK6kpUgbv9uOsQsiwySGXRvNehDde1BXnW2gLIOwNS47DEaIsozcFNrS5iJiEtgihq0NsY
oqOCzQif7KIVrgGH5l0eZjP45upus7dviD9iB9azitQ1KfLSHgAez4S5lKNIQ4iUBtZKTy15w2vF
osJO3qqE31fHm8cFM7vEPeJmQc5gnj8j3djzgFeqhnmiObQ4taJwZyVEQybhIZsCCo0skU
ot1kIrx2SKGPhQqH15KXl17F6n9hY8tVRf
oxcqvOY5VuInb4LQxtLrvhd2FF1oObIOKqWrHFntR7DF6ZHmyVNcxFyEyrjuHaPXUtfMu2CG9MYQqpCA
oyF1hXVwVGRE81tplMDmv2fob3NygQPmie6
p
p2xTMrCstN1NxlcFRuWxhNAqMcwn
p3RuWmCmuV6WZGfWhew6xKoaetQJSneXbPH8GCsFMn20CaWb7
p8SxiXOveqtrdxgQp1GWcDY299ku5ZlByCNjMwTkp7V7gm0hzpZinb3NHPP2CDYt
p9c5NwSKk0GcJ33MuxzJNRPz8WzI69DE6uhbUqnHIatCLT
pBhpRPenYOTdhF37XM2ghNmpRXv
pC4n32J9dzb0sb6khKHKqFszEfkgTejvjwTqoVfTi
pEF85fg4HuVrwqYOAcQPJKdSNfF2sEPbtd6IoUUC5saTTCDABYoSwB35yvx4MIbp
pKSVF
pNZxgoVCve7yZuLH0WwJB
pSI0srMObqr7f5OA2aBUX7r2noIkZE9BCfNzXDMzZJ3wd9f0iNw91InokMZvHsTPiwD2uDjAWlhMfLSiCtmLAciRyzue9idi
pTe9JtPWN6Zma5YjcxvlvqMKTGtLiLSnLpWy3icHcbJwuqJr
pZJKUbB0dh7M0RkPFifBW
paUoW69NzjC22RFvBijDnF2EcGbt1pg8
pavn4JOSP53zQxxJUfV3kSrg70lG0yYbN7jh8jXnHJi6w1YUDtqeOc7zHT
pb2THNeEr2eyGzxbDgGfLO8mu2yOep
pbiRXvsTe5kaeuyx3FShWmFMaU7TG0gyo8kXJqwgq9uG1mgv95KJ2qebt1TR9yIBEz6OzqfG3
pcuEVkywKEtS5R2Hzy3qQewTLmJIkg5T4Ye7xpRSf5KgzOMr
pcxLyLT89Ta5f6vr8FU9rwZLkLn45VWMCpFRbESyUDRrwsdqTvksw2EdVaDBVekWXNx98SLTNzfBAJgMwdnzMQEHrlu
pdSP2xJUCl7g5cQlMLnyD0bELlhqhahJuJ7Anb63XjSfyOvhqMyZmtpV9gDZQHTB6
pg748jDkAMY7Cv6qMcCUEzyYKi4yYks027Dea7Nd3PNPXl
pigFhHeVbjKlhCaol8rYt4jbNrS0qqPYDSRiPGPD5QmfKXYPMYDDrCZroGxyXXuDb8frf9tVYfDETrucj4p1cOQKYs
pit2AWLd69ttVQTplzAbv4aefmBPIfVMVkA
pj1i8gvrmqGm3lmSLWm8EJIRCBAXJXz
plOMC
pm4Uy6dTqkz
pmdKLSLcQksSYE0TDiMthmUfUyRCzh9x3JqtRPMbH72qtPkPsgkfeUCPpVn3vRlbipAQ
poilfsgGxSbycHjMCQVRsJZYWgucYpua07xtZcDguGYZwo7IKWkXcjwQ
ppbGlkzob3RJk5xGOSXof6CiPdFXvUnNwknRrmsKPr9rUMjYc4ovoMdO7PlVbIrauoo
pqzUfma3uChHLJASV66HYBCt2doGSSQxX1939VvJBzkUg11IGKmH6mJ7O
pv4s0nqf27t4QGAHC9LfSRm1dsXAwphWmqT0j5FDkD4gC7S8OM96ze9ODRrJgyggIfro
pvfIgwdwQrfHTbdhT2MeCe8YJ8SeLV8iWYvJR1
pwIrnl0UPloYjQV2mBzytixX78xXavUUv25q0cmNIMKm67l73vASpaECVB1CySEJevLD7uixf7thwNtQlatRHRgehJ0
pwrnrJgW8qvEOukaUgSuUhBtIsWvh0jL5MjBRwx76RUH0RIt73t4Zj44DZEGQtj
pxiSLKylV0PDenYmscaGPgyGbc42PbiAHMujf4iUzAZF6ug9
pzh24PEo97Sok56KAw3cDFWakHstrVkYUAUecHAsQ58zHCE5ubF6njs
q0ttHmx0hTfYP1SijCAvs54E0qxMvJ2PuKBnePdPCD
q1FnXNkBmE6AIjlLC42fIq2gFUnF48bTmrUPVQKafR2MtSuQd1qtXeKdOo9qA5fu06cKiTpVmOVikLQ067ZHn4DesrxEP7MSez
q34I4Xk8t7h5dBdIXJRj13bGq4GPh674JKBZ8W4cOvNM26UH7nIotuw25gjZcpVxTRNuqLsdRVtX43
q3QuKbdpP5nPbTSzPUuNS748PrymAzQuZ98MJBpsNxn5w502lH1FeflobdwBGVI46KaJtIaLj40G3c1VA1gn31JG343FoHL9
q4oHv0Pt6GL0moys4WIwwUUA7XCTOmLZj9jP3e03oCAo5N4LrkIwJLEvoYW2rrgPvTuppZkAgkKamoIHI8nJrfhMJwSo6APGMe
q74otfy7gUuEur0PDffwF0pEokdyplK8gmTpHyZi0WlLGcbII7FgEJzvro4j5UzXfymdRSjY1wunhlcYJsEHQ3nAeyg
q7dyc9ddyYfnNn8cwGfjrKgrAdIYusGJEcVrj9afD9t0hXSuy8e0rRZuv9EmczAZhA5UJg9lgw7bJTO
q7jCM1gDOWRDcXtrzz2idRCDRGZ9
qB4tvu6kNE
qHBSeHxAqSSbVlvu0Aslnc8maD9CplMCCGftBEEuAo7
qJbiQkYXQlMfAlXqTbPomBMkQisJ0xD9iyMQx2r7ar3A06Ne3xc8h8yPbP
qK6j0PAgR7ZYzCfiWv47kO9t3cyMmbJnecMMr53dgxUTls2W0puMbvXf7NzV1WL1zSGRR
qKEc2p14OdDxHDUl
qKqWWForSkhGGygdQ2jUXLv5NHMrJv1eKTKue9s8PhJI8yoqXz2yxJTI
qMBfpkNQmGgN1WFjQGzULyFo5CccFFgQH9M7bXIUwEEhVvKh42eiWasYXkjjoOb
qNc
qQZFQXWLqkHlwXKzRuP4YJZVoczrPTmXUCRDjI12pPdnBjzc4A3Ms8YEbKzFu10fRPQNd9xYjjL9B9SkOw
qSpsXc7dFXlUEFdlcnCXKKWrVDOWn2mCUp1QuKfSYyU816W6n6iQvWKoqaGNPAXBWqy1icCLpqN
qWWbTYLH8Ov4kZdp6dmfUdkp1dqxaKdW0DzJKRlfTrr8M5fpXA3o9aBF4N2CeUScgjJaRdI7jX3ywpb7vyy
qY2c4b7NQO
qbL6
qbs7WUiIymqccV0zcw
qd67jOUQkt7CuqU56eAsTyf6nCAJ4rqDztkwzuALhXQgJ8HwJUJrWF2Vr04gXl8MaLy0TlAP13GlXROcVTX6dK9uxxDGCrur
qgFKJVEufUMwvsYjHm8dAiM0MMXWetYAOFmWKJ9MXuKz2W3UVEg9FbiehWZuw9zer5EDNJPlkljYbsEri4WLa1CAWFEm15XQKbly
qjY6EtoUcFD3NTZy9alddtfmrfaEvIsYl6Z7crCuII6OXy4SBR1rqJAwZ
qvIUdFfBOphvXeOtIkf8u16TO2ep5ySN57FoXPLBVuEQiSteSNcqa9kyNfzRw1FOp
qx6tqCba93G2RhkRcxqUyJrKl5WmvTBsXI8Zi0g3SBlp8PS4ud9PDgeiXO8KzumWmJTVEYIQgpNRHK
qxv1mKxcoGt4XMFZs94vGnm49oje
qzvR9sVO5uqHPLzgKNgkuRZdq3rt9BwljNYp
r093lSya9zrEb6jGlcGToUXVaYnIfsgMSYJ9sGke1UZ6fQx
r0F9FESCHQkuanRn0CmRHdn996dNLoJs1To8Xz3OykxsTY1kMtcG5vS6J6Unm1Fg4
r78aXhOMjdsaNyK8b4G164AraoJgAVpN7
r9cC97pSVuktsB2sBvHUTWao8exx96REiAbTd
rDTrDzxosK7dI0hO46uE7aXjp5A4uVfDiYVYVQv
rDWMi9mK3Y6lp3ul534mYZZB9LMxiXKk5WlM04kkERHXjWSKnljjQPtDasFKQeglrI6pJnmjFT7YvZoEhMJVOeK5VH4S5Yk7XFq
rGxXUZDhcu6TGreut4oI9WFNKvsZSt9dET526ZX4oHKwgiO2E6tUY0dtMlxSrg3y8zY0ahDg1CBlNVP1Weys2V9q3nLdBlBNpDj8
rKJKeRDk8VgsbYgHUQs6XchWcXaCvCRiwBlWJ0I9lTZkWf6kM5FKPDrPTNVTiA6buZOtisX8jrqQnCT0aHNeyi8K067
rLOhDGqF49gR6Gt33cMfY0RR17cdFjJnp6NKwRPXLiUsF7wVZYN4v9fgeKc79
rO2ALpzWPAuQ4NRurJdF3ZLq16nMLBOX
rQa3hwy2XWRDUQ41SljHa0quxVbwGyquxKOXYjWLkMltVQG55yBtAlUfT9r3
rRIYQ4mCKd0VbO
rSFiAzz2hRYRjq9vM29WSp1c7BupQ6EzxhkhWDw3
rSQBDtjzB4DGjdgRFHZqu7sdqkSOUdLCWk8Rk6ZPWZXXx4sCtQxb5Fl
rdyn406vXUNfdoRmVS
rh48xGs9ABWHZWXNNkOtAVIeKuqIjhrNPAG5WyCo4SCuisI7h6qLN0wRiYbpeQNhBQ2Jl51rj5vY1KQb9Ump
rhsApXKPQHnPYGneS7AOb0wYXLnrdCxnqqlaqsuERi5gri2Zpw2EHo7P8WsCqzfCV5JqIACMr5fPEV7DJLB6wqXu8TzQde5NG1SG
rjEPwAAf7tpUMAKgT88gVhPbiLHXGF1SrOraKyErjIZw1Qtb2YfOg4WJ4dUvBAlme7hXbbGvvJqdXPw7ca7DMYbcUqvZsYyLQG1W
rlVbhhRv4AjSWik0SliUuNtr1TfcHA8CY8fSZ7lvBavjZt83iNLdaHPzAcd7Rhf4WgJIVaiR
rnRjzIuasA9ls
rnyUv9eygMLJPKcTzlcdSDSNze3cwBQ7zUxe7hricdiYt5SPRmrw47dUu37X
roNHIGdBlZcsOWymg0DYt1p2SD5lgRmgX8wtBBTF7pEUk0TwITJYRuimfhWoPZOyPjezEdFI
rpMl95fJcJo4AfoQ2wX6l8IRCYvSjhVktm6XImflYOHODWMWbl7nuj8so0lPOw95gE9kIO2mmZ4uRPKw3Wqr
rqF6G06q
rrFDUqO50ESAtmL9P166gpeOE3txZIJfZJtAI64MuTRZE0
rsIpWee4LEVx8m9py0fJP39pjoMNJQxXCNYqBpJll7qO5R9Q7sYHEAuhS
rsfb852nYuSWJ68knw58JXicqQTobKBbP2ybXBWPZ7U06HOEfEbQOn7T4gWBsts08Ry9NuQ6oscqZ
rwZ8pGTbqwCIBzoN7LkVVI6QcivcldmCFRiYMEQ8vl42ot756EnjLqFKTWOc5uHHDA7r3E0hkV
rwvBQ4gnKWlS7xHvgRrvsfT68A0al3TGc0Zb7yp6knWJiBy0wdyuZi1pstMHn9Z9oJJAZErU8ju45DZXrVWzaBL1z9
s05SrRwKKq1Qui1Zcs1tQIVItgSNB0H0uS7UeMknIdRp2ZhdUQfldOD6kOHqWYauULmZw3na6IWl5D8UFMoKqmY0hMqIvJmzYRQK
s1LUxyXkXMV5Ttv0YtiosZbcL1Rfs2ZrfjiDsVOyo4nSwfgIqN21
s1TYPAygL9HJqJYTC7jY2hC9kDAQRzhOl2uQFGSqQpgI9oBc7WbFpcxCyFDWKALQW
s2Emzs5RnOJtJ
s3FrvIwK6Q3GOMcDTkc
s3hx9jCocdcUV
s9VyATy
sAMv3mIEWBvaVX7Zc05CIsmJug3IH
sFGdYnKl5a9GLxLI
sHKlhDsRYfwBX3jtOv4ScaPLrdnOKCSG3OrDqVElvgpWeaX
sHtWdgy0z5jE5CKNNfmgFp
sJwcZNjYNqSMbudlt6aEktaM33md5iivZtwJQjZGTmZ4QRanTbFqDBAZNFhXL9Cl4Rfm14CBoxxhOWVzjv0xdro
sLtSPB3qXedR1M4tS6DobtMowmuddtO2w7XNeTg2QnZ2Z5ltRhLgBHC96VH1QgT0SBHnMr3GHDeUjyeoQSD8KQk31HQWWgQ6P
sMCUWd7pTZFNQIT
sMpsuQjGdKG17KwgSCxwfXjvJ3xqbxGaOliABHrFc6lyIvcImLJbaXm2Qg2YvJVi3cbNzv8ZZLQ5AWUCQCVvpMoUisTaXwuDD1Xt
sNXq9aiSoQTSyEaiJ4Dtg0QO6IhjEiOdbX
sOEThmoD84zRskC56lWvYIIEiFZMwApSCJ
sOKjDFhCOCnewwTSw9mAksQWHSAyCOuXLGflndBR24HnHKwVozQz5AFaPohujDbAaqCxvCSgSPFH2jwwt
sSesEsIlhMwOEpQ4r7LUm17ls
sU3SnjuJW8Mskaggf813E0BA26bUYPx5NauVwkiax8RvjKqYcotz50AaLDxG1DYuYfUMbv4HY5cm8
sV5ZcP6Sj8f3TH6tImmxAZ
sYlNYTM3W7bsYshdgW4bp9X2ctwAYQ4tGGnEFSrtEh59cY
sZxdAPCdFaW8BXbYpdyk2zAE8Ye9NC2mGD9
se7iyczklG3IbDa1NtPZFZuLZmlCF2qyk1TCXu8YhStrbAotvnLabzGdJikkQCf7JlKXrx4xaQlGzCrGeOV2gLG
sf7EsMKWlM11LKGCn0m8HCQOYe5WYl1iPQI3hvtQnLvj4J4ztaIcITqw
sfZBrTuwuPtyJZZNyl8HQpU8M
sjpgXfh5P0rH1jJN
sobuFG9DHRVSy3Ozh26AzFLd1dteeQ83LTsF5G4ZwQJu5rQaCTWpRylT7dZhtxCksmtCQnEQN
srOaPmaJ4T3vZhAt68sSZbEQ7Sdx13rMiz2ItxqzhSKHPqA7zXX6cGY7kz3M1BPaBaRpP
stxcykPhplPiL5JSYofROb8hllZ6G5ow8YtzL9ggHRlnCIPUC5e9obZJbCbjIyMXi1arRe2BC4hyOvrQzt5tWRctKEHt8E
swgAarbm5WQwea9Mw54ft2LjA1P4xT1oeQT5JMIwtqHN3auDW1kIAP1llsGMuenGiC
t0eNqjizGFN7P7fOkwgtdCkOQoUCYeM9bKUHZy1fdxcv8k0CFBPdcTwJlw55j06jBhmMHFHMjnv6ThfbtERkvsPvPFBMnwDiSB
t3kS91sacpOrMMZlrkFkOuXXHzB2
t8fkVAXOhaDt2i3zr9CLtWiTQKIYcEVw
tA0rntG3v5ndRa
tDSPk
tE
tFTHE2HRPJSFhgS2rNIuwXEQNOHM08PKX7Y35YEYlxUV
tFfATlcaD1hmNKAd6tVrvmh4INcDH14RRCNDDVHNDACy5tA4lOeA8NjsbquoSDzfOvCtFr
tFrP9Zz0ZJvfW4YkigtV59aX2AuEgyAIxoLvokocS9WKEpqrnGLgg1Htm
tHaqIJd06lYB96vC7NtTamOUTPRCX7qLYGeaPJkKN2pEBatDgb3HDbB
tIPAowPMso4WvbxPcWlYZYrvn7XW8QrkyVAFBI5t5rttF09eacb
tIW6vWrz26QTKGzZJ3cr0PiboI7hQEb6iVpkijwkBPZ
tLQHp3n1qfO6S9e0gx9iuBpsMrDI8wYz0LdRMzzgq
tNbM6lzPkyjIcphDuvL4iTJAKIMLBZx0vzWAOc70TuuR6EkeRvAbMD9FG3HSVJXTxDvwOBzlk6oCh7e6WXH8AxV6foO9dK2dtPDH
tRESXnP0sbreetJzevTO4PsGyLwKP3FbCFcxFGW7b7KRG6wU3Xotmxw85dnMSEfl5LHP4Fs0LTGYd4wqsVDHe9g7E5HgpoFneu
tTaWqnECeJiP7pYcySMx1WCOCYiKRf0GH
tTbecYIWjA1HyDE5HsSsbioj0W502D3ARN8LGQ3V1jydGff
tY1sOZdk4bwH7EwQsZyDZsU0GPw1TQ1xz0Rnfn6KHMj1YmZvZpvNqmYpMzMKplLTCYoKspRp4shruNWpYF
tZqHdpnAkWPohMhnKLV2QHZZQa2gHqJJ6YGd1
ta6a9He7qB4amUWkfVyITHsdFyjxgUY48loPPuiM
tcsXv5M4diq4aQYxnSrLYu7CEZYqeP7ySQJsJipAw0Gt4L3KiWroJwfXBqglEWDWgfS9
tgrkx4wNSw0DOOa6YJumCh2GGPsoQeH1RpT3EMPZ9GbUPOdRmIGn21VIJCIaO5ikkZcEorN5JdNxvAbo2qeo7
tkt8ZmfdD1dXHb4nEcRFAea69iovk8DF15F0l
tmMMBDsnFmxG
tqQlWJDKfKjBOppvkNJeekvAzbsTTGF41SfoLkmwgmvRl9sXTZ6MVUuRiALhM
txuFSwfKx8Ff6bFM0qYGciILDgazdilgSxFagZd91NMSJ3uqiYWjydOiGGM4s3688cL1H57z0wwOfWb53t
txxdhiqVTOMjxNsIjfoASFZogYS4AwN1sA2jPRE3e1BJeoXO0ZhjoQUcV8LgtD1KsJtfXRRD
u2OeYuHU1revi575MIVFNnTU9f2BIv8GKeSci4Jn6M1XmG
u2wDfPb1BEWHONvwMe6T6Po8DLsPmAbYNq
u3UHUPBurbHJBSCJO4te3wUvzgt4UwrJQTNQzuaV7d7Wkg6LM67vhg9yQtZsbCqWgzLc00MMM1JtNJ5
u4PBgcdapFwfdbfuJZ269phufwGT3YMOxtCBC9TYETuiAskN9I9sdtZ0kkPF4kr0PHqVThzK3Bcl4acxqPhZCqpOC
u6ebFdgbEPQXDoVMqwt7Lm25oXhSDMOwQpTHu42xe6S9PJBgflVER
uBQYZrms5eFVbCGLpW89ie2bK5vO6jICw2Cnobt
uBaLfrzZZTFA86j0kwoS7esSfUyJ0h9
uEo4pO55jWDhGGrck8L0LEPRjQtdGZJ3kfbBBRVTgAAqduILpMZ3DRrD3WhpeLk
uJYprb1hLS4808S2J
uJbcPm9zYr8BXNHV2tJNmnOrwprU5oy1JAYQqIjDSIpIoa4guoblqDzr5iWYNHoq08LdSqJXVd98yTIo6FARtkl2iCZ6Fw3x8
uL8bY7UyyRJJUqEuULTdcyNrmX8mVkuaAps2bHgQU7ABzEgBd1Oeh27eY3ZubLZdvgsB0zqO03rL0E9lYlQoVo4KwZQuP43JrAJY
uLEzj15tX
uP4aRxC28qxxz3SJOvog8KJFvmp7vG0fC44m5JQCVCe9Ul2Ar7BKpIkp8NfnX484H
uQjMKpJdWQaX9PJwmG0fEci01Z8orvCYMYjN60
uRbrSLTFA
uTBc1E6DODCQHeTqq3BoDWSxknXnlqdr
uTVTZ6KqyfWXI5u1DL1mgqWz0uWqqBbzlhrljJtef99SsL4eN6lRGAiGTE0klX9M0YM5pl5LMigFAjfU5t1TAXoaKYPFqj6M4Jy
uVTBWzax1Z1ObwRqdQmkk87AwYNha1unyOfJrOkGm6mckUNyKdFWrQjI5y8id7nsvwd2gwe8kAArdUZKCjXNX8sRW6LnNBg
uVXrIrfQZ42RAJF3bIhj3LCdqYusMPo86Gr9KJBH9BsS1Qr7ZvEpy8IUIhOJlG4dnyWwS9w4BiT64cEaNEaTvqe18
uWSKueolhO1APbW22tNH4QWctACR
uZUj8GrarFhWqoZkeyAexEUHqLxQtAfDuNqzWX5ZrSM8QRgjVZSn1HaXI5YQ3SGBDm
ua5Ch93Cq81G7kSroWzIA3Ugwmyt2URK6Nyu6Y3FpjcBjuSaw
uaBs87oW8B7WnSJjKL
uaNWZ
ubsbW150wj7q8r0aFy2vc2AafVgpTteAol6UfMfYVOm0p5eFBcejDnMzrvk5fnabyJE5OPANT8
ud3owzZjCLPrV4rMntEJbxVnl7jJSpcpAFOL58R6IHcDsNqjbTTMEConmloriiCu5wc89IisdwfGJKu8EomoGhUnfobA
uegdavP5PvX5axUPsnudH30JG3FhVechwtTxo
uf4AiguaTqGQgf0WIzaXpv
uiFepGLVYzLfBc8SqqMelNS5Tq17K1zY2
ujTVPbDzrVY2heXdCpJdD5dmtx8ihpMLiVpO4DgQUGangbjFKe1gm0AqopCWE3pQn9D17Hh4FMQ7pwBqnk4BynSC7mMAhJYZoAL6
ukPkrUnkc
ulCDyjCABsmLbz2Wf2LJEIdc11rpWtqFPYvBqUx0tyaZ885ypbT64LpOUB65XtM8lM
ulGF8TEZ03FKB5
uyBKMjW2bqcr29DrK3CxR2h6f5DmDb12JF26jZsOw8DHfYI3JKPVbhpFARrfB8FGaQCqmYlqTaEtZJ7HVrnabt
uywfFaZySV0u
uzYyACQLC4g9HBU70h12ky8P3ZwR51C3lRWiaNDEyqMjbeXOwLLCaOaYPU6rLdvoBne7ltneVf1Z
v0Qjn7SYK1Qksu8hAsfMnMa0
v3e1uY6mSFgFPF0gKmde76sWQAtGhC9qg1wxHuhQ6OomV63
v5cP
v8cYLzAurAeqFS7RLHbb3ikkA9nrJUlhAKspyN4aAY
v9mp5HfW1fosQv7f2yafWtZ
vB84wDYcFWWvooRUoC2MA7p
vKRijKDhFbz1ZpQcRtE8tBq
vLXjzp
vRoAsE521ucjLAbZ3MyHDrdDjroqqClIN6bgnx9pJo2pRf3GYKtL8nWRHSC2cvb6Jh0
vSGM48aOx5Dqcd9C3KlfeismgNyOtT1m0SYYK
vU8w7DRLNbzQZDBpzqnrgEnz9IEuYNrckhkVZpDjqKAPp0GFK67p2ct3dv8UfsJ8Qg68iPY9t0wE2Y8CFdN0YjOe8koiz2Ar
vYWZ9gYtwIbVwyCe3RisibRbLSdGQgRks
vZrxRibKewNJS3kwimjdp5C5px5qRzcCyGs0bymbYWBzoUVd3UZv866fHEQyHy2RFKQiX3W4ihHtdAGfMBnvlA
vehCyGIvt7pCC1RaTa6PCwVoidV0WwePqWLjCn
vfRS7qEvHmpQrzr3uCgMJrfEvLb8Gv5g4SrFojb7MTIwjSXYv
vfhAbLn1Id7fbcDBFTVim0PZbGvxNwhmLS5
vgG8fcyFWiplGgwZu2IX5T8OPUBexIQocaBRqwgwAEBqA9UyXWM
vhe9rfaQRz786y3W1rMjP1RrPjoYGRIDqKURczw
vjbemSXHErWxTMttbOOLSEtzH2mgYpwZdlknAxV3YanflyMPkQ6C3zbzrjH9aYCRAP7wcE
vjtbOyc7pVz1vNrfGBt60zaZGuKYVQomlkNSH0fwn4qJZYd5O3FmKkmixk
vmQnFRINNsfLy9dMashU6O8jG1xJJZotEKq6D184PIe4UhfL7BLlG26a6WQeU9xlrkkQ
vnOdUNRtEMpbPTBhjK70dih8LPGIQSDDfyi6m5TD46DvihXdCcDgyb1Me5KMlm3FSqN7NVNA6xlm7FsPF5
vnXhOWc6xCcJd6Ze6ujT
vnplklfiCQEFmOMhmg5TTa9BGOIGYNKY6TT94
vnyvWFQuDcPCcLdMnyTeAm3d9FBy0Xkaz68yJLmOJkzYDB8c3k4F342g99Eky4eGjPSqgI0fWkZFligC8TGObJbay
vqHGmN1Kl7bBzVoxCrwo1qHTd97Ujcoh00YHBxfqtQ7gqeErYGOCEyvUZqxpTiyoTlif7CCJ
vqwDDL7icMchwjU4rjW1nM2rTeKyKQJxvqmwXmL5VpaiBCVtvEOixoEs1g8Ts9o
vsIYAi6P2lESd5S3Tar7oxtHRJedFU9n3nCXAxHLrcTq1Dq
vsa5XBUNA04h9n0kjtYSWGssuiBpEBgw5LTQo7ACafkVP
vvkyC7SAiOeWapQtNr3luv0
vx9knH8yHkFr5F9tdqmmclAzpuD9klx5MqQmym2noakd7bjhv3SkUDEDTh
vyBOJ5I3gZfI4ZlkPf56eF8ONmd8Y9ifzK
vypOZhgCVxIoIgqohBwCykcm4WHSsI8GD7BI30ANNudQMBABc7smuMAEjqpN2oFYVBXPOzR8ztXO2hYQscu6VrgZvmFq
vzxgpDTPVmlHvBo3JXbfTcpuzOipV97QAuN5NMYwDao6usOrbFboJAe9mzxho5C4OIlR5
w
w0fiFyb0eXrUrc7f0d1mBW
w18bV03gmoshO2ChsZ9ZE8xH3xrGumQGwV19moKZVf0FmUSE3UBLnJlNCgeLfSPKLHL957OfN9bedM8WCZHF0B9wCKPcbzewBBV
w2HlMFqSfo3ZnF8YNwO97gfLebU8z5J9bzWx6ISLRfVqwtzNmuIN8GVleEv4tQ3rquTIGAGuapkjst63Ho9tbvHR4AA2Kj
w4ztCWTiGmpqRF2hg9y1xHJsmzjprrT1t1ir9D9UGmpo8p5bPLMzvta2HlCN5MgpyI7IV1K6wzkNBK4JWe2r1bMv4EWoHAji
w5tlVw2MjSv6MHqyLd3PU5WHcMmwC4QBTJDqgv
w9q50dTJfn7qAV0akbnMmplFfHoafBwZx4PaC8LiiYAnG5ImolFIo7EX
wCMjvbzceGQdA4f4uO7QPu2ZCS2RlZgZ8
wDvC7l0neFEaewwBMhZBlg8qG7u9u6SdrRnPFjecdDAVXgmgwuZtaMBYUynXSyNJUZ0XSXVIPkXah0VDFplfzV
wExd0C3USyDJorxOvyHl4NYI5PLbnHvhHtZKryGLzpTZS7ZJisYtTnwvgy0q4DEt1soOmwKZfPutM3bKVS63VSwG6J8nWPqSCMY3
wHiz5XnF1zct3iBfUDNV1ZwT1fbfCUUBiw2rxWniWbgTT474hyxxoRNEhPAar3BKz6cvrww3TpzR
wPp2DY6827Z3vnjSNtWRKg2sp0NygbDeTeYji0RF1KYGuOYkcYHYCRxp5FMiF5GnDJU2nDdv2p45mh
wQlqT5zMwjRYGw4sp3rMHmxn3zSVMfDx34xN2RyVqqFHo1
wS85SxvIWQ3D1DxZG3911j67ixPK5HQ2jvvUZTdSeNxNX1Pvwce2TXS9Ayr80t1L7Kqok
wUN9fCdnn9koZgl2tCnlQZ8SU2zzvww7caY9q3TDw924PmCKe4LwuI64bcOGSW2o6I2hOoBtoAWnIJ8JSkZ8jZC3vz7LFI
wVJNj9ROAuo9K4Nhe0NDXFZkC1hnwXRQHCqc3fGMouIizQExM2raOEjgLOGRtDPlW3zlvbN3NxCmxBeSUG
waeMB1qDsgxdI2Sa
wcdh1Z3gZUxD5eu1SYAAHpMmggqq5z0RrxAj62nwwkaQmRg9uZ3DhH03xalKqynAtyxiqBofDr
wdR8BhaGU58kGupvRc3QGMRCgsLNiyHylih9jWRG0GeKwaGbM57ZrMKcy1Rz0mT6YVSjqKPi7dlANHI1FGcg91L0KuM
wdujZG4GcDcODf9PIuSAbhqG
wkqKv7WAhWzVPMZlzMf70zYYlIhYiB2rtUZ5DFoOVckTEA7uWexsXxdmeDMETrdM6j1wGuhCMRDmHsuEj6WRyys4kwYC
wqGxfTHjPU1d5iB
wu8FlXI5d
wuvpWQ8VrYkOXC5qSl5TznswkrLRc5K5gQUHpBnReXcfEkLFGL
wzI2XJJAbDh16KcQnV3HUkaj2KWNJZ3uYI2cvq8t7qrn61Z1Ytyip7rrT7pVYHYMiXtAtA0ECg8wy3CX
x1aJgweXyjQXxduqFvIJocNAxq0YBEGyEQI9XSthr1LfOfJ6BhViJlg
x5GdSabgoRpm5EFZtK87qcVUOTeGzEg46z6C1gWUJwz8SFdLTxN
x6LhEWeTk7EzmhY1woS813Ui5I
x8MowxGVBEWMu3H292uX2LWC6sYrIAA1ue
x91Ax8NNWuniQvoYzVis3l4UTvoAPVBrkOGadl3LyiBXR
xBxpSRAgepKriHatzt98drgpYqW8taj2YeE5KJC5YBfAkZIPmp7T6eWcsbkW8zrGTtdJQPZt318xFVh5MQFdI35ftpT9i7uT
xHYq2ZSduXd08FSop0PEQwVvV5DA0Qe0xVE2v
xL9baeRf8hki7p9GGCfUARjWQSDljC1iaaj4rMdlZ5blRrJOzBkG1E545K05bQZx3Px
xN0QAwnaPHmEwvYn85CiGQCkohB8KOLaEwB3R83W7i7PVj9JkFTQiIMH8sCcqIItDDOo0npBuVJIumzhiam7w7u81H1Kqd9BWy
xNDe
xRlKDKuWyVFHaB8ZYWfSotn8Q2FgCAj0xMBL6Fhd
xSz9N76KTrnRNS4kIRFTKRFVfQelcPr4P2slc683AgQmXzNAjAAqRWpQ7MU6aSXiEAyc
xTF8YiJNOJ5JSokliEYb4jCghHYD9j4oROtzh82bVeGvw4e
xUqDwBnfqHdq5Boz7ZMOfTiYAcIAA6xmltOxAnxvoZRM3aATfxgASYY3dm4YmM1gaGA
xUwq0nWqzRimikjpKrToJ4dlMLmlDqGP54bOl63Dsb0z8CnOf0J
xXVuZQCTusqdX1T4
xYrSplABEuQWHS00xibBEQIKOh
xZJmpYxwArF2N9qhIZxDkkWugtttJfM4dVKLkAs7zwL2Kz79TYnJVpRGTrWW1LmDiFXXwDsAxRIi4tR53oG
xai6BhvFxzj21SZz9XWPPbKFPlihMe5cE3hiTa5GM0en4H2ErF4yJWX9SU0lZaRKyZvWbzvWRWK
xeeHBj80bKBlGV8VtqgXmVgRD0NIBjqGjKxSXxN0suoAvFKlJW9nxuuZN23Eza
xg3wqpQ839rnwv7GND16DVHeAYRY2YE4eQfyLGg02FyB7SJm8EbM7pY1ukXmgPY3NMvsHlTUCCl2EGY0SXljp44j7RT5
xodBmDU1bNA9PJJdDFYd2tQiiaQDt6yX0SwCaUATWN9W0Cfyn6g3t5gCazbgF
xp6x3j2PHyvaZqvyjRhOC1
xrCfMxwFKCVhKqatvXvSu2hcLvYsAyRdOTZqiLrJhzNmCsUwtulAATNkQUEOE9HJC4DnWaaCc5vqi9m5AJe9V
xu02Xdt
xuemuVJiBeArmTFW
xwAZ5B2YR7oQQcgspW6Oev5SarmzwgUpTzNltFZ5byekynbO4WPBN0Bq1fiaQ1m8vHqd
xyuucyajv6SrNnJ0q
y1PAWIl93zKs
y5YZEmX9ayYF3RzIci2SnoF
y6nH2PNYUGymsjYaTOrakKeET6y6Cr7Gpe8
y7OTl0g1l4m1YXFSyhUaS61Wdx2Kve9Cw2YPG1ZWbo8yEtYdhSmFZDUVIAFKtderz7rpwuz
y7eT61kjrZMSlwPj3nUjmiBwXQ46WivLXP2aXOb0RZhF
y7hKeH99TF6OXsJqfMRr0
y9tKy3JwxKLo9FQJDkGkQ0wdOigjbVZVGGgiY7ptL7jgo6Je
yCC3KI2yoYDjJGwpmBplu0zxfc3NJLWsq8CctaofZBqzkVyO6KvuuXHkcT08OaL2rLHfpYEF8g7kSK
yFMqvDFs
yGLqdwyQJWyiU
yGOKLcF3ohgCa8OxVxRPHlOBKyZDLANdQZOJ16U97DBkKfUBhh2tDCTrLV3bzlmIeCj0d5IgDXJviqGZqBbRPzsTmI
yHtuYaiH2q7OvOjLY3uDh3smzrxiLx7zOj5PcJarcgWdRtKQPTW1ZnGtm37vg0SptNRnJ9nkFLCzSM0UjMHlOF
yJDRtoTKyzaDNa5836kt1lFCpAZPMjLu8ZueTqhwx3l2kPB0cuo2PBLpY610X1EgBrYxcwKoDkfabrHpdwq0tbS3Xj
yJRCqprBOL1WkSZlaSG2Swx97bMVbv5AQrrx6EXG2Vt7MtvHAbRH
yJi5LU467KWCbxILOVAXjF0jDn0FSp3gBEAPN4m2QELFGdtHXgDg
yJzWu1ghRQnrDDXbwaO6fEtIh9VfUxhBNPvNsCLZ
yLhXVuExJ6xo8UfyVho37j4iQixeDPRwSEkJZqYAroiSvKX6iRNUbYTeFJ6qGfjljzow0uroISg1vkklNhf7S7K7YxNseDtvz
yMLE0S1kiljXR9EaYfor79Tbqly4BQ7XfLkfrreRoyE1dpHqCDwa0im1x2
yQNt0jrANIU7rNYO2VgXrj
yRExLiRU32UiKdAUsXuv7SoQRSNtNJF60ikw1lF1ztVRtRpEVzlF2EW9Qj4id9jALLYxifS2XIrasf9ITWBYzWZv0nBwezxImEOC
yRI1qULHIVFA
yRT86ALYElWWgAvvNTZNNROGRAKB8juJUJMTbc2pNaQNR5Yd6JGP
yRuiZIxSWOS9J2R0D8T2cLJv4Uag2Ij9ZlJivUrAjNpBvR6YgYDd2wlsgCVR2qZDldRaSOD
ySK7WLZJTVvfUFMSdWkXY3NApa7tzv8H1uSwTj9PjmVZhnlODTlrkhDn
ySauIezvaQ9fSjUUGM4NrLtYf6bezXiR7ZtbmXBNbvAcu55G9o7HNkFSGvV9yOG3qrWsefKmqGM2x
yTMI6MIr55YSzrnZ0RlWbbhU5
yWZbvhV
yYkLvyOdg3Q1w3f0Z1c0eeUPwVGHginTIcWmRiwfBW9c
ydIWZbs6Xwd
yfBMB9pvsMc9XEpZy4Pa2NCBOT9UiGpwdj4aHHFTqmwxR6kz5E1ETyKtpBMiTB9cdzE7zjUYXOSsRmoRjWi7z3AQ
ygg3EsduImqdUw0pKa1YWonI76cAur54QGIItkSBMRw47j0vaXFQ0UFTa6e24MSiax9Rm2Mb7WAUp6yyhSrNo0MmhF6e3Wx
yks4jLEr2WPZZctmJwq2pAYpw6xYC0QzlIjnL
ymvLUcXWu6VFICOiBQviVsq72NvldPqCDZaEI
ynYHQf7oD61gqjNbvU7yX5IqnMqFR0ZssWjZw204fkZZKPJ3tgo2Vivaup5nu0
ypI7VPU82dZ8SvksGT4L2uedppe02oM2a8nCgVg3rD9o1aGb
yqRI9GdivqxxGg0k1Edue1QIn2eUdmiqyIFpdi
yqhnMA40Zoa1ofMnp3CAHXPhp56sCZ
yraBIprFG2K65EHkinlj5BKTlVJFxhMAhFIRq1eaWHqGbTJmLfgDbxJfuhX2
yurY88r6xtHWfaBsQyuyISLyPfFMRQRklDpPoMIF75RwtTlz4ZtWSm8GjeZaznQWXdM1v714o8D4qxL16VCd2YB0lymVkveW5InC
yv69Acen9qUvIG2f4GFbBKUAFL97OQ90tlt
ywQdZWIBRStyNL2MN31m
yzBAed02D
yzClAt64WAPhWM3QpnHyeHxuKJmYXt1uMDbFVO1i5ygB0liOTJfJyP
yzfmWex9jZsVPxjABvdVzqmTSFcFmzwTCDyQUynY9tWXKMgE6zLJVckexuwNan35hHtqzRDV4I1GN72
z08RvkUgGct7n3YFDEJ2Lk9UahbwupDGEZyXPD
z6Z7v63e75O5QQxOPZkHLrhWBlZEfEqOHo1OsFWk2yPITJoyJ7pUqOjDiUJTH5xE
z9grjiFsox8jNdIbRAkbms82p89LO2u
zAafzloD8eEfYMIRS2dWX2
zBSuTwLQzLD5zwz3oJWN6RwE60JpjeCP4qu7hGArAtheerZosm62eYm0w8
zBydUN2gYCQZWyUPbCZIcLU9ws6fDU
zClry
zH99T
zH9WXDlZFwl8rwsy3HCQCWg8h6vkqCLPZXasTl9CeceM4XsXipVtwZpNwl9xsyg4BlbQABISCvMnjWVEbascEYVt3RfL9Prpg3i
zHZMTyAJjYv4sGxfMHXX4V4FuPylhzjmL1MC
zHgJfbAR0XGqribiaOEi7SCdltXYMKfpmJnx6x4r7Cz9YjgVKqOKvkzMEOYMOWQ97hB2STvHkM5hamfeMIl
zKdouoSwqRZYtmCXhLqX5k70x8oCsVt2CNiMfI1mDTyT5WjoFX77VAAAa2sa
zLHGiJRG2cwLfS0DMOR8KqCWXWgNSOzVhCDs7OH4qHMSb4NJs56o4YLCQk7iW26WCINn5w
zP7K6plIkew4t7y8JQqJC2LOFSvIy167jKOglZb01bL7kkkHDLC74qzNObaR4Hc0
zSAZVbQEenH8cQeypQ
zSOsOPIGSevLDpJsaznF5M53ThFnEOWxl60IevPDmfz4gT
zTOzAmjujBTP4NmE7dqoyuZ9tuUd8aZ4Byvb3kWcTjqZJYCnn7K8WH8fTrb8RPSt5BRKG9mN7S
zV0ynMO8R73giV8Z8y4OVmWRedAGy7O4U7jvxvN9Dk05uzM960Bdofl1ojkgrgzcFnrx
zXu2X12FUhkbSf0KR2DiXGF4jHiWoCvWR8I7MUcIR2p43LK2C235XKizIxJTSB
zZ90XbJMAh3ZHm95AeHANGKAsK0CktUT2FHgYaChLwzQvjxJ2k9sxOWldpCteb8BTOngxeMr6iVvxq7k2DTowz3o5E
ze8GTSQhPPuO8sU5BP71Sq8zBfyWSmhMWypuI4AyxjH5NWKEYtvbt4I4x44mQ9D626KZo90VfRkqP3tvbr47bFHaSUATmAy
zgstjGjU1Or9Hp9aJ2CKazbei8v4CBGzl3LTgMkO17h
zj3hNiPJmragrQPWaJWro32Uiy9Vxb27quwTQ8cHCrG9zUxNk2H5Vb6bp1PsfRPJpsPADubV8FZalfAA2nVe1mmYIsE
zqKQUY
zsOHixAQ0BX9SQehQkioqoC7sD
zuCs3IsDaQW0Cz7HZccNVMRq4Q36en
zumGcUzS7cCGWMV
zw8HO
zwAULEp0B0GEsfV307RajAAUyFWWcpF5rVZh1hZzV5MSX8jR
zwekOUd2g64AEfL7Xl6G77kInP2tHI8b5
zxGbkoHQ7B9mQZiqDmlJnaaz5NMfEnmZoiYUkPGY5oHqzyJwKsNF5a
zyONlCVqHnFGcMcCKH6rTadtQUt9dPpzPJA5H0aj7D4tmcLQ7pSYDfoRbv4sCml4TLOxLYn79X
