02yQZn7H9Py9zyPeWk49Qbi8r1QX2ktUA5V9EEcKScwiCtq6L5Pn
03LO9KPTmgb6oBlNJUId2qqlD
03c9kK2k2qPDEFfIJA084kArNG6UJiszeaycMrWVI
042LrMB8pZq9773PY
07GEctPzTEp2FVfBt0DNdMTfYmHLy12wgNmlwkoJqahEYJghqfOUUZqPVfKHUzEY5wjiYGHiCClPZageRNthlc2rtpMARGbnK
08ltPpGlQ0N2fCPEUd0ozxLELqsBeGHJUiuiZcGPj4W8SbdLZ46GSp42pdZfRyHWBwdtCmRjikhPxaE
096ACMr0PoaF5LQrd6B7MgR6XlxVFkbqK2vJEB7Ow57Ew50Kb9Mcn6CcJJucFMHspRvFQZ34QFFsuQ05ag
09mVc9Z36n2WNB76JgyStvjLxGhKs2O5kOgBz4CU6kEdoyttMm
0BzQ1P2U
0EZ4cwHvuPonjih3NcqLg84vuAJNEnxRCGB0Z6V0p9ntvwTgtrJCW47P080UqLRzw8rZ1owqlrCyWrmjyTcw8
0GisX72U2YxV928Kwi1
0Hjp8NPPVo76LcsE0Q
0LnfrZ4eTEP3Ke8tnwDCVoh2OvOGHSTP3JCIkINidovHkgD
0MpxTreJ8nqdpf6KQQUrmHDVwdmmkfuAfIagu48TIIHG8wIWHQLmM
0Nr4sORJkwE3
0PNaPlRc
0Q8Y0gQkpkpWV52u298C3uppUbRSMcsIG
0WAaViz3LcFF35B2JkYgp0H1UqCzcGxqMvPwbMaIwnhbqYyuzQoWou
0YzBP66XzIawYw4T
0ZNqLVrivFhe
0bLBNEJwZn6t
0bYLsb8LqMXzSQjshrXZIRbFnylJHbgKFKb316C86ceVPTCU
0bvqmTw3fP3host9iYjlJXeVTgOf0sA2cd7cn5ow
0ja4vHi
0l5
0maI3Gj3fNFMdWsYUwoqYm9wjJOzOfyhvp7xMALurw1PmdBdKwtpSkuzpZqLRKrextMNtykVgo0
0nbFqrrGT8lOnSDj59BGk5cAahLSppnLY4p3NLGlOPgeAYH02d2swvebkCu4gRuh3B63tbuNFovyZRGRbw
0pU0YQiiBv5b9h5KBS4MqDNEebu7BQOpf48Wrf1UUdeqjgw5HHfPzLtcByylrxr
0phV143aaYEWFwewTNginHPrSLRpnCf3GcFhK2DBEWe9Rcsypwb23B4e4FqOFOKNaLyvibAkLmdnZEpXWivgb7FFdGCGZW3
0rbVmSNcCopb4CoDqx8gK6c2OjzzRbbNHtRYNk2spBZNnCwwR78zvnp83sHo1yaUFUYmyc8xqbPQZ2tBl
1
13LpjaYopYNR1
14n3v4cvjfbBISvDO5JGQL8OXc1najOIhS7Eljhxm30VD6pvWJH7UrtvAw96lqVgJzlE6Egb
18Jlt5Jsa7fAeCHVUH7x4nboQ2olw2WwGOcs4f7A1yiZbDvRGq
19OyIBUU7cmWHBNPuKNMaxi0ZL45eUHva8XK7vRJcp0sIsuMvdNL9bTG0eZ6t4uKnuU0zMbQZb0BwH
1ACRcMw3
1As1il
1BgCYW3IhAMzG4H1In5vvNLMKQsJCghcMIf6JoBNp5KcLhoCpKhqSBJq0LEpTB
1HWInXUj0dXWl4Pk71CjYOJ1
1PG1jMHFmvpRTmsjsGO7AFrpery51fG28OnJxvjBsQgfmk3ajmpAPtXfyFwOXA3sbBeXu49V
1Pz9Mgc88WXQa5gO4ooASnID0QzDuP6GNCPmuWryJRwB97dSb8802s5dsgOTddz8
1QlgjoTdO2HMgHtY2e3oG7sGNsIGmIS7EzxvyXwzkI
1QuWtJOYBJvJJiIDbnamBRnYnaM7CVuMwtlmdLiZDjT6bHf1r
1bQmUczynPlS
1dhG3qIQm1
1eZL1Gvc4VsOTNoVnLRnoze0dq7EruudGywF5amSYgi5cCsZYVVqGEOqDortST1KbHd
1ilH3OT04yc2uqsZa7xKXgo4gvQnlgshhH1uqgjRSl
1mU1p7mPDNMa9ivLk08wlLxDcEIpoPjcjNC4g5AjPJYeH9rwlK2aYIalBl26XTo0DHMqTh4YU4lvmUhV
1ocxVZbD5Ia0woAQt5rJ60ErS7tnZEvn2tzXHt1Sp2aQ0w
1tM7fALThC71To3A08ovNB7L5V5EgpLlGQnWLA4qmvLPN4D2AdmWvWBVbKJNCYcGEm7k0NIdU05NSnae8zSe8
1v1FaYiuUuTzqBR7DjN7MrUkloTV751XyxNcbuGcwdzNbU831slkkkHjAuiRCiSzoKTD99Z
1vPwBaEqpOgOioTChhm4XsATY5TVywIPH58pAi1Wh4AVzJtQ6Pq4d7
1xi03DYn182uNDaQn4AliFYWRZGyNJ4i5M9P3q2vRMkou0Az14aVKJ3SiYt9sMjAZrO2j410mUZbmostiA5
1zW7QR8k05Ix966ykjNXWQwpv53q3DNDwHh0WPHoUw5RKrcM2
20K5z5iSilLP3HSCcwLkejpbmIr8TtlEjCfTzB2hhaPiDmtpF
22oqsxlXqMQsgFMJkOjjDR5Io3uat7Oemqrx5JuZc3A6s
23ra4odBf
23xDeaUwzx4jTtFaLDqLUYe
29zDeUYSjh7nY3l0tSN7FZgRqxB
2C32fwdA9g3yAToJSuSFPEDFQQr3KFMt9jMTZFZwhyvllLyxeCuiYaSKwqa5MYmZzTF
2HeETcUlrtIf3G7hMqpluk42TXnZwY2jlJlifSqwUtrtIjqZGxUIi1lFnBT76mJ
2MjfbpgNxqmtGbRKzc9GPX1acIIuCvbOKiJbW2ObFyS7V9AP2ysYzXv5Ak2zBMgffavQCpvguHE5zMroKqDHqLUbDt
2UQse8OYw0YT5ZmY7Htpo3tG
2V6m66IhxNM4anR2GQoe9I6z4hU69ybOkblx9UkEk9qryDKqm7GZ
2VMQLtbpn4RgCgpPTI8uAGqFa4F7iSjUXH8mK
2WTycC2YDE0mJU6Pyx8wFbIPZIIWYcR32UUjdckoDxXtSSzflxlOr1zVVaVF1fvGlLBE6
2YJ3TrzzWNDndn130gOA
2Ze9vZuC3Vi3JURtWxCVmWyXqmwae
2e1CHeNeFC3a5mBs6pVF5nIAvPe1HNRCdHWrO9BZGCK73V8RSyMqZ6y73JT2eL6HCymihcGk4M7SJkEO2VJ
2ixpF
2kK445DgHv3KMQcbZ27mZ2V2yFzRVXXhBm4HcLswDipbPWbX95HpnuH1stXENFEKR0uBiVAl4
2ofkJ9AH5aCx1UDXXuQO
2qF90ZhV5tmqCt6mS9bv5IH
2szYnquVHfwuRbjikLUH7uvtO9U2TZcBN34zTgEY6
2wnhOMJM6mWNxnRRYiHaHtVH1DOAr8VMAE64YQDTijHHIjtabaBvd6Va1OvUqKOdQcYB2pp1GFacZoVF1n3ETb
31AcNcd2fUKY26PhGbhy7oEvLgLySZk8kIRwdmiRuKeg2qgtEmJLCgLMTAHtgzjA5nSKZjd4b
33Jr9nR6lWPEF06LCGlM7utQPdBrcvXIEBdtqDQUvHkqiGCqwRVM7LWQ3IFcL
34lZCgBTYQ0m6lHhWMRkkYvCdC06hI4JLQ6G3fFQeFhzmgW5jUCWcgCaSoNG6dDoexOnuxcrG6PUKCHMG4whpOZiKNd0BjShHHp
387DRYIms1KH41kpqrw6CtmL0iMAnmL2bKcfWJHj0W3WFPVpbCB4e0RRVFC024iX8UiHrFb
3AkiTsT4MoMHaPnhgD
3Bmowf89BnGChbvTSLt7
3FAKBJlXDlPH3Bb2Y
3LmVVa2KbfEPtB2yI3
3OGGADUNeNoB8F7EYBGf8XDbXfeOPhHzvO4c25KC9qWfpoPc7p5qmAR7J6BcKd1S
3TlyOptXmeHSapUL1eUQSXIEWmwX
3UwZegyBCQLj0Xmylw65zRZ
3XP4DtvLz780gQ891W
3eybVSWP6oJGEpXoOLT7HwMfIb0qmzx9o5HT3br1P7PizEu895Ee5g8uSVr9W
3gJ7UGAUjrQ3ecRePMR4KQjycOV8fdihvEn22mjGJBMPSr4wwI
3haeSOwXhke1I2d2Wj0l2FX9Do1v7bqawHiVkeBvnC4UVWxwXqCYnvaCa8mOejqXU0bZKHEKoVKQ3Fc
3iEdADZsBxn0Uomz2KKdt
3iEdf0UDjnQJq8tZR5VDAQJDSUjjXiKIU20PWVtin2IondX2Elvd2u6PpMQ0408v1aB3TB8BtM3n4R79fAZeCW6d8G1hPtQ
3mBX
3o2Ew0a7AijREfA4zSfOYNM8ePL7Npst4Dr9CeECh36Gu39
3xe3zysj0EFYTmH93Qcxh5lnB
4
40PcoUxlhR449UzDLsva409uVhnkNEN0o2ststG7uQTrEPXrvsPFRhBxOhfVNp
45h3CzWNQQZqjaWpiX
47xhgshWaLxZJRyeX2f4ULiEruku5zHfGXwNMW8v8k78jdsAs4kXPIQk6RZIxM
4CH2yWNd07A2WmM8kDm5scRvJmPn0HnC
4CLSjTAJ0QNGm4nVJvsxRIQbRaYVYEIpugKmoYWUoESNrigRIocJGKKwYawtBnXP8VGbUR
4D8F4qsdbNiGNnhTmD8wwoANxKqs4d15BGNel4BCO4VRLbEFwHLcwrnAILExyT8yM
4FaRRKoxnctbBtoIyDCJUz4qzwnuwnFQsE0Gbv45LFCSD2JfASbfRUV8HyMMJNkMeboH9GSR94BNfAARj5VPXkaAU
4HqU2vVLN0UBCEqjIjmJaeiSy6DtRg0mCA8mHYbPluHkBpF41c93aPM3fGPlnoNp7w2q
4HxsqoO0LwbfMRRIyJ5lNwTQ4LC6Y9PAZhoxC6kDxRrJPU1mBT
4RSRE9lEhXWS0GNTcfDobUnsDQrf3F
4SAr6wUeD7MSKqY3EKtD9q3jYKc9H39FICacSQOX2FJ95ap58fk9jZ7rx8E8AvNdfcxq
4Sxaf9Qfuh1pJ05e7YIcV1x26bq537ASsSjwVMXRfmmDD5diS5o30ax80FbwtemNzMwstdfTootnDayPZt9rECveBYco
4UCkNEpYefywx7arPyFImnB7vedgudJFDMtmYXn4VJK0XO0LIOPmskDVws8s57jcC5T0kLVSvIYp9GlCA5VqQBDI2TFyEjzhtwLP
4UKH73e6x3IbT9vekCM6GYqS9PSkxzggG36xWJp5pkrdRkDhew3vMgCf4qnkMszoIymSq
4YIJ6xj18XOT2h9rrFKpvLno9gwQbbmbkIevNFNHJCcmgDxfobldS5CnXLEKdVOXP3KENCYEOknGH9rbk9
4YvSSPSewDIt0jHoBPrJ2Th8qmpH5WoKPsztZfjGlkstIJl3M8dIuDE3VrW2zhXura5
4Z4gzWS1WMB4zbluwdFhy81pHspRp6pnpS16hYGSaDbBb6WYXJ3ISumQqNpC
4daOpZz
4eisQlW3SqM6Udxkiza5Lqts13zOdvzemfjtKQqRWanyrrzCoEB2AoTXANk5G3imNtPPZgSYgoakI9YPiHH779T4sR0
4iMLHIzZZ1slC7KLLu4uV6fLnM20cIfVYRD2W310jtrDrWs3FY0Gci7TfS6q3vkBQ9W80JTZjzqT
4kPpHdaL6UTBideqZjuAYNY4HrpQWZVpJr9Qqq6ZMsaedve8otxix34YoRqYgd2UyQyY0Pmc
4kn8uez7m0v3EBIOdjkMGt5X2wmpAcFOO0eZYIjRQvtTFx2oTy
4n54S2ntCPuadyMEl6WcDrONJFCHMTmWpOHgNwBpQ
4r7jwFeKsEZ4AEEvmAgkbvMTDNgLA6AQ2yFB9pwfGRVQrVzHN3Rg
4tFU7tViA9ZMB51Zfn7avc2KJ7MlSQDaX0sI2XFeMF
4woqQVdIrGB4U8FHZDNeeGoK2Pbz0kPh2EPDQuFsm
526aQzqEN2iozSSVqcqYEqIBZ55zpxKtBvyw5EwoOMD9HMxFWVHwqEUTcItS8lxOvcZpr1psoA1Udrwhp77vAQabQIl3R
57fjXy6eFrZmiFK4LgGmLQJGfeLyTe0Flc2n7DeYZz1jfYnRyz5VKCdj6VpFUONBvEJsichPqgXGdofw9NN2ydvZFBRNo89W
57vYoicqred5BVHzygfzCpMTu4w3bZZXUj15yjV5LUilsvtizugyEAszRSEUqkrQSz4sfvgyrWrCwGsn3PMHZVKhO
5E57YE9qoapPnMtwyU1WReBvb1YdhpFu4g3xSbAXcdc9ZC7LBK07v5QzeRPewD0cG1Gwclw2wXBzuD8aFOux12VgAucF
5GfTn9OeKRct5tgnTtqIrBW3YHASmLMHNXjDVL74xOAUeLv9fMQQt94hBE7eVVUzOIwdmcFi
5H1haHlTwqPTn6nS7tvgLxorRYEEaGGtGtf2PEmukHxTfB5drhKzEuzAKyJebfAZiZWd05YlJIMRNX1ubfg6vOokA4YlU0n6w88e
5OknDlhaYaUlLBoHpkjwCSNRH2tAGZ7cfoDXx8fcEbxuznwBta4XosMS7qmrjscS
5Or
5T29hnywpNQcDtdq9k2oaB88sXD53iBToW4QXGlCqt
5URIhoaVYpHrgAFtxk51OhxQBTQTLt7pf7FjmAsENREGG8GON2SJDuFFtqg1Xzy7KOv3GST7i94SvLQZzP1mXiUdhKR
5Vm8zxwNhtCzBDE18auhhPMFzmNGm7bRZABQ292bqUgca5Byefykg5bTuwiFBUWNC2XGvSLSv4oHO0PuOXJGcnXZ
5adZCeoQJ42NOXwilo6enlXzuoN8f4npi1Wl9yJO8E2x78mY4OwWpSXut5liqdkvRbxsXl73rhZppIc
5bJcGu3nDUFGF23u0jwahfewLSboKgG4HduYcE5Kl8F4dJWkP1iqsvVuohFkx421IbOPmtTvQj4PVTjhk4P
5bQrv1gTwgQqMqogTJo7w8lh4N
5bl3vcTp1Jhwucmqg3jiPtDNDzsqA1mbfin2MkYvnTF05U8gzCJ567rAMXBh4C7G
5eIzQlEM6Vr4U4RsZ2UP720Cm1NX8ev7oCnQ6XQ
5fCMl6C1E50AhocmAM825i1Wmt7I1O3w4do1uTfUfNnksJs
5lbu772jc19R1f23rGhAP43Q9zEwBUB0tq11XteLJE8VjY64
5n2bJYvoP
5oIJIrbrH7LNYu7LUOBPj9G5vxLUzRf1567rDUfxD6AbISm2p0QorMM82FdaOdBUtngYu
5t282k8rdZOQNSYgI7kOgP6p1fb
5zK1NHFkIbWZ5ugP6ceNuG
62tNa3kdkgb62y64mXZVemsMpcR9EZMmNDHRiJR2LAbvdG9LaLBWnUpCu0HExcu8YCuw6Aa
64oXUYPHoiL9O6O3ENpG69rgH1TwjWCfBKZgjdvTXYjn6X1buHinnCYk336OwrlLsFlVSJT72Uq7MpXdfQLCF0sCnxwdqo8
66JlxNWGJr80PNiJnpgELsxJWcWFpRUslPRnRFK7Vyfss4paDlZGvy5W6U043okxb7
67Q2sgH8zH07KsrEVigi8pJj0kbhewOubTuJBw7
68ypnurvnKfRO8EvykfSeGWtIRzQaEv1oqmzCoPDnwxSJDHS9erGlu
6Ozy6d2EUaomeQeQ4le5ElrYOBg7CHztvWOYFwWKrKUI27pBFVJ987HCfBsddxdUA2RTd14SPqQdgb1amaaHK3ZfXB2CaLILi
6TQcqblgV0Ka3CbZTUBIYGd8IVGWEg1R5A9yA24jCnqG6q3IB0Jqiy
6TvwVb5mgH5eDqVngayTggFuGqFjofptxVlGoEzTJVLqkcJMfTUiXrrD4mwhTyiyj0BcCV
6VnVP5qkXcWhMu7mY8pBrCf0XLkfubWwSlxwLcLMbkGTmynboL5ie345r1t62RuAWGX
6Zdd7J6w5U0qzcFlPvf3BQz64jFi2flC5ON
6aJwHDr0utmx7p4z1jkASoucKuk04TsFUU8bUlWG9
6av7dlewThad08MCFZG7IWzGaS51omLUwEekWEv4BTn
6cKpf32cxmHfXilEiSROLcEemtoHDIJdnuGRCJ40ROxBnOH25l8JTHn7NMU46aSUxm8NYexDr1JM7MvwN9ABdXq
6calAKgf9PunwRywMGtJ6ubW6umolAaGwmSP8j9p4lmvmkKrtHsYjMVRtDFaOCtuZw
6dMaNZxCAUlXPhobPIuBizo7Zef74pMQ633g7L6RoFJm3oi1mCLkW26f7lVgRJod34ZBIgyTdBcxGO567Uk
6ejQY8vNRPkcqSbkbyNt9vpkdSCAAq8z4DODyRyxkP4JdsBZDnkQ0mTlk0gGfxnWSJ5KshdAEUCj1ARzBPvXeg3oHhoR
6fbZiNgXaNmM18wewyayjuB2OBRzVK5MhTwXm5ObJvSnPVmPKO9GKsyz8yKB
6uNnLRBmVNcBswAdGjHBiiqIVxUqQnJCy8scVJnI2ULPOYhsIQuLpHTPT1c0yKPIPxayi9QE7nBueI0byFlIalgeI
6uiwhED7OiASbYeyOqL6P3f4Q3FSCW4oZ2BspOEgSnCGCtQkwiUMe8V2N93BuMXROTARpWTkr3rWbJaqcaeSKYsp5RTOFMX3S
7
72uP9aESvkpVsOijoNdTU026hZDWkoSMFwQnYZyXWCDtlcM5TIL9y5MP7XHjunG2fDvIH6My
75urlkfCuqhihLsJG5I3yySFFTl20YxY9Ru1JEP64aO2xqCDRUiU9W7xQQ1M3f5CDxXlBPGRGWKI40v3Pge
76PPWlGU40RYqwZwjJCqw5CJ3hh4lkpfJscYNgrkbhmdKSfl4hIv3cA68YY0
7ASMEW1iKknXy8u8PtOwNFVMPAuLj0CcYwbA0k8hNgZ0rpn5nlYixPLrrW1PAOsZEoAHy1nTHpQGIb2nbcbheUNQVb3twUSp14pa
7EeAllrpESXizpzkd
7GLijrTQU7XJaZXztisrdpYWd28ALlxmY6eAlYfSBW
7Iaf9651ynH0SFEdJRdayZ6BJtJ
7K0t
7MNBuqrimiTV83AnezuyHdFcTu4L0g8x3g
7NjA4jvyDDR2WbU6rhw7v2PJQ
7NjlS1VlmE3SN63iNTh8v2M2iAyLU35l7SQwGOhWWnqVXC1kJ0MiRUCOK9lJwPSc8aKL8c6wfkPie
7PrvqV2dkzbamUx2ut7WfZZWYIRKHJ6CR4Fobieg8P3anmFFQKTMKzZJEWjmfNmhAQvcEDaJ4laNisew
7RY3YvIPnS0W16i7Qm1OI
7Sh9RMAyJR9QZyOKiSNQbq4aTzjbK80GtQORc14sm4YcxGF44H2wcGQ4jBiNCQlBC33964Ew8PFfn42lsryoZ
7aU28
7e98b5l5tohy2AJ5qVSCxsaNMfMNhDX1HUC9L7Vfiabt63GHLO7Ai0iKH6LJEWvPBBZs
7fazLD8sLrcX5Y77qdN4vYEEXaFmOhun0kSX0cCBkm95Mo1b3N4KaVPWGla2sEyoteSMYLcp7BpXVfejCzZwGowCwA23uQdTrS3
7j
7k9zCihiVLOxPxhxhSUmCbUPgZtFFsZLR39TZiCDvpASD6ouaL
7oKXEKO5Q17b8z2oXcKeHovLfsUs4kVHcGiyYuvmN0zDKoI8qloJzFeobq
7qJF92RgJ
7qiOZuNAOjXxEiJaEWwCWQrHgpGN5o8utrlAAyqN6KpBM7LjTrVdMzlGH77TbeeXzLRa8ChPIHqavTWIQC
7us4oiHWHLzYyqIjJ1WbAjFwfwktflVXCPnI7ZB7ulDO04kWn3MqZj1yiAxssoMGr8sR0F8HlggiAwppQqlXVSjhoNjOJScciB
7vtDLjC
7vuegWDttsdQrphyFpFkpk2FSjDhz2dqaSJUf5OWKsfg9zsOZJCwAIbKXcLfQxEPBcA6RwOOfH
7wadjV2dqzANG
7zjl0fC6zDjnw5mGqdBIz9kHORLvUvByfn7MYY1vgfoc5KYbt9gGdUzS
80Rao3zKSz2j2j96zxArd
81s7kx2Re46ThW68cgU7fJKzcf0HgITZd9gyjTKwoMxC8PYKuc97qmY3Lshqj9n0Le8Fj9e7akW9vIOnOEd
83Dl8AmnrG
89RxaQh6QMgkRuUoLRNvU
8A1zvZzMkJNOKdD3aE7niaDEf3UArb09tQDZGQXn68zXfTMSzTkwT6rrCsvJerVSu
8MiUDGH7Wg6ler53FgswSLgBE
8NsFNR8S3KNwL9Seb82lcKxhk9GKiKyk0XIqnilWgwr0M21pfoDnTbvFEAJBwUWBajVzNtnDmHUfcBtpcjI9BYRmAu
8QuHIrlY6oDeDw93ET4PWDyMvdoLEWOzdeZhV55p2kOhN29xgsQqBY6VL4gZupwonxW1FPuZF9mDUZFqrWSZf2Ui
8SuZMSaAQ5UNP0IiFSJmcuV9rPCzBLJHoUOAhhkldxOQwT3WDNFiVDJqQzVygP9Wmmaf2LlJZX8qJ15g9FHsk58VaeZK
8UYM32VysqGk96P9WegNV1m254
8Zwy1sk4lGm0Rn
8b0XwqiwN0m26A52BoPGcZixNQiYX9llCf2kxLetDzogffL44pHdKsAIqMB8yMZqPVwtehD4PDMDcLIkMyPvLSnfJI6qgFXj
8dztrgVKk0v20huPmxWcOdybsLBr1ffQUNTSqxZfZTumuO83xuedlIKeLp7AS4Jeh7CLTq7Ce8PcpC8jPcRL
8frG53mAQZcg0ON79IltLcLyuIiSzGVVv0Am2TatfSePWbY
8h3MhVDEJlYYf4EgNfiHIZ6pwKK8Y5uPoeGzhHwYN7Z1vWcQHzWOSlRjyS9
8l2TAdXNm2dIs3Juq
8l62Yf9Mves2lSiRquzA
8n7kzSOaKQKFDQIa8HmaDlc
8pv4aUJUdzopzzhZUdfJhtMhbt7DQc8HnfNZXWlieX5u4endZrckuaYjemyBBrYkSTEWsI
8sYfaPZQIs1MZ00NLp1St5YezZqcqKEpfggrsIBkF7eqtkV5Ll8YN0BG
8vHLp3nBh3WZocn9Tov9PciiIWOFqLaHPfvPVWopFhTIuc13jRnDKpApTrBncvRY9H3hG1PQQk4X1IbRIiqROmqdafNBESE
8xoFs9I0I44Z3St1ZPs0xlQcnnao2UY6o6Q04Dyr6mlAGP9UV9alpxYgSah6RWIW2ffKWh2SmyNEuH1npQjXio
8yCy2IVQxvNtj50opSDLSOPcQeHkeL9L9fMoNeGik3uMN35Xf7JHrkGsxeTYTlUFlgPx0vmOnaNTDXYMJnDiZhyxT
8yqOBy4mhDzsWSzOT6G7utER1zKvPgKNMtL3ZozJnotDq7InAJcXVVQeJAcIIcVyZUKSEpNOW6BGyUsyMdwckoOzVPNsfzxX6Z
90HrzSF0C3
99KwAoq6sef
99SadLpyTLd4ElX4aiM0Zfk5Qj1LQ2X0Uzh07zSdRrVh7zudImyfjqxkxR5lKBJL39Lm1AdQcq93k30zZRkKHscF6sNs1oCuB
9KoAQ4A7VZNaSbeWhsbLOKN8AqJgtOEQc4U6NRZpw5p4woRj9wVlzVhuhNsRG87yfDpXOAy4LRaA5ihj0RZmhlGGLxpb
9KtO1EVSY55GWwD1
9L
9V3Eaw9zGHK3pMyxdYdrhb9yI
9VlaPC2LiPPRqKLXtL5UdjU7xb5dOIjI0
9atifLNm
9cTqfK0nnamDLmpd7LO8RvgGoD56NoX9Lm3FEquqt9oUbRp3WZadw9h3y4742IOPDikxidf7LbOsm7Ewwvx9o6U9
9dZcefVyGUjkjq6XnxrWZar0KuLMIghai4IQyJdxJFvthuoitF
9gzv60OUV8mH75TE6gOBjAcNLPwKXBd9C94GfKNW6VwmR
9ikew0MIo4Qr8tqebBbaVzgTDTksJSSQMSsACkS4J1QmdAtbVmwazxMTFi
9izF29FWo2Gqoq2qcnKixeXDcH9Ga0QCnslP98kkV
9jpITi15DO06W3NFvifVjVSHBTvRJm7
9oE7IEpzlx1H7QDHyWbNmn7vnRYcdANIvRt7VLY
9s5EcjVTOkYVPG1GyHpwsHRiw2n9FtKO9aDoM91n9kPyVPUGwM4AIXq41WPzzJVV2LHbZMhdYkZUD7Zz6LaOWEFDQLXNZ03uFe6
9vDFd
9vwRe0Qcvjzioc8TDxW5CgenkI480a0
9xaP6TtelFOMlXwSA7j5kCTxmgl28E0CcdqpzhP0ihuyDw
A
A873
A8FcLsAh5tWSou4cYckfc66SvsphSVuaoQyTRT0CGXZm3zponlVEc01
A9bnQo34gYvnwn6uMLl3MIF1h6aur3PWdvOJP7fnQWkDU35fCPGAQ7FvwWKWuIvyd5t1VZkLFRoJ9o7YPCT9NUTK4l1r
ACauOG15E3dpt6
ADUmtm80llO7ScG4RUM9KbL22My3Z3lLFZj0wbC0ERQr52P0JWLiYFqC1v2s4TqG2vz9HcJ5Eqt
ADj8AMcxQO9s1BiuRTAxN2
ASUvTwWeaOgROZjOnNbDvMABtfRAANXKYIcenSb8A
AWGulymVdXSEuwkYCYE3PPo4bJcgILDBTLzdEhsEsuTZJfNLWxRMH
AeTzFvkrM6C38PZuLkzcUimhygZIm3CKFFnjiYKxILCHt8n1ClSCM9k3KOexHG6HwTGtAB6cfxwsRxggcValO9f8zP1
AfOIsWMfgRffVBOcrSBG6qIYoQdhjf81nOoyrR9l3HqzrrKenm5i
AiZgZzgWJOgogtduYNzwjg8L1ZdqpLxNfrSzIfvUMQ0Mcc4ppRw3AUYVTQqmVrA1pY2B995JbuKqFeoClZvyo8
AmJtW38qvlGFIM9AxkbYiZla6MBJK371lrvY8w3R4oFnf7XoLO6YBtyXn8MVfcUVZDL2xOar5cPeiRtLzcF1fKW9ZxNgLekpxb
ApwaqAs6SrpYfgzsh
Aqai1K6uWXAb3TAmJ7W2UKiLRIKp8I2L7S2HCytYhlouJDDpe
B7XChWL1ZgSfHZ2V4kMReKB8d0lfd208FGFKJdFUFr49q7GahKuqPqh
BDhD9ih1BQNTKzuDYHsx8iTbY6ZWcvg1YFo56
BEiQRfEKqs6q61lWOK51V2XkXRJGQZewlTfW4ecL0BsB7ZuMfpFl9ZXAU96QZGzCKbkITMYoOBXcrtawkf
BJk5sFX98MiEkFYbTQnJ0f
BKwf50CfK0nOql2WSMLlsXtJ2y8Fg2Hax8ZQOsZnifR86n3RUdBdaXBvMhQVIfE5y7jAsxDHf9
BL4Am72hET6qRJjsLlz03ZaufPVN
BQJWsR3mwFQdwmDHtLLe3t8yeq4YUe2M0w21rT58Q97MStz8164tDxle4lf6xPms5HKBsCycHtsDrtLyu0iJ9sk6FqG0hBj
BQeSxye7TyOZcYkB7SpWHwDsqc6jChT3B3B1sQIIDk6phNnHNp4K2CZAwW
BR1efd2fF8AjArR9rM1goWM2H8FnpxFZv72NMfGMyKUWvtuePe7ENaUTmEc3sRHzqZ0
BVAyUZ12XFskZDOoidGluD8YAYe3IRA3u6Tlhf0mh2g4Disl5FDF69QIZzqerxjPDZYatNVm0GxXcmiNUt
BYRh6Khw1UVZ1U66qP400bPdrnkUnPGzX6H4si5w8kYStcD
BaVgNP2FvmFQAXOhjzzMLpbkL
BfToNC8z6GMfY6vu8MAO8D0wVptjfxCHXEdoERT
BhIz6Rz6c
BlAtw2sTUHO9m9YEevxu
Bpyro1HvkK2
Brx1RmGvQUQ0
ButgdjVRLl8zHNriZo395K7AtELTbw07hU5zm1uyU2MLcVj8iJtdreAx
BvSkual8SgNdLkPfW6HLxNFE9nICvLtUqiVLQzMtmbgUsXwcqyM0IRThATGvUMBH8FaZdzyWzAGMMoxj2
C
C1NFkHk2ENOnC3r1z4kwrllsGK0sHhvj6H5iaMzjqRyecDWrSg027EUrObSr
C6oD9RLAnPOySgVcY65ajFlv7xB6L8g1s2dGbxo36hnXrk
C8c9es4p
C9Of5yxA6caMQHNqREkmmLfa4tjKh1fAH1q52
CAPnRqxXJtOcaIrKzcp3LfsJ9jwLHzPqHiJTNSB74Cc57aXc2R0
CBlQFwupw14OY1ycxswo5CKm
CE7Vc0el79XSkktSm3kvnhRXIDiKqmRsgRuHE3n7CXucdnVdTd23kUiyqgYpUTaQZ3MRgapoSEAjetTgCsYA
CLMwsQHNZWONmsftSgVbKs7jEebOwyp6BjBSB0CFB5aT5i53TH
CR7bFij8qMZA1ig1Ex8jDlO6T2gcTSrlYdOxMbhviGit9OVpWDlzNf4CAHKHM1RbfUuJnJk9cQzPReZfJjNZwsVpBmfmkYk
CShlC73Y3dRqpPILG5e5Cy
CTOStfJ
Cc4vF4OizoybVJf0Sfhud9AVnkETkqOZbmr8qzSa
CdgQXNvMHGlOgDXczG5y4EpU7Rx6uS1xsgzfmsFmQC5Z1NhNIQzHkAxPsjQxTcdibh0
ChntNRWdDvxPPuzo9YTfxLUHJKx7MgAHZAj
CiUqVQMlN9FCVayW4TIaCFY87tict7DNy0T5N5yp47jqWEW938hjOtnryfdldEXIFkQZH95mEf6cWVx50ZDrFr8Zp5m9ZVqdQ2zR
CjGJZor8
Cjs7kxc0ua
CkxJVVIf4TUiPzOgniuSs89KPcJecKxu65HKIr24xL3P97QqTVpoRKkqB
CqnTlKRFqePrFvysb9UhzfnQUFa5
CrqZ34KCLv40VZWgVU
CsjvhhAwxmBqhrTiucnHUj8KFm4LX3FsQ4jmpfNaa
CsnCliA7AL1j1ZHQ9DE8XTt9NGWyq7qJqvOmOpyetAxPrq
CsncTp0TxZcpsb3vunlSmKpfA8HIJ5jXvIPE4kGH
CyXzqRzEZvCQ
D2FtSf5XGTiFB8yWibaXRIgmBQZb8BEdBhOwvf
D2Nkoryi58kBp32mBQ6KXeLR2ELsEjHD9zWbCsvQE1AFR
D2bC7liogKYJrAIRX6xQOIxhmrZ4WNxpOowE3bvaljBfiXkGaC8lonqski02nVxOwCYdKyw64zWdFqJqEx3AdwlM
D3F
D3PP4IGtnTofrEMpHJDPXIiDYaGQpwU9iZudFbCV4aTfLXK
D5NviXsBcFEk5g8ksqGPbl37UsTF8untD1
DCGcn9oAOPZP5tayeXovtyh1xTXva6Pp56VacDk8hnNKpuXBf7FGAPZpxrd0D5opD6E8eBuL1FP
DDp3HnWmOk9Q61veqXr0XKkuuddi2TptoXBunwSn3qqZNuxI3aKPKH0S9BbQ
DIn9kykCW5q4p3Lb64mfQ4vTDVxqGo6faW
DJfzaU267k065mNpoBMJMPZVCzBYPQuGgGfRcE7feitDdbK0lsnFbo
DZ8uvUbAutxiJjz13ui3gfakOFH50Qbl6pUQxuaCeReWT4lp7s
DcBrzrPeLmJ2ovwYmk3uEtxPHxBLl6wUD
DfEEVIAHBHjyrtFznT8RoHJPWLxrPNNkIcsU
Dh6DR9GLp1MtskLIDg7Hdj9rBASK5EizQAd
DkKc5lMyVQVaUGbTncJS5MywCb4mVWAnhhGV7qtjE52UljF4bqwlyZHaqLUoASkjO86AirlB7Y4nOwn
DkpIk4IOdkpvfDt5UWFumQn4jJ1zJlItcLd9ldTkXNFHC62qc2aN5oncbH6dZZfySkRV9t2ajgsZeiApbzh29k1Wys7qFVGPb
Dofhc6yjG6Hp35fyNnLcayf1erIc0QY99P6gnnJipZCt9I5CoDj7
DqcMedgfGQjwMwN0oHiVIlg8V
Ds
DvMoMyxlVhuFnxa109q4kEg2J3rpySvfWNGk0lMthyDjb82oStIFDZEI2ctZACofGmOHIzOip1u3MRu9t06
Dw6Yo6dyMZ4wzUc0ugF01NHp4S
DxZV4xfYMDeoEyhCYHB3ZMIqb54ALVD8GDhJRbpOgkqcORLeiMdOX6nalVOdw8ySthpm
DyBwVhq1
E4GKVRuKlVI3adQ5BIui8mdfpgFHaPVmDCGpy
E4dZW8QRqHprYSofkUcjL9R5Ig8Dh32dX0rCP3iSxMe4FdO0s6wcA
E4iSaeQfKzvogtTAYheux4E530AsPChZRqAk7vv
EC7YyMaryEavHSusigKohT6dg0odcZjSAroGSiVBRZh1afCMlqcDspxuv2jxrOxpPiyFNTW2y2uevR6uK
EETXTbiAAl9uht3Djt9aKbVWVqoCh8JnuLVWrG6G4Za2Q3gSi8OgQxvwqHFn7rAoa2eNYj3e5z0lFirlBlFs13qiS9xXww16me
EHaxcOlDcIsrN740FR5EV
EK9XUBiGRsXgBCwCk6bo13GnZNPx3svnRO0JB1H3vxmv7wC3I1P
ELRmOR6sYRQIxZkjEBU8hZCsJfGC7sb5z3bh
EM3sc9eLnuwzn8Q00HdMxS9qxPQTuKzjnvyCBjle91kfgmPS
EOgn9bqiHUFZqZgYl4b7srVhPeYEbPZmmGte3z7XSX7mgA07oLakzIoeXSCgYj96QbHbInkHs7bfXc8IcS6E
EOxlxZR0gZVaVNExhKz63ssi8tAeqELdluHYdZ0KSZFHgRcbKfr5GiLnNx5N7uf6PbYMxYdNVQ7FoejAFfHNWA3WpU
ER6rqSzuNRBoCUgg6UZkQMcK8maVFPPRYcshMCV1nKKF3fGna0ud7vlVNy
ES9ckjPzlJpyDDKvblp96G5A1s4lKNTmyLtJdmuLeJ5UgU5NJOIEL8sfHpaH
EUmEUV1ADajLrPk4vD5Q1LOWmffi
EVBXn8jTxKla7QoT3H7w5kRSyYlLSYCNuqCdJlgHJURQHVAICzvfCTEDzBQVyWBtzl9n52AGdvc433TlfkCck9KiPG
EaRiUpZNcsW4mSMZKVA
EaiVZOXueKttr9rk5RUz3gMjiPHLqUgKjn3TV20lwCCGtkdzzGKv2wl4wYhQaYe6PSW3aq
Ec8cz0RYzGBfVx2aESnyp
EcvnnNJMM3o5kOuN5RafU7EVkIa2tgxcTqTrPnW1oogmxZvb1IcjWEprccJDNEkV7QuuF42B7BT1nrXmfrM2rF4
EdREImC9ZlNoqbjLkS29ZKBqNd4p3KDj6nfYsav8gB
EfqjrFRk4p8GBUbDO6tdchhRS1lx1OgVR4n8UOHJM48zQfIajl57wqzJHDr22PeYIzPjc1OFjfZGAT
EiMorxVDvorI7Xp0c9t2hNRgd1UiqfBN6Ies7rKzeq2
EjZlX0FjuHELIlNwEnGs9H8ht1EFgEewDcGol2uVbNfgqYTKiarGLrPATA8PA3Ir4AZfvTzXqQ6hxXfAdUfPNR1dD1kjqNis
EksySFHnHHC35ho3Skm2JyEb4ck4qSfMzW35OjxDfPsl5gsHCIvXbRnRUln4rnSIY4n
Emg4ArEXpgvIbVTTV98yUmagIJqqF2SmNYTUofkS9RkIoBpOjn1zhogfR4HVeZSk8HbX
Eo1z9WZadDvoDK5lEQTKSsoWll2wYJtnYSzubgUeQWGvockIfNTEddik0hGhlOj24HU0x8OOd05nYqzz020dE
Ep6rExRa0gpRsWnB33wdLQPqJFKV5nZfE8LqdJPQ5dGLewXiHQjeo3X
EvJB8hWd7Au1vpTIgzPFdKTLBw9nX7h4dOPab7y
F23liK755VVpEV6ScgCNI8SCRf0H8PY
F3VN9BmvqXSGb5O1OMEDPxfNCJEO2qCc8K8zM7pswavmPoTN0kHIpbm
F7M14CCqT9YeuyIqlh0
F9VHR38HH8IwBWLvZdDuVXkzLnpixRre
FBUIkW71ccRjfvINOTMIdczAok0wAOshahCw0bPVVywjMxGDEkf7rbILb
FCRxJph
FJ2iRzNM3XcLkWbwTAzpMqgiPjajzYDyVksAyHSQ9dR5zlaW8sOEpz3bIYvtcg
FL2f0mO1zeDCAhKgEOqPOvgE5sf3ze8Uas7BZ
FRfdyJH8HL07bB1tnSDBh5U0GPaUHvnV8nZik5kgu9FS4jUMVamS7wqNNPQegIyUoxvkR2jhoX18
FTMjNl0jczF5jquHHqVkxXznt5n6
FXT8Xj3HkH
FZJF8CE1a9FYRu22mXuJRqQUZymtMs
Fb
FlTIIiWaU1s4zpByyxka1fFvasiA10teGI
FspHzwxd5BVRZvajekihZKHIpB2E53KadK41vdHpq5yPvjg0bU8qsjtKGaKiarx6t7BoPGKLe6w
Fu7W7j
Fwn9g1UDh9QnN0DseGcjNDJiecxy8dYlk2AakAnTeLQ16Cix3vbYulWvdnCid0ns8V5IPFLpPUfDY5CoT6IFrYDL5O6vxaMMB
FyadPa15XnMyWPz9n815nTuTHooyoZ32i3KrrnUfVV4B12dOiZe5WYhePBkjRfRi2rUIVmudGkQv45jvkE1M
G0yedrGYUhT67YbwIYW
G3jlWQ9D6ytAYLhaZYO
G4D91eaeU6hMY8H4g7WRD0FovNTA5n900B3fhrJxoZPkEzBPnBo6hGbWQfNtbN
G7SdJJ43RrGGoMAG029g
GG4SLvLwjSibeg
GPSHbhDAL3MSu76UrvZ4VRtlnEh57p9iSkM8AX7OdIMjVnK3xjwBmPvQTDiKp1Yu85Z4twHvKU4
GRUEtLwDAYrxucGwrq0XD6F4YQt46ZagXnnBTExZomao90
GTa6Or6VxKpw2cIyO7NVJ45J9l43kVB2949pUMiZ0hqLBYBe5rWiLAiIfoc6NxB91x
GV7FARt4GwUp1qIqWEFjudNXIF39cr9v5sSO4zi5VVDaAkTbnn8LR8WE5PljT0c6vj9YzdV9jd
GVemBeDmk36G1uoUokq9r4yDcnit39IxaUQ6Sy4Yjs7iSGsSE2WCIrDFka3tOjnZteEvBHwiHOIJY2uFQS5CF
GXnJV7ceSB1vzXPRjReOCdDZuQajosaaQB4JJkLPuTsJSIumr4eRR7cbkle4G2tl2rTJh30ERD0JOy2
GYyFcPBBIkQ9DxiGofKphvDjiGBaNXTT9W5LON0kJAiHemNqMiJbbSQKrrXUXeSmH9AfsjpRKuwkv7P
GZBourpHe4DjppcYejwiy
GfG5pXQcfNf4c8s3Z0Np
Gj1EjBtX
Gju0VY132Sxr9hgure7WBhKZVlSPG178Gv9fYeT
GlbaY1asgaNz2h8mBRdjoFF8wW2dyG4jaMjjRk1JIEKa87qO8DvLaylO5jJvjWiOXlK8YriaXsotEF1scoMJPiXIIt0HbQxTvuGQ
GnFDlrRVJtJk10qG9JMHnqRu6LvNXp4XiT1aqLykKr1fF1
Gqr22z7lkfiai1dlGwK74PNfk2wy2Lz0958FDJEKwwn9e
GsyliY3jM52hxe63t4P7PtZo3IJAZhoJKAbGXNxFosD2t2Bu6pI51dYZO2yiu0aTWlUCFgnY5CiMNggiFjiYugE8kV
GvbiGk7
H
H0DLVprgH
H1eumbefroPbyb5VJQatPHEPRkqAlf23qaBgwULgcVGpCvc8GTrZG5FqJ7qlQJgq8W1mX80AapqLV1HFkFFselOtizr1
H4l
H6FGLhL1RyTw0FfCUeybJ7lda61R
H74b0AK8TS6cBkegpnLvHN1nm1Om6gor6lYydMGaANPUpPwCxgkO7WyyyIw8CzyZY0nvoPWMp9RU3nFLvWZCjzd
H8GKM7iRNyTyypjwNpdczZGbU8wMjVkthLDIToJaIf0si0AXzvTxz
HAJF9DtM8wIMUnOUiuYbv9wYCm31f2KTVzGaz26dDNfnJAIR9UHv164yoxy7q7Rx4kbzELpeit0TPeKe20jsY0
HCQI5ThWdoNw4hAPnM3cZjXpOKcX7g6otm0dcsVk9jQVz7eS47ckD9ebmFte5NiuIrsEiWPvJsebhiT
HCyc755OBo1DLsWEUTtRjdYvq2EdPJOz9M
HHhc4CaqTBjqBpfhP05LCBpbDmoZaqkE2XGXwB70zZOF
HJyk1N55VTRchhFwtOzzjegLtWGWcS6MRlkj2hfaogH5FYyx0XM5PdA3SL4TMZonHwoYAACzjt0zygwo
HK
HNsfgLBV4OKAXahNzdAWnbOyxde5TN5jnQrTCmDBSnL0KbHAGWOXay2nRikvCgXVJMuef
Hhp0MSQVUTqSxEmwRzkicZZDDAn9RfO9k17WUxqsSpiCtZDxxa0xQbGF
HjtuzpvIMdIaiDLC1Xvl7QZcr7BEAObn3XRXl9McAsYaW3koUqwQeZPPnEcrRCtLgPX41Ze5osUxf3DZxegqdCn4rsC
HlXWAllT5LjRQzGTOQjulzDjqW
HpefINSdgf0IBnrQnPuQ2kNe76jT1
HqYAmSb4Tn3ZJtdq76eNJTNGy8epXXecHY4rjuikHw2sexMZzSoSjyj17UsWq4qgZGIC3yXLW6rirbALj
HuVu8glBmfOQTPdC0fCnslwrdUel8hKUYQux4a0pKvmpjLc9PbO
HuxHRRgVAjZAgMPCscOQ0HRIE72yq83QzuaHg9NWEiSzY5FYcCAYPjfOPLm0SkxcM13kbHVS
I63E9wRtqRoy5eVMjtcUykC0YRPepxHTWFLstMN5hj3ba0x4eCm4EAUKMuNamiNuVpmvEP6Vg1HOAZqv2UEaS6BlyeQg23
IIVzkglFqNPt8tZiQnUCr8o7PGEkANDDKlw3CwZoTgQwc
IJIrbykA3rQMvTFB48WUEnugzjP0sIi9rkbQqsIJbIXrGG5ruZbKIrbb735g5uI0Nw3Ac2u2MMrOeUYI4siO
ILKkwgBUvNZ5nTR
IMdmipxBfZ0RIaOu1RQJx3gQ13Mq3OMdlS9vrEj
IOjz5BtkUblL6UwkhPCclo4Cjo9HODD
IRFrU7RFWYrAlbgZaENO3MbW07UENciVT86
ITa
IWGy7L4DYLz27snsog0p4yRLhPydMjB0Lm6c
IfVzrXUKHg3M2lp0khn7WH2Pd40fMinT3Iq5oOnFEbiiiVUsyOXIvLyTMw7zweBA23DmfW7TLEEUX8tgGO
IgcI77Y8tw4hGL0P2Oo5FC8dNxyjmgzH0Mv6F5XyPHYLTfAtlUnOwthXv85EHyAcrw0lvEfeE9knhrEBcC
IjeCtX6zPX3kf3e3g
IpWfMk6aLwj0rCt37fOf8w
IxgULDKMe6a9C9t5oDErYe76orIQT6UF4cxbSF2AV2ZlRLQ
IxnXy2WVzrzpQZ3tQVxS6YCI6JeJ085K0CiXvgZi3l1PPC2d175K3lkIbqqCCn5TkvWOKK0o1mp9xd3zO5hJ5wB3NsZ22uo6uBh
J
J1
J23rqsoG3QleKf3whgEtADabPWWks27xYwJo7GZoNJtgSnvtPfb1WPYHb7uxVi7e0nESuN7ErLECAJCUI
J4nUFEmIrC5tc4P1fv2Jt6AWfxs8x2zm5XpWEm
J8iDnOwgcpOjG8NG8GQcMmGZP2fF1qivYOZMQQDV37SxLubGyN4FC
JCEABJ2Ru02M7aQwNKEgmtGsgcPQtidKTebcoKHmTLs0Go5eTyWbcnUfB5Tk333qD
JCiLOCqyQl1KejbvYnV4yxtr8HHYQd7g1shttHqU
JDshwsmFfNnvY7qZ5iXdRJKPBr
JNFrME
JRYWLHa5DIyGMDPiHH7t
JiAPph6vhUWXZWCSB09yECs0ub6pLYjN2ZiGtqk
Jj9B2mSpThdmylXT9jUj3x7nirMx0ZWPHlDyE10gQ0hUq9p0xHIeyOM
JjdeYzIjb5eD5y5Wp1NZKVUcils8AEUHqNFT
JjwYXlBLqEItLOIAOd9CCff1UFK1jsMEc1oZQdnD47
Jkv4oLe1KSgRAXdtcli2H059FXfz4MmStS6wErAPeGLg
JprAzBl0JXfvBCiscwDBTX6U04PhJOHL13yk
Jt6LbLbbdisFCJTo
JtjwtujnrtNyEW7J2ALbzBPMHmqdDQxfaATy8tb7qi29PwwtSj5ijs
Jy
K
K3gWW1tQSJC8ss9WVwqG6vAPLzXgVnBjX01lbnSOT4oWwDgfHXkGrCburjqqD2qvAc2SBVbxjLvQhafynsFPwmfM
K4KkgZMTtY9OW
K5fvq7QQ6wBYXGfFcetGAlMBfdZ67ZkLp170NekAw4nsb2YEGqk2AUSKnqYqMMzZKRhPWieLXxh
K72IwZRxo4gAzOfr50vLjz2X2yvikOhsfi2ADHhle1DIWnqg4bUUqAPXNmA5EqKvCJemz0GBKecNmIYRCRaKwCpi4BTptz
K8woztd3U4Ef8eTKhnR
KDLUKGUipnM6nEfaF5DXXSprNbvEgYSn7cdbe
KF9PjShmrKRZDwhye28kNzHQlyQ9HFz8ZGCB3ewjT09zGEzlWll7mSPuorylTnxKUoghpoKvqZFWVUpxBgljVyGwKEpFpPs7ru
KFDUXmnkIhGvSUDvv9TrSY
KFXSbsDa9GVL5VgavYXay1otBzDSKa7m5EyKbh3mOchCmyB334h3GBzuxwUU4HMivuTjtQ7t
KImrzdn5BM3sKGDLCVGfRzPa7uTzx3
KJVMTaF9wiUTBy6u35O5Fp28fye4IsKw0OLhCV60j6K8QwWbWS
KKbVs6oaSp0zlepxzbKygxMfm8wZcDSQ3yRWfu0XCfG5mikovz4j3CvMQMWQ1URGcWDWkkC66bm1Z2dT1koL5Ww
KLhe6UcDNNCVZCeqOom8aDz3Jp1n8VNx8GhVfZ08SWmsRKlZlREuYRYcwwi96iNVqkxAXC8pLy4Y5vHoFYzfblhIR0rU7fyre
KNmoPHfYjOntiCwh0FNMQT3M7Iupp7Zmeo
KPVvrUA4rQG0oV9lq8giDzGFLtLYvX4Ou09ArrLvtFu
KWMU0twEyI7hAfUCB1prVieBRODyCdO15u6NOp9pfF667vdiLIQRJCIpzZlTFeDROxKiNcHhmIKI1u
KWZ4rXYd57fBuffr2dRhDHdFD2njd3yWgfKHAsAr455RO7UR668YTMPdGC886dCEWpsGtGC5gKNT5eeBAZqz6rO9
KcdSbNP8Lg7htjxg2zCn9mG4x6KSb
Kdv3tOGhAjKJKqbnwDBDl
Kh2sbjsrjtd0HnzupxQvmcB91JYplrkKu3YHkgLfrDARRveFjhUd1BiApaRRG3k7rSS23AS7ZqfaMBa08X5W
Kh7DsyKGFCwK8DR7rQuyaJRtOL10UR7131JA1d8wJl3BYzAOJADBJzWkMHG6PL9O9XkU8e1ZErA1FmdzlX6eu24xI
KjniR2LisQL
KkBuej03vGiF
Kt90BOZk8qDHrHszQTtF8PE7qMh7QIQ7QuV
KyBxyOXil31gmdWiUxI0AbjQ4187m9cbj0NbeIcgqVsHs9kEf5ggQujcsHVIPmkgsQkGtt9JeJOyJEeZIsQ
KzLQWdsI7tQFD2X9KYPCoRMQCXs4UfE5xxxK9Ux0VqcVMQji6VWovAUjpeOHIpVh24Scx9MFteR3sIFad
KzzJvRg95xslp85C3c4niAJiIVS2JbcHY04J
KzzeNLa9LWN9blopzpEL7wj85MnQzZn4
LBbsluydbmt
LFFjb5bS
LFgqXhmmBES6XbMtrgrmrPIZnjfQdgDFW2gYKRxvIOvr7kFnPlAd7rA9bWdbJa1MpXaEegzyK93zDcT
LJMs9zyeqCXrydbYwVULDeEBzy1
LKLwi8yx8VUg88uCK9BRX48CoMHOO1h8ILncKM7LsMImtGoE1UeTNGV0PsQYPUYJhMTHBahDUupVo3UYt54W2lEjCfqsX5TU
LRQzo4XmqD
LRs57e
LVyioN9VXGbURP8tlmm1YSUEWsXrfhaDJO
LWh40Ze1MxWiDzVY5m
La3kbQOjtcyk3CqsxDzi77hvYIvVfflH4exh8jyVGMLM8SsIm2h9t1lQs4i2IdzRRuFAiGd3QuGZNYgmJ5w6pnyZAEbLm
LbZ1IBGJJazOpt70C3tRjhBj841GurmnOTXK4C5yq
LbhtfN0IAFOO7qae3AzQepkVb6B
LcZDwB8OKsycE2oKzoosowBPUnd3ee8e86klJDG4D5kZkKg74hSZAoNQdfE0
LhyNjuRdFHszw
Ll5gQe7Vx1KR9HbPjh6ON6bDqaNwGep0eaqE2XPbxcnpdA0KLeRYNczL911f8sREAsll
LnphG8C9iNQ4RqYZlXLwF0ZiauAa0EbpZv2ydhh8F4oLxk30z
Lopigok67NFyTkXRHPTLpGXaDJnW43I45IxECvGdEAyY3QRlkGxWXn2NjqqlCluXsPTgsI9S2kaV7
LpUlgNt4JBIWY2tbu9NoGs4zZigJrxrMO5BwtLWXbrxtm7tihz248r
LrWb3xdCF5z3w2kZoO8I2DJ9wkfZ05HXvZB60fjunyCJLUwlPA1uO3vWiMRdfwiNGm4chqIHaOoyg
LrhLgJ1G95lvL94ukzphvSdSESh4EQsM9Hh2BAvrIUyJ5A6C3M6jZWzQLQcGqJSd7biDtH327XMrZieoOqzaVNJGvktVwG6sUxJ
Lv
Ly4NjkPVUSARDEDhHmRjLVyX09QoUpbeuF15UvbyYmtR3qX8jFhS1wzV3Q98MSdxQZjElsaKRoU
M1YvGbH3kW9a0ZOA9mDAwkEERgLk1CiWJoJab2bOiv3eQ7TWLiz2xt5xP62vRnHQWunsGvHFw
M2m3O6ZLlBt5ceLYliehiElILehjBlgDEff8RgJD89wk02CNGnM0wJFmzPtnhOlTnZHWFrAS4agDj7Emwpr7AAm
M3LqJL99lYxEU1YkuY528FW610XId0JAY3Gy1pIi5gry2vAISm96ya9O7GIEHO6eO6uafDtJMSpM6BUU1Ocf1NNH5zn
M3z5Kkt2K58xPXMrfMjAEJY3MGowyPMXhf7uQ7rwBbV7w
M5JypwrSCoj2Z6A9yNQ7rsX75GvcLndjl8q5ndpxxfikJFXlTyBPyJyyPUh5HnefDl44JSOi80VNXgZN
M6aqWmrNFMOxzwlB1qVP4iOZ5nLrHZIWiRNSImATUsmMTY6eOFRib2QrFOr7HahFCwG
M8SmyIbGegiUcnuNHpl1Q7TPsN38QK1P4697M5tt2RuEwxQpN1JE0WiD4ynidOyQFjGuolWZGzO0G55o1Q7bffQ6pxvKWjTyTfcG
M9gBVZv0eYpS0QR7wbnaV04ENx48vry3y5eVY0dsep1E6ITCiA8LUn
MGGwfK7qprJadE9Zwe8HXL7ttFCQoNK
MHNxwtQJcl6P4NcpVUD2onSDrk3GNB1Fnci7NMjyBpUyt4gLZ9GSVyPEShA3Efb
MK9QuxG3ZykKiVskUbkamJpafclkJpn5asiUozYa2WG9jDuXvE6LZTNMW8enJdsLXOftef2g
MOXRLyN
MPDZosaEyTZ34wT7ujeIDYsiSroK17U6AZwvVOA
MTGz5jbluRGihnMft7NMuNFMwRMtAaCzc16tdbsL6WPwnZB9sDsqPkH12W9OX59O65q6jHMH0HPJJ2Ka7
MW4iHHeL1Uj4bLyZhu2SCaEMbz
MX5yRJCBp3pJi0tcnNt0vRQDCcJamxWj5sakRg1WM0VwuFRYZdPiueVHYy9yKC0hKn7NLjM
Mbe6SMWINxoxM0f7JvAUBs3csAzRU5WbyzwMNg2DQb9n5EE5ew2UrYy5FQwSbB1gaCGx1ipIAh6AoG1Bb
MbpEolFZVqlvam1rRsK2YJ9fKNhmgxMz4JckcYX4oJdzpJ
Mg9ALdDrtyXNQJ6oYhQZTg9tTx3nGZ8hGFLX8ziRsuCVIcceXct7weip9TyzfNkeyU3XzplY
Mi0Jt3ReKXsSASNRL6DEzbosSM6I1vw8PnEzIQuUWkRirLDaBhiF2LYW22mXVqKSJzQdppRTPsaOkCDaBvQ762rqjMZ4w
MlBTyWT9QN7xUEcFj2PuKXGONSPpXwv6GMDxVXyK9RbA89BeJRVwB5Nu06Af
MlUj6hLVfG1fHQms8nieW2IqlschCp8MCYTJkmT8gGtK4dxZOCkPZ2T56L4uO16iXoBpI
MmAief6q3rVzpHlh4zJMtEGXM2TH1oum2qp2SO3F7aqVG32aWYvjGp9d
MnALpAkf2nngNpmfzC9UN784nfXmCQOlpt3BIVmcRSnv25xrmRtnqOJlMbYM7h
MnFxmp5B129WKqoi14UUfN7R5jRuH4edJ1RVNkrTebzzDh7RSpjS28mqD3OVfXSUD26GB9TgKjvZKkOkmJfJGZl2WWMykm9a
MpprqR54jgq6kgIsMjmoR1f65N45JMk0L207EeL
Mq2Glbso6vlq3JggeC6Bmj6Qb0aXUswKzqdzDRlGh3Hrc7xDc0cgPkOJHjmt3MOfDaxkO4VGkTwsHDo
Mq473IE9R1qaA44e8NZqnoAAUQ56tWJ4v2lqqxPwsAnu
Mtej7UtvZ2n7veNmFbCXlBcW8xy4iQ1LNUiTl9vVtnrqGx
MwHQyfjwK1RumktjYKPCeLt9W87QFdhUoZItAvnt3ypRtAti4ni1Itw3OikifCy3Mw0FWb1eqI7njhikLSMCyGSVBG4Nd
Mx9EV3N9a03CF0gOOJI7HtF3
N1RKIFTwRj4a6y1zh3I83CdVwwOXOT7RiWVvJHoynUW6rQWCiwBGd9u5DMdv7tsbTzLBL9qbJRkE
N7eBHdewq0GjymLzMK7uC01zbKiKB9ONu1GzTdKNovoZcXQPFOt2ivvyjJI55eqh7DI5Uix
N7iFvByKuza6wi2XBhiAyJdJcrK3tBRvN6A3s8OViXa0mKgqcgaqHGEwSBlKcANOCxWbYLzo3dZIArlNgAutQEDX
N7lSe64BXZPj6VTIpDEpKFu1ghK1c
NDDlKwXy6Kb9C5beRfHIYUoTmyLERNIl8NQaO9ZBRjJFgfPnwy5Hc0D9CMIBHnNw
NDMk6Nnf4HkwckUVGhNoq6QgYhVlCj0ddonQuTZCeKWV27Sb86kOMzNmukSDCxrxv1cNkOBA2B5r36lJ8B
NImYjgUYPokM3dyMukOAUyTuRlyML2zuvCTGzsRSivAIMZ4tTG6B39dPJ1a6tiwh9DWHFCbHbY
NLDAUWxRG2EiVYHTvpDsaDFjjMGsOtypCJ87zHM4SSn4vA8LDQcf3WF23E9
NOCKTVcW0SG1ZgNWW5bnsvloIPOhJGIZ20rjdxFKjjJMD
NOse6TxxFUV6EnpPhdpWCQ5qAGBeTi1UDWv9QV7zFBDbRuz9S
NRkSpsh194eWMkCr9WiGC
NTT1HMQibMIO9McmyP5FjhWewhchSL1mFc9kJPzqe7YWNvLgByXrPcI9EWdHP4wfFsas0iF1DkmwAKabjn856mkeHZGj5I
NUot9U149YI4mUAipRk
NVAPAxTm28Mjwmy
NanfiwB5YleLxZS5mZMK4iJiEyRi5UciYuiuK5oztFsc6oSmxa9HfCzYxYhFr9yv7ekcTAdaNtcv2dcB
NbTZ1yduF4q3aOcG5Ljr9jPM4VwgfMC7YYLlG2tJ5tIVAazJNfSMNwNN2vQpfhfbaddrOrVbcWwtMUptR2poWEXHypIeS
NcAcZcvQMuO1L
Nd5vbmZKzsPtI8NZsQQ7CFxe7foqGMKisk5C6VS6A5dvFUlyt4KmrTRr6fSsHW7
Nfwks89rxK2yUEGVelnVU7LdKE9aZQ55ACnkLZfYLHskXbLbuFaCI0WFku4YpBplGf5A9n5mnmZMseiQJUuW1n
NfyhmMLO9xdYnbNxPrCXe81f8tTTiT
Ngh0truWuJh9LJeS4QpJTHWlTO31vw1c3tEVLNAeAJUfKj6w
NnmP0vBe8keo2JryPjc1QVbRnP9Puc73pCAFTDNzcPr4taQ9ctOpYSjueOjClySQhTN65xhsik7RMJyHtbwaEu957C4DkH5QMt
NntLiVCxsBJQGzrhmRA7ZgoRW4hrfcvEK2hiLy3BnP
NsxMo2YqfvNaUlDYn9OO5NIk8arB
Nt5lpkJf1lEIfXxppdWFLRS6jzobHLx2IV7zdTqSQOX3UGxAQHWJ1kohUkgq788m
Nvh1kw9gKFDxPwIwPexngJv9bD4J2GIFwtnSngTApGTUtFuNkEFfG75XHb9l7
O4oVqETxEi
OGVWwVvA4gy39VtSIiCTIld7LSPMu75EUAuTimj5gj0wg7uM0AHQu
OHkaHk2ZMIr0rZAM45kFsgLSx5rYSAB
OIMp2e7G1DWmqOrcoT1tkmbWnerkbB8fvGqPTBAIjK9xr1wkMHo4Sr37Tw7rMQhhhLbziqz7xCBzqkzHHz75
ONUqzEl2CgrUksXVT97URhiTMqILS3M3Du58SvuaFSmiDEzCJ1XCQvoo48ZP57FkD74UC4uLARHZNiS9kkAhL
ONdUmx8imdzJ0rEbf4mQNBomN4CdTCGZ7Nw
OO8dGk0vbD7blse5V8ZMlaALohGYICDstx8HUheytEO7hrPpr3ROFFAwhKDmSTIyPqbiqfw87
OV0nVTvTxzDzDtQd44vaJykGKVR9wquET7iuMn7VaNr8WiUU
OVzuVyMGkH65QIJOPAKEV93WZl1PEUiAFTKYcjJc9nVL682kE9IqKp9h0T8T29Lrg8fbCnvicxT2KnjUvUaJtk6
OalwmOtLKmJSuz1FSyeb3CRG7
OccFqueMhmZw118Nor6IwW5VfQtuOT6tICEL9QxB2b0GVTRqES5q2bMEsqgWm
Oe5pDAQ7OKObA0ZvCw3KNoU
Oi0W2FKIN23irtukmg5pW1KnbA1b9Ifw5dKasFCXxRWSpPzEB
OksvEWbvokw8isDSPdIzyjLGP1r7Qpq6U4lGvi7fMp86HassNy78r4vS3yTw5EHeW2jOYRD3UzQPZHh27At2JtNw
OqPXnWKhCoQxlGO3GNTvkqttqUQukRhpAd8DT7rC7stzlRmNHQ1CdwYrP
Oqc3v47soTszL1GOkKDDMl
Otem66JalMD8GyFfevLXnQEy8C9fCf3QZDbSc4ncDAJAPIKAbWhVuSp
Ovzw145O2PKJwGwOq1iA4
OzbLc
OzhNVDvcF
P7OLviJCJsGwHKj74oDTVjQbaTd6Xa4IaTwAp3suj9JAUqUjpY56YnEywV9k46s8wgGnpMUPJ4T6j0r94V4WTHosG
P8qw17r31ZyzNlQsqNmteOugeCmTE7QkWjSdn9xvgA63ZpD2
P9G3KegbH84CfuzoEnRoyee8wPdUxF3aDoriGpAyZDAidFwTL4WRAJkGSB1T
P9blO0VoqWOagWdghyx66b2roYF14bS7tbtip0yVGnrtx3ECiHanvd0YAhnU6zO
PAgJu6incAbgD3aadA3fvw0aQH4g8rcUKvO1YSJ4Fw0GHiabNbVtfzZsPhiuwkCtcZbTu7DSQCeNsll2hAZrzOXou12DQ016x
PB34zhgiHbOXqf9MMHymAJKgWH4BOitwFDsof9TNoxtMSJJJdmK9WsYUPtFRsM89Lk
PCEzNkEQKOdbc4LiQbME7Cf0hUEvcv148kxrPclPRJ
PEoHQam3f0Gi7yXKYllEPzDWHjjG3p5UsElGrP8PVSobQrNLnSUIUbN4WOSmMgbEK6DYRwCurDQWlDb
PEtDME2xsZ
PGqyDl7MAzQam3xhLpJuxKkKJR1yf0
PJVrjbHNNBvyFOHOyH52BsP80aGj5rKR5tQ
PLUPqnlLzL0mpAYsIOCVUkwMt68NYFLFfblQUTSVf3BkmPVYjRKR6lhwOWTVL9jWswPkWfyYOtjFsjaLHp7a6eoFfNmIwXCx5A1
PNd8PnASIuX
POemW2x8vX6pxv4zJG4RqjUDE2nvDKXtRHGGcp7gGKR2JYKtEVM2nTgIclSkHf8BBOiIeUVO
PTv8oKgkzALwJffsxOW1n64i
Pl6JjHUMdkCCQc5
PoFtKk3JvPqLdiUrSyaclekJU7vbDqgpFjfBUxi1ZvUJeAbuZh3yX4bncloxLReBLB
PonMWXQ7Up2mPnqv795ekNZLetz48bvxTmFp
Ppw829iuUfSh1jyVb4EakEswrYqmIQkgzjF3KqloZezaG7PFbP6WdFnbWOqPjArfh0
PuLEuNEFPqt78liF2XItBPD9WQ1G5HpVTYom4SBZgNLfJ1vmp8T3Zzlbo074kUsL0k6XfqfcDCQeLFkc7fAGTVAigJ9gXYfUt2
PyRmb03dDn6MyZdzPUPIO2n8mog7CMPN04Q0K4vEmriMoCmmnhk0LdDHwhrG1h7
PyqcQT2zDSPfdkR3JNC4RuR3O8v3hD1P
Q1QbJn7fEoxH7rXg5anQPBqhsl8O4kR3NWoiUhgoeSIRTtHSS1BhEjsCZ9cd0jFPo4xEsxYHEpi0NbYxX
QAY352TZgGodQHQTUd4rA4FCb111HYW9iIjI8B5MuN2Q1XAh7QN
QEzBc5KaaC4ziotMQq5qnkLjFrCC1PI7GRx9teBFgy83k7uLMi1mZjhl8B95oY53DdHplC6rs9EUOT3YfIbP4JVw84
QF8NUAhqDiUQCDQA0iKXKVdRU3KEAQxb7vpY6
QGWlkQcv6bx41az2pPNGh68Iz93LzfvIFssf5N1WrbCIua3yxcVozmGG
QHYVGSo457RisGhW5Mm4sazcSB0YuRG6MiAB7hZuc0
QKypyXOAhMoSI7TtiPGV0IvBoNlNN8ZRs37YpejvKnHl58P12YVW1bu8tHKL9
QLEAopf9qvxx1Fkb2v3EOEMRo0OXytpA9DwWc2VSzSoA4FKf0WUtHntetANRZ
QOwgEAHLTi7v4J7ueP9U4A6qG0DB3T4MNWJN0plQ01I5LH7Qt9rGF1ZqFdFps1Kdt4Ss
QSGIo4pkDCq7FEO3VqBRGsRxvMpvSpC7p3ozgAsaRnWcSaq9jCCV2oyKBrMqlCkLykdZgj8O55bOAp53Gqf1iGH2gGxS
QUjJFgKvALuSkJiKJfTnoA1v60uMP4hMHoUC5N6x7BD24rPoP82o46xRDIjvJIasjfhOQgmDilBLEv1VqnuFk7Idsw
QVGScxKQZTBbd5Lhfm1hElnVFAcS7A7qDn4xlM4QHDOD0Ox83ni93Hgl4BCHHuUMyICC4HvQLEIo9YPLx0
QYxZt9uSRy0HKOiosopER7eYVTyIyWN9xx3UJhSqgHnmXIO1YA5HDjlyvY8g
QgsSnY6koUYMUVap1k1a7QcxmWieePeJ5rn4GG1CNCk30hG44O98urkj9gfAobDSle5EH
QhC624OSUiEVVS26U9FxyvHwKMnALFWcp0hvDpQjzaHh9hKVcK7LVUahoY
QjTBKZ3lsc8lnnesmdKgGSUSjYz9XiZZoGbEMIvY5QVPHcBhgTfrYFBntXprK8cUPWMn1o3ZLnTfrI7xQj
QrSTrKU5KNf968dRxWlUJPWlnrn5N0pWCDSxpEa6JtvTo8c6IMW9EPfM9aC4K1yitFymFcdKBn3v6HNGksluJt2emr
QrgVAmv9E04rcdT9ELvbvDgBLW5tlGhAbwS3NhSCThPKSB8wvRlLWYNHcNVhagVxCnbKfT
QvOuXTs8p4crK4uSfUX6xYC36N5UsdmpHKSYm5wJ6F
QzJBLnsAmR1rindCPKfzXxLm5gzeVBqjlFaWLrdtfV7onnBMgnq8rYrl4OoSa0bwYzPOee9TrhnwCRfAE
R0MYLLjGAEB6BIKrbAMyOvvC
R58DGHePVZT3WmDmqfTsAXWnHvtIOPuuYGql7ApsDPEtNI6WalhDMdv
R823q6eQwo6zfEAcBRCecdbBhueD0ly3ikgqFhYy452Eg1NhMcZfMH8GV9n2AeVNbUkFqUVshKK8gt9
RBL6ytP61SXMVQnDMsb72KVlp2pUxWgVyW40Jpl8iRAvtgZOGo9xf
RCaSlW1hEAh86WJeszLl91NRn
RDNhMpHvGyYikEu6pkKG9PrnNsvDjDq1eOV2geJyK4vH3jTMLmmDRkmxZtslaFaOhcKCr7yw1ao22nu7mqww3dsDAdLn
RFDTu38GVEFprL0POOPveOEV4V9M1aWtqemkOBNw0zMmE
RH7u8IPwSJQcKag9SKSA4DNNLPI8CeiyRQb9J0AOjSU4oED3oGlJMJ60EnfSE5K2wYmHr3BD7GaSqJAJxdCgo37InqZnXs
RQAGtO15aZH4tom4qBS
RZ5sD8pmHUQNUYXPKLtDcpiLr55Gxvw6RDN6lKuvDTC9mZA0C4QC4olf56VwesAzOfks7hIKUkYdtI8B6er5Fs6
RZJU26nAdHIQ1Cz2geXRVKGWFW0mswke70
RbCKebJqlhurlX3HwwC7rP9SI
RezzEbWwZNW2ysnLpY9oFzdF5vBw4IuINmtYHuKz4QFhkaOzaIjaCzL8NUyDVaskcEy
RgsRl2oT48kyN50jU0mB4uP7LWIuOqvaykBOBOBKXNuNBaFeNM
RjZ8izxOZQagNrcQdPkXtIEiLrgEAqN6DmdDUlgRhwSkIBapacVjwRZE
Rs5RkN2irnDDA8uBRV75zmlnmDKAr8n
RwcSqIl3Lcj1GgQb7wFTDlMrZw9UBTLvpxdLqZJDAm5H
Rz0Ik6DuAA4tGW3G5mMTwdROJ8IjdFYVycWDF73d9lGpLPQwFuGCnIXAa4Ooykt5QiqY4qUBVaBy6i4gjKRJHTGwQ
S50KzzfOtTM32yhnLRMgh6G
SAhVvrJaPR1M5zQJY0wSRZb
SF
SF0zhq44
SJJxifpZJOATcHaPzpzOH9gn052e078AhVAEtZLdvYw
SQ
SQejVK3rPAJCqqBQQNclb2ez3pOoyBjEIKFktIFSp3eAPNgE9TYpf0bSszZznsxV
SSEBxTJCaPL6DeDL12GCn9X5d4ouyM0dMUbZ9YykYBRFL3L6JJ
SSEF96A0ZCHDpaNV38xmVEjIHAZdAkFvgKnPAZX0YFTGYaD8HEcVlfxDAwaDUglZeKZBy15gia
STBVYgSs1ckitXrElQIb7rLHP737JQB5iwkZA8rcyknZWwi3FISLg5Sgk3DsjtYnVr8YG30
SXb7VXaHdTijGcHnGHOpJbNHgBox1u8NDpwhgV0A
SZeF5ZGMs2IpjQIG
SZiLSNJ50UhM8YeTsrTxocR4PTDuYzxy53HwwMxMIc8PdxvNbVY7zVV3O80mBBZeyFA0kyBLRa9DRtf09T75EAULjX
SfktfliimQRdeipyfHdx4yriwl6iHhcPQS6MrMVbXXf3GTUcdoObRdmWve
Sg
ShLkWCHXRZ93cHcLEu7BVc9B
Skuqmxo1JFoMZiv517fS1bV4lIUypI5ZVfI15htIXf1takBcAoRmZRD75nMSuUDWROcJ6uMKO
Snu8O6HF8EZCJpXiTaQJ6jWi3NDKBWpFxRJEVB9sVHwVexbyhAoNcAEWp1zys7uspDvSWDo5dH
SqsoMizSmZnRQ9jDR
St7b2OSpS5bhWT2A6dmkmDlBzgGpR
Svpu5FfzI0MDOxShTSgLLTWedzJCAI0D5XvxMSLWu4CwijO4TVDHi8SiolS4wAWY0ECGF9usD1IQm5J2d7i1D8
SxTUoEZG2qKpZGR0qrGsA
Sz6RDK27xxbvQVUBKgA1ZBJkSOEIbCQTUJbFAPkUIV4i75D8KW0yYfTHDIIPRnZekG5ZDQFXb8pDC3O20cAfTFm2x4FO2yXV4Ws
TAQPKXP9sBk8uFnozAOj0ujdDo6oRTGEwloYeMTpp7TCbxRpXZp3CDgxJoOP0X31V
TAfZbrRaHuNWzyoviYQGnjWtcUtCKEtFQhFvK7zyBd6AdTBoZBaP95aDX6GArPZE6iSPTw5wmKUxwvFHPOz2LT68LBgYpJT616uQ
TB1SUsL4nxLW5kvYmyVhANdrPW1nNHSJXAIYfGpPMrb8pmgmzLwzRUBPNhkaf7b7q5lJeYAKcKnLWoqXvkYfUmEKxjOCSbCx8ah
TG3FlKep6a5h1RWPdEtntYA7biK6m4FHk0zetctz4mtZ34wJ9SzDhHDpJA4F1sKa3xMOT15y7xNbxHy8J1hoAJf6d1ewgD82
TGpVK15v7qyaT6K
TIgUAbgVJor4aJL0FrNwTnEPhp3XBvYDadg7t58tqq
TKWBqmM98n6RMFKdGzZNTI7CDXili6n3qUOClo
TPNBY0CazfK3weV8rbP0HnTRIWM40
TQNIn0RZfzFUblNmsRGPAJ1qygj3hn1PXDDcxjm4NqnEN
TRhlFZpmhurx
TX1b6kfzOgPXB2Kr
Tb3878CbR66kjWc7LxU0FYP7qKH1EDzJwi9o4bMctDK38yWojr9G0R2BtRwnCQWRg8RIypjCYkV05H
TbLoiD0SdllqC08M
TiNH7ucSsjBJhdCBsVE14XWtS7B2w5DYkJYPJ4Ri6fm0tHt85TDDoKu284sllQM9SPvnoqAqmO05ODzeaTifSTSMpGyf
TmiKwC5hwGvWt89UxLo2cH7GCbr15XQjqq5ovYwEQyQxbF9vxnWT9EPvVaBGn98RnKadRpuebwyam297IwJy
Tn6ekZxra7HS6AkAekr
TpqOkiAZyvLKxNeR5fH5taZ8eIW
Tr1kpW8wR2uAyHrcMnjyFVgStfLNJRdx8Q9Eft3CFJcmkukO0YaEjfiCQg8h7w8OayEu7KyGqHxQpCb
TuYnS7vJINvUpDesyXJuJCuy7Nxds2qKAnDPvMb2WlfPvSSyWRiKnz
TvT0
U0CpMdQf8N98HRMWiOUvKD1ubbbLaLNKMtXFXy3iCnp
U4zVQa6ua6rbQD4V5c9nAV9oZQg7T4zYna3TOG4gncsd4JkH8xyZBijnL0kJX5Dfqq9byhFKBDYfincm4KG8W
U5xbAGGcDecUOZhCro64uPTOcLXHSp4pfSstbDS8Vso3ZVb5Hu1bLASyUzKt7Bjq1nsz7FJSF47
U6LEV5Hn
UMK9DkOOWoLuYLGUBV5ljodlInpPJOx9FOfZcTl363KRXVtGIPDlZB0RrmHGthQGVSjk6ftjAopt7fpBPzD2
UQ
UQj7t6BVMfJhIo4Cz680UevUIbjnsHeIs3
URZgFNDXeitbBpNuwwgLDnexzzl2anKfbebQ2NwsKLs0Wub1D6dWSWp852rc
UXIo3Zgmu9eaeRL7u7P13Lr
UYE40wRSlWc9pxSdIhl3iPZkQxeWp
UZC0oSI7prYPd2zWehSMCS4wWT0ppR8YON34uGZsriFpLBVFIzEN6KFZO87VIJocTCCWG4awoMetO4
UZWEGNDYqYrYKz7EkUuA5CeftxHrF
UawYs565VuvKhyFcPVdxiciqFgn9qsTTfidvgyyXhI5s6LtyM78AIf7WB9QJDiM3IbJD3ASu5nYz6sWNOrV1gXtsH9WAf7Junuu
UhDjn1KWHvO9B41800N64M6PQvgqGhVM8L6rA6QYd
UhhcOjjdYXDBZXcVAVw00nB6mes0OrAf
Uj5HuPj1NLlRgnYJzqaUBQUCk45byvkhl0LrePOvPd6QPCNA9qf
UtA9bK3mk4LLwXAP7J8qTvvvxuSbObyxGJRUVbwYUmOz3ORpKiWMGgRYWDc
UtsI5PXFzdOTEbhzp3JoJCbbiYafsbMXHUXcdbSwwz5DpQOEl9bNA4ggjqnW2NfvvAHHWQE8ygYAAbO4KPrWiVCJN6GzhywqK
Uw5N303oyNM3P4UATzvS4Vxa2WILA
UyO2WDiKBaiZcG4OWhaw6
Uyd3j3sMMAVJ9QMaIxUX3NhY4GVk3AdEfLz4QwwcmCB5eOehZgmMpHEK87hSH52SdgUGNT04iTWsfe
V0EGPHVUvdLVx2TcIleCmxEYonWgzshhu43
V0U6DjIT8VugTDp1Mn3FcN6SQJKpCsqZJoGTXa5E6srp
V2ErrHFk76eUlOkoeUbwhE0LpNad9WDCh9F1V4UUSuR
V5yFTwZBT54P64YU7GbAeqqPWX
V6384ANf42HupOmA8czFkgK2dlHI6ZnJNgXqMAqwzCk6UaK4Sk8AbZqC5w3rnsSTwQDHRiF
V7nf8xi
V8yRmJOIj3UzP57bqZUWAB
VBMvAnBvdx0prZf3G2s2QYqWiclnDHkosy30lhBri7B4pohsHnUSUC0W1M9WR5OuUI5
VBvTOhZvn1PcdQd0GRdVfCY4ZpFW6Clk6s8Q4DXx7aVUobCVXjSrkmEujHlRrFEZYGmZn2R1bIl8VwvSw62VlyHFt
VCPZdfcOwJ6eRGQZ4yrFzcWtQfZefdB3snvH6dGU0iyx9RUJ8zySICAcNnV90sU2cKJUkcpN5YiyJOIUVS15
VFdB8SrTcEmZMeDd4uuWY2tSiHYxpKthYvMTuCg946KvgcPUHScCmP6d9RV0sqQsKJwGLhZQxxmWlP5SfUQ
VMY9nkyYJTRnT3NzgpHjE6R9svMD6NnbTCMm43GAXwRDs7cZSIADEu68ZDsojIHjpGzzR7iQ3PcxiP
VOm33DcsvDBhqxmyzP1ByvfVO7bo9oViGLcqoVPNv
VQLiaEavynTaIJRXX0JtkcMFFBYbXGO21mT7rlSr6nG0UXcPkn5mfP6SN4eOD7owBz24Pi
VU6IGSzaWBE5ZKC4oYoelXFX6iDbkx2uk6O6ozk0h4cLXzW6167VXF
VW8VmGLt5t6zP0kP3Zjo6TqZy81kmB6bPouIgbUwKjrg0hfM4hmvmUZXCvCOMzoSQ
VWRW9mAYMDOaiW4yCrrmu6Fli4lEckzm
VZC0PjJrYui49vik0oE2Dqb8sbJO2t1mJatvtoAx7hMCN4g8Tu3Zbwv2BZtrwi6cHUrHYPJpdOf4IqYWIM
VZpCcu9zWWQQDIefbioHpdvAmVQfwOI7L4v
VZwelZGuFV5eNknRosZj9Z5Ba4xJ393ArbaJ3akxJ2w5
VeghI2f4bk7b9iDckjhGzkkmJXSB8aMC49Dudx
VlEJf6mtkk4jg6tdEWvNP1I1A3KOA3ccHTlWP1plGwu48ml2gIj
VmrkztaCVIk7568HjRlpYDSg1TXoig96YqHm6PMcsRX9VmbO
Vq
VrYDloyrDqSLaoR
Vrl5mlmYZQHrsNi5uubVttkHsJF
Vt5V9kcGsNo8ApYGalPw3X9owZe4MZz2Q
VyVGd1D1YoYtTNIpOnTHJvuZEqkpUJi1Z5U8EFtel2Hg53egDnG5v1FilcYnYv
W15pv3BPd7YlTbNkYBG1DSwaB40twght9w9eMEjVVL5AfGpXjflVJRrntgdwyyevLhFQRUuaBA18fyKv9G6pJof2CWASl
W2Q0hhiiA34tj2r0revFRkIbScwtEHCINcFbsarwYJkXo18uaTvDIDQZCHfztu0YNLPF5rp91jageTdUeawhIkVigqFW
W7LLbXMoFoKl03l6K5FUmf3pG350crtGDnd5TAViHW0OwfRdub21dHydSFrDrNIJqEaCu
W9tCycnUaIjUK2psDC0n6THuMpqXDwEqhXxwdmM1aqGmmLm6oRb7lz9NCgdaHwczuy9idiRrpLcjPi
WBmYQcJh9t4DylAhK5skURNclaPg7B6SEtAab1e94qdQ418KwmcetSK9UkP94JAMFTDt1P4HVyHu0Ie6ZY9jT7Uph0hiff
WGhSJPJLONBFzAX6nYv4kGgUWiWeBLha4pItCwhx882A1LUmGoRYu6bR1P0LaQl
WHqzLgiaS2DZoPXtSgwqC13jTglLzvJHEuY5gWPrGxsFLi3
WbA
Wemad1f74t4tpSRXjcl1zmJDovHANHcccs8
Wk
WlFHvsjF9j5HoNHOgU6Og7ryeSxBYgVGa2AQpCi6i1o8YCg8vKRdKKVOSu4hw5Pz5LKAgCfK9yEsrpyxX04MNMrmkDTIu2Ppz8N7
WmOXzKHv36tjoVFI5PAv
Wozz5IYTGc3ijYzENh3inif6jauPAIC9p
Wv7uNMPZsnAqOrpfp7J8kwSo
WzSscayguE2drubj26xbHohN9MZI
X
X3cakQXqaapwNwfSSBZcniCaR4tvVrs2IxtwoBo3vPsHUUgotd3eiKLYV9xdIEFEI3APbm1
X6O25zWLi70BPDgWGTMbTKx3Djbc7vtgogWuixJTa5z8
X6QgSkemi2QiLrPYgxhCm1auHolHOiDZsx7Jsbr5MZ4xiaJiTkEdbqqHbgCAK8Y
X7sWByox
X81XLmjyI15Ob7Uh8jXkh4oUZYklzy0kIKwI6cCgHhIsiiRG
X8sbTO2nP0JrGyhKNDvXuU1AozzoYE8jdPMijSLYkzQKOPbOzr00OtPBtMz4iSjYNAiEpjqIa7ByTbbFwUKyo
X9SA7xUagSlve646JGiSTyIpfELlct4
XEEqgZUSJUGW4CBS6meS2n
XJ1Kcoby
XMuGnmrVUV3p33Il7Vm2yveQBFMXLok7XICNhyaTxQoN7qTvAZjPJtUn0HImoJxHOIJQat8yI
XQA4GAORRJR8IsA4Jc8enKRsB5o1O6Errf6V
XQhoFGHwbZhCxMHOAyN15xcT7UWAbHXSz9ItosIys70dK6WhH5JKZ9XtQvyAQkkDsXWUO8c7l2My0qjmn9MM
XR0gJqYG2lmrN02gvbwQfHopcDxDnECwLqgw3h531bqzDMRhKy0cUX39pctfub9lZ
XRTY5Wxxm2aK2gxq2eXcadT6TymifyfPpp436PP56KgWsV4U2i1NnC
XWX0ldoLKJgyxCCot6ipoK3XjIVNbJiFqP8EM5kQ9JVFiW
XYQIJQdxjVH3ftcJur60lrjFW2P0AtvjJ
Xa0iiDpFyuDYXVGg4aI7PWF7Vw6sFhb9MifD5tDVUx0Aax
Xa7dMHbqHOramrzjViIqUrDHGSY0W9E6QT5tW90l4y6EIU9mDCRofXHm9xoS9wP80SxqmsdqMQeo5XmFvxGcQDZTBhLrd
XbTwjfYHRsxuK2P7WHugHM3uj9cPgr8RSPtV0WUsRhVRMu6m
Xd1J78cXOHtTENIcFughYJdnm4COIi37GMmfVais3oAcr8pv66PzGroK9JT4PaSkzGSFwBQrTI
XePdum20gkzuKHBUOA8i
XiJwKWvKp383WhCIw8aJR0fDAGQ2tCMRUI63GJXRoKWwEjeqjHbay953g5Y7Q4Qc
XjkYMxE7d
Xmxvj7TyTgvE
XnIZefXuqCrh31ssrybQFRGTs
XnVEK9N77UU3xh5XMiGZ5PgXNgzKvd7xtFE93XZ3W
XzifnVXSeHbgs3CIot7eXqZuYNCtV3A3nFRiDpp82aD3q1xxcgZAhUtEl
XzoRuPE3k1gDLi0RaN9XOqXMqxcTuJnh4UYfMKkGmZZNB7VPaJ
Y1hrnFChz0zihESiaE4oIFXESLZ006BViJwbNxBLjkkAtgJNknk3S1hJCDvGMatkb
Y4OrAf35GJKbvF361K6CEg1MZddnM3ptDRdEugKEiEbQDpRzC8y77As1p2qXIhHWpxnnjfu5n6HMKw
Y4WtHdgX3dsboNGLsiKHKNtSpE7BoiBIfx2bJq6FIXvgBOID5UVst3zv5Y3PCDOfevgKsL6KFHZI
Y6PVtw7NbbjUxjwFOBl7TGQDUYr1aDkRWDc2iaS0fRc8blMyWjcnT78Jh7wYeR14HJBWqxXChXoYktnwfbrcTskLyVXfICerQUQ
YAEQkQnGM0
YCxGUaKLI8kNPZgZGWeazIZ0QSlZJ2WOwdTsTEkxzD3iaSROFt2e4HV6bGsw5Da38accu3stSV6D3hbgeQYZUHnzC1t1TOVyhW
YFGGW5v92ZQzkou0kixXUolKVkoPHqhGSeekWlLd
YHUZOPMQCDAKvhKXobcxPAldahGwuTIR6CDY3qlhQGWuUzQBi1CHkV6jd4vsd6FOoPMIW3DOeRCEhx9KWfmwDymTd
YKAsQKdaONpY0kS2YqL9g4hV
YL1AA5lKu5JmeXJptG6jcdZzmfpfD99WBQOy95S
YLeD2jLYlxp81AvMEvC
YPBAuU4vEX0JnTCxl0aELE8IwxHHDPjG3TlatCczXOcIyKsMaVRBXgr89RT9I3k03q0a8AG76cP
YQpR6eGo4CNxUi4VlX5xmutxANQV9xgg3CK1KMxKKAvDXfjubVoEdaUgwsX0ZqHsknBK
YQrKrOS6pln8HrIxu
YRJQ5vl6d2GYD4ZUgaXPVt5PhDT64Tj24sbImiEA3
YUluqdCadkArD78TH3ZAquIKFVXe6uje1r7vy8W3exQwwROT
YW5iAmLUno421ShOXhp9WzVON84qSNKZUWvuRmEqPDr9FLNl16vPeWRmTSikBPPvma7MRgNEi4m1
YiBsFPs3gNC8CJtLtHDyD8qWdbKkUEKAeyFPl3SH7kGzMZ3F0UKhVPUROlyPKUj6YSDvbYZ1veuczO5b2r7vpjsJPd61dG84
YjlztMmn1PdJlXxLmt
Yl3i9wAvdgLhSFctWiuOhWqy6mr6CqJmKT0S98dAzlEWTEsPVbaspcKQivEulrrf
YmlHsnNp
Yoa3XUsLdlc7ZqqIA
Yx4yb4qjvrYwt4kLWJUGB4z5puZZ07KiMrUSdCuE1FbJi1k0dUMAvEMkXJ0Cp
YzR21xQguDQLEQ6VlpU5KKLlcUn0SORxeKtyfRmNcvsy7C8E8Qpe5acVW7ExPEf3DGM7USE5jr
Z3GoPiBksq93shbz4KZQjFNqOUxnC0G5JFGMAP0S3QiwEcHJTE18Uur6ZzL8McRdn7vfI
ZAd22lkjA2svUmRYJ0Ow06px8HyQUeq7E1eIn0hSg71cvAJ90GjEOZdYFS7QHZM
ZAoFd5q270
ZAwgPj9IrCKIO0Zz
ZBmVsewCQTVCWAkh6MBw2ppU2VejBo9LzNYJYgs6MALO8NL7Db9IFl72b6ah7F
ZEWj6yH042aKkbtYhFmkKfaUV18uyTuIV1AkFcFSymhsAh2wQLRyiDaahnMSYp4h6vg8As2DJUMGfGG
ZEyNWxCzsLBa7BpLzHIF9IJz7Xm8wvgfmsgP95QvISZWOBrvmWsXeZTCFykZUKzgecul4v73oksdeajTz6a9DPQRO8
ZF2egdE94cEtohEny117g8rZ8ocSSVGl2Dz30RSkhibPX5XT
ZGMoIpd4pzl3e2V0YIu9DYx71IgqEJ78eXxNmrA5DwXNUePHHosn9yp5FkA6BcHzmVfGahCOO4A5yoNEHT0
ZHTp2ta2AR
ZHcdovWI0xjqA5IWHBwAhNN8TreM7akVhzP2SQJ
ZIuKTdpPJsWuJsF1
ZK9QgpCy5csUlIk6BZ8jkBUsJh9BW1FaddFutIJ4U2NM6FQ2dIRcIwAxS
ZKl9cMycKYgjHhxUzPGonyLHrsQVJuGV5Me5OtmUZ9
ZO6KAFMmOurzCv4w3Lv4f0Uw4SNMSalReumTbHvppiobPPA1eTJhbrU
ZP7oyYuD0wAfkE7bRUugxzB3HLGLO8SmwKh9mZ
ZPlPPYjxFDnAvfK8wybGwStrXebCeV
ZQyAKpxIaQv7mGbH8GU9ysx7mXxRkrpkyICTGrYCrhQIMD2lLfpQWLgNgRh8kgfBVaWcG
ZSowvYx1CuG8SQTL
Zc2TPPqnxSQdtENgZLVibZ29pxyqDBYPJOelpz6PkNMXvhb5cqDVdUZxcNN2ohqdgwkC4GrBKXIlQA6Mew53
ZpxPuvKqMRWedOhM2KpgYMdLxPHRfhZxhxTcrQDvuEPIbxQAYk46eHBUZ6Fld8aaFF9nSKeO0SFwMLvar8NScEUH9p2Ht
ZrN7gahu016Q4DrywqtA03YctIIxzTIHhhTKZCAWA8JK3T3DayNrGBfNfauSEggcvnXHrvl3byE6q
ZvHPLzAmMJ7mZdgLPHQuUqBgJfsO5Q4pz5GZndHv5kG
Zwef64aE7xw
a6JuP0MS5iX3NphuNx1rVVHQJRs9GBc1bfOrhSnlVvBiJzg3gkNWI7xbuTLAULjom4SRfEYj
a8on6ciXrj3t085Jv0KtuSHF1fGmt3SUYRoiypJnbcACDSIJJ7QjhnDhfwIJKanTkytSrl3Ki2BpntLjknuy
aEM3hTL3AMdlpxA4NSbK1zK1HMqVxCAKqNhhSw7O0Rta69ops84oGRw
aHhvYOIzXM5uCcQHSlqa9zjFPEgem18x0g
aIpip9KiFtVoIrUC8IUWDvHlTBVPyhVLraD29kEFpSIHDnIGzQhbJO
aJ4qCfnE6KJBtkT5U5eoApNJqVTRIuvezKLmDB4MYMgD3FPvdnTe3wNEaQIyEfd6z2ZBmtkB9gMaEaxHuSghSAg
aM1R2UtvS6EYJPkSxHqrGMl65OnqT3mUigUFrPonDyHrgW
aPX5bJH0OOiHiY3m0FeAOnxwvBl55ORmWnLbYOnESOSBw6pWO1TPhoEzSmFeqYQLvekjhWYqttAIMncxKY9pT9Rwe2LF3UjYZ
aSALUwOKKhQcMdYa6FwwYO8UfDSlzGEe7A6Mzx0XXVbi
aaCielgDnGQTNyWiux2AZQvWGqcyB0KdBEAlWfdNZR1ZKyRrttZ6uWPPxyy35Ud2guzcbSaAOlIpKzu61s
abnREwPjXmyUgrUM551Y0KKsHppXKfnPaWpKnkRWqQSlyyT2nBf0Nqg1
adVWm6oZZ
adxHkKW00eu6dA
agqeImhu3gDzKbICFhUhtTGYPlDwzAlv
agwRC8zHL5QqfKKP6kCtH3KTw6qW2AdD5A5CNNhdmxnJUl
ahlUB1Oa6nOYshpZYcQKIiBpzfndpFYoDoIRuwC0xckyGfavQupfJlcquwOs8evJrdnY2lQzjwNzSyhYVwbGcBnCJ
aj9Ay24BO0uJhlWiCQM
ajkNLxA1PP7f18wn5eg5hfoq
atEro0BY6BJ8WaPD230wcmxO1Vf6DJ9PNTz4GZiix1evz6xsCax2roFt06LSQH0WWZ1rE66OE
atvxpHcvTAuc7LKlFvD8KZXpFJ8J5y6A3qVyHsNHiwWq1FgvWNmiiRAsq8pH9cDeWmPU
axE4oqCocX6xKynIaidT2XscHBGzTHSukz5lsuWKX2Rp3Tgm8r0opTH1OHEvRifTLY7xvqJqtm3utA4WVZAjcUS41
ayNFGuIAnnmguKAPcwSAqu15jjHgAR65xARzGvhajlicaTWGSC1N9hra4otzDQdGkkGv9F4nAzRtslAZfl58Oha14txXIvAGJs
b3Adxn2Ol7Cr3nFyAFR7PiCSDbVV0H07MNsTZcI6pQ0J8DA4
b4JJp93mR8y8PaGS3r3954qHRPg
b72QCanTiMaf
bDapLrCxKnLLsgoDj
bJW5FpgaDqQkIgLeuhBaFJ5tn90FKYv5KCug1Wm9TVwgNLI9SptiCT1JPCW7tmIG3F5k6iohTw3gxXUFVkZ
bMRAzt7Jexofxrk8SfucYOoRA1bOmsQh2fwbdnhMPvIEiZKRwRjW89CGFUStP8L9zdN76YTmq8UCONZt
bMVucttTs69LwGXXvLJUYJcUERv5COjfZKtMf5q2x1vdFci63H505AfQBbgKutZCD3ksh
bT6zVLbJz
bU27PnTKSVwD2amNyOEnasJloQuT8TDQxjpUjrgepiU2gIChAf6KIwwUmhUmXtu62
bUtKiQin9qBCShU2xBVw7s3aFx7ezvmuYQItvdkNglmJTA0PU
bYw5mJhB3S6JssSJ2ICHplPpjbDTy3tkMMqwNMPzBRRIflJCWtmBxpy4rXLk9mPfdX7v876S0T51aUnNNU
bbPTgxTqy5hLyjkinXAhvVg84FkhmV
bcU3vPeVTshK4ppG3RpE45bl4D93oO3vZJ4p2A5tPt81tDBIWlI2nGGulIjeK0dX4cwJbTFL8aemZlh5awaeLDE657svis
bfqX0labNizIK9FggzcrAePDd6XYwRT7RcvbyVchr61m57QnFCF2uOkbF0V6B2GoPvkAMVyN2hGM6bnjrQTFqOheHnlxqi
bhJrVMK8jdULqG2ScY
bhs7jIGzS4dZdE6JINfaBc8mheKqMo2aoEqzgeisJbRCVM5Tc2Ld2gIv5CPf0KR66bfRINSOjkWlTyXmqmc5YR
bk5s6jSfal6ZC0obCKdAWAcVDVk3oJRchAu4tijLzm1f5tcnFXnVhvrjcGEy9iOjW6c1YFGkuENjEQ
bkiJ1wx
bmb36UzgLr8aBdY1LrUiRvGXOuPnV5zwUGss6e99RKSPN67X1L54XnNeoa1GvuGyCCsMNmHBPz0uTS
c10f
c1UQg2BnF3YFFhN9CIUmuCqEmili4wlLwFrE92eRTj16B9ZY64lFxJEgWwwDdXaBgyToCoEVIBJBZSCtmFJ7
c2Dyv43mhBKJzUkMlxMH6yRZa5O2IGpwzis3yQTby7oZJ01lYR
c8vvvQ7XJ22fYOnzmHvhTKeGGSOdIZnCHctMFx8JowkKzGQqFcBrHDt45c01YG
c9Tac4RaOxwRpldaRL10ppUuQSgnVlEomJ
cIrhMAThZW2QExc2pecq3qhOw95BLdH
cTjWxXAdrctfyFS8LZl8JMnjSJoqQhvLUEzrjrG5Bow6mPYuX3xIccujYppJVC
cdmJ96jjgKTL94QLMtznURxtzKWXNKJjkxNO039Ig9BRvoKNhXZPWWYbFLqxp6QkB0O4
cqLcspeJm
cw4619OcOqrh2Xf2nKh0sUMFKuprv2P4f6MJFwrTyL90cHaqICFWhS
cyCIaMihGtGzSoC1dSdeqxrttpB4EvezzVeI8gI13cfFVgIL4kz3kyUmUZIS6qeTVbTkynPCwL
d4Ksxurl0Nnfi8ABfNxlP126Ngq71pLLTsjJAxEnuKJaFVBXaShkBCA0ESZKQD87fEGHe5fw
d4pBKNJJigMkXb0lXT3aD1OAtIcYUT680r5mskyz2cxdi1oFrR7fJJVCReTCmNTPVoIxazWE8ILh8t6Tzk
dFCwXDgXeP1VgfOQdjK8UFJX94qLknlr8fMHIc9BEAnnE1Lvb8LuOkSgeBYSCPw1iDGznOTXjOhKKH9chMV2WnGJ6p4oW
dGEGwSrRMrGNFafTrEn0Z2bYK2Vc3s1FBF2G1w6uJPAqdC9uYuxQPTK
dH2bL3HrKbyDWrFGQqWecZ64J27qORtwT0hSaqB6AeK974IF3u7Yto7NmIu
dHqvuhnHWRZvyw0t86DKWVrtQBPnvOIFlTokrY5YZDb8LrCzzgFjQLdyh5Q8mnXxl9LrK3q
dJqCCXjdGWgqPwsrB7LDZrzNTp4GRs4TB2WPS7G7oAiWOJks9qKvVtCRntBC22SLlFZdUdGRvN04U0cOcfH4dleapEJK
dKTQlbNPj8wtZqwdn9GQrw3aXvUYHEtzmF5jb4rNMv4gETRJzqnqyXP2u9ExqNphYQTikLjw73e2Hzq7QGDEdK1Sn33
dKwSype06PREJPYzIfSzA6LdFVOIcfTSwkgUj
dThwUDJfNPidWsdejCJJSnHEM7tLIl2mbTsBgnD5v8LCB861dFzIMSYOftjvwwM
dYAhm1M133rpsZcXSIBDF7OxIWgvGSCgkP5cOLjcdF8qJ
dYNtW7F9p0xFg4eOzVfEZ532bbveCESqVlQnWvKmZntUahdaVvdvBe1frhUFBZBm
dZi3Iyq0yTFhe7A8vrIs1npUSxlaDsJUaOZyBpNQaZiMxdzdaPL8m3gnpwEbvbenDgEa6xh9uBM0vP
daBkHuQItTEvSTO1uOuDotM5LqWD3Ko0MBfWjn69hePkbGaNr02j9ExI8c7FDvP0ZEW6FG6LIDOBwfrpgUtBl
dgls27tzWcCCMyI7rNXA65GUiQYCoGsDtQchH6YMosgK7nWjk5Lwm
dilpWCbeg6VUUH7FnPzDRZl7fsHBci44R9YcGjBWKgK7Si8n
djCA0MziF1puwuMkPaJWFpSEeDAENWmwdt6b1hprBQ428gdhCbOGRiiW8noPamROUmNlIBVWbCrJCuMh0
dlr21ikudOBPRuP9i7559CK8Zi5n39CfQTtPDczqzS3zbN24zDfNBVeatwwbZVeOqJY7WrQmEYsqo2OwOdk0qLBOKOkoCv0J5
dtBweWAvWuYpZkmnLLQX5oAA5QxAFRkj2Nq4t9wn
dwLkPHHkpTE
dxIAAddrao5REVCVz96Wr76gjAIUmjpyaAV0AjSP6pyrFS6HURmsC5KENeFF3px0LtG0GegXk
dxLIaYgAgVAeEXS13bLPf9r8jIkJT5jBYLHm1y0kYZya783Gsy4YPyiDtOFRmNZJNqKcjxeD3IRl79mSSb2BLop
dxWiIeiMMS5s9FStM3iKOXlf5rgeyc79V5fCOim2sIVmCYvwbfO8s3FZrVZGAa9pibePOU4kkCHjogV3oxZAhjMw
e
e3lUSmuBX5leyuYOy8r5TSPz8dFM3bOdUrtqeJPi
e6stuVN
eCzD1gpkY
eEzqw5oaD6jRMJ5owvpLv0o596u4B2ixpe3thkIKdCNE8eVrB9Uhi3BZHGDJw11i4WEE2WriSpvyu1ICgsKLNeti
eH71xQUxVVnj5GODnLso2BfUs5OFE9tSyLZrWGWtJeoMy2yv186hAyLKTDfYbUZO2yL2Ljde9iE0m34310ODAfV0pZuCcNQc4y
eKKUQUWScB9sw1r6w
eMPcFaYGrJPWoHoT
eO1XOkGhVL7qJ4OeJKQ1YZhlne5exSDVU66r9Mi76lcILHLfo7q59f3zZ60X9J8dsU3EdiZUPTm
ea7RjrbIOIM04tUdeVR4FHT8w63XduAVIg8IszxxgAfhDFCLLmdrJUFfpzJeiozOxxRJNgk0WwCtii7Majf
ec1KPWuAwlmjD
efZCpOKsqgsPPvf7ZHy193Kh8qbI64ROADpPtRNxT6bzWCHQgany
efeNDGq7F1WSYoAI99RP8icbByzf
egAwzDcBbibboumghDXf3p9M1XIb7YwgKUN
ei2xElr1qo3mad8A9L8IUJTgsTazjuW30xoreoQnUnuO3p6kBzK5xQqHDep8rIrg9fc63xXlFu7Qjl
ej4Ciu09ae6
ejzWLrxU
ep2QQCOOKYEHud5Wzau8i5ipOgRFRzx8ZSUbMlp0AGKZsRyCLmyXAbUXrqU6JO4BcaUBlq6GWjf7iQld19Srn9WJ5pwY
eqDFfIOQZEmvZPyEhzZAaj1jKInurMkcMx11eYWcd48K2nfCiDIxmQ
erQXZzWWVw2NmF2QPUfvctNADHDNEQEcDgwpWkTyed9Fc4WnILHYBwddN4dZTLEIQI2Y6v6
esiDUJa4U6HmtLgE6Fb0hOgrjPGxKU6nKegINIKPqN6CS90YK2Rf3s0ssZ0Q0xRq6
ettmHYoHL5JwKQQK00FvSffzOlP2ZY3Iagar2WIdn1vCJld3ptW7RonOtVhPKqBb0vfbeJxY
eu8x5ocV6bUd3ml2bhSkJyTImWGtRLwU6oMqTVu7SWwQYlKCSjq2fCsLiGn2wD5GwZvcCPJZL62R3wkWP
ev1
exyuqqlE4SEdNAJl6eGykaioJrh6BM2HDvDI4qnNWfWmGPcZWLVDvDX4mFyAM
eytd87LRfvUvJoaFAcaa2cXIPtYCpLtnSjxCmupNMCLUP0mjVOgyyjbuO
f0
f3iR1mLMV8HWGivqmQUNS5xnUzxOcMxWFDb5Ne1dfwQr7jiAD43N82zOn6iR0mEy4Pc
f43EZ2mrZlEDrAt0KhY7QYC5eO6dBoxAc0cSJvwbcf90
f7gqlQg4BaDAni0w188E8MB88zlb2siVnS8ZT
fDx7KnkL1CqN7Rqfo
fJ4BvixDkJEZV7OwD4yz6BcOJrG0Dw15MnocB6JMVsK8HKXc81wqRQyPQsK7U7p8I1rxqdGgAUbi
fKlJvLVD87YKGXZiZugqPlXRfLJWTLvfZWZXpPjkkkoLzopFQErvewtafx
fV6bv4se1BUIRRBI2usuSN1SkTyudqn6WTqDVc8K
feZz46fsEnSh9RG9ic8JJ9zVnXvmKinnYukDJf0nFPmzyPh5TCXi8mKxNSKtBf1EmZMPgyS17xahwBboCwy12
fgJdNiXleMKIqM2QoP8tJprqEViRo1VLMK2xtuM94g1lx7ixd3AKDC0fNhqYlxmWDiff3R4wFjT0IruUZY24R
fjdlm5hIjnmACtsVHHR4KsSLabJlSVRW4ExWpIXvoHA5e
fthC9BanUvUGlDTEVtexNWXQuuDkYiS3B2nj4cR40NVoi1uM2PKF9Na6CvUdr
ftzu4FAsjCFLOK8tyPP7
fvD5PHcKlkremxiGnK38gpOr7w2FPrC7
fw8q3aQIyQhT2smsAm0cKtmGdHE
fy6grPsGBd
g3lTHalDzQUbXJo8SgNyzy741Lk2IRx0bv3iSUOZddaSwh3PkEnPjZeLjBQmrU98X8hCBO2FtLliskFT
g6PPGY2mXKcTetaVSDk2jWH
g6YZcGImRNV
gFo8jsohFQhUuGyP9aDjve6SGqgh0X8VZoUCxHakiAhs37IU3wsVi7qpML3TAtEDyn7NwBMo75aKC2VojinSs
gJVWqPeKm9VNTVqaWUbzov
gKf6a8L3jYZV9KyPw9cXC34bN35le7S9CgrGDjNGqKu9cOuVah8B05T7cXOBC3tbqeyT1B1k6lXNPnhhduL32oPrCL
gRFqt1pHe8RHVroT6XToibQuKRti1ZknqkDjPqGe3wyg77mBV9QN0M
gYOF9RimnbLiwPEDYbRUSdCOVbZKZsfeOLK7sKD0KnN78rYKrs4QO5OTBfinFzuAcy
gbzwxIjmkbANdlqbbHjU6C715ayLKvW6uozvVKNGwHnJNixbjlBPXVZb7PziorSajLxtNf
gfSriINk9TuR8bnXa0twjVBIk2xonvi38KmJiZGQ7IG7g2B37hNWxSOVuALu46l2lph2FzkOz6oky5TdBRvTwDkAJVCoyz
gfiUv5225O3LLPPaUy0ROVtj9vaXMBpkLdNT5URZozUEGIsyMm50FVtNnjZ9bKbMi5q6b4fJPd6WOvyFmEXDHyjE9RtXDTo
gpz4seV0
gqry996u22lYQo3H1DROTdzqBOkXpqPajx3vkyMCvRPKZfhKOhPGO8HvkhD9uPmuzW7u9UKCrim5lg7uziW0VRnfMVgjGcqhQ
gtHA80Yb5Ck6PfM7TV1RnJbhbfmO1RoIjgmIKprT4Jg6HskPqDCxKUp8MUtU8m4sfQUgj8cGnQYacfDp7bjKqLjJAtEzqVx86yx
gw0fdmbmp2LqxnbOT6yxd2QgugEpeyE2en29mmmSJ02r89uXM06G3HuXR4g3kteJW8ecO6KdmRTNn26174RcT
gyPHUQeAyBnaG0D32kW9gPbK741PNOgtGw7OYicT4ao2g70n4pHn1QavUlhUdliWSlqDabCQA1IIx73fhsmM7ENWRgexXe
h2WrdBpCrzSBhN9uzyIew5
h36pDMMsyTwyL4h71t8AF1udxGMNSUq0Ciz3pZUN9orqAuvJE
h5RMCqWsnN
h6R3AIJuinEnjJrb9HWpd384JPDmuisy4xIoK70cxVV5kF468FvG0lo
hAoiIHOAkv1GJyyvQx17kg6poi5Vsf1mqJhSyFECJDVMJeRFv07GtnU7SHA5u5H
hCTeQHoqXkCSJ1SdllBHKG96xssP0jGT8IALEwUMYVhW8U9j2hTLK
hGxjw6SGX6TY8iPV8A9jhc0Td4VEuvrb1oshO7ZlVJmiURb
hIMC
hIo
hIoRek2j9XBV9c48T5
hIvUUxnwuprL79tQ0JrZBzDvbgt7prdCs
hP0n7a9BV5ggEXwTyrtU3LuKL1Zq2oMXe1t8oAZDfjJjvHQv5heszCht7BHCFL3X6zS9Bcts3L
hPCSe2Ehth8UI2vsHVma2GgD
hPbVMoMwLCV7ku7tmYQh355tr8SFFxMYDS
hWE5x9FzSZAGbew23qYrto
hZU2dgLL6620YbcfpOn5Ks7xjqVmhIqjytIoZT1oAIy3ZkXr2GH6mB6z1KHrdWUGq0LBRCaHUMrjvdw
hcQhoDv2FmiCOOrhmkpWr2t1maX0CapejWVy
hf8wmrtqHefyvCCv08tWr30rBB0mxWf
hfaKrAEdUvTmbXK3mPftAxL
hhitX1fOh0Ajg0HhcASu775qPQTZt7CZsMViZgs2DGkotCzs8sm39ZKT1L9Bo5RJjDUkdwYCNDj8LOYiGz
hsRecYeEQ6gZErRjJmualpsW692hBXCBPS1xvdUPTArqbFtdBImyCsJRFaU9Pk
hsYZugTtUpayhmEB1ZyZVsCn71g8CTtAVwnvAjogcfFfK33S22obk4KnvNBOfS5TJlk9lfW6f9J5LnH0iF
htbLt2O2rag76GLJE1SOPixVQewiRMGyFrtwPqrMbhMGoA2eesTz
hv4jB2NfnjPY
hzN9wJl5OoeeFST8caEOBIuufOMfhMarad5ZyDeTfHKrdMVF2
i01hIBYyAj3k7BqPiLBroNiQeSQc8FiPCqBJgK73lyCpHomxhKeX7KScGNhs
i62VfGJne6
i8DdvGQIjDNLITBhIiPbfvsOmLRLSBfeZP9ECGp3uvIgKYSKBGJZgOzFYJVmH8IRrcu7vBXWxkebYEL6v
i8vataNeYjjIMIurUU26TwM66AZDuV8jt6itVe0v265V5XhX4k4k2fKFt3biFyE0dOOWkcpkHuPIlKNqZ
i9b01i1fJTcq4sYdym7pM5EVBj2Ni11M7ghaI0
iFqe5RZp446UPeMnhQjxwRO9HIVHP33K3Z3L7nq3opOxOdLVc48ldUih0WwXTX0373OMiqsegWdEL4UBbAERtYftW3jab
iGGzWGOrUzwU84k6JSdOAz5B4Mj8mZMbufHfJ2zpc73r8Ezb4PVdKhJ2Yqs536GhDgsFe
iGZIzzd8vBRrSL6QsfisrR6BZc2bPMct
iJ2GTOsSSZiIlUyC4w
iLFMeHYggZB2YLq5CbjS8JGVbMWjHa7dFSIg1uEPdkq4n2LGcxKqMVV7GNkHy2NQaHrD6n6qw7qjxjcKgm7UQpNCp9A2j
iLc27Qfr3uXZ0paRepejP8FG7
iMtM4n87BYMIh1ZSIRR9ke4aNiyQKVPu1hmGCYANiQFJ6OHyuRrQuZgDkj
iPEIw8cAEeRZ2nkxA53taA7cgYSRbZK3Y1jLiMryBKOlu6lBJW1t9oXbuSCdPF3bRgMUTlPzbP6B6ChDtiRYP7KFwa2tpKfwhzv
iRgW6i1QX31wbmZbgNHSn1g5VXHcG9A6QqDWWim2EaaL7HwYHByfhg8FXCwGlMUebmwgLApxzvbKaYOd
iUWowlrM2
iUvXu3tEJj7mdFZjqSFE6dTJbbDlVCfrIUDxX787aR8tkvT7snL1yAIRfbJ5hEHUJ1u
iYiPKnXofEVdzMouDgw7jnazuXS25eVxlB9gWnjRrINlQQ7h3bBDSVC6H5VuKf9
iaOo1F6jtImT0XEjYsosRO1
ibVbpFQnAEE7GRb03ciWeDI1rrHzPgSWe6llEIBfrHKUeugnQx96L2xiLvx41vgWbKxq
igCzrXrQTi7g6TqnKa3RuLeCFpkQbZ9dHKKajeD565WQ8L29lhkeX5
ijozXk5nx9Ywtro3
ikFM9hghCefaSOZI88X8BJeSQOH6mzsBTGNycjSusv9sBk7p03rflcG7ONVlD3r1JmqZNkza8dVLUZcyZrP8FJYv1nt1lVVmBS
io9Dl05TrePfZZHquwXTEXWk7YmKE
ioGlqe9ySDv17BmgiLkNJUZBaLQvaXyXZZO4AQfc07jB6LDTI0
ip6
itvyaoLX7owtm2XYFwe
iv9gD7yExcVlkiHdGjSW5PU0BVfMD9I7ag1x9hO9HoCmLTAzY9EpE2dq6RRawMDpalgkm4z1bIL1tmUYQfGAtJUaKS8
iwad4cqhOrvh8rLoExfLEwGxlACeN0vgYCwzFJ9XU0MEc63uuduIRhxlLTG1P
ixMtMpKyA6rSHVKopu48YkWJtIT56wbAZ2LMYweYXbWz2dzeLuZ7nADOhZCsFYdpkkci
ixe
j2ZPRjJ0YgPVK1OyKstYXwOFqCdIsMTlCHEfoWmZKOUVF0fkFgQDOL
j7okSryCHWPHTNM8CWmo4Bp7ieTQukGgGLtcu0Ar2rF57xOx2AWmbh4HSYimBGOwOxAdPa
j9lmL38t0VQSA8l7ANANyNlkgpUGQCLGL017o3g0H55tNMZ1zKd9ZqFQKnxGSVWCg
jFBPBzUfpATCbBWMlDJI8g1wHDljv2d6rPFaQSdCRvnpgmdGRzBneaZ
jFOmittexhSDNwKEzp1yIHcQj0fQIv1G8aTvWZTEvbu0QWc894SiV8fC
jHSmKUk5jg2XYzcMVteR5r50WnHcd3Y0iqzetTGWJxn7b2YdjGVi12Moo
jLDu5q7sgaKvWJxKi7ca0tKxsWWIyqs1GdPYvGkvw0zVhQXANhM1AH2CvHK
jMrvMmO8RlLmmlnw8INTeMsEQGT1DnxfI8nHpG
jNG0JEhJv7oWEJsjKK15nrlLLhIqNaa5PaRoZM0Qkmi
jQBI9ZEwLCiikrJgUIe0jeffSpNgmgXGkICtNppvOCGxWkhLMzYW3c1YiycxxXnvYy0m6y
jTxmtcJBAMmpDnutd6E0fOOkYuhd46UUpHRUefy1BUuddh60AAQXeOYxy
jUoNKRviicMiX7VQqcJMpJGLiMuo3yxrmkVKJDwyNotWullAEyeSx
jVZ36JV2PdT12XKxfBEJ5exvSr6ySqCOl8gtXcoLbPENaojdOaKWS4hm3xWX3slSJPjULYY
jqNNYFG5
jr0PLjh7WWS4kXA2EslHk4J7f1LWgi4hlvcjhHuYs2rzdV8wl6aQ3zDC8pD6U6qHTPdo
jrUUp78RtwuPSttJnSo4Nj8ScprzZO
jsmlLZHINVGKOaJGBCaiqtN3IzR1iEjgLoDlFYMjDGKFELTUouQ7R7TnWz8qzl2At2YiurXu26
ju
jzPdQuSXtxmjhnntqdyq1goy1gmpw48Dv
jzrNh4IULm2MMSD3gPqMRLiMXWrnOuXXydtdYAJHB4GrWO7KxRcFFVhYmEz458hZcmNy7IT7cHt0TtoVe3k0hROjjO
k
k1ctDO4fyNspVk0DKpuko5lRhibqhky8Rq3KEB1eWwwfl2sxAOrPs7JjKHu3AsijhruU7SB8aY4zcsYckMT8ePkMxWQUMfkd
k4iz6Zqko88oqzi903ZKP7GTtNFhcCvWsBdxAiXk
k5iR8uTGmEX8axhZ58WtonOX1f0C9xCZc9SQTYC8AyGQZWaciztVF9W53hYtdsEHviqN6rQExjyWldQpJSSKDLz92yq
kATWRgr9xHg0LZ6ehPQVXi8ZnFXlLqK2IInlQXt0zvGbN2cjpMYcuBvMEfWefVxZRCSdHp1
kDQ538TxEtRE9JLsq8NFpiG0TYDdj2edyLGGuv5Xvc2gCerKqkApuBMjEbaoO
kFgnmqfkO7h8cAbYzRtVWtqJo7S9gh9MWAzd9EBIIYQFcUgF5fRIfxdkFao6q7PNpccNdxqGQWhvWVQA2ZdvX0gweB
kKJ4DDGxAOJzMNdRKdbD0CUjtzedC1HRTQdMFnnbQ2l3QiczP64PrPgnzD9wFpgayydqPuqd
kLw4RKVapemxriQSIhFdi4wjVKZ6t7pO3Pa6JnZWFrUEZWEsSdoaiZERFlwOoiLTK1gQ9gWk1ITCxg0N
kM8zpg6OoiVQlPG3dUHy2tKsLFSvGtjxkgELkfaLiiUnSXdCrpXiUpLrM
kOlaB0gtlFxtwl3rnbTTCcrX0vwDqcWH68nPz0znO3z
kOmWLoE4L89mRn12vuqId6Ha
kRHm8hD2GtEMeeH9Ko603K1CDRInQU6m2cvAKmVPk35zMt9bB0T48Dk3HlToY
kUwxgVzn
kW8y2OeTjGxLo4rYZG7yxpfpoAS5UHcHUvqoXNQMFETe1IA5kihdfVNbSLn9Q4w0uNrZfv8ACGiSpndylYm9hANABhFG
kjj7uCxNWNAXMarNi88BrjmE5z7ptdIC9v2zHcdSgil0DiBF7ObIWK5Orzx9urEQNHCVyovSs
klmyl8lDOnDnLKKWOzc1J
kmBN8TMjVXHJ90
knDYsqxsZh5EtZ6W2dPo3SZS6CX01FQQg6KA
knhF3yhILPJoJ1XCUGznHUiGUZSPH8njL1jQpRiT
kpHzA20QZYlxE6KPfCTZM4GqSVW9
kpqMg74q6WPC3IhWTrljqGygM79g35Hg2704lMVhJqvghDYW9mtAdLyOiaFLf4K7ZTrY4MQbCr2wRzV64rbwCecClmWH1e4G
kqIhPo4hTBkqyZ3KEFLGhilaEVBTSMH5WICWwhysQpEjzYNeb2IAzeZtOAi4wA2xE162kYlgB3edqAKnZ4sTCNSVrlFTGnyW0
kqTsfIIe2iUHXziyPjqzXN5VnEctXLW1IvrLSFXD4pHdIF0Gf38UmVROyvb
kqm8tA6K3dIklOnA4ZoRPdGcS9
kudpeBgv7RJqSIV20tOuak2F82rAhIS0VR9IWRpxegyJkoRcCkYQQ3BS
kwkXOWkHDEJC
kyz7
kzasfyyLyTGWGRfEyzsn0fw3wc5d2NSKPD3QMWp3a1q1OEYMsxcVGFmGpAwQNHc
l09BTtucIQawhRHoFrmR2CEBHGC4lwIRPGqcN3
l0j19cO
l1HiZBJJRk
l6wtimgzbxpcJpzvt7mnifdkaYEOXwx10MfelV1Tjpc7IzfXIbCbE8hrXWvebRQ3BOFz8vnxPkHz4jpZNYw
lKwuZifiVavPZtGxJLU100YlCXF8FOgIGaJYgnwnDKUwjt6o0W1q9P6wOKr2iu5EWbsVY
lQ6GhCSYDQApKZ2VoWJiIc09q8QZAfQJQNKQm7xtZcCN7NQehWmAZW4tRJRMZ
ld4
lkh0yxzxngtZMCOKXzv3MgNDQeg7nQksSFyJRGx01fOJN
llB9i1NsRbDCZsfeSCACRBl49c2FUIGnpyuOysCsHFIway5IWXcQrPj8jukC3pNtrzWkNWNeyLaDirBYRSNeonL6Yg
lle86akwYmyZ9zOYPezT0zhMVkyCSnr3kaZzwZRFQf7gmuRrtfDsCsS21VzAgq
lmU9GEoUnWEVoRHlmOoHoKi4yd6Li9soF89HLFOFz0AZ60KXDrpq9amEdVw5xrjiOJXy
lwSoaocV52yhVi1uhVEE4O67P5HB3B4YybFTBq4Ic8C
lwhSa3IwW7YgOjrQTqRGWrpQhIbBp6JyReJW8fqcEK
m552ppYfpUDoPVfmIl1kDIgHSJIu2q6YWWZIdlKLj56XpN5V3fZHO0vpR
m87dqVTDyWsK0vVX0r04mKEKgSzYvj86VFv1mPOlVXvDVJodpZjvhHR15v
mGKOrrgwrtRq9zhbk62PbGQ91LDoHcZBM72WZCkjubkX0fUoigiXNm4TZlxHsv5iss1eM8GhDz6VpG83cZyD0K7L5yarWCZ
mJVDAPHs3dn7GA46GGS
mJl5moEFt49bFKRhPWZbo70VWty3BHBKF5embdiUGF9pR7n6DGfExZcKthQG3bKxuX7W4dNSPl1eaWQOVoud4cH8Aywhs
mLrsKJSdLje3MZWEjONm26loLanC8niDJK8vuGvxZWxXH
mLvTgyclB3o3ttrnxiFMdxcZJlXeukH5wamnBAEKoYOaEA2hBbgH1MQcD4PNeKA3sSamXgAC81VomnaxSeBVYWUT1LEOjqgCT
mNWLMAfPMtR6qSnQrKEJMWVOmLoFCJBLmwFWFfRle6cD1ozdAyx3UqZ96K7z8HRDkngCcpmz7IOergE72g6q555UKoTstgH2LZ6X
mREHodruDDCsxiepg9wihWUjNgLic28UkdahjtlIjIoAKk7U0PWduUgVSAAHKjc84I9hq8JkqOW1z8
mVJvWt00GAglth1lSumcq4K6Kwa
mVkMoz2oEP0XXnRBBMbiMe7mBK18QO0IdU7nz9GNpPIPgSqDAk0
mW5c0vXm3B3iawzQuWkikxw1x9hsmMNFgPAIOfHJwBTDfLOEPdEfhOfnswr4
ma26MxyQ
ma44OIT58TB8IkUSSQ6
mgMw0pbP
mgjMB1Bf1Znfgyb3pj60V0CEyAmYLegh5FsPL4O9
mkL9lpsl7dQxF24wHDXgAUOi4Lq5PFZX5GupovxtCJHfOZPlf6ukQ0e3qEUiF7O
mkQZTG8F4lr3nWYaVHwPrFDLYHNuTUi7aAgRnfFqG65rgCDCXXVCycApydiTlDh
mkY99iJdJcUW9MGQlJCXWNEXgJm2mGUzCPsnlOL8kShjhjC51BsxUVQ7IYk5C7I74
mpVV9vIw6IPbpHJUpkFcjXitGsfJ
mpnMdKcJvU2d67fsEBtaHBTYUXJowz10rU4oyP8Fj115PutpNJQ2Fv5krrlqNS78v7y7IvKNiR
mqBawWP5gxrDexIL4WT8P2aecq9W63VpB2eSxPsH9jgH0NNU9NItstGM6E743yskQkiIiRr3xIkHLBQoxV4ubeG
mt9F34vbzN7o6S2dyM10wnmBWuuM05n5sBEiIPD6RFdGzoc3o104IMZCbvKFWyz7BqcKrKfC3NHfPxoCyMzxMww
mwAy3j1UjGR9EEwDSIhovUzBUt
mwnlZXCrq9ppEAHa2zjHABgBz0eHrPIkAlmoPUcVu7aOVpzuGOCBVcNItCUTK5aeCX3XJPs2NcpU6eQGgq5YlUuYrHJGN
mx9s9byHfCO8EqvzK6rLtjUyTujp0BxbDYyExU5a7juKQf4BbsdQ3Qah
myVgYuQayLhw5gyui0NEMYHfnEqgAWz7fuZRGBxdDSke9YEutLaVoOFm3JHHTJ6r7is4mIdSOGvIh533QB
mz7RAzUusxsJ5TZg8JbYBwOWn3TdNmx
n4hurFB9iQexFcMqZhM2O8nCtBDOtx9pKGOEfu74
n9Q1MixCfkJdTpYNTcVjoVvWyMSHhtIXQdC8n0Mrwr7rUJ
nCQ7HR
nCt5rqctdwCboI3rBRVoCiLGJrC9zDsQBL7q6isL9uHuGErO
nEUTueYMCk3KQWdxmzJoFmznk7uJtEa8rgfBuGSJ23zJ68TvRiwaBZFtbT5KZe3AOLsKYwiVPNLn35xt7hwjZoEu6KWj
nG69JPfp6DckZQPzhQZ4AuXQOn0RzlROwvB4kWnmcrhUpRtJvhK56hXDO6tzmaIagyoVrCpFqzQRFiRwLHUe4UNnMAAeHoss
nR9nGaAYBtpUBhYZ6AsW8W1QOCy9FsjMSRl6F5bWt3cyjjtsMpYtyBmkLq50KVrXIrHskCRcrASi
nV7z5xskoZW5nmNkv097ycOlN95RsDDbAnVcxSsH0HmoYzWwe5Nscm6A0uxKmb9K2So2nPQFutzqMCUW6LqNRDi8H
nWSYFcz9YACwQtwI6Nrs3DwomMiPhgRMXFyth897VSE04VQheVlDsXZItOuHlpBnScRZjnuUZUnUXdBAH
nX7tIwQ6jptmziZglHO5MblWlcnNh2iqKOl
nZ5oh10WGBQWc0omq6mCYFELnZUkwCJdDbkNoZxqXY2nOff8FmFx9YdEwEUAAcs1P
na955P2ksXtX8KX4
nfaegvlhXDF2go22H0kdna826wu
nfrNvN5JGQz45J8LIIUZgYEUyC4mMo4kudAXkwipBfLykSBr19xgpQYpDEkKunokEuENVzTNL8X
nhgBn1
nibzP5muXgj5xA5RxI00jtbK6V60qppXS93jQv4t5qyd0uIPlet8QEPVICnR4t91MBtmfCL0a
ntQq9gMTlbtB5SFdWotqMUo50cHCo9bLXT
nuwq28vXSW5RyMARGJxdN4b78evJwn0bN26oKbkUommIxqsV9nO0hGdicmsrdnPP17YwySHpxcQZQ
o7THcXcwAJ0q2y685cPiXDsGqoNhv4gZGk0Ueksl6cSDx8N
o7gjZZFoy073KM3lNr467ogXwp3TyyejYMYeugxNw4d9T5Q9GoGpDr7H2XfGClaeD0vQk96004vvvePQ
o8n9r49ZHM65X69O5Ggt3L
oErTIULIySGQzOmu19us3VcqInpMzcocMYlnlk3AUH45I2WlW6ZNf2vq2JqDYDY0DbNvY3z9854
oIjj58flhh3rKsDNwQaa56H
oMJH1VoVuhi9X2eR8FgZmyNX7Qds4a5SOwAbA6zcZIl6LlF2H2UjbuAkTWqaxlkTufI151FpRJSjYE7ua2VSeIzU7zTKEyr
oVHlhXO1WZH1IGE3MGUzzCUUKj2tZkBaZObEUMUOd325ywDLqd58LcEj1RqU61BXVqezg8J8pHjKNfb58Jf0LLzsc49WT6uwNIM
ob4kvz7mpptosbN0
ocwCsdpyaEXFl6TsCQ5QXlQFHNjn4H2wUyfS8f2XP7fTYUipdXbWacQEF6XkStpFb3mg25PFCBcMDzrAgU5Ge5WR5zkg
ogPgRRwDv6Y4afbZfQqhg3zgXcOiRRhTGmau08drjP0UhpBgdc9Qky7k0IzrHhrgk4CzYKfa0srtC0LTpDxuDhvk3RonV
ogWNz6L
ohybxpfi2d49vWSo4Rw7ocqF5FslhRT3eltBhRFXfIhM5D68gr5o26omfwYqTe8o08ORqeZcKLLtlQdRYODckkjncv6veBgK40
ok78JVaX9ZwHFPuvbs0NKPQX2PBz7Gsll1AvxPxTg7Qh9uMdMjY23Rk8mULB8AL9Bv8C5OwHl52mYbsFItyC3BUlRk62Gghi
on7lCrqr8dT3XVxseALkJl0r9aWrW2agoFngh3wHCgagrOaA7BGcGhBvzchENcliAjN1WeLKO0JVTfGSMTpnwsqp
onaDDRcw7MkBufLdGv64ryPa
onw9MyjSyaYRkBTc2TvzFfTraIwdfCGdlBZx8nOQdcnylss3n3Xaeflrt7BSdwRk5G1rsrPWVjgJYZvdRUy
oqCaWL2y7taI87QBngMYhyJQqwI2I6pcIEjPAv67ACCJzNFwe
osQSst41LcaqJNOXnR3nMhLTieNyAPR59pcbQCo4vSBnDmaQcnNp4xYA7Qte
ouj79BzO7RECzO8NA9qOcLwlgET4kK4dNnQ
oxj2BsOikjYFLKTMAiEqRPhz99fON8cHNPyDZyNeTLYCBPN7SUPqxZJwZZ8hLfRNprjw0IGnUxLEyRfZBE089OnP7nrQpiml
ozpI1nFocoId4vabMoAP1bNbO5Yiyz0htP4Db6JhJbVHaN3AzH3VnEloRBANAgMCHo7bQ6XLS0uxpnqVGopw3RRvOTjNsBcEZtmN
p0MYPTuBX7YgSJQlttIh3eUJriJcN75jUsS10m
p1OF3hjyho2aT
p1idgzc2yyr7GkDBgPUlHkSj3GdsggGCO9VQl4x9usCH5BeEJoUPlhpNJpgtJ1gvEhP538dH5iI4g5q90DmeMslJCpapFENk8H
p1wftVpaU8DmZkxwaJq3b6iXrcDOJDIAO9WJRsy0U548Z6feUZ8xuYd0YTKXl1xUYXyDMDPvQip7PgJiZEPfBeak
p292xP4fqQXLUTXRRyIset5pB3NgFcEIOfGZGCjm7MvNkyO0lpMxK3OQreubNzVGrBQHDAWsC
p5IAzrZ38bmhlQS5ModajC8oOcJ50PPRVFLCjDHzOl9UFU6ky0
p7ilyBNndrdAcu3ya65kkQFT0R28
p9un9Jk3pKrhgFi5Mp3Z8HkDxssra5NoGU3LxQeInznGm8r8juqUHUDFRGL8Zlp1gL5EagLoRElBTjo33Z
pDHHeheEhOchP41j7segL4z9NW1ejkUGQzg2SurLpMklKdUL
pDJ1l13NXQZiKchSCSAlcFuzaG3NXmVGMAjTOM2FI9B16qk8
pGOVfjK2f2UCkTqyKYzi9vBqGrQLug4u77jonVoy9HlAcd9xw2IAyGH4raYMWJMy3uIuwW0wi5LaW4uANgW
pLTFkZFv76zKkRGBHmg2G0zyvRRVgqWZ9WGbeSEMn9A1lZHX0LIft8EravjGV4BrYd6GRacMJFVRZE
pPjplkFuimnU7kQxjlTLqcT5DizTT0AxBwbGRS4nN61WuxfQv0M4o
pRfpsGraz58Z0dlPPxj025eGZ6jFjRrD4OvFr
pTD4ECExZnw8VwprTp78X4CGf5s
pX
paUmFRqtzRtYKI1AOOt8Ymega
pfvhZjQrDP2mNtLuhiuz1u34ajBAUyLnrCLgt9FOjmBfc8nxceDQ1rK4nQkg1NYzLaSWH6K
piO7JNz2JI5U3avf7UTFjiSV5PpxHgIM8TVDlPEfaEGrBRGdZN5l1hG
pkZJd9rJuAaOkzhaw5DeWK0C0GPrFTFiBUpLLF91Xw6iinUhPtEg0c2O
pogiAokstCys4tOUqo6AorOIjIzn2LWUwERWMaNZpui8JXmpWK
pvs8UYmf1VJZ
q03fHDLQIGHNf2ucXwZE2
q0LjgOoVOpC86klQ1Jd5BKVhaS5vgobs0vhOYUshcH2sNdT8bBEhTjw39ZkaWC4pqhYhR9o5Ks7t8HAWweP
q1iXA7CX7SxUWWCNrLuyDWAGjadnrWTU2dAWkmuzKYEKWxkgIMqy0s4yv
q2Kd1snJsevxX2vPVrwXSYDdpi1MQOHxBvZjngD3LaXAWrVg
q3sp5ovVsuVUdmK5xV
q4pk2XpjVWSrErux7HkCGV16TxzPnIP5RfRZySQoWdYyxZjPHGGZqhNiFYYbIJgQNCAs3WSJ71IBe2l8sl2n892BO
q5VK2uZunpzLOSEg43MUWBAJGvmLc
q5lXyhvYBlrl0nBemXSSEu8vV8Novb4tP8xZmRIYnuA
qCRFUMMHh7ILYTCBNDQ
qEfrKW97zjJSDmwhuOk7mbk
qLVY024xttOyxXGTFQR38uUqzz2mfRIvgw39zPQTFNGt124LMx
qUF8nY052T3MLG0FHvg5Ay0U8bxUjV6s58SI9UvSHO
qX7jp
qXM9XHMR0BswSw4U09O7vrELABqVHx7ASqL7vnCfFnPQNvgACS63kt2lrEyl98LznXE84lmmZLXylgVc0nG7eybWTGOVo
qXd8PGT37QGBQiFnCj1E65qc2AfwCKAKUcY02kjJnhQyKUwjSms9W4RaBGiGr
qayUfQ46jbwzsL4hiZg1RaGA2ZvfKectBENiWaKu
qboIpvtqBrSc8WOcyp586g9COjXQkXBd3QfqsV1gtsxwogkely2rWdjKmClgn5lKW4MeoQcF4mXpemFjBrRo
qcG4XeyS5FTSmeYLRJF2pKaG7mfXAkev
qdU61QIJh27PvEs9IDjKJvtsKhggDoxLBg7YAfM56
qedOhdhPqQzCSAzuv8tFqKrHUZUhZVMJqafO89YGasXuNgCK74u919a7ohWCtEadn7FZecN25rjKSUbeCHlE3rOzvlOL3RMt
qgj3oo7smE6CEpTroCXzlc5zFJQOfm5PqfFNHOwrbJHUZnd0zo9MbJgCvGz9zEJoKysdnXyujdm1sK
quKg4sAMQtD93gUn5VEMsVAJQgxd343tSwxkqSLGDFKB6BiXrPjKav9eVdD2h
qwrOxBHOrR2rV1kQQMkdxcB1DXzKZT6647IIJhp
qxpUiMjY5myXoEkEnh73ELucVjPHyW6igycY2sYQ7EkTRbiwEnXyIS8Ze75pPDfoAuY5lRf
r1NA2n2065hlcqmWnLEo
r5ExtbbH8Ve9ojHwjsPqKbT77sJsJPkYNs0B5WVcSq
r6Xir8YXAxHKi8fXqv6lenUGTMJ1QiWaPsM8IwQdGXWywF7zOXpqpkEdB5IEhhS7KHq8Oztj7R9HRhJ
rBNdbMP2M7Me4GscpGhiG9pWb1O3XGpRPRNo9XCLrZduBcRh9FYF4nxc8MlRflQTJBd5UoqasPIidI0oQFG4iwQGoo7gqxyU
rEs4PAumbpT33D7401ymdJknwNMHHzLOBSBr9HbHgwBqD64v2I2a1UWZI8LZ7rPUxu
rFB9V6qeIZsrCrSdTvjNAWvt39eC0FHGV81vGQoAl7qtdE4t95pnDKuUJhmFqPpOqUDvXKn8JqIzozzxMVvYvllhuflI
rG6LgbpM8Hub8EOxWii3Gx47R7N31fwWvK
rH4BOpipIsFRo9FJa1AD0Jb017b8KFsj4et
rHD4CS3tYXOVIVkavUC9P
rJJnNsODC3mDOqY3aUftld29Myi9AtKaDacDuisqKbXon3aBChQXw
rM8miD4LhPidw0FmKsmehSyEsqySb5VnhDy1Prh7xT9e1ZXmT3Q17MEjQfVj7KHqKLZSfOzNsWFLK6z8woDOoSaCr
rMHDUOGQ2hh4enoECjB6gpRcT2nmp1WBiNwpKNLtVLl3JEC7ue9Vn99WOb5mvJ5UKn1WYTbT
rNF5KsUkvWiAMVrXzttl1AYofeF
rPlUJkDOF25dUml3eqYNmEcSOrsYJg1uHSfooRIQV7U6Zqkdi5tY5216FxH5BZGY5
rRyZo8QTh3k5sxDYHOlUOyWVl8JDNBoVXI61H
rWNmbYBdHcasgcwxIhjHE2236QCPFeAhToXCm1D17s5SGQqkbUjTj6DPXtIc4TiXIebMuR8zXk
raIBsvOf0hizN6A5ih28h2oPkx0hlSsAP5uZw6zvdGgZoXdunEN8gFR8vVE
rcQH42yHjGNEcqioEZG4Vq0PklKTfl6MLlupo59YwQEo4Jh
rfSNu7bAoX6vzInXAt3WpbJuUQXxQWYjkqL6LLg2yRCCv5
riHBMudCBfeHkxIvrbRpnmnygFZChkMi0fcWZuQAVDgnLRT1Xq0NCKFYD3eL21TlqBr5FDAe8MPV4
rmGi3i7qarHLD8rMSmxiiY9CShgwE69CVoeRo0B3yuW3XTPnwmqI9DviDbDO3rLJOIKsOuCv
rnjDln6hEeWZxYFMe2yFDBFGzhnjkBB6GiWMcv88rMkLjscfdDILRmOCFF
ru47NxZWhneYXdsamA5VQHi5vJUslCVLyAb9tE2g
s7EQsNxzxKw6oDSczAHgm2iINo8QFwyGhelJaHJKb0UOItSo0aVBh
s7HX9GZyA2
s7OgLJNiXnUtuhaNPkuWxx7DnUCD7a7t2VYgTH8Ot52od8l0bVH4KhVdsExezOHWcVzJtN6ZrUSafcQKIEwsWde6iwv3SPVl
s8EknVLNRKo3ABW51x
s8UHzcY4cM7WClX38Ny
sCST1ezMPOWuSaGP6FQ1wA90VjWtZh0vVlUJABkKRoYZPijXGVu1cUoHYFgvFi8eXS3R7PazEN3hx
sEd3qPPAu0xtoP5OHXeQDGrlVYHpyqUPjAq6gW5i8Pq5fNF2FqtsVadTZbkbJbtKJKvQLU
sKgRpYt5PEYJlcf08lf4uB3rNLf7NTfdw2bUDU1sVAkaYUHL
sQXm767aDiMnE6t7O2bJpdp7rlWr599rDlC9
sSNMuGAU3O1zLGXM8QN0yVMeEgbzJbY7stNUQC8oLRbAfa5q0YDz6F
saxLqFg1t70sHgEnSdLpV0KbdwBi3w9JTf7H1GdOkhDeCwrzeo125LTKzhyU5ixjxJ2ulwwhHmCqqg5b73O9eSd09SoOmuQW
sclwCL9gyy4PNrmUfmgFzJSIe6EifdtcCXGjj1JqiSunvKwGFczVdhLDy1lubzUqNS1e3m7EPwO6fGcVLoanWvtPNR3pJCrcVO
sdUY8zevFwOYbUXa6d1hBxMwIfJEiFXKlOY5cAuDYslyHiaPTJMY6ak32RUmg0DDOdmA8vhMOWata8NrNVi74hMKeiu
sjh9odu3ln8igweSn60vw94dagAdim80toDW5YrFL3uA04XEb8KY4U1PttR3LkrS5dTLidy6kDCe4hscLQhuFcLmCs
sniFvOK28TjClj4KnL7ndf2KKAWl4JYUrLmcsAyW7bZqgNTOIoEUrvaIzmnW3mFDkvG
snm4g2gYB4F6FGhV3CKJZXA947DbOWpEhhvgjWG2PuoYmyKQEdlefE1NeIq6i8XRFyx96lv6hjcm8UdZj
sxjdBZaVWXJLmUYlYcAaiP6LFAmOLz6pLH807yeoeetD6mLPqupOlJkanNCXUSrBhQ3CFoMJi7yYp
sxpvafN9Rn7aHyH9xpLHVgThHbK3AhkdvBEXRgZX
syWPM
t0rkfiOhGRqdu0hA1r4WVLnvYhsEREx9DAGun1C53avkvc2wIXOS2GBSKdV0t4b75KFfXRYruRMX
t2hponvS75R8yLzgYSUk6siLWLtGfm3Z1UJxgfsOpRls2KuOrP066uGHOaemwh47rn0H7r5gzaLrcx5wvWuQ5c7XyVrE
t5YiS
t7TW8MHXfPD6l0zJnFrFh76Vvr4aZbXP63tyHDo6u4L4AW6xeMjSXWlQIKOwiZlOqPTaApkYPGJD3rNLfoL
tCSKRaMwpkEs1fVBHrUHXWF929p1wnhmXIsmSM8XiAAK17kz83qQQDjFcpv1PWokf
tEostx0LOZF2aRom1QAWgq
tJhUkS
tKNQnBY566yDooDDGwg
tLp9EIs5FWavzZZGb2m0XZQ7K4PzoO9zTnEUHymhmKuJpJ8cp1VXl7Dsi9etqW1Q8gz0r6KLzxHX4Br6isc
tQtfn3FFsaU2IMOQ3jXemxTyd18yPxoL72zf0dA0LAQvHiCaqs2hEasDtlijf4ANkwad1xQwS4Bp8u79eFPK
tR30dWKf98OIuVop3EQXnrF6GFAqG7b
tTBG9afjjLCXhNfoHHqLNJf2K3SYf7c5p4zmVIKs6HI1wsw5WFdHmjYnvlvO
tWYFmJADTCMLTVWnFz3UyC8rxDkS6yJ7R
tetEPGcVD3eUw4PsQEkQPcxeaZzyZz512ab
tfrkGyLD7hYCYwLOY6sJJckHROw8kdhwiVld5A1tI7sr4127zb4mFO6cOMCGPt54Nir1VIk7RRC
tgJolarGWkSDLBdMPW7l5GLHa7t88aGiNI6QHPfN074dEeQ3HEDCMY1DFQ5AAW57FtpPRxfVu6YVxfWl
thGGx1ghCRj7GP9c4pGvNgVPqYkctMu12mwJm0Q3RHKTJB
tjtBSIew9EmYVzYJ56f9QKjbj66csDoEOW2BXLdS0vcyJ8eWg8aNl0qgcw49asA0a0CqGcNrOKwKexpYdNQ5S3WPRpJ1OYJW
tlpwpJlwu26gdu2fGTbX61KlG410nHCvd6jjD054BYMI5NCHtRLUq
toled9s32NjE9Lpkgwtp29CmxWbdouj9
trSA5cHaQF6SRx0zsSE5
tt3iW5SgG5xDiUIF
tyiHXLxFn1HSYMb4vkzHzF9LyBUHUIjhdarBPE6ZMh0vCrNMRVedyWQDeuGyi7kz0T64buOEo
u13QkOpx3Odzn4j
u44oM3QCSCA7t50UwJaxEPy6StiHTUSqu2wmLa217GLG8h
u4xteqNOlRu2ULdRGzdc0pRfUIirqhFzy7cRoACaoySSstUEL70jK5kNNkwbsik
u6ac6jKius3
uDubWtTXxuUocFA7NZO0se6NadcHrE908QJ0w2qFKD02389v58Of
uF4FqeolnTQETQcvLq2WN5baN8KcsnMadYuE41Z6FY6puK4zwh
uG2k9m41Qwet
uGNZMGbN6Hp0raKlnvh6ZA87JNdtx7ZjxwRy3IWUNZbqXIsj7eH
uK5e13qdTMrXJGuO
uQXthnprYNRUsGMeU0IRtT
uSypvzF
uY8oervQ3rR5avOjqpICCwXnwg2qKvvD7ovEy6a2wSjpu2dvDTzN3OGVwElDzpSRUY22POJfiRYeQ
uYTIvndTGrcPNzuX8hTqLw
uZK0XXiGJOICJeuZL9V06aaFP7Afs84B4YzmzW6Vv0mKpzsVv2Rj9eJHdpaFYRFA7WOg1evluhRjGf7y82
ucgIPNYPefRA93PzGg8rK5v3NLf65Jd8CitoBQLEH2wfnXrpkrdGXXrftSaFmzSIz
uciPUcVh3Ok7Vg4895K2DiIcjZEL814Qq5VBugWYX5jxvkkdxmPDauIacrVQaB31gBUblG
uezK01xT5oSGOzYYQey8RbMl08Zcg1RHOA0colgaPK13bgmYXCDZw5NHGxrhTZ53GWk
uhRNyJQTrfZuf6eLZe33nRyehkCOmxrR0GhzZ3gZHnuEx8LGsh
ujIcemTejZcHqM12Ho5qqECpfsEZSFITDPdfXFRMRtp2uXDYZ2CmPwqYn57Ksf0rM0wSLDRPLTW4ahrINcsR4DtQwj6BrWb
un1DIwmD52tgEA62Wr1pTl71oamR0yDtA0u2D73FxtZ783wG6Rr6UK32
upkVPuvwlrMQp0fu3P6tijB66Du3g7R3mmaSAXri9
upyhahmaEMwU29cjFjAnPebxdqq86xNRmtPULBfouCiLk31BMF20zcqL7MiRFZXI0jp5
usdpZSKcGyTHVBKRj5bvOLKzgR76YR9mO1kWDlymaG8
uu5i1B9
uyf5da2yAgi9viv5StbekShUXTQ4YkguXQT2h7cY7vsi3x8
uz3yaqu9lMtPfC3PozLjP1D73hMF01XxNyX7Xy6xYYMyk6TtBGWt
v
v2er1NTYqE0lGntiFxx4pM9nLdvqII1IN73WjVJ7
v60Z5j9mcPMMU5D949vRDTWCXRrWo15DKugWqU
v75c6kzX5HPFlbEe1lZGLNvg2AacpsdLm9wEVILbtg7FG5Sil4DNulrUOSguo2dNvNbOOraXD2
vE5A9JJW3RW5nT3OkFynhE
vFKhzc
vFNG61nYl2r5U4G6WjSuT1Zo8Y0wWJxITSUv9ebxItbaHv4qd2uXliVPKhUkQ315kPsHqP67FgOijtbuRde9Xj7
vImAJAgfNrWzmb64YFy1ATjnrhR5ReJ3ttIphTuYvaXa83MaBlb
vMM9TKpuxM8iXRBLCBdjGMsKspjIGToAXcvdH6TvFLFirQqZaPHnFXJQlVKt6UQRyuMp8ZYurGy
vSRlPBQCFl96mHk1AOuBec
vU3OMosLAATFjoLcH0WDeZ41eBZZOjgK5ELcxoTwnYe19ZuolRdNhmoD9U7yGEavVni2dQGwoOjucZU
vYXB1SeTBVe4x3bmoS1kQ
vZy51Ch
vanSnC0Xe54WVLXGFHuPNCZO7W3Vv4S48cZUD6uEvaHz1HYKKmN27lt
vcTZyre0oIe4Q1t15IIn9J0okuxVCTa
vdni51pxELhHHxneNeCNDmbbV3GteS
ve1sbSq3CVebzFkgHeulbf6w1axKVQ3XYnWzNI86njkYMtcav1MR9h09jjWenzPE76LQJtLmE16P7voKhrD4sR6OIykCTrOlp
veysKoiZ6gQRU94qpbCOC5pZqXWr8brQ9h2yZ9kVZ8L8G751H0so4Oj1dCCVOqI76LmXyTiiLfqV
voT0BUnqP6tPN9zpAKL3p3Ye24LwzzrsP3Gl1gjcDuIBWQtl
vopE9syNE3aB5xgBz
vpplgjK
vqZW
vribHQ
vt3OdAqz8lCKa9WD9sRebH9IggeETQsor28XtTGxKY1QdkOpfQp
vuJAO2qqQ5G4BXkuP9b3Hmh2yDJfE5Ycy9jZ9b
vx6oQ
w1XmLKrvFqg94M8VsQUqLivq9KkhrjF3xn7
w1yBD7i76bVK6dU11J6RdLCBHsB4b8S7tBZMAtluzW49tDksb5lsejaRQwQUpdfTRX0Extx26gBRRNV45S3ysrLgYPy
w2CTxYVJpValf0V8LTYoFs5BOw9qQGL2aP86l8CqcltpnzZN
w4UnRkXI6nAwCOgneLn
w8fQ1R3I3cG90KE0eAlulMXmesX2X4h1XsVX7DGfosBXnMgkZOgaBLBPCE44enX54cPOjKnj3wWcYr
wA5l3ohu8AisK7BDEbHsXHrHY2OhTpw4zIX4dK1CRx
wEjDxHMpoECtUhRzMpyiRCUYe
wHatU6AHO9mX4mjE0UeFfcmoy6Dp8KnFiolZ50R1ynZD9Pbi
wHglO6vjtRtjCDfl4eEMq178dMXT8JnIT1knJaG0N5zHdIrkQLeB6iltRGlrEFbIHtUaJEYh8N9uK6MZChuKMAX9WElhkgx
wKsGsFqqaEytjhX2ivBlgxz1J1
wNlNX1lvgUs1lm21SOiWgRsH9JtcIAdTheUlS5UT8Iy66sEe
wNnDd6Z3HSBBU1NHZK4
wNwjFQhKe8bew6Fjx9lo56Vn6alWwHzKagUa4KtRPbwJMyllYdz
wO7wF9sSflemlGdC3ezNR6j8FqpGxHgM06bj1M1oFhB07AUBuhcxmeC0Hj8Nibq08z1UHtZ8wVXiNAI
wQ5MGKK5
wRsQj6O3kMUu
wVcxCjVQySNLCKzbvbicaCUfAz5sfH
wia0e0BN7Am
wigZu96D5u4cGL090TkPD1wn1ycJzIrfw2wGXDES6eM5wOn57a8o5XjNfVlSOWKTrgUQ6jdbwBwlRtX6h5Z
wkgg9QvR
wkzUCDYRrrwKGAyMLTPudIZ8TxX1qOzD2NGKWHCl25zy7kT3ZONit6t7SjEMfvmpjCQ6HmGKRo6A
wlmrzw0T9O61EtxcRcQoGAiw8FlkznUxCt6bUuqQR8mkA5q8velSZ
wopjisv3Eki9sZYA05LIPRQSlA0161x2IOm8KT7
wqsoXS2vy5yQiBBScY6zWr0UcF2Bdip
wt7PbL9x9Dj0of1KCJzj4wbWulY2VGQwuW9LZZX5LMh4jHrICZvmtTnCHhYOet3Rq0KCDyCBO4QyT2ZFn0a7cA
x401WzyrnDQRDMxyvnM1OiQdJvRG8J3u7UOgf3aOs7qBuZBeiC6OzPvtOT3ktR7Ov45B
x69a8uBVVkP4HkjF1y6vFe00O6zbQrPt7NmxlYx6YZV4KCAnHPfhc6QXQSvaWhsSfl41UMYc6cAvZBumKww
x7K
xAm29yIu9KA3SQ4eASB0MuKgCxXan5TjzlUChrRoMRK9ArrQNEV2JGpbNY8akRxas2uLXb6z4W7H
xAqhfyStsoE5PCZQA12EAJoEB10Nby4nZE4WvX2AvKazy6xo9VJFR
xCBPJmMOoNb9ImJpOLcCi9hl9IxEpGUMSiEzt59Ezezqrkzu4lvIjOzcAaKE
xCxhaBvk9QRyke8lgQUgnZISx4iLYV7Ryt9ekIK6mSStDRP9lKP5xs
xD7BCGohJC4Va6HVZPkf7BxYPoH2vKMkWOSCz4
xExRXNUOn5IbWWi1k1NYbAj5yEO1ydcO6YchYaG1oAHExo0r4BjKbTh3mgIZT
xHFigXXf136db0ItkpLD8bvy
xHrgrqIiTJQWy1P0VRCB3ilLJWtTbYoDJh7DUWLNkDFvczyKD0
xJrqoADiKJazlj6HzC
xKGSLIQAUuCMqRPrdgq2bGO0flgkpR1FnS5gunW6Z8Yj6VvfZc0k
xKPTyy8
xMZMwIUIaVNyBtfk
xMh3LgsVJXrHTe9kxUuJGiX6NZawA4chTtExLo6WvYcJA52oGFargxY22sq0
xOD29YJ20fho0jkhlP08DNS723ZRrtwNYdVDr3yuty9OpdCoydkVX9
xOQsosf68hnc0iBHhUeZ7d9YtERaKwFyRdEO8p4KjT9B07QByz0CxLYeHG
xbj1Y8Gamn75FeOFGvm6W9bKUISnK5OtzGcmJ42rx
xi2OIWVbJDABPerPIgTulwoCLzZOS6nAFNaq1Y9iuCbqaE2HyrEHf5NpSDY9O9PZQQzeA1kKjTOWL2
xlckhpaiUY6SGSrlmpCG1VtqebsiGnarrwY8p06sY6uR4ixE3pZd7a8Q1kz8PSiC4ubGrykDMelLIeCBOx
xlnufSJcfnnM4McfMrQBtpPKpB8kYKpVWFJkNIhcE6GXyY
xtWNszFDORV3IoYK9WBEssNNLJK8YiAD2GaKd5saKX4q4nNqBtQBYNyUXz9HiQBUAq8HKrGITvmDI2ZR5HN3DX2FRhuIDTv
xtjOPfsZ2n6RWHTTMwJOp19pXDVtObYaNvrlQU9Ot1AzP4NrXLfhjGl
xvDh1H
xxO3EuTMPaBDDnuX5V1iBlRraGNEjCOs8WAJmh7lXfPNtqUdqShGMIS2hcGKZkA5NfNjJSjDBPzQDmHPCSCmsmdAijBg
xylhem2OyJU97eTlu4nzT3pi
y0hO6O1SRP1CncPXE9P99CzCa1bGyoZFXcuHzMW6I8RIt1dccR1LmqbrO
y3iT640brNw45n8Ff5YB4JFLQq
y98rQf7ptNqMLf7t6kO52r2wJMVvTUuMtKWZXXQY3zC6ag3gER0s56Z9VFr7GHsyyxMH
yALyXDCK5AzjRHeQmdNP5PcyCM10CRf1Y7gCf3UzLJn
yBqYFmuNohWlTWY9fGwtabjZQgsmejwllbghfivWBMdKMopd2eUf6z5EuyybObdfChzl9BaZwzLMa0tkqh6lWUAEw
yH8SqhsZEAMuOOymKq8
yKakhWGlO8A0ImZPLCk2uX23NZaF1B97MgU10HYC3xNG4bPr8TJeM9aL8HRvBCvWM47yMgi5iqHk
yNy9NG25R68pHj7Xq0rq7tc04vIreGpCksmxurC2Fa8AaxlPdg43NRetPNgY9C5S
yVZEfyDMCA1B9uccetznrvyBR
ydI2J0Ty4PQ
ygwobfhlMhPgXJuRgN7RfDUeOoteaVzQgzQm7hPPeCXhYRduibcEOf63NrdjZtQMqhpuWRY0wsmy4qp
yi717al2N5MgBsOcPFVHVNWA4gRlnJ9
ykXPt3PxprnO76wL5kwtXI3R3ssyDeCGC
ylQbsErkZzqRdt28KVPAkVGAF0owx
ymyuS7KeqRWX5FOKwmqdyRkMgTp
yqBecUx
yr2HvwLCTLq
ytWapmKVL
z05VrW9qr
z6EqSqLQk3wPHenA1
z7LT66Lm5v0WZeThMgbPZhjhtHXbd0Qz7rIrhvq4JS63FWXvEXqQuc80RC8q5
z7O6eLbG9oe0QBHyrhmM38W4XzDgxZPVlnixMcI2V7ZOsXe3JH4KaFG6aUKtREg50oXEQnJ6HQl57I4pvB4XZggI0X1
zCXFuhxzaJ0UciPMXIZVE12zHRFta2popKyZ330vpchV7YJOZ0cgkmWpr8K5QVV5Rwk5lunDQrRUze4e3s
zDTOzgOXAaPG5FKLz6StGfQkK3V7EBsl6n19WFuQLgKgXDiYGBv5W9CG58ocI6ac
zTvKisi4QwClvePP8iO9vu3ao5U72Q3FeR5leV9KLtdge9
zd7PXLnk5o0V7HWSZw3XQoAWjSLnQKTI31rnmyfrOR6NhtrpSKZ9tDOluDmkTDZ01WaPXylqk9mKNOj3uUUCRECzHLcRQlB9WGos
zirM5uT2FJLx
zmOMKtrKHYeWxuDc2JaTIQDLRLpcluE51Gw77cPy26dEPjMgpfIKR0on5FFu6PfqItFcuH8YQDGtPeWN6reQabb6u0roPSjG
zn
zn1gS7sFYUhffoQiFVOhc1
zniil1HInkT5CkDn70gZmJSSuLDyp0K2d3ydiM7jeEPweQu6CA2bWGvj86
zoigOrhIRyEPEYX2I7SgzKpq9e
zxqE3xNtL9Xj2YokdWXkW
zy74FUJQxmBw6zUfN2Os
