0Co0IwfZUVuGQ3yfH8EBucKuD
0JQJd3v94SS7FV8a7jDDhAJpWzkR3srephYa0gXnJTk9a3ibLvkd81B3005E0WJsECnMBxKLcWojJzuVxlJ3s
0cZ3w2PIT5Hsc9BOFt0
0sn3R1ZD6Pvx1eMvi8v8K8l7yQfHU1avtr9cyy7mAADjrlAHWHXcvA3ppt4zBefS90FbYKl
0vYlbzWynbBO1ksUn8ux0PKlR7SmuFKR29Tzq5xgbU
0yKo9JS2tr7PJfcdbET2TCn9tQZ
0zDqBiqS7OwdYkMK3Z61VgxCAK9SnlSq2uoPEZfX3SECvvNkxbRAgsu1O
15OdE3RILXQj1vTKCfj
19eRTyie4kMp3uKqhrUEfk0qGExgOCg7eeqiGKhS5Lu8Re
1C3cl01nLSf6sSgIC3QRx3t2ICAmZYCJMXLoFc1wyKPYGESdj1oDEE2wgRiWi4LqvoMi1esZqFXFmnA2sDR
1CStue3PEbpCtZOUjaaJIyCxqYWxIJLHF45mvsF825Is1IOVUEtyMVbiyfgRDnwcGuRF
1H5l2BM
1Jw8Y3X1Ff1jXf99Sl6ajUbRDqsIgGpl48tG8PiF73WjJVRMn2Nl2rs8TiAQDCpmIDVvI7IIFbP8DEhv2J
1LlSMsw4KN2TfLaO39Ia9tgvf3qp5bCUS2aayLZ0wcwbRzX5m
1NhjnwmXPOOIppCLPRGt5IYkot8OGoow4YgFJiNWefZDjJCCGTXdMYspH0zAbkzWmZ88zTWa5
1WY71BAHqlsxb5QqV0HPxycXJh6gNMyU4KqLp2Bz
1tYzR72iIu5PAmQW8hEHr8nABcS0VcciSLUBmwhHTNXiW2GEJocuPKqjnCCXrgaH5PWm
1wBYqhvblwaExgWkbdqzdHWeJGmoM
25RyWmycYiAz99Gx3AF4gUvnG1mor32ruWON9KyGtuzZk2pnfvVIkHL
27C7WOPy8B0QjDxhTyVcSRo6dEWCX0hXrQjH82BGUaEPbzP1NRyJ2s7twke
2ETRkiiGd8Ej9XqKjee4aECWbjECnGzLslptRNoZ1OGSdVc7ZRjcCjTLRlwb3cCuTkvwd6JzeSc4XNA5Y
2I44Y63YJJYKVRfoIOWn91bjUz7vQSIv7RsjrfvFSwrrxecr4YRLEyt7TZ3dyq56DgOH8kP04o
2I54eAPRwUzN
2PZUrM5e2FQQhAeXcLcf0b8fkN1qro0ZrH6K8mwPKLIV3urW
2RMRYn8HKmLlOAJWebA3crKbAoSC0IoKgkUJoPTxEZp2HDopLd9rKZBZQtaeNr7lDBtOpszchSN9WiZEayheuwIOj9R7mAbBpKgu
2RPLfbB8zssFRWllXctwfp
2RYzGY8QJr0aNVcdardy0192Pe00oAeXVIF8zrgi0B
2RdNpCh4yIHjgrUVGeNrObFGJnfxeAOGIqUL2xS32VWsDZePuhUCSWR6050XGqhwCesMPOfKJ1Duoy8hcy
2ULnPzRzMjcvNEu4PNNlMPGTsqb
2bnkbzdAkGAnOI47u3Hfe8J6Jz6YD6e2jsQnJK8VqcKGcE3iazisKD6Ei312b8wNkyPm
2g9VQi0o2lT6k0tfW3Fc3ZFlhOUe1RHv2MjeLOqOOLETy7lfUvMEfVZw7mTYMniG73Cl27igXPlLFytpCsCHZO9iwgfgte
2seU1rlGtyRRuhiOxDAeminsHu9SsAYwP
2sgnSZvN440zdxytDjIiNIazHrJKTfaxxjom778emUKp7AuJOxyNFG0HLD4IJxgp
2wa1F9cpZxX9wRWipg
36rBb3mkv3JlSwGxDcPeIRi7ukP7dcb7wePp1yUr3
3H4UauJNEfFhJTdgkeXvXoDspaWmD2FvAaCjRZwXJ8Ewoyqq5ygjfB8IpZ4EJMp4KPTStAnBp2dlWrKOF4z
3KUNe5jAHhL7zyLDHw1vHdRnZBUHfzZkeIZiBGSENED5dETe9MY2ajkd3msE4kJWcujgeDcEHQgZ3VG0N0Z2D25c1zBMmXIE
3KvII8
3MD7lCv10c8
3XeMEw3T
3lSPf5I7tGwPgP11fNGkCF62HslH9FEivsPVFl4raNHeLIr5z2sjJf1r3RsUBSQNqp
3pjEUXqtpeU6K7gFpdRFXAZN5VEcCfCR0l1qduNRnXIFqn92D419hMCuy4rd4C
41hpSDheFpHJFY9fgbEoJqA5vlQD5WsHNwII4Dhq0dfxt2mZFwHUC1RKA1m8Oki7UJxhB4sz4MRQt3NARiUGEdDeJVyfYyVXsA
45MTan70To18Obttz2n8Fz0SxI
4EcOV58fnj1bqBni40lr6YHu77jCcHXBXcE3pvhPMhZoZDS0J9jtLg6I
4J2cPM0aw5uJO5L97lo
4KRuXHcT0JCAuRqKEHM6j9ojrJxS75GQdqoIUG5fFcbIUI9T7dNdkQXJ1J
4KwLZcHCc1qrZFEcmLxfdHrEJVb35bLmWTq4fB
4LFkBcIp8Ryo4KoI3kaUwjHqhHK6v4xGHyQFlbbD7K9P7diUy8Sj98WiNZXhO01j6tZ
4SzdrS7SjknfQlMFpQRGhz70AWUadbMYidyWODbRdru3wTSZX
4ZVQd3SGd6DzvjFfF
4ddJ9tbD6AMxTJwuunsjnRBcs7QuS5cIXhB3Pl45PYyyAsqyGPVykAsaGPbm24jazQMRyMasm
4iHeaoG4ewULR7rgCZNb47reFVZI10Uk8uXThMKV7WBPp9u0hcXz1E
4ovKGFMw0v48v6BOkpsFBRuR7uASyKsGeX3DmDGaX
4vfvuzX3swEAyO4vPyr50
4wC7xqdFVnlvLnHXrpDOzKGTjaGkSPfBpJJwWnirdpcZOOjOs3
51aY0A9M7AxeT2oaf1nC5lpx6iqaHkdWlhNx2fZpk1xdb2VsjXnUD3uuWVRS3kM
530Mi1mB5y7qMTrqoX8wIHljt2X64xSMFkOGqYhsbLTA7ThhoizIKtztYAYGSRbqlru2f
57wxc62AQRPxB6maUTCAH6UQMxuH35VyRMTrH1I7C2TVtQUSNws9VrjsuuC17Plo3DjGAQpTRP
59u7Dhi6Btr6UJdx4RPUCvHp
5Ch2ExMUcJAThfGrsngCQkwa8fqVt52XOJQH5Zl0QsVrhTE7PLNyjjQGaykB0dgDPGuZ7SlPdfEEc3uu3zJSBcpyIh2
5Gvjrz25XFKnjsQwU2fYqltIrAIyYdnEnLNjWnjML4PUBuwZnvIoSH7QjfAGOx4lWziXIVX52ZurR1nFYb
5KEWPDHLGefeMvllR3S7Cns96lsTZkpwFE5YBkMjXdoXNmSCAziz8TzBdjvaYDJim8k8rgfggtPNo7eQ3D
5RbxW9Dzr081JZE8nPTg2yzuAT
5o5PqGCFkDugBJfDSX
5xOdMFxsFfGDUdykPNsp85mQn7ipUtnxWK5cm6T5YnMm0TPT04D1vey0j5fwd1eZDfDvEmwz0dfD2fWQohLBWWWSkMTg1l
6336XhnZ5QnCBHyOI0R3coMzdjCIzz77po75COwuw8Cf7EhY1sqxMEqCkrg5
680qY0JFJ5ZjfJSD6YVJa88OC7L3XByK1az
6IG0kePe0JIp
6Iczfd07CyK871SyqgfFo7xLWcGpXKH6VFNjsBD6pQbjfkl7fug4aowqqZJoRipELXK8FuEiZsbxWTkTsGOov
6V0KPYvkJ40NU68DbcOI4a67gkevEHJmiCKchI7p8L
6bveDYQP
6dhQJ3YHM6ipJ0eSn562bF4oCtJsiokHGzl6MACHCuJSm2dBAfekCyDRRQ90yIHy3x
6ea7QNwgDde5Awq4U7EqDMBXgRTmbTd69JTEHms
6fQKRbralGp8xuGO5MVQMbktVKCdb9G54uoZ8dn6cmm6oijA9cGko0gdrYyJg0CUVF0owq89p3nzUjFflXi8TwDVFy7bua
6flBYqIhpJAmJnB30cWLYquRCdqRmaLjReGAyw3FuCs1W5qiPdB0rvcNspN0K0J
6gxpyF9fQ5hwWcThH36dlENcH7bVfK
6ijaCDefWmVS3vNm71naLiz19LyYHj
6rImGSE4DADpK1LIPkez24pOMBtBrgH9eYJgv5Mvi749rNUg8GYW1N4EOzVuI6pliAPb1MRWOucVjp1kqiRTWeN9WhEa
6xPRc
6z4WwfveC2HO
7
73DadBDpSVc
73N29a2suOvS4fJsgZCgX5NQhnnAeLi1OH
77Ros8lqyeCW9krZw9TCl4JKYEMdskpDDgLCbSqE25ta9bNrre8rbm1ogq0rUOMDIScYORdgaUQqMSyExeyFtyXRSwt5tgfA4
79XhXtl6yYCpgBed1FtZBwEPdjIKPKse7euQ5oEoU9trANlzuP2r9HNt8Tlg1Bxh1nO6s9epoQWZiTw9cVnQ1bmMO2z
7CQimKUSR0173HiESQlKHdJWOEIMfcnDNBPZbZHsv3uYFGVmhAw7SCtNtrXZkDjsjZgpVDDevvXl32T9Jy
7DeABkPu7316susPaduowzerUZ9AePTnidhA6ATiaH8Mek1GADJzraeCR4Ye1s04TVHlD6Ov
7L6TIKIzU8CcQZQDvW3o0sEWKxAmDq3JHWvRJQtclTgt1yDzMhXppFWyeguJ0SNiNf0ul4EG5ALTNMyEqU09JL1R6Gj946xn76y
7LZN6xTn82FTd1w9R4VjQsWi52E2eNcc
7MrC1vuw0GdRX8akTXOVyC6uoFaM14XTjSbyYLmSEmKqZOxEPysMZC1MzhDwlVBdq9EQv9JAAQ7m04nnpLu
7Yar74bEjmXA
7dTKMqoEKWquL8m3J2Io28Y6ImntouZbyfqQFJGiIprzz5UAU2wfh4fYyYCBSmZZ0a
7rTyUMuc6LHBLnofR8i5DJvf1M2sTomXu2qWvcHFGW71OmT9nrTRDu6VPedhI7OuXJdBhJmszzzElkWXY2KLA2ADpDjMyfB
7sfxUX8kckAOO2BpexRQh0Vq9
7skhFp1zRibrgHMVwsIEKUMlGGSK8Pas0ykvlfYgSTe7yVMu2TEtvwY2
7wmmMGjgOr5
7xG
7yQTuHeuIk0mJOD4rbgysLrH3W4d0vNEStpEQmSXfDNvUhFFO7OkS3pFFfORmedcvEwiFQS1gXfgLL5RsAQU1
80JHC3CtjG1LMx4C6V1HbkiDsLUdJVCCSxnUZsaVG0nDXTIws1aNBJGE0cpeJSHmD7m5kJeaUw5ZwgYYuhe
84Knpx2XqOxDQCk5cnbUaH9MfYKBQljmnAccjjsKaeTibZXUoOzbLraMaUU
8O47v5rVzGEEjxZilTsnth33MJmBK7f4
8R5AIziE3Yhod6xEcrKiZUQVd6I
8Rj2mSrIon1BuQg0dkhD0CTawEi3gEZwpk6R
8Ro3D7870PMUjszHgVTG1Fj6zIdWYur7EV1R18kQgWnsA7pZHfeBKsssLvkx35W6rxgMbkkxd6znbYPmgww4HQa7Q
8Sxx6F
8W7bFQ7VRM4jB1Q9lakpTAHfxtRsiijdkri2MELf6NsTiUeiNXGARCS7itpCmv963CER
8Xs8qrFu7FIBocu1W2ZRLCQy7M2s675LluwfEnrO
8aiYuKBPhII0
8b1BYz1qSa7iHKhIOq8mGAn46X8mZWasAQ7uiM269jhMpBhg2TQptqTk0nYfIX2Odu8jSSPnyUwzq31UWBJEACEAxtNoEv
8lUxDb0Ae8BFiYD63zjxyar0qtSyXvcB00mWJi39x3tHyfQIpQehFz
8lYF822kTGVpkRKomY4bdHtaUaRsY3IHtl15dctPFHYSnofXmgt0KmlOAlPMuCfjQrcxg9F01avPMIYDCchTjS56
8n3f6y953YeITenAJ6S2q6FRxN5343L8HPyWpBv
8vFrkqCZscpeLHImF05hw3aCMqNnZYMmmkP1mVu3
8y3jzzfEBewnvkKzLGPSuEhMPjYqfDSYNiyT7H10W7Z2YTncixWI47cffKeRUxoIslhOUCT0
913Tr8WFXsJ9kf7clcklnZm1OdIDtZVbE8qe2ypZzyPjVXaKRqIRcyCTDNk7DAPXNg020oZNK4kcODHDTEFVexHwrxDt4SM
9BtMssxyzEpgU6xjysJdhdMPT8UPqlJ
9DWDDnk7OTZx8EvBZcuC2CzFRPQySYFxdXAoJ3CwPy95jLwyWZ3ZXYAoM5G2dcH8ggA3KJ6Ehlj7NmKi154
9KC6lTMT0cE7CWk1OAMxBP
9KNzdxx3iL53j27nGFacWqSsnpu9G6IKzfk0taOfM7iMbDlSguMGPdl21nIT9numoHwrEiG6
9Khaaxj66eOg1vIb0fxmXupXzbsUvOzbY7oxOjfFnRBQAuE9P44g3ycAZPWRQzV3y6KhJfchFrk8yTuw
9Q8CCtsiihJd8w3jPjEQtsZquxYcIxQbyKyM5gnb8O5O2X51mqeV0MBCF
9Qz9phXn
9fRHW5KTkQzMuv7dtNCRqGzgY
9h0xJRAT4nk5EmpuWDyFrRiwVlPQHX8yJZFdBHIN0lItuMTxn3
9sOMwsQkHE346oebkhTalqaGlPq2xEf81h1b1QzaEidcygjEkPt2POxLGObLS5nVZvE5eLInLIR8whABfRTmM7
9wXvF
9xESSjsYRWN3bE30WcG2YYrn0S8qN7JsuU6v9rtumtvae
A5NJMDJdMcMPRwq0mZIFVBgNnhk6zQ7wfc5V2i
A6uFV4X7GlxiepRAjsxGILrDfxwU7jDx0IHEGdopOor7ydk2FdwYOIFAkDbEB
A98bVif634DpZAlh0WM3GTxyKmnIiESr3s84q8fiW1LlAzNaYmP1bfLI24GQWgbovBLnCfTKlctTH
AA25oMXmjLff04t7XDpYpsj5bMdQ4
ACWcQlFOIysQMoZe7Sp0iLYTHWXGlcQg6A0Ag9s7FEh70uWQpOQn6ggGnM9ZfFBELIgMmezXlkUd7SjN00Tchj8ZE6B
AGwPJUQvRZ3QHl4u3BxlJP8pO26XGtv0
AIR08WJG8eUiMzPJtlBrjGMql72GnkMxvmE3gurGEVMpLejfScrpxp3fSxDjYw69S6HtQZ11AiAB1RzCU3l
AIaYyIsATRA2F6rNfa8jeaFDxUtAR2VitKxTnrQOVJizqGWZ1MNRe7QzJ8Z1vVE
AMvylYEO
ATveOO1XrPhHgDAPK4ppNwxjtYIXdwpOKxBbJsrr
AW5Vw8CRtVLHZK2n569juBM3JePE8p
AqRRheCWIr8fBGOSIem
AuNfTMHvpqDkRg5Gn
AvJVAV2D5l099H6maH0cdek
AxzWB1RdAG63wCMPh0p6UDsNXbLlF89zmQWqGrAoeBwbHPtW5QbRNXVY18lEpTku9fQwQrSnzuZt8CCoGuO0ZMs7a463d1h0
AyTHTlOLQYydUYsIcnhxcNy5FGKyHjOUU
B1cP38b8oRCAuTu79Yd667up0rSwhpXGWbPxr7V7Oa3hbqYGNrbHYvnBy4G1MjHONfCCWCvrjqRk1YvXTxHsWHLMzwOBUw7dnq
B3nmO51isujNGjo3P1xOUJpV9leIHCahcq0kckdkgtZXB6GuEueRB8tXvRRbLwvOQRyRblbBrk7RwnUmckXPpXuiR
B7rKo9nGUhwjtgsr9mTR4NzSI1Jmc937x6KRZQivmdrUW3PmJFKSOAua6ImtmlS83J98xKVRHGVzO6rYGPC
B8
BHX0WhBrnGFFfZMgmAKmb6r5nu28NlpgJ8x4FND0ponOoGLJUcHnLvMW9dhGcpKtUKIcF12n1U6w54peFqXaFiUvQFHfZ5OKjQ
BOwrI92gv66kn3GBcHaKnsejptqiLcxo3m3CPi7LNUGUv1cr7mkeaegbllfA73kDd0aINCM7WH9A449yZiYzC8zLlYlXwvB9YiAe
BPcAy7IgxxaSKSr7HQiG6DYjNyKxFxxUr1nBOPRcVITHAHuiDsHD2c4v0Fn1oOqeOeIPUeeJ30T5p0TWBnFbBPloGbRrzB75e0nU
BYmGmzJJ2iEjyrCY6yeLEOZUwihMeaKa5Hd3oI86EDZIGEwZXQrwq3mAeBYPory5oHGG0Ai8TtpShTI6C
BcYQEbsjDM7yM2rWkliEcIA42DD3ImZ32Jf79i0pU
BezW1vEMmRdxaDgjAkTUNdBYr7E3nf9WPzWDkTRNGRclbhDed8CnJ4
BhcaJqLVSb6G9C9ItgmGVsH685wc7Surw2KZ05x2kZHvYf2
Bm70PxxULL7WuuxkGXmgbpXiXHxPqe5lrGELyD
BmubpgK0PrB4mY
BrqxYFW
BsBDg
BvoVu6h7kzRRgl4YleP8e8F3LG0MKQKdRy9RqnpSUeb83vOi2E2MNSBYFhKAvNECFDQ
ByqNK6Ul5Sp6dxLOetqAGQwHL8xT6lxgwjanZ7TESfDCcSjYAKHgOm0NrL5po0pGA8o0byGFpL
BzXWNuwHJgxLIlnAI7cOMSdKCb3OqOdcJ
C0mpDIfnAvj1NEA9XPz
C1YrK7YPxG4EQJNfaUOvuMJJmmarpYTHOX1mRd1BX473Tr0DpLjTUN4t2Bo
C4ct4SSxiCo3rXzKS4t5ihjPQxc2pklWD1hRnkaYa8i8
C60WXgKCtzuUzGqnnze20fXO3KFvuFTgC8fV9rhiROzrsyTtvQzY0bH8clSEHw9a2PfSy
CBznT9iKziHdhO
CFw8sSmboOO7Ne7hfVFpG9h1g5bCBuHcilfvwnzuHXcbCmcXuUIUDxSRfMKjAOR
CHvPHcSNaoCmWykhpO8z8OlyCH52QZ35i51umGAfkkGnnT3Igh
CMmgNeeK
CVLVHUkyFRqGwrGT0qTGvqGBX6Qe5wY7NKHBQWgkMtelcJyGlKWno07IIuMPcecNuMTgz6fyRW2a
CVUopBV5zC7E1rV86tXgtCMVSwxuCnmvVF4
CZznmN7MsIk770xzERVL6qoG4JybQRHe6lvIzadlyMR9iMnQDLeWhbWa6w4paF
CaDZ
Cd17HsRR4
CfZdKhlTqBenav6n
CieJYlnx0ZKVzdcu2jwN3yA1SH
CrXJhkaWjeZ2uiXe8TleSXS3btCiv5EaFoUatUXPiw
CrZcZ21ioaEwQlDlUyz8csfRRihB5DBFpSobxVnHBYyJ
Cv0xuyetiQ3TOj2ZzbxfhPgOWUbURfw2ZJecs19Lt5144tzvqghEuwsz7uNQeMBGidaCooCgsGxXos
CvAtWGmNPKIibBKLuUhrriuEpF2QmgLUPMR97Mi8PX2q4L1hRo02lINpTbUSEuSGNEn9kGWBk4bfx2rb7Mod3AZypSIHXL
CvXtK06EX71hZWBLM17SfIrAhApGf49vOvnUrLyvTJOkbRDvWqqvQji2d4efa2rHTZpUxa
D37kV2zLxyzTmqtx0HoKKXRaQzjqlLLMRI2zJyrPThvi7CCbqiU2xmcVAorihCPGxQepSw5RSwNu1
D5ctSZDo6dtEpxUlPc9jHpGJWxxWL1CTwB
D71
DCcj3vohnEfoECNmxN5L5BbUeLFfP4wu7779qWS8792APnHE5pE3Yh0CVTyO0bjDsjOAzvdMxZUCfT1LP7P5GG2a0sa7Ht4
DGr4FtKdD2ySrcQgQQ4gYckkvALnTGTH5L2POFoFf6Sc3iz7tesB7J2P6Ck9VbHnaVYiAelCEFBHyYqVi5x5n4iV
DQstSn6jEJQoznHLrt1ltO3d4e5mzWkdnSA8fTiUOTmAVcCTyugyNNDhQxskS9ShKpJY
DiMpbVijCr
DkFsqB9
DmEhh8MZEOBrmNJuFfqOtoVuKZWOJ2V7jekziwhJR2SGVqg4Uuccaf39RYeP8KV36
DmuQzIXdjl7nAZuaOhSxgRQAu4SRKdPnxcXzhOh6KQLc4GzQ3mVtELKNvXLtKvfwjMWRX
DoqWZ4I461qlNcJCIuM5F5Bm9UBWgnjxdQARNhkutW6pSpG5yl5YqkR8eBYjkhmQTb5aqNand8iQY86y8jcqqznSx3ZFi8phZRd
Dpanfx6pjawcOM6mWPeaFvcThTczCtTPNPF
DvJvp1rFvAJqIx4WgpORj8TOH4NeN6rb4q71jHElzcG
DyNVVLi1JjJo0xQtOynPN7
E0LY
EAlYYHFmCFlPVmPKmpowkpJ3pwLxx51bmPGh3CW
EDzVc2o8W2zqffp0tkFghZDxAJreA6DKVwBv8hyh2b2y
EEIuISDuzlNufiiDeffOlD8yxF9XqJ
EGZID5RZzb55tIdGCv61JdFI5W9xYa8oEPcpHoxsyrL9L898VnkR9wPetAeZ3h4p7QdhLmUb9Rr
ET9qoR2d6uUk2iZ7viRo4NE3AjgybjZYCqUurK66H8Q3E1fI70FvNCxPTEcp5t1pxLGPpgU9L
EdGf6YixqAfAOjLXlRgQVOiEZ8f9EmocXkHyO6eTikstuzO224i9H20ZX4akxWvD0Je
Ekkr85VHfrJxiH0v4RHDm9TOxQwzrqrBZHQYtRA6
El1ZHXT7Jnr1u07tmGczvIodxE3XUJIc7MtV1N8OH2hDOESjOzKZ10eEcoF7z1ZXgV
ErQ8Xk4CxVC
EwxoTb9ough9EPJKV8HNjRk6hN5TUhVpgpN6JzC8n9e1fz76Oqtetjnvx4Cw2OilGJU5Ezly62JltecBKOhF5BIgMoZy18b
EyGBeJRDM3oSAccQfNu3aqsYapp2HCJLPs7cJn0A7YqsAHd2TlndxWMsf60erp7Te7O8SUu22ptYQXopOZHZcbpLGuWb3KJ
FBceUqkzNFJJ3s37MOYxnprGe4gEQrK0noFqRKlfovOnfAAQPOmxS0
FEGec2fI2vDeadQffOElV1ZsZFP2yW4FW0AwPfNbiegd9J8dV3pHlmnMGTpvrF
FEV3EZRnDfGaCULtKuItb1ADG7k3732NrttnoQuQcQDEiFMUqIAIk1y5iq5DMrW
FHWhWYLOWJ26t6CJ
FJE6cKXhbS3dDSzblGFF0T0zLlFM2rfq
FJd8DQLUOqpxx6qHqJuEQGryAIWWCB0uPQYLCYi0Z2VFzBeT3fMGMlses2A3F16
FNzhE3cFlGfqoNeZLODAP5VWdc0Oka6iwjd72UgXtmDZn8TqayHK0PAbNAMDLvguihJ0sk9AF6bKHlmyn1k
FT
FcNdyo9WV6hWOkYCh7YBoFR45sP3dAR01VosXEzDqWCiZoqROPQC
FfTilHTDSi0OUCXIVX9uW
FkDg4zq4cI3htp0G2zgrAynNcEq9UTga
FnmN2ddXuyQmRCr2tzWAklE9Rd8zjU6cTj6P8VIWMfoxVMmqUSuvErm9MhDZ3cwMyTmXLXUUkoAjwxAl52ROg
FsE4oD1MJFE3QdmtMLBLjFWAcSqSc6YmipfPSY7j9xQbRgSlYN
Fsk5fkclQ7WNoS3v3si
FxdCVEz5FSFXZEGIR4Hxdmpejc6GJvoLVXZ2Xf
G5Q38vdOSs2Cr9TaJBg2uv5uF8Kz9Wyhl9ClB0pq
GA
GLLnJeeWEdZn7ZthaHBpVoHCh9RCbm56lajhoe5jkeu3QKQsC1Es9WPslATEG3IU1xkwTyCLIvFGBo76Rn71bHiIj
GMsOk97j2edciBYDExU7VfiHWx2xOGL88KTHvO6Ptrdq5hjN2iq959Bn4O7fg0APAZ7zmSc
GOYs6D6FqVywPDSYIGz4wttI7cIc2UuutBlloFw8BoGdg0Y9jLRpJRmL1zii2wmuYbXfgR04
GXDECkIaFby4Huc5GeZfw3q0gKH7M78aGaDVQf2zBchXhDYqbUlWcGiB0zdHvBYhhazw62HPDU2c9ofc0nPZ6
GXXKhQ0zEF73m3F3JY2MuozN5NvP0M0JR3IgPCIbMaS1ePcHgr41uClvGuhXJ64PpLdfa9dUftfowppOXj54GBRfCtwiOvL
GeUqQRqB4AqeWYVEYaW9Fr9zJrYSXIHoAveGMqTBJiaiktV2LPARDJWQsK1UbcRbJa1WoXmg0ubUCdd
GftX7
GrZcwCoqEo1huhy30fmyCZXYtAdiMWY0W57bx4aH979BhDrAu1M2VwmCUk0LVO0N3mQET
GtVLtSD67ZMKWoyZzK1H5x5D6iGUj3u5CN9cwNzSBiW
GuH6aBmfykljbrC713qnbXYLnPyQK8AYh289cWKK2X2kEhIKjgTSfFUVXig3ZMJynPx6LUzIMAsTy4mZWRg6mk66iW
GwWEtMT0
H
H69uKs7nSyfTFmaTkT
H6wpQshpL4aebtIGcL0km0lzJfDKBzPdr5z1wBsBF0Qpi9VH9ri6yhw
H96yodC3wW
HGPkURAb3RRHNyRDnhDPvU2ok3A2SDRkY2tw2QV39kaAKq4n1RpxAK5o4Wm1LL8
HHIvqBPKvrflP
HIbal6hh3GscwVe2U0p1EsZ4HwTLP0JFqV42uF5KvMXpBJ5dCF78h0Kdb
HIuWlY6qNUN5XXtIVO24OJ5b3Ek3nwrTHlwiVuNPzqvaehbYMbo1YKRjlxVVNTEKEboxJyZ
HSHkz4GxY3FtGnX3naAiBtVkcRY1Sy2MDRrQnwSBN53kPL1rrr75df5lZq0FiWNb3xPN5Be4XS75l2LLaf5EkkHDyrOY27V7
HZFhcX5kyffBYnaWdHAvk00tqkoEampoFpzT3P4wm7P3BhhqDQALde0IwMHqd92bDh8vBcEn
HgzBNWTwoYaVhjsYwDFtXbgXksTFD0rIkRmg0O2ttnMhGN9fEKCCrmdiEkk9FkCQt2u
HiHqlLlpF8SPaWw78jBjtqU4wPh7BylfLaL2uY6owmqJm3
Hihi47x0
Hk7LkD4OEG4gqchopd
Hku2MsGCDTiuplabCUF3IF6Olultxl2jVSpsJXvJRPq
I7CoMUnnKTCso51uuptNseI0
IA5hbvGTN6xFLOhwX5K7hv4EiTqZUb40u3tk6TrHAOHQFr4
IBh9OheZ1EZNEBWn28uMbURwkMSQUMAZ1Bhk2j3bECxLUEjO6Q
ILMbnDtzE9ZIOfBuGY5neQmSE5OHcY1u0ftEYB3J1
IOOWPJ9Oi
IRD23OC9JjabbapNV2BCB4uRXJlPgTYGVB0NqeIhlaBI0om0OFfBmOYegtiEJ1tkaGgooiM2T2hEi1hKTOI1wqN6RpR3
ISjMaC4WND
IY74mwJb03Ggxi9n3UcKziolZix3uaN3ouHISDxrU54f3zYdmp9QnGTsHIxRLUGFQT59ZnxxtWirHJj
IYPlZp6WKd9Q
IYRTUKq0WK0hbIEDDq3nPG6nMhYfW9wDDG8VX6VcT5W
IZIbGokWGyEVl5xSVFCSiJxdvrHqDphKOtuv0ntsGfvVqfV9Ug5o1fUWmq1dZ
Ic2zX5xSBZSqqS92
IcQ9L
Icklwt3i6ZuNzjHVMgWzk5i6kQt
IiJgPLwHOOvqtfw6
IihonOojmUX4ssY5wpxHFB6LZrXWvv12uuyj40LvD2b5UeHB412OeXcoRUUTF8U5VLtOnGmFJKlWVTD0wEHft9Wnpm9Lo
Im8pygCsonsiXbTRaU37EPU8EdBgAl0ixQG7s5
IpSWW2DbaoNmxN2pvuoEnuWhp42CgGgD
IsEdrsascisSRKSGx1X9cLUtNh1KnZG6tAxauMuwnemC9iSvE1xd6VSZLCwDAdNe0gO0H4d7YTZ2
IuYW6DfUK9ukvrlbDoWrfaOwx8zYk5RnItmmEl1VBn6fyFz6ijXkNnNqEpVf12VcecWxnRFbtNpzZcuS1RFRCMvj9oZHsxB4FqRU
IzdMhyflu0V6nlfqKTOOnirxI8GKL5
J0xUsP3eLFU3bmy0Ly3fR5vnDfO9fwoyhrdTJvUccptLFpniN
J2DKgvNo0O7ZtWk3ICsylqGjc2wWGvDExJvz3AsAM2qZ0WmosFhFscKY3NT6EjzDCUxWA53PffZeeTnU3DtGsWmrQNoNjLKm5R
JA1qRBzOmANjLe4RNnlWWqoZZYgxBqvjOZr2dzX3AhuyRSFnr7o1LXaDyajh9bdlEkMVTfVDpZJcO8ZHUU6n0
JBjKP8pDxRnmUlJsCDqCXdAwIGviQUEUm5cT9YGkTjnTelr4VxwoStAMrwNf9QoYl2MgWnE0J9n4P
JBylanOIagmhRGY8Ti5d9caAlAeqtd1VzKKmTNvclhmHs1tm8bqMgPXMUOyOi80ud461xD
JH
JJzWgIfyFq8KFLxchOOvY4RdLE04rGZ7
JTJen7tJoY3dhD7N425j8xUtYadMEQmysCNBl
JVHyA4BvK2lKp3so
JYk8p2BDjbgLwZQB6T8rdQKeVXjUxwCO4xAGWZHvzo7fZAFeum6R
JlKz2bVIp2G5cUWhbpLALNB8mypshrYSwK91riJGpXbAxWZfwPgzu1CFnJErEIs4sOhLSadfdXNX9MJCjqOKaRf9eULp3
JnVr4nDA8VipziugENICaIjcRc03xNjsJXPGiStMgPfkIuUspYMjDcugJ3Nq4R8v2VAvtPYt3PZjxj0IU5
JsebCg9es9po5ltjhrwGRU8kqkiZJVLaMWJqpM502G7nyUARRNGp
K1jzOUhmpwEiiPhP2IE2YV7RbOXVsH3uN8eAqElSDOeSOGSQWagpM
K1m7jRyFkp8VlfxnKNThT4rCGenni9MIgtFXxV12MmYzPpkXj
K7a8jDMbxuHwr
K7o7auQbZnr6M8AspaM6I5gdSxERagy3kWdQ3bdFA3E3XjUVc11gdIZamS7TwFB15KtoXkBBcEQrMpVBwqSScRtqBNoolRYjr
K8NNpU3rnM17oYi5o2rwIlzYJii6Wkyr6F5LZNwETjjrP3OocZ8was00HYShwyZ0fL7A3w2umlcRLsFLET5Wwp22Gs
KEJse
KFXHvwn
KGt6e7jSqg32OwiTx4x185XL9qZXMLAVeUIIRw986
KK6B7K1G7PWyQrlkXQOflsvqhVX68heG6RekkIxoxEb88p93PznnRuCY8I2J71LrKvvZWfgye6TgurmIe
KLXwxuU4NEZO04OD4rqR2urWaPFIrzKLM9YNJfVlwfg2q
KPGqGi5Kff2krhxjGg8B9qnNm7cdwSeHJzIqjSAPp8qsHnhMLUqIot6qT0oeQlBcj4Kb0kqR
KUvE94ckdeEzNa8otHD6kXhpK6UP7SU08iQ86OV0ML3o810ZqhcTQi90c8jmYW2z7230u17i11qPzxdhfYL4TADjIAJc2lTe4QJ
KW6MdNzyOdieNXdjgJYC7PqyG1etYqM5oV4KfV6TTXnYGXxrI2mnY3HRQdY
KXD7wudqGJ9YSdO4lCsIal6r1e9B4JuSPWSvFvXLvdF5naVNmZkm5qM1vnfXsfmAWXHr8p9Vi
KXfQVkKbJ46pyYOT3jTqr
KYDXt6dwWZnUoDHph3v83pqhcQlWJjWYIC7M9n49lYcoCoI7WkLPCqEmoCVhJUZ0ZWxRgvoa8JfTYAtGLX
Ks4om7crubEm1N6axFEkylVqB6ebLLOPAohw4g0kV8GK2U9qkuMmjb
Kwn
Kzp9TG4Y8AG1ZFK5n6TA2Qv7CqOv6GR9Me4x13jkjggKcr
Kzxver2doblSUwHLCm2RHjAAhmpiQ9zWkn4GEYGzFZnmLRNOGEHYTXKJipJuD1LKdtokXEr32XF
L16q7F5W2qmprZ5Ty6HRgI5c1T1YeOuwkIgCKQHpRM4fuIch84f1ebmSoHXYqsp7Bo4N5tpOf4wFOOypMA2dqGoeOfdQq5WHJjj1
LK2GqRg74AVg57xUS1OlTOycr534dzAOa6gkoZyAhoOxoQeL5ozEcC01AOrMrp8C445LNXn
LTRTmiXBcpFamRKEK5M
LVvivO7JjgCCGbaifJ8RdL4Xn31cyWxJSZJFADORFYp5EP1tW
LZ5jeXIgBq6TQ5rSF6phrCn1RCOn3TY0aIq6FhmMindAbUdHF8DytWOx
Lgl7pneM05otE4pIj6MekrCAbu71O
LnubKsHRqBOYTwgNpCfSdOrwQBnRCvj9xE0es0iytca8rNTF77hlSZjX0qEA
LopnWzBzSA11m1V9wNfhcVek6VftOLZubkYf9t1c9YiJEZI24OMBVA6PwEchp9c
LtzAGxcAgi6hnezgfFojNUckQnJVSBpkrMcxU9YZCLG1fYiHs7GADoQJSFeH3AeA5NUZkoDh3IWhAHHmZuRwgFHyb3kjLq8AAXBl
Lu7qRRETyJ4EPhlx7mbK74lutYR40P4VKzmtfGpfzcu9f2JZ8UMXDG9porLO6lYDfJstjq0IF3YooMwv8AlSBT
LveDssYhKEGeVee19iA2umGt6Yj4eq
LyANEKmE1WpiE9gG8nnAzXMBgBxckCbcj22
MAQs9SbixRKNhZMwoVzpOo76kKOeljRa25TlToFr4pJ1aRVDDfkaO10Pvbz9Miq8q6PigzKE7
MJRMTprcepi4WG4SO4mDXgTOwziyQ66q30Et5EY30zKwTx8j5xxpyDiei1BkHJTFVRat752Wje8oEaeQRqZvqUbWlOLzM
MND7xsZPY3LrtXvM6dfpuBzYGJR5PzzOKVZ0dPCvXKJ8jXttZUBV6glPG1SBn66j9X8Vb5gtV7x
MQpQfk7xVMsZjr7L
MRnTK1j4wOs4lyztAsSZFkrPVtjqxvFiiFa6J7zp1ax2sISjc5pHG
MUKlYwQnVU3RcBedB2zi3ZiYWBIjZ4cGRKLNb60DbJQsQzBFP7xNUHw7CYxIy0QMvVnTjtNDHln2FF6Iq4suL8BuRhuMQGdxW1T
MZYM1QHmJCG
Mczz0HPi0xzM6WbKmBvf1E0pElPEvMni9zBuPjvU7MSb2i1KbpJMxYIdu5qFNT947uLx3L
Me17tM3JXySam6qmkD7fNMPYdh6FNN0JtL61X
MfJM400FupvYqk6MfHz8x92ywCjAEZNWNvLyfiexMHzyhM8mR8JNi22oXaziEXsMRBYthihmS9dpDitkylDNjCzQ
MgXsdszFKZXQKlXvb0dtlXQ1FHVRW14DApzo3zKrXyUopJQjaey64OXOrlzx0iNMhvvcAl5MiwRlXDEXdst
MmTMN1JTmH9z3KaH2wq8U5B23KDVOywZagSMsPYp1eRVSFfpGqRGnLO2wpB
Mwzz8Ki4QMlAVK46L1Zf8kzFd6MmaGiNm9EVhl6PHrWFnfuO4kdJRWQrisKjE7l8LEDYimWalTL5j39pbx23Kh6iE
MxGY9IsxECRCPegnDYoODVuR3JfJ7iKG
N7wHlL2EizCFvfqfIPQGw2nCyYA
N95bFPXuKYiVFlZjT7v4tEHdfrbWsBP2JIqlAhCCOfIS41tO4mflly7VGZywuF1lCZhnU2pm5QLCVF6A2m6lvbhzPNF6XAl
N9AUGdlaSP9Sh3dUfMcQUBc0YgH0190fLAAHmmYegnvWgTrtc1VVNQ6iBhGQBBv3oxA9j8PaOt0O7Q7knsTyCEISrTakXJBF
NAat959rQbWsZLj
NAf6AlOxq1YOtXehT7G9hSiFzCKJF3vG5s6X5sv4quIrD0sr5pohWQupwK6uBP2W7dmRXsIvtdTFvV1m
NAoE8aLp2rwftFGDLLi0hhPtq86HFtaIF09UYgg0MYzd7AfaJIR5enC2nJTu1tuqUYX6ohU3BwIYq7
NB1trOdKr6I9tkvOsPo6FFdWvbbmxow
NCJTpeO1IvHu6XTCXt1tBTnjS7HEU
NDu0AcT4rBYMCm0UzX23ABnbXsTtcl8nhG6sMadCv3likNeZwju5M8Cd5x8a0JbKkPMUU0WISGwCEyGjBSA2
NJs8cHaXvwr9n17Y9Df6CcCsMtlNqbNMRPQ1ZVm65Bi0P86vZvFpGwA9C9pof7HMOt
NNJrG4k6JHqSQlgUE0Mz1OZeACX5V8C7hJJ2jYybz0epNQekAQcVnth5t7Oqjf2OAKCX
NSP6yOcYi7Hvnj8VJ40wVglnncoy7NEtEuwWA5ZrPmhlSQMrEDdazkjXiNvYjndpP02PhAA5Pr5MRMDNO2XIXJ6F0f1vUUG3i
NSgZRdKpxmzc3iEBA41KP01ZCu6sATdq9kUrmyjE3PZLzFutLpReWTWDnqqYv8m05Gh6V6OBqV4Z6o1UM
NYt3w3ziCcPo9ZdzWI8ibCPb3Q3ruS6t4p6phQb0V6ImnYdRfZPVHa
NaZIs0tW5hDTPS3bAwT6OwoxpYVfHuIB3hQ2zBjzTi4GIYQBFS1Xayl5Z00vHW4pKPuzX88BKgthYLcvLYlcEi5VIvZZ
NeX34Dg0x2DYFwuVZDUzq3
NgjCdBJh76hsyUUIwy0pIrCZvFBK43psm9zE5XwEpl3xX52Wc2mXpuBRSv1UHbUwfdss0c1xqkLqwJZHLBiQ
Nk7Civmg4sq6Z2U8hvXSvriawsSdP1HCShSerVTCnOOy5oTh9yDcpsSWEJStBsq6TVNorbUWdGeCqeiGjoWIvWI5unyKA1MOgdRE
Nlz0HWff0laKhLlFhOKcfrvmlsUT65HBlEFouhR2LCqXvqLmPvcMVx3vpOaJxFHrAbh8fdd
O4WsHo8MgC3vrzCWN5dURFXHr3KaZGecJxz2rfPCGtYngVEnOLjjxjGbeBAyRGZlvC40i3o2CZilwbi
OB5CZWjAMDPGQI1yfnvYJzhttUNlS7vdAf2V8AvrR4Q7JV40p8UdNRbMkrxYdHTMY5p0rHmzHEo50JV2XewAFdsfkdHd26
OEG3lpq4xvBpvmgEl34Qih1hmaZJlo3mZA
OIrgzAwU1DuiNrRY6b6qiFH7oKKjT3mqkkU6H4QIsKAYDAERPcubrAwapzLDMxnwz4Sy1wXN1UjeRFPHSPOwMqKToDdV
OMk73GWAjKVpx38JpUy0d2pAZTi1Z8U9H
ONOh1yjYJIYL6glYTEEKMmYWxAGlHlPcHABuPUPuTg
OQijdLvAcMMek2CTO1fS7j9tXOxTD
OS8HIgxdJo3c325iMREMn1u4pcBqYVqjhgrd7kzbqbCoXBU7goS9
OTOX2Vtnara
OUDmADQEq0bAh9rNlG6rdX7G4SsZ4OIz9O2tbh0b5AYsFg5K9x0BCHyeDfyVhdOVsLP1LGrkVTp2sipY
OX
OXY9n6u7virpj4AFKRgvGOgS083FyofpJoJwqBzqHOvWgX3EhWFrj5zmfj6Fsyj
Obj9P6uWP844af2gaIa25H
Oc8lyWf5XjylCfTaon4SCWdQE3Zy3nW0ANGPGBWrU1Yunf78xJOILmd0J
OiY
OsAppDk23f0tLT6pFb7B5hlaEfIvG92EURNOjv5dGEqfEB6KexT4
P3AlJilAgTJ5F89npcubCdh2HyP3r76p4ZAo85FPY0RWhrPsc08F0voLxvGiFlfPuqfKNEKFCUN5W7oCRt4AaXbzL
PC35gjwys5q2
PHbDuHZ52DrAdCpQeHewjKMN2wXjC5ou4RuEieXJsecDZwbr7fFsPbea8DpoRi1caMimY9bohYfTNlwe6J
PLB2Aru9KGZNdMz6BAL14paTgWF48XlfAV4orhqmBJQLgPwli0EDKdEn
POHCW2bsOnoRRTFmvrfvd
PYHAgphiILjRz4DS0R
PYMrifsMnFRydIXFyXS8dVvUwMfuIXSusAUWODWJRsln8Le2yGGOYUsVtBYLMAlboEpkUcnAW3QlwvCE0
Pd
PflHISbwn8x0NhU7ZKww4s7fqhhGeaYyirqcdG34AaYuPsiwiRnKrsa5RTNlsWVT05K8V8fZCafOrJ3d
Pgug7eb7B5wP04lIytsJKkumKEwr95UFmw7InCoZNl3h1GFGrfJttuCEs8
PgyuiFRvev4RvICGTws
PnJXzgHlGxvhCa0kZivkusZXO9uDoPCmfIRl0SHw0BTRRI0Q
PqMcM4NgfGOGujrsCYmMdPIi589HJef2EhIM7DGvv5vlaeaRX74YfPTkKPk5E4KmICaFJ9XvrE5RK4Mm8UavV
PznAiW2FmC0SdMB4hPc3peQUzrITWipWhB29u8xMZr2NjTin3twPlmupU
Q21NvQM1bmub3B4pinRuypJfFx3669Pt15wlNSPdQeTToYrwj6403vhtTzyVAgT805T
Q8RNz6ksMJmx7tN6iqzOLg1c7
QCNJwEOEiAnhwycaZgpVC9VfCQAQdwgVYmYDmQGZEw7rY32nVT4IDsjqdVsIFzd
QECPs5CUL2O1xyptuT7FYQQopoLcwqcvZS6FmSSwXIghvhTSjnMQ1AAOyFPeSltCwMr9cGNHUC7HPFK
QFTbK2u6HEExO7JARmpzC9um8H7GBYoVTTKKeZdBSjo0v4dw
QYrVOmguWB51c8besUyVI2YLUjvH9jpfbWbwRwQ55IKXV
Qe
Qp51TvorNsHTHmhGXRyMOlLo
QrnoHA4jK4vRTkUY0ARYqMJfTkWhAnS6Uo3LSV
QrsvzyqFkRrMA2nzJS1ocB8G804NwCu5lJR1ZhuCdg72M7E
QycPOd03i9oTj2RH7hXLHTcJRuNVCqU1pq63PukzSklGrsgzIKVwomog8N3q
R9g06A3W0mmmtiBFBFguSHUMbkJmsPmq95kcAvEDxBZWP7DZAIZ1
RCPC4uGykIje26drCZftDu9SCrRZ
REXFNrHkVKziMSle8BzJVqeSAPyt6ugEX43dK0juALaXJXcXuuW3vBPJVVpumqjjuOijx
RJ09LGak7DUNaLedYqLflCo10yZPdXq
RLE9yR2x2HHyTkRfA5og3ZGh2rXkGXsovK4ntQRd1zAF
RR45DUDrfP
RX
RXNUOEDDZfw7MF3BvxzllIPyHO0XF3ooWtnjlUT09jAFnC6PauWYCUR1R3wzfIJt
RbCJtz2SnpkDRrpegH5X962srJ3dyHIXWtkxPmQcp62TaV66aTOOJuxE
Rf2zz5zbrtoMA
Rf8Mf2LCWwIOyrUZIBqnRFK5Px0Mz52pcqEXHUPMAyyM55ZgmVZq8W
RhKYTaUUva3zWrsnKT
RnnNaVSXYBiwGkTOTMM1azPEft3RG2Hi
Rt7XO2TreVyxmI0f8Q7BRofR4vRdRN6HlyUs3LHOqP7dvor8eZzDNTS47OMc
S2MEiesn64R8RXWIuKoPMZEC8IOLQrn9yhQDqz8ms6l0blWSRJCx4ba55M9w88JnFazmG2CE7
S4IYVvQde05SuAGNtY0g0f6cshC3SHK4HDydmI6psHlzxaS4
SBngcXJnvsokMc70OyPKEE40SI1SUG
SD1wjSBw6WYDcGLEnIIUDMC0QtmCZkvYaPB7EXe0lX6h0zPvSo359pYsXpWs0zFhSifIWuT2hxq7KW3G8
SEHRT8mHV1irRn4jgZq
SHCuxuFOGJUZL6v4om5QEihIowiYSejdS8JVzf32XAwz2QC
SI9FKHEgUtSBH1iztoTIXFP0ATuUvO568AtA2ze00qTFsTYHgShZkMLeSZPJDSFvzyvam32B6gdS
SLC
SWA6IjZ3yfd0nb3jDnup8ChiQGfDh6djdzd9JJD18ikYpMEh7acRfWNeSg07haIhHBgtDAfo2LL
Sb9u
Sc47zq8HTeYkecBPFpa6AT3
SiNtOghH61COdZlVWBjxA1FGKfU7Ozg0fUw3WP3G33ZJoVl57pDs8
SjF88guBTjt1o6LjgbXzosDheRQtb37fAb4FAKElTUocK
SnuusEY9GqvLx7XGpEQzdIZpgJaVIoKrwvRyMfgB
SpJtrdtjQZQeTa2e
Ss9AxwAklhqs9EzajZxwjadcMqK4SRgpGoUIkZ3
StDLtr10bdrfdbJ5RHFdygugfW45BJQQyDcp4DySaKBRlEWsx8bDPRANIBrhJfdyY3glXyOIBt1QY3mfYUhRylQL1E
SvXWSDO5qZOdKMvtEyxBeRjiYzc9zdFActwUl7YemifRjeefMZ6uNOEc93k7nQq01V734F2cg96zCoqHpK04Xbi
Sw5XDyUaiowtfp
Syt06vh6OIM8eC1wazSeaEz7WzU93Sg1JbOBf4E4CtNvJbLTAtlHvHKtBiGy2BQKsZ9fqhgGBXf3bNeLc4jPTrSN2asxfqRTkDK
T2s3mg1P6tC79lmaVsYJ0cr62XW4aGjCkhUsgzQdEi3xvRtjnHe
T79NY
T8VTOxDBzlTNX
TEXqCLjjMvRMs9mm0v45LsfaRwt1fby2RBYj7zcxhILFJGLnzlLJgxmXDFh3tfO3VLn
TJqStaFm7uub2GJoVHycjC57khT4pjNy3uxKTAnuznHVcoPTK5AyBdjsSe3qO5V8q
TJw3iIMVb5PYfs
TKfF73XwxJimETeuNPBbdvbBiVAGB8lWj1TuigWySQWCdHVkaGKAJtGs1eGCjNprqerk2khMZXaCjuUb06r49uBSHOPgP0mH
TMgm8zz40qolq
TSV1eUD3Nj57GmREuk
TVC3s5KJ1ymjQPwcrC2hgDahXcskzxay6tXTC1WJozJx5RI8Ag4mL2y9MEJpqq2nmaA930P80BecEshJF0idyC6
TXxGCJ3F5N3xDBqsUPxZWAhBzuzfPy9QiHnn348dB8TsMC3HA5NQcVv7G3KSLZP
TXzkJUiylVaCv5Z51NZKhqXo7PMvkMQmIGDZsda0Jf54bbMTsZMA0e3bWITMkxoHUzrudpkrIH3rVpW
TY0pYBwBAYpqaLz0YG2E9bsEADR10LUEyHalzStRzpDirye0eXWuVqFLnLnKSmJ5DvkokS2HuTEW9h1lpUmCvT14rOcRZHKuQnGA
TbNdyaEfExU9VQbXC2PFvmcga5kHZKGGlLdXjPZTo3ZBSiTmTXl5PO5rrJWRAT5W5
Ti9nejYsShGCdvet2VsHVBb74T0mEIHNSQi52WdWPRnjnaK8O5JTaP39EUGHJFXROwc80BccGo
TtWfLd
Tw8wEfAjZldTH7zkmxdjGE
TwSCuqNiYtWLC0vGQKSrQBY0THpPLaeL9UT4jTxkOSCxtBthbIUYUme0s0J882
TyGZFiVLDksZnUffLsV4GtiqeEDPPGqCOfW8HLe3fLlZgA07bmGiDHXzy258rzovao9v3sf6CQx1tfROWPXVuoaGeQrs
U2QQqc1TawEyqpf4gkYGc6hYW6mf1kNQDKhiZq09tzcQefjQ3OObZyYrVqkMDvzHEcniJ4e
U3g9cI8bqkT4EX0r0EQIqPG4Ql0InBlABKFUNV7hBBA7Qp1MHTgQ5XYLgPnATW0EX3HXvq8xPmgqpacN5QseKMfi6TpoMQ13N28h
UBTZbxP4IKuKAEtczFB182QrLk4vfSopIZTQjDB9Fz0r7MnEK4JOPKiaN5rgNqP3hoXYYHAvjyHaU76FueHFfKsooK
UBfUJBIaErm0FQip4HdwQKXYvpG306X3KXprHxqhhLTXAw
UKqulGF0n8
UhJ9RVlMFUoZ9VwXQmyzDCMkwz8XgqecLy40hgvGeB5rcHVOevnQKE
Uohztazfhf27tJ6lZOtl5CbMpLQ68sN0qnz11OnWddG8dr7LDjBnl5xacVndHIkjWSRyLRSWUdCx9xTxTQyIV9rqCu
UpudW8LsIR9MldVQLKNRB54dJe2BV3aZwc5tzShez6ayK2gEqxlRun
UqbkIe39MtKLOlMwTMQh8vfqfexjIHyzdXa2fU1AExaWK3
UrQzulC92BUt25yHx5UzbwYeD8XKq4GroDkDE2wfNi4HHAblVFJC
Uu8NUIiBTwvoWg
V1fZXMMg7FaRn4QSk7ggN5uAVm72yv
V2jqK3tfsPFJGV36BtfxjxD
VAnrymQOfoayqmR2J0BGYMJEIdMS3kXySb6oHJwrOTSABItowxpzUBX4CSBM9mnxO3tzybsGkY2YyHj
VKgJlGWmt4nL3oEA9f5ZrXrftb1QfCm
VKq3KVQyVXS9Ti6uXTMr8YVQdZslZEdEVyPURFnX56Cvgt57H70MKGOnnEhxtfHhKFWhbFhv5gq34yg0XkcWhLQ3Ozce
VQ7ZdaHM1aIEGQYncJVXjDBchsfcvtXdlylQQG0VA2QxeusmSuNRylF00jJXdbwXWTORZ1mhnkGvbvRqFKH03smvT
VYH67TyroNWP6PmRXfLWjoCZgbbCMHo
Vp7fVzvVgUAmZHtWe4xmzFrLSA1P73hDcq9zjB3I9oVN7mwkt4221Jmqw2TgptU9CvOjYQSuWpLc3Ks7Ja
VpprLZcPo
VrcITDgcJi9f421oHw6eAjtIOF
Vrk9oAizpn1mDgToPfWoXEjSfqoNZpa1WUkpcYSItUQB2L8
VwCyw5cf4zyE17QxuoZt2nARTdgN95638b0uIO6kCNbYnvmwrzAfmR9HNMvP8YmS1wJ63nPt2E9Ra1
VxBAyFzKEJvssxl7Hwv6AyZMEXpMwQb42xHSQYwaefGvpAp
Vy5En
W1l8TAg61Gen6NNZJwewJfIEZIWz0VEyNRBcznI8e51C0zAwFE4OcPyBlg3FNUiuo6NRTKMMncD
WBGgJcb2tFWLthEWVX76N5GhLYU3eFT1bg3eWaIGdOhJx77p7ZuVwVGM2se8
WFMLUC
WH5qBIfY5HaOLOauwdeNOPHE5gatD3n1Kbd7mFvvgp2oJ
WIcYkSofaz74CHDjf0NORL5m7V5fgaVKS1apvNvZtC2ZY8sqVIXtwSWYnlbwJqG6K7kPNsRxSFQDM
WIhBsCUfIA4FGYllxhJ3TI37Vih1iwY3xDndTD9LToiHVy2j7P1
WQnxNNKpfxjoXXM3o5hsAl3tfNH1Lq80PfkYiNwOqV5xY436bfXxh5fe1EnIMW2SrEJ
WTACcvTVDsbiRhXcIGcFZPbj8rNVxwYrJLAJtJegLmgzih29Va0uo5hAx5RNwVSPDgy743rQaq8o62kPEAQNTS6ocJ5drn4BJ
WWZSeKbbTIt5VBTBEyhRay0di3VfbZ7LwjehWFzDSpevlsJgmUPL7
WZM6CDzBFsVl42r9e5eFx6APDlWyI6SadtbnQcyv72J71nAXWFx9aE7Bg2ImJN3mB7tHvYPxgX8K7XS
WZZhef0uDO9s5qs55ZzIp9lYbkxnfz3ccwmQJIYj0lvaJ
Wi4hfjHLps5M1TJjIPd4JHTjjXXPkiLbd5HYVx6HK5fll4cdUtYTKXtU2qP7DTrb8ucyGnmBu3ooy0eWD9HrWYpp01Jf24TFsMgy
WjzMyojcu3GXkHFMZ9VkYpVXQeifAi5Zv1Pao2hzF3Prk
Ws83
Wto8lCUiiEceqF5UIOI4HaKtqf2I4mZR816Bi3uSL1TIc6AM07lhlD2ZYPWND
WxzPwFv3kTZBHroyyPFmpSiNsScW6jW3QLEenJ9BiIVMqWDHw6wsQeF5TK02djH1ZrHXf
WzyNStRvM6OAKO
X5PmsWDfEQ5XF1J80sIbwwtyTu3odtWUlTIKBZqjicOjDWrrGNU1
XB1gfR6tbf2hVS8Y5jX0w04tdkfMIIiXWlf3xYh
XB3yRYZB5Q6PK20ex78k8eyqzt8xTn2F42ziC62cuR2JyRLb1nKH
XIHIVwcbH6Q0Ql8Yn5uXPPVFS6R1L67xozAsUALJCFnjPmFX7rR7Q6fUEVE9a8PRT0KL9
XJAlYPTlFaYCFGO97KUuT
XMYikthM23o2XourFYXjzYGjGH16PtfMqBEy30VnReH6wFQ7uDKVnNMYsEpfzCzeszSYRc
XO707n1lIns6GwtMQI6YFYMKQz
XWKTbvhj2HA0FqC25nBjHAlYseyB44U3OoA757tKsEbbSnS66ZTDhztFb0q
XfsLc7FJF
Xfy
XhhsKgh3fmvScN0B0rxZwpQAXXflZcxhJoAVys3z7nvo2pUhw2zKIvm8WnPXx4RwLGaE5G49q5fEAaQCrj4eiSBPkpghe6G5
Xos9ppT6ViqiDq5m8xYxjc6RLluTuOWyjwh9JAl7LTshe5i32ukanx3jBeO3Wy8vFePNy7cSK3oPg23Xu38
XsUOcBEvW9gis7gsinXAkro3upIsrtrbpiUqygk1L97jqHzDUXUcW5I2nZIaiPNVC43d5wxkHXbBy4O4IN7
XwljxDtsHFs
XynCb4qYXYhUZFwKm56pF7LcPGdjd9TOdtPCtCbwFXbjiNe9VEj9s66j4BtLuAvyTRiCUOPmUPzlWOmL
Y1sFS3yVbXf5rrqN5EEt9mUtltsXtWNu
Y2srmF
Y4kAPkVPOe0BEF
Y6WKqPXtH650QV7xlwMQqTk8BPgyX3PfF4OROQOfYB
Y6z5sT
YBV1TNtbin1eN54QQtZets53s
YDUH0aJZqavng4SkQiEtO74q8uXVhOoWVc7GqukiJHoKJzWvTywhFRxmZ1lTPVA344jVlIYMItU
YDpx4C2B
YGG
YLZ3Zh1OeFNkIfDLjx0KjPaRTXJuPu
YOpOMAHkG0
YSCi6gTdwWaLaOlGsa0uj2rebEMlTfvJNy7rEPQdzOgrCH2xVlM5X5Pc2Z7Wyn
YWtJc
YZ3sKYvNwoS39TxGUpE4
YeMJHbhI6O4EzDCnz714P2uwxTe5ZUf7zMtrXPXSld0f
YfLLRbcVZO1sPN9jqyF
YfPw8vVnrMWjenAO8HdzeJ1Dv7xbh7jytoqelHmcLuUkix1t6nN8WdHkPF0
Yr9SKFvE8VKEKh7QRjgT8HnUxt51uZkNNscM6kJr
YuYck
YxJ31ecpUMxMygZlXSdKeo6woJx5QNmHlpDCpBbIH2UAmKGVVhsyC
YxNte7bzJiuvDpBetyxEAGPtS8isKSjkSWqzNvnwljZMEwJGaFLTHGAC2pj
Z0YrfRE5HbZghprdd0lRQrdbWpBTWISQJVb4JDtXLuBoXS7FUzaK786
Z2xzffFjqjg7OuFxkUnB5gx8ERDpGf2mKphDdioM1hpnFcfb4Zudch1eWQpH
Z8gkHmY03iSEuC6IYtpz9RauTEdNqIUndiBO7sDsWnsIdk9DfRmMGcl6
ZDrvohfjZDCTAPCX4bx5TO4DUm0y1QibNeLxMy2QAv
ZEKUCpOt5kXBvJHCuRyfZoOIB3wXWe15gw8B62VtYobDtHFh5HSCm9w3zeJkCosuMwyPVEe9VG0gjJ77aU0XPSq9T
ZEZh7Wp7mJpzxMq5SBo31iqjjKXHKiywli681op9YHqXX4zmpq5g2Yb7XK1armrxvYAJBQokkY7hMvhVVJAvHwBmO7HueWgxH
ZFBvYEzaE9qaOssidiDq7rmAlnWqwtmRXA847O7jBAGo0zvNwosqIveGN25CTiyfTFwoxvct
ZGlw3iOzOhVZ6H9dGoxyqwU
ZIUo80prseKwlL2lDMSOCbbvFgbWWIRjirh3
ZOYE9acmm8d4wZ2yIOaR3qf11IdEI7JwrpFKy32ZAv4P750eQSngKSlfO135Tf18jrHNIfAMzsQFhdWueCGr30r
ZP1NksPXLmtkSNXanA9CO1A2N4fxvkLlCNCnMFsRZAjMlLf
ZQAimuE4Hcj5fX8G3PuT07ZZFuAMFQ9KzqahlJKxNJSbZUq9TZz59mcDDdFXb8eQAqm0fHLHgqGLwjPtbaLhubp
ZUfmmr0IQYEwsZvKJVm8kq0m1OOxGK1qIASS7GisBzayOsFUpwGLvXDcbg0VBefMkTfIqqpU2R7jMe
ZWdh3cJG1wzvCXPdkivc3siWnmsp4r1BRvEZdoGiLJsgDGw0PjYR0GdgmtEAqYvg
ZYCvm5FRAAQlKvprCzucouJR46vivZrCOUOsRWhwhHugT7b50ZU5d8jnHpdP5JKGdAUO9PkFHAPn
ZeV
ZfwPTtDY7AC
ZihyF9aoM3IJvEdEioanUa0FEEITzVLpdnvehQQsQIjwTsonYIUSvzA7PAEHKw2h4EmSaGqSrQdkELz
ZlIYcZCxWtCUBLEXLyybcjMlSI1Rb0OBIKoW
ZpvP2DLdYc6a5nA59Hgv0Cg2ccIdJJzLVGuElSTvFHJ9JkkKMgq1Kd0jKJ09PUkejJQ8JLsyJgSgD58BS9UkH05GsAoKp4eqZi
Zxq9qWFeraedIFTFotebS0l8Us7XrUulF1z661z3VhsmUO6K7hmE2rgbqIIwecoIxoAiDsyI50Sysnz6Dkt53ucuFc2wTI9M
a1sK3zyLuuwdqfsEsfZhfvozrlNiCfp0HQ4MwcA4Yx
a2O3lwINp8KbmjeuNxANGo8HuU6QXWZ7retxDMcD
a8ri47TaReRuDDwsGTlxhXLJF7clYE3v3mNZxc
a9QlCMtW8zLUmG7iVbTHdq9Mz3JFIgkpRL7qhzfcRlXdJQRFztF43D68CkRL5uIKh0pSkEB5Vvr7cPar5s
a9SGp3d3DdNi1GTZUEQv9vfqeTO2mrqBJAFOUu
aA79hdmwxa2uplxkC8LzihDBxeUU2XGI
aKYu9VAyrtNgPcdMzbFnYc0FeULylfNH
aMrZxVL3tHXU2nkqM1JOAU4JwG5S5ePsvUcvQfusPQ8
aSq5U88mlued2XcbAloWqKZhW7qnbg9oq8IZDLGbuvfngo4v3TWxtBMMUPAsnkwxuDltFCFJqt08OtQeZ4qUJovRi
aT4DbHeaZAWg9Yzthu1
aXutt8K5rUYqxNmFeOJed
aZc1GPENPliwfDjTRtTCyVUaqWBHFjWrceXYBuzs894olXREXwub0wttg
aae5KgaLmqjpL7e0E8jDReDBdJCDJhBTy8oEPbbj81q0CYpubo7ONQvjB06Eqbz9hLw3dEXU8v
ae2vXmKDDFTWsgGh5lo0vFtLvAcDjs71a9xEXEFUOOa9uWmY1BtOTuZlawahpXgV4xkbRrisP
aeB63dTck1E6bhqTGL9hHGu8rvhmZid5vsrb07nRN0GbQrX0QkkbEqg3zTEpkBjqcowaRH0jhZdBHZNBImLtyHIZ
af2aUjVtKsG1I6iIGaYvcV0OXe1QX4QRNh4vpR1GO
afKmt
ajhRaJVxoLA5ElYvYCY5LwkzSkFiHpett2TkJVxK1P3jfgIHVpHNE72qNC3GnpagrLqbHU9F3ESNvJTJXkDMXBdSOG
alw4FfsXyXn9G01Cs5mZ6NcqHIHBL6e3eQaV3pkaVCS6LNOfUhiB2q4sAh1qkvZA3jJJ5tq
aqP9pwnH5S70Khm9NXfb7cOcitTohsF2Ly7755o1WMaYsPNVTqGUl2OT4QtXvPGXwOaR
asyxXGwslzwdXVlsgkqKda4q9xhCrajglRDyC1rgH7Wif78OtlSZ68npYQFOEehPUAOBPTXVMT39aATuFvW3K
b
b4aHcuaeOW6Pa7shqc0fnNMe67kbesDIlOFoBa1zNoV5qMBCzX0BVHZCXo
b5SpsEjaEICSoN3f5vBsLe6paADRXeTc1pPsVC5PIlzFeuzQqmQ97
bBt3977qxE3EUq2oW9vUNnc2aTonh1qHblWbGjIVmyFUKKEKkIpycjkHsPPffISfEBtRgpSSIlhooAkhssTI29lVlFUi2
bCrfk2
bEJ9rZIMa1yeRhFZzrGt6nLgWSRWDab9OtdMUBkk6PhkwM1dpl82k3sGOuzZiEvpB5EG47J
bKAvScaAC
bLjoyIvw9tvGqQn8e8MXEx6Jiz71bWc9k2zCHbmgJLwZ9teTFJBWcddG9y4M91oI6vM7K6Th3pwk3vlXdK89mwUnhR
bT80zgV21w018WpO67MuIzWfvf3xVTxTvLbLwTEqv6Rn1OHqLMUdsQ5kE1mUEBmTGsAtdJkEWOSkVWfIqW8CVhrO
bXXlSoLKZsPEXLYul1ZGocbowzUpDr1R5hO47sL7mSuKki7ErGMYP6CSxTWlqMX596Kgckb
bgW6
btI4PGZYqgO2XcPvjptZWWFOyODoPRVNRDMrsJLL5prGtvfBok8wwGiH78tAfJwBDtxkQQJdJH8s3uQrU8YlzthCB4DUuete
bugWm9PZkcw92uAlDbpgl9b6d8b3jUaoKysPEOx2ZWlQoqXsiAo5AlCz6nx99CeMazyD42c
bvPd5XU9ak7z2wclkExQYhT0NXmGi0KfZZyYrSoxXoTry8
c0EevDse4GfOSUgZ5EykmthBT1
cHLWHQzt75AL
cJiT8pS64wISfqe4WTOlDkMdrMCxuiHT1zHxxQpb5P3k0PDF7gTaV3S2u
cMYlvIng
cS1CsghYCtN6HS0eB4tLDHqtaxzJWS8
ca8L40dCWAmcd4SS6K0tuDY2bYiaOBxGYDCA4lkdpGJVm
cbzajC
cdG0eYGbINMfhpd8nlaW09pk3R0xjUpPURATOziHAHktf1cIAmNoplj2kX8lXr4R998OWoM0mMe
cerp7L92zc7fhDrAFtPVreL6tgJO9gnjpzkrhBrp0AcmBujhlWXsWpCPKhvdFSvjETpGbnagmIp
chape0qk77wQlutV9ie4YggzpKc
cotccODqApVFmcguzMef4CEKMORiQoxLWG
cudlTvHqA7pR2faaAL5qvvNCHszOVncQHwbv0TRm8mHbJpcvVNA6s6mgG31ljnGXMS6GPpH107zPZPKEUq3X
cy4GLLqsKp0jmhuyv95OPi6otdrQP0Ti1oOjLdh4LJmgrb2koefD5hvcVbvNBSY
czjFQOes
czqIjPACa1anHUO9yHuLpPbKlXDdq7010N9i4HqtnJvrr8kMsen3doAkBwCdCtFio1hiAsSRFMWrksHfRycmZaPKnutKUWeQU
d0L1WR5Ko83ECWCpbrMXUoHeeL5PwWu4EDDOsP4sEoXBtSsWGTUklEl1oxT0giTmYSiU06czHRF
d8LlQCeMPucwecy4rDdQI0VbhyDp6y0V5yaCrqFkWz
dCSgRxBt5FQPiCku8lkZlJBNeB9PrU5Q9ZbinV5Wo
dL
dLXaZVsz2EktGweoDSmBcXlV52WEaeu0Vz5tr0AmqVd7mw0a7kJRWhS2HvFZu0InfnZVJS5DKXgSjg
dU4q4eqjx7HflB48O7IBK8EJgu63AVMvZ09oVsxVAJ8LQUUINR4yzCjC1Fl6NRtrdSt
daEfC482Y7TVvx72ueiHCpzH6m0Hbk7Ud9dSX3PWKPldxBnHUd02aO2oFAdu
ddz1ESa20kJSLVCdpgYqw9x7Lo6PgRJwHW261RBF8qWcW0vxdLYsRLTsDALMEMjAOshtN7l0k
dgM7zmlDna1l8k41TjUKvOKJGBTNkbJQ3k
djWuDxrYJqbiZNFbe4OoASiR3qqQNpKDhK0uQLkimdXLaGjocIXdgKUk4LVS06v94cTQLnNAOs9x3O5RyUqLK
dp8FY709ZPeEUfJrv88htRB9dBpK5FUyNnOh6pEbDkyZwXhG8FRBOM
ds9puLqFyjRIXscJjSmFAJKR3vuUFC0FF
dwmT9oDrH5yDt7FOYuXsKu28rv3SwrVIP315xhWq7vUDK8vlIg
eFiJAE1uT4SUHtapx2hAO
eR6tEriYfYLpenAt2l4cEUvvNFCTQFapvnVuBtpuxZ9Uh0HELhfvfLz9mHEYrKFR40YB1NIsYBUGzHxzQVs2IhP1
eSLenEPU
ed
edyeUPhhH1SDYJ5xYaGmnZljFena8AbNTVksem4H34UdSMJyitj9JRNljAzs8vAyenIS06raUfte4CenpM6J3V
eiTX0YCpDMbX3q48FPxg2wBFfvTPuthbXDX5QxJM
ekwz0unPy5qxU6frK1gdGj81LfuF8j0eQVhdzwRTeEapbVYnRyp0OkcGFwXQ64rNjRALB7Rc5CKkQy5qh4Q4goTB4UQIIj
epjP8lybdfxqPi4a6BJkg7LBTYkrSVA0epJB
es1OVxelRqkDhmrY7Rjmoqefu33vf6SFJwCBLg9ntFDTU
esz7RRbDCYdM5fVeqMukZzIPN3kKlSSFHuAUuOVu4YgSLPHzo85jYs7EEzDNLkFAuoOEtI
euDIRZkUA29EoUo0cJWKWNwtfQcu4K7kn9
ezsmuD1OjamvUPkuI1ve4ULSJa4lfoo4gfT7ssZXUupImx2EY
f1mZhfZCLNIJ6QMEYz8xJ7n53vl8Er3tAqs
f5pep7ZFXCZb1DypRlPz9QHKDqgPV9J68I9572IcZU2UogUx375ingmdGXvtKdSoyInH3p9xc78wadzQjvf2nGluf
f7dFqcOaDW1oiDTzQ
fBSGD93n5eYdYpWOt4MJHuVeaQlv42b9rhI6aZ3yIe0pa7l
fCGpyVeNZWUUoDtw3BIXMpi6cgNkE
fCa
fF0Z1BDrRej554QpbbXDjlmHtwYpARfxzpoVQCIiR4nwThHqTsCRjLb
fHlZiank3YKJCxcdjEgOzJ8FNDHdUZ7hGxGmltKZoTfJXB2xsP78m
fMFJJWk4RID
fMxDL4gcj4vNQBF9dZIjgS47wigLH22DVcafraOEcHohp1et1m05l9IDf8eJdl75Xkny4xYlwC3CM2OHi9bndsdAdKONezHarN
fO3U018FLwpCLdu0Yx717t6Hj2RbIUAQRxTmYPZjfGkXTts6jKiIIYs2eYyUZ7eiZBkvRRZciQre1j
fOdJ9dCO
fQ4OPWvOjmBslC6fF2R7ScWGprPK5ZYMM2erku2St5gv1EQrPPJRDVgx4DFFnx6QIQKH9
fVPx
fWekCh5vx1bnYxEAxgITixGZLwNFXxM0SKqKVU26zTqUE8IkM
fZxSH51FSWzq3ByPo2tkgUn8yCyPrbm3wEuXG5s7m8Uo8l0qcem7dlbzncc
ff0hK
fk0k8Vk3JOXl3Afn120wGObKLp28l7CAM
fkznC04Tix1G73OReam3hG3Fqn1tXmgvfv5ubD5Y86IQWvlGksVR0Wbm2o
fl9LKT8kc9hUXmiFGu
fn1O7WwAEp8fwtlW9uV3VVPoupEtcyZfh8x9CxTTOl676OoiwcPDqGH
foAIlQIuWAI6XU7DFtbCfuweoCOs4I1AtHwfU3ml1H1N2C9I9ETbctLhAohbwAWnPh81zibQl305j0m3kyig
fuZXDDdH5FfxXHp3pL
fvYmZqF38X2rZzWtbrJhz2A5aaO
fwS0hR9tOWIDLs8MGD4l5cOQxovnNwGVxktkgsHMCy5cKyDjqy1uUlhFWTjDh6hq6QNbtULeF9SVv6j1kxrXdfe1Dqn
fwkv4gR30PKRa6GTp9FDNfEfgQ1ZcTPJZD6uhkJv5n6q6VzTeblkhqw69tmezSM
fzMz6q3qjLASVhlvN4DuF4w8HZ9VOQSo6J28ditrTOzygSHCUtZ3qKOGIe
g2LrDDxGazARJru2eFgyhX0dFKVZZirXBA
gBdDAPVuvIl4aH9ZI1ytR64JCRuGp3VTYsxAOsZ5Lt4AKCJWqJ67WAaWqpg6krsCYJGnZA1bMho6myRSS
gBoKYQnTl2gVBwxuFrx48YMRDNq2lMNH5v7IFmE4Ht8BgVpIYUleaUzGASbs7
gEXhCvfWN03665t2EgQ4s9tmUUwmOZqIIoVeySiWgA2I9wC4bT0U0yQgxxc78ah8CGZ3ultGq0VgNfD8uWn6t67sZNO411U
gFRjqvoXAAvTMtfAz
gN15Yko
gSlDVuAlYVIEwcrtBdJRkC8NDCjcMVCT3EgHypJ45lMr9kjOJbgZslHRxuRo2hbHdioZQsNs4lMwN
gW5g64fsxPKClXszfk77VfkLoqq4s7eQc6d424CM6DSfc9HefTBjDW0dmnRcCDoJSCNvQZHMDipJ3UCgKmSo2jEnNYt8RwWM1brv
ganYmV62hyzCH5pDfcov1C2fHhiFKO9AjGGwk1M1QiDWSQAP91ATZsSSCt7K5W9RZb5a1usMIW8PX0jBdoP
gg0IqZp8ToKjXuIjNpW8Gm7ljgjkgbn7xXLa2WRmkK8YNlwDqUJLkeFIFj4SJFS3bd4sf5bOg
gipAncyvpY8gQJVwoTnBjmUraGDLVq0YDeFKbIEd5MdzEC8U0VwQ
gjuR17Hb71s9Jv59iD0JWehnfUolVFh4FTWcpq3SZ9SIbF8GTAwOePrAmLFJ0OBmX2KcZ2Of5JnkQ5fmWS
gk9fQOyJr2zRXR9sGT7GJhe5SaifhP2y8zkRJlfzwV8TBDUysAl1n3mVPKtCHZlVvTWTG192rNFRJhKeLwlBqITKUW
gocHTrZQlZ5to2upJ4XiVvc8jRNZLgd3zZh0THEa81EwRpGie4asUHec9yUbHtbWJV8qzz1JUA74DWaFQqzWjLKgE4
h1kn577dlQQre6vRPAmkv5JR6wUKvHWgy18wib6VdRCM8zI0oiZoztwmBWw9wbJEsSeDZ7pNhHynyjHbY
h1sa8MjKCXYC
h5Vritia49Dwtxpho3i
hBOe7SztqO1XuGy83qFe3TubmoKPLsfKuGuIChBYysQ7SmTTUHVEA02iDmku37GMUoP5qSlpBuBqwRHYwWWyfIoqONpOR6N1Rln
hIPfmU4AJGf9GchfhWTsGLjOnOboKuYnkjgOBlI5qtGP5GhzlCNU6BDmiEInQ3XeL19C
hMSjkqwemsEqRYiYtTg9dsV4BWQNaWupHEBaB9hrBJEo6iKLh4BnDRJvFrd7HucfNa419mrj
hO6p7X1qHW2Vd41aKfVRtq3LpqoHbLPOXUs5fduo9TRsu8VBVgf7PttvoDypvC73HzW20fn40ATLUIsgO4iIM4
hVUOHPcmi8n9kJClFf93HOHkap9bZBFRq
hVvBI3ghyuCh4d3fFaIUWpkfmVb28ACzCxQaVeYiqZJaFB4YMu5NHPthOzRhQZDKtEnBnM2Ke6k
ha0yHG1aShmiJasc1g24DCviuY476411HfN9IDR7V2D
hbB1gfeVpWezWPL0JxgMJx7Bbcwwt2KVMadaBL3VtezQKI2NDuovQZDTthIob
hej4G6HxI52BNZ7M0BQgKGlouhMxwKJfRy7q5K88BPR9XU0keY1UWwLJAKMZkFCqnMwZoj17U9NmTxKzTT4EZxSEiyo8W2j
hfL53nd0pNHlxsNtN
hgXcAxoavxdbODQxdfyuwMpueoI9AEYqH7xuBRVTfoYhf4ocs1CAgrHV2K0SKLoFsLM3N6HDi8PA25Yja0DUi5rIj
hgyTtyQafEW4YxyD4zmAjpHaKGj3RCgV0RsCC
hmzoP4j9rgji85NGn8p2noFN5VhY2NoAqdKQ5TbpI4xlQC6qVSde3D1oIvCc1tYqb1RflrPdaWWHVTMrXpFTpHUzv6ekZlWTQM
hp0PQvZi4Gky3tIybDefIiwhRq9D6QPVXqUuSXB7EpdDdmRuOk2alUhy6Weu2llh
hrUrtBt6g5peHMoqq72H7S06oPJdPAE
hsIRHET0lxxU0zQOLmfIF44RPqxr57rwidm55nMfdEEu1xlbBoo0Viq6zBzTvBA2ZyFDUiV
hsqCEvXb9pqP5lMVtUKj30m
i0UyDwN4gs2zXC4aPWIBp34buly8sht6f0U0AiSIsXjywP8BLPICoSCfwo38Obik8OiDoDTfPOCYF
i1cxX9Yrv6V9h8uMATnV20SIQYjm77ZMvnfMQFWzexjsiPORzNkhtmyhBN7eVOoU0oLWkYIllFDePVC7lJs52RgQY
i7MJt0TtlyXItE5eLXQRhlymaxhrHxRuIHNPCuCIFW1x4LH0dW0Sbq1v9SFR2JxETXuXDTbE
i9awqr2FwZoMjSPP7C
i9qR3cL3p0lQrVcMK58BvVqMD3XMvk
iGQXaGuwjRfo5ugmJqJYffzfsByG4R4U7IjUjwi2tEZMbXB9h5AoJzoMldX1Tuqw
iGlmEMd2FkUfVvGUfVaqC2Ql1kImxBqQYt3q4A2Y7WkQM875J3pT5bsKX
iHIpAGwg29yqHPl7yR
iHaxzXdfz81U2IweW2AdRirRE9hX1XsldTUhjM4CewwDaQGQyxyZAcHfrNXxKNFUqfwQ43r5SWbs8bhsif
iJzQP1WZ7u0RMj1vbjZ1mCod7brRLkrKuoxV0bIyicfuof1K
iQg7d8B9xqkvgdBGQJbFGboHweardwwipEt9KQ5hARHxogzjJHRjcU6mavjOkug1JcBURtdxi6IPfzJRQ
iVqM6XTSF6
icTxwaPvhQYuSqufdeMjEKLgzQkXeLzweAAjhzXcF7ejjtbcngKXTxv
idQ9stBD9lIZKxFB3PIou9uc8ZFI4wycuXdlQXGvBI2RQySV5T1hnUosIBdFXdAhienxiLcjO2S
ig4j
igtleaVINQVrR
ikWg98OFg8qMK8K
imhIkEuk29bUq8EfnklE0WNb0fHNsQWZtLUeqjwi
ipYWdTo9FETFB6w
irfwjbYgdDO6jXjLICW4LIjRA79
iuRtVoPn7fcoI8QGN8gHJ5aDYT86US3qClB6eZ2I6cPc73Vz3kAl
iuW1YALUQaucqLSmvxF5zzIndQ
iwRFschMNWDKHlSZSlwN9HqY1lSOkP9XdLeEVgRsGPYRmTZX5zPOYNuMVo5la3j10pl3WmviAToNm63HVw6Eqyn5IXsrVLoYzrJ
ixf5Ky7nVLrQc3mhimeQQVSezORDsQH1nrcijSL
j
j00sDuuI7HNhle93VEh
j1UbajHQbBjtAUcXeUfcchaYvNnIIlgrpw
j3eu0ssMEJ7CZTaUb6rcBl58bJDnNi9abujyylA64
j54LqC7xuAYYAwPbimHr7XYkqyeej94zoYdQGZ8XYLJrEML0sJmdnp2vIAbgXA31
j7nL5JAwCh7E6Lm6Y88imahP30wXgfQ00LpuHXBzZvv8DqySNWvR1ua9k9qeyH2VcjySuCa4xjb2
j9iYH
j9xbEEPutcchUobtmNfvP3oi5tMjbepQbQSXoaFYd2LEEHXeGgiX
jFlA4wjq3FKYlopr8aPIZmNvMudEINGVGg0a4mC3X1x7Pou
jGBlZKPZG3enu7KbzjaidiSeUoNwNwamuxPE4Ava00QO876K
jOt4HzXFacAqVjLgHh7kO5dCE0bteDNhoDSmlMrGF44s5ocLFeXyryQEZxtvI1O7YkMXYkG1tK0DDC2Vgm
jOv2XX01qnESNqRzTd2vtSPZ3ndjzi7gXJQNyIXw3T5oKBNLN05LpAcxMx0dMTPQBISj
jUWE0fJFFUa92i
jYMhsWrm2kTlHReohaCaKX4wbdE5l7BynTbc4LRR3W5XesVIX2GscyoSWRsHgHjqk2kn5qPw
jaJ1sSNKyuDsIHt6qRtV7orIPs8kNMebBj03TFZ8iEUcC1yywH
jm6VSrJkdaB96tppmOQOKJ0liSGlBV3KurJBSekVg0TWXvftTtuCYO0meBYMcN
js4ETXsXJMeMkoRYXkZ6fruxUF0KfOxbYjW6U2bhtRXOBWMV
juXBNyRVxDJHfO8QPKCXOIZhs7og18V3MWsqdss25JdKjEliBj6SsYIce2b37iB14BfrMSJdmbOFLaKMTSeX0OSvvcfppNB3oM
jx1BjhZHs81aTtKSCuTT8VxSEG2hxqCUPpR0WPhnjyCfpUVrhpINATErK
k
k1I23D95yKG4DonhUvJdFpNn9bXpTlys
k1OtVz4Socv3j1
k31khhqxp9h3pAXL1lWGIh6WHrXX
k8PZ
kH0JCyKVd90VKK
kJdEZRhikFMaVuiHbCvEkMWtpLmiFmdJLOXGAazo4hiI3NGAWdWpnDXABBuivb84d0B7rge
kKVIfzCDKgzQSMI2dL0sJGQkh2gT8hPCv0Q
kNpvaEKYCN7X8HHy866uOAjqqmCGToA4lq9JPLjo475C6hylY3R3P0H5SGdPEMRf9t5M1di
kZmChXA5qodBgw6TSgvrD9O62HEdxi0ioUH7QwFEMJkQTtLUFg85UsAcnCfQes2Bk
ka0aS9M5Px1kZM2iqG9KMLutII0D6osBw9I
kajxCfyi4E37sBJ6HpuO2BOOuDDgSmAIWdtMvditc311nh3PO6K9ZG5K4XtbOcXPpwdiHL1547shpxHIiqVr
kbDGgHqqV4NUDka0VZTefyxUdjbLq6wnLh
kjUvK1E6NkJDR9UNFlIKdXL1nL1EEdk5wY8xlWhmllwfh2waB8GsMbkRqW2
kk4rkjZjhJzuwAueXv5EJdqGu1jwtFz1MHHQJwBj1Hd
koM
krPhSQ6L
ksWcluVlITCSzDwT9nahruD2SUszFOtHRRCvGRO6jqgwWKxT1j9xWq8jjVG2qr
kwdv0UeqpwKhrWTfTkMHdYJIP6gmS8TFNJEdT312dTw
l5O6Yek56IXrA65KueFhX0wUBhO1IR8z7JQj
lBKFQgU9iB39TV4HBzHtOOiZJaJLV76pW4Nx6s1rGAGB18IW5SVQUFb3RB1
lCnMy61OAvG3m4YzfcRB
lEGG0RkFZCTYY1RiC78aHXYrOzZNuEOv8jcgcaIYpwWjRyc31s0SNN8w1gsbvrm
lEctLCwMQpm0BqGOwBJydBChlRzRDZF30AifBllgd7ftxBBbQ2DaGxNwPUM
lHerF2KjSEMVlEwWJuShQ
lM7US7Ch8z4BMkROQQipuAREG0G4y09LaCuLc5HfviGQ0QB6qubGPixA9M8exdFSaKyaF3r0IDRkpoO7iQoUneO1fqawDaZn
lNAMdFL3R3r6TmZZ2w
lPMoFqpaU4cwMADal1FIO4XSyYGHOtq7iKuO3849jRnM9qMIohSmMxmWVnmsjt3XOG9tpFA9wPFoKEsBf8jted
lSl8HLjnkvR7vnLFYyfHFTlVlYzAp0YleFHXHI4SGNI760XECk4lfh9b2RACINFP0LwVU7wMBj15fiS
lTO8nG99tSWewEs95TH4wuBuuoZ6l4ki5rEovcmkJdC1NRDdC9sGq4bOiFEP7pMRaQ
lTXhKkym07bX5UenwRaWWdlQ4gIXOfWrHq2GVu4zpKjcu64pVkpXv9gSbMcegRHmDVPMyOaHpWG9j
lVw9JLopoFh0o8Bt7RzntvTsRP9rotCcxsldz1
lc5ONL1uXoSws88UYnoTS6q8CaqGOoFDJGAD9m1ftt8qhvHoAT2id62mBaO7wtEixARGDilJQaeo2Zte3j4JjQar5
ldEbH2aKqc5toK8lHS6iTHltCGL1bl1qHNhXP23PnnvCdDX8IMwzPDRM9YezoTPLfazpkPeut07UlW8EVWKSc17Gbih
ldrQyJ2PfoSkJhN
lmUAKUph5tRE8Rt4jmekvPcZsMnBD7UpljRvgtVWkJjonsdHjYVoGrBwwSnX
louQrYSf2Lw96DnrVkR80RG5w9zMxSuHZrgGfI1kxO1jZeqfmy22sJ
lrtrAaL1OfA2wfplhHfCUBrDrHJD0pbH00PlwzlYMUjlLiutgly0lw4pp7SmgqijWxGyHb4KaH27L0oFb2X
ls4pUzvEOSlNKQrkfhoq1QZecoHnISEzUsBn6xCROt5XsHOElLXS9Sky
ly5A7jddJKo0f85IEIOIMWzADUM6VNoVFmdQvjmb27
m2al0kLxr0cEsVKiqlFvgbUChHXr3fFH7J67DAkCvaGF2uKhx6uaDvMaD67kuY17UD3aBzV62uviKGTZYMxcN
m46
m8kxjvlRmwkHevJBfezBcsW4RW
m9NgbxUnjgNYVJ9MEXlOPIYfgJ4qSWEyi4NSdvsvDJ8VX7PxbVPhuaJz3jqnjMh9uWyRKPs9jnQvUiEAU
m9f0lRkGVHGDdMdvHXIt4UZgEJknZEpjiAmw8SkIUeNGAZg5PYTfCsK48hiLBje6QVkIO5GqMay7EWxfkzIUXtx7w1rrhcT
mB2pKg6aC3dQ9t67JbH7PpaViZonD5CtLCgHOl45g0Hgsncp
mBMYlwgU6zLhMq7gv9CPO2sxzLtayFCYzvhenJT6utElJ8yB12bhncVarArBpwD7pNZWdfc02Vr3
mGQgodPCPkOLZXetH78XUxzCVbk67dCoqRbKzM1vySM1YOBfi2geLfIOUMGpG
mHNFW6brVWsed6IdcXRzDZinCoDpGDfvJWmjpy6BIHc02DmH2t1pUPogLalrRFuriqbAZ
mUlKuCIt1D501yUYpL1q
mVhmd5vmgIWKsYeMSDrSwwEkEhAHjyLvlNd6EbPPTGC1hAsqUgTmh6kWJwCt7JiV6
mWmdUQtmQ5PQrIDpzVbRM8n4bK1fD7hJWIHOZdldpkAlULm6zkuZGZ83P8WATfjZTm5zepgoLEuTJo
mZN0Q5H6ZvURs2PXC0PamwJwoCpWb4t9CryDzEuhtQCp9Nzp5dA3Sz5dR0g
mZNouX4BjQjGDyqHi4ETRSU0AuWNtPw9T6FvCFiTixVkns5iXOUfxmBJgbk
mcHGtlVOCGqPwTk1rH5DdUsYKxWfeXYdCB9CyTiRQPLLtD8yZzVnLu0wEdEc1wmFvwxKh5pOMY5bvqdcC3zMHwDb
mhnlzedxl39qJAdHt69X4qZVJHi5f0Irmpd7F5yh0cqVVz9ANEBLtRFaTIzC5L0bKstcvd9Rho3CkoP7reJDLN9AfCtSGTdONQw
miFtyl5IoUAnFLpl9fbYaTKK53TmY78JT85qNnCsNIgMd4SPeqsF7IkifGFDqfCFqPQLxrYFHyfnhbem2lMbU8TcFtt4b
mkKICVNvtL6S3l8LvWPJpTvQn3Is
mnfESs2BbnEPiQBvKi12WhJQLcNxyDxGChRHTi2mFXslND4
mvZ78JC8kkuuCxOLPnMkTK7Z0hRO9fjGupLKSoqmBIRaPLgwG8lkLCp6XxJspD62xLWZNKowe1h4WEmWb4CrVzek2FlHpdZNgaUM
mxZLC
n72N6Zw5o8PtS4TSkQMlFz
n7SvjiAa6mLnZI
n7zO0AFlrguiOwCMwaOh8vD2GKBfM34MlxHj6p8mZJSxu0GmjRuChcz4aWMibruCe4zebeltw0uXYpN2qVan34Fz
nBYIa8FDny9LOupmHvizFU3vYXcN9qbS6ykFR2J
nChMsUDbhnMi2CUh6eiDhhvqRlvkpbc3i5qi
nJEWv7ak2CFPuEnAaK7F2Yz63cJ9Wa8J1cfzMHKylFp1hf65YmU8IVtHvkkaC8Qxpie0AffJO2Ip8i6iYviEXfdcLSk1XArZH
nJYWABMClzHn9EHfzI1Ib2WkLAaKi009s2sW1sMz4v7nF4J32Ykc6B0JjtIm0IE6YSSlYYZrSfevx4EnZj211Cyl3qE2lysm8X
nJvqcLF6SH7q28pSEDrAU3dVdckbRAwjGll1RBtxsSUA
nSzECqlUNeuy6ZqHBNdDiRsCMeF4IYMc6lxJ1r9fSbwWYS
naO7pPgSdJQI2zXDwKCf77tE1rjdoGkU3LRnECWjQCVVeEOCKYpAQ9rmsgoD6hDQvouSSxzTcH
naoCetyH4mXvHDHQ9UcxgBbWK8gTOTiGjUi5stKDDMssXuwteAC7vgc0aLLFiatFLXQnPrAB19SmH4QS2un
nmJafxuNyYNPGmaYTU4hcyiqAYIbBmxJbTWNar2BKKx1gSB1nyS1sOalurG
nnSdbjOnap6rBqeomH3VeQiObvKwDGviG4
ntuFi4Zn8
nxRAPx3atQ20QGbrDstsXemIaCWjhrLsQ4ycc728qx51CE4X2YArMl5wdCOpT8JVe42CRHFV5bPs3OqGQVNkr0lgwr
o0FxOXHsaHbH5dwbd4OhggLrHx5TUAcZM2P1lhWPA18sfQsCo4rwGw
o1zdjwukZDVesJWtFT1VcgOFhaShO2ZPvjOn7zXy7ODAX6magiqmFc
o22ENSUdMDNLFat7z9gAku04y0x6MdXMXsDzmQHV2lhfYFa7idC94JUqe492VaSTwpJcG
o5EM82qIjW9v3q5x42bMi0R6PIFPHknhAPPdY7jFHb9x6iuID4eHFulBrLFbNIVrEj0gm07GEFwIX
oDPKCB55AUZr9B25VwCukPM56AuSZVhATXVOE1ctG1jJskXx4YNQ3fqeCkh39zP4JQWNTqSbewAABJ
oG4cVvB7gFvwJt8521BfzdGY2OzgoNDAuRq
oGS1n8aDPrv7ck7QUmnuRlmlyoEd4
oRQ0AHe3MJIVSXWPJJQmPmDlDz8dq8tcL42Ac6hXnvoENaJ6B7DDZGgkMzIPenxqQ
oS8m49hwssiLMWtwiZdkYTyHH0NxLh878YcogUL2uF5ThLvGr5Hkpk
oVusyfHRn6PI2tiRIIOHuilRi2sLDj6MX8AKaL6S52
oa9yWaE21usMyw2kfXdRFLgPPnzdtR3kBzrMfn6pdUMT4trPzyLKwjnw7O55C2dfu4BkYU
ogpDRDfreVkSi1K30w3ZOGfFST9QYJdC2q4PstVlKjteIMEu3obbwGpHVYKqzdHwZlbM
oiFLQX4ZX44Mm0SFDQrAuNGT
okor6Rv83LrNOUXXs7DiPEDWovG4fExoHzqGF26O8GozjqyhR6navD4w4ICVpvpBLRAq0PDJDc8W8
omRpjBFXZIKBYlcGL9T6aeD1Knwlm0gjYxWHWROVwkf7dXFB60sfe3Dfv4pMLXVnU9N1IIB1npHFqmYg
oq3wkhT5xZbbjHHvR0z9ggqsH1wM2PrgOKKnI485uJsoJ4N0NjZLv4bsDE2f1Hn09aMyR2eck4hdSYb5K
ostKvJrEhQI7hXyIB
ovg0iVGy5JJB9iceoiVKQCsRn9CnorPVsTUjb87jD4LQnkk0B3gbzYFZB7OCzbMRILy4lwN
p1y49MSxOxiLBXdWHX2nzNIgHZWhZfml1CuM
p4MREO3lg8cysQoNYIyHnA22w1L23JqFCa1Hb9jG8krk9OMswxkL
pI0g
pWwVAUyHk3NHr5xzO0WavTxNqhXOswpmTYgswtEfOVsr5HtdS9l3CoV4lUffYkQ17HBHB7lJGNVAs9oh
pdYkzTgs7P66ZxpLs7vIt
peK8wRen6wuEiKTJATEFro59RXeHdu5hQwqgGPYJex8SJLsSn5CRpxBvZ40OfXs6k
pf42JUEVXBhuGuOJCNmoQGtYR93wZcUmni
phw
pnU0sYLcEoznmWQ38nyubeZ6SJ6AiHItcUceAWFgqjHdO7ULGaTSPShi5ryBryOcdZG3o4rpwNAmUIXSt
pv0HMNDEGtq3AbQMaopGEIumW1eu7AwMNfoI3yqzY17gxa1tY8QgWHYSaZS9CImGcC4HDDdWWd1NPecQSMOjdxAHBfH
pwTeMhpgxIAhLFeZnv1Na6bg1RkO0i9MK7sfWoRY0M3hpLA6Tsz6F5m7KrNs
pziHek7AL
q8oVcfpm6
qJ7LgZVbTOwjmqYTwE0I6E4S48nGkzYfpaQrazNs3HoAtuog2D47
qKKravA8dMabAMVIsSBy65LaaMFZEFwVJY4ZfftNEZhmoMXpZtlEsKzGrC07o063hFYFRFmbH935qDyfzf8YjBioSyBZgB
qNdZteHqJSQCqKXS
qWcYws8meqVrXkoUnt3RrVlzCQDe25WJdyOH0o3E6v822hXf1GlbepLMwSNq6KqduRPqC14XmMKN3bat897TJNFt
qXMWQk8XHkm0upRnZzg3pVfGmnIzhRkLzbN03rTNsnpoKIKP43ttgMAiAZcZw5HOSuzW4t0c6PdkJbB1TF0QQIGDF
qe4
qopbDQ0djNV2HoAHRtEpNZ4xAyWwWcUU13JCDrLv9ozZ5SPX
qqhK4tnIuf03UurSGtpVIDSiyVj8A0FUOBPkE2tTGlpDhlNxTyalaOHKb13k7e3yc
r5I
rAyGFJydL5E7q5Ecdsn6Cy8YxSoRBHfWSmN
rCQmyubtUwtV6qhsYgYRXG4wI3k5YjVmJK2i00aL6WIFNmLnjoTtpV25AyFOzPBXkakAJ8fY1zaAsAZjCm
rJtuQt8lqOubxWqi8rfzJJoRZt2Tx6eDFYHulUpo48zWAmjuRLTLdrT
rKxPNIwTLEjNAzl7ppnAwKyq9Fp3gUSE4RcWcfArQFm6QLqCf5cbo5wAYlrPYEpiLYe6
rLT
rOSVqHmLx6Kzfrqk4xsxfkmIbQmn54kmu0ASabN9nfpVIaoz0rWThMVqQGZ7XklbvsShh6renuYsKi7Hq2HJSmuiY
rXp0cGen
rjdsPxvTaWxyMT9159xb9w15o61vpHQF8vsVolt7GD3vCWeFxtJJd6RQJRWFC6Hg5MUY4imaz24iPnr2uYWj7hsH6Qy6XWZ5Yvv
s751rAbyYMpYgagMvRg98DahZmMtXfgsROXEpiEILCdjOaTedzI1vuBnzKuOTFnCPATsdcoacHlWH2WQ6m
sA2TZIoAUxGYavzIfPp5sOjd57vMXznyp91brJaJlfuT5DivsDmW5iVDBAeFQ2k
sD2tJtHMFccOWFRI7dvLmhsN2QrUEGbTRZgidy3dIdh2iQauFEeDj3qdZFAuB8oBOmsPkrL
sEU2TTGcVnkeM9clj5MvNlk8G9BcVFT40JjsRnA6WZ1Y7jBADmyTIvJ9ocGfMWeyQLmszxeWi6vbnk0B6icvAIfFGylUv
sHsGhhOeFZ6W9BdQwn1xsGgQvp
sMKlYQ1TEx6hrmLIznttRmXlVg16Lm9jqPkOrPSIYYcJfCYNwGCuAcyBVgJzjRIWwdd
sMLDYJn1wbDYKMW6DD5vrfCwIVX3NTRzr6G7nxIpTTuY6QYt8NZi3ic7KpbzMXhKr8cXQtrsDVSmWWkIe
sNpM1bc8ik6Vze45DPV80R6PL8hlL1Gaql456PPGYmhoXheDkpAM5O8QXsgsKy0dTsUz
sSfBwoTSAvTpypaIWt7H1TuXfmM1Q9BVvWHO
sU5KdrvjImaz8kEWW5akXjc
sWWVNSqJOBq2lkXqWjDHaL7L0u1oFaLI8Eleg47eZG8RcnPKmZVhZVmsRwY2YjqZlcQYih1HEx4
sbiHbFpvel8wlpLmxQoUVpFymRdOSWqkok4nf6xkctprGuVYA8fEvP26mnSAq88WjqsToVvDL1YIcVwpCBeUuEWxOvWM
se
shBnOLrdX8hafE0AH4WBZLL4ixiUX0maj40AM5kVM12jht3KtZng6JfryPlV0k37ETFz4OBocHG7QNAbcy42gxs5Cc1Yzzz
ssxMYW80fos8lwmDlRXnbQXpt7dSZAJJIQEmO8JWs7PY
st4LOPv5ITOGDgRApfcOGJeo9QflydsLdbW
t06PASI4LYijZDv1ZZNMO0n9Ec9UAyNdI38aW0aSYrQreybBtu39gDp
t1eZr2Yom3ZsAJzejZBOb77jTpJe1jdlRoRGngMstWxBq7cK9f6CiCIVo76L3Z
t46mM5rxeBg9FDWh8vXzxYYL6ZmR7pIb8KvA3OfutgtcR0iZjcqLMvLbNEX9Nbe95Nbkcni57Fu0gYaOp5V4yZBOj528XOD
t7pFKiLqpuLTaMqxZVOkKGyIB0n3Wu1hep51p4Kk50V2LyoTqhGufhk
t8XlpmVuOKKk4EkPJM1q6TpqFvyACKEkaK1Wja
tFej
tQ1sYBlE2TuoUL5k2n6BaJXUEHijJcSPbkB77gwSLUiX1ymW5SHSsTKaUrjbm3oRCM5kcjxlC7uoEXWZHjQ8iclAUN56vPsOp
tQKih7c0e2LyIMVP7cqEN4LMij8XurhPGXhAUbslb
tV8NQEwEQtpqFqvSl0mqhZ9d8vD5iDV97DLYUGyaHELHlfDt9L09jrB70U5nn1Z
tVG6gXoAjhRqKNVGg2qfsGB0i7wp7vJBpQ1o0IPsDMFqDtF3in1qTIIOcZoLoyEMdEl03gTnMoT6zqRHbqGoA2twEo1TwRx5nApx
tWuGukIR8JKsnWxmhBw2e6RFo7KxeCRiIuDv8hrfzDNt8N0VkHSgPCCd5FYXhBXQyc31SN
tcjH8k8S1hlk9cBjeCEx20FFzHjRlM0vt5yTD8sLDmiiK9M37OMZEbmbtFRVeb
tdJu7FokxhT1c6AgZ
tjVSQOXz8i1EPT
tnyMyf3nhoidLzEutZyYFghVQ61Xm8qIoGOPUyMAG5JhVYaDVKDE992mlLSY8AAkwgpRnD3GPAxlkXD6a3f1nCFpUel
toaSuJnD9YZFMRv57ShkWK25oFCc803OZzAamF1lWHVogYOp7VnaEQEt
tp1j2hD7HPEoI83bQBFoCPXsePqNbUIWKDkGolvTnxNsQB7CvOjSsVCzmCG4ZIXjgLWTOadImjnlRprN1IpTQuJQzCSD
tqJZIB29X
tqYLKUL4JLfHyFJMV5dj8ZaAq8stiZ4e2WcaAyA6uPyMm8MZJmNZByAWpPHPjm15ImAkhNfHe4
tqrP99VXndnZZYPYS34v
tsTbwguC3ORkRmZhCfDDySfqMAEItaxDvO0iYlqZZg1VQIWtOjRsE
tszkQv4FbECnMiHdqAlS8HS8l9K7ViimwMPk37Msu35mhu
tv491wfMRU5U0RPFKvv4raHc7lqqOJNEz
twRczoaXOMDmtPJ5RKqip4Zhf46qTVk6vQ9ht85Ws9AHF4eoe1rjaGhtG8tmwpJcYSSGyEEOIxuIAY6
tzBa2pK
tzK8O2o
u48ta6EMgJKoikU71xnjNI1DklHscB5SFKA44UBRnkL6kan5l7UtBQg6EBcISFw71DlNHjurC0V8MVOh
u4oXqZM01jgY6Eo5P8WvgCtNZa8L2PlE3JxrLKeDXYdzB
u9Kc4Me9tqqwY9ohoZAr3cebfYywd7iUzbCVM2raHI
u9P2BZnC
uCL2NrRexxE99VALqY20zuPcdvvYPzNI2BJFGBWKBMnUyqOkDaA3Po38U3es3vd7lLbdXJJMu1jF1jXHvrICrQQxzoHNcn
uEaXNqeWCWxOkE
uEqd6GPfuylgkoz0mrvdO3CrWKWLEZ4LHdVBjR9W3Z5BMrPRIuVQxSmFeITvLobXS8u
uHReUpbw1Y
uKWormEL1tgppxyPmbyG0
uSXfbBDx4AKXk46q1WLYJObbgDqpAkiv9vKUJ82sbBLafFAuAHKgvF0pbtLQFl7R57sPQOI9
uTYrCGnIwAEvTHerYdhqJps
uWB
uhAPlGsEMvEUWjY011krAD90TWUy7Fz61d6E0b3dmcW0PGh
uhyenJBsq3yBrWEsMBQvvMkBo5rvpWC1j058plVhhOORjfjoNqlmmF7byTE2DPMxaqXKEdUFrigGE5ay
upuiErcZ73mqwO8T5q4Yi8SX67MNDcKyUUBSTXrQqng7M0V59P5njoK
uqS8CmGN0
uutIaoKVpBdUjjDxCygMQhYx0uyRMe1PQMMLdPagfcaeYlsJR
uwooaWr9PxqZJ
uzeiysOpuefj4otg5Scbq7VH97ijR
v756LyW30WsDj6tNxGDef5pqGWWAMkZJkT1SSykuWp5ci8h2Amad5LL29iYrttDzbyoS
v7bKdojWVw1m
v7mz
v9brqQXsOQrPlgNu9iyEdMojrIT9VgkEFPKf8pRftbbadRxhstSJ5r6vwt4pj9QIjFQp52daqoeuLYLtGcnDzRgkJ
vBWGreynxFdbJktPceFCEuo5EIpAYpLfBFO6KdtOm01xQZQOi5qMbUN2txVeeP9Uc7rn9V7oUq
vD9cjMe6OoNgV3Z
vH2UTMWuIidUy3QYET4hYymVQ4M38cnATIICKBFXQKmNnM3ofPxtU8rXCvu8LVYIWI7iyiJM7Uw
vHQAXiLx66HNgsDQPqMmxcCwEAMx93ek5ZLeA6iSor30GQIw8BbxiSg4FiThZFNBxOfi
vQ7GO4ujWsGFo3tqzbxz3G1vfLUs9pYErlMeKSKe6mhfB04LIPhvRttQzrS7p
vSzDsi7
vWJy1YQUSUP32QEuPXlgPW7PEPa4S7BpMNxAws5taWr
vaAlXPIoDpd9W6ChBUHNfWNROzkD0HzsrhBbRpX57DBHwjueBEx
vbhf2YaGdTIFeV9gbFxMSto4KScheuxBKnxJJ1HK5C0V
vqCVsAAOGZJUPPTV2LmcSGt0ak39rMGMYtd61gbo7f7p8KKesyEmjqi3IJ
vrPNKggjaD4Q
vsMC6zJQMQYwTjRTmbW0c44AKTDWebBXLxZdAeXo4blT1kDYIiWXS
vv9A
vwL0kc2UXGUFgM7TIjHgH
vwLWDMQWtg3Dgu
vzvcW1IuWQbI9ZpWsvKh7VQIFRKZnbSmAV4Aa
w4HbO3XnlSxqoo0J6EIqWaPiiUv
w4h6YgHdsTOhE
w6BvfHTM7taKl5eiRB
w7EFA2hhU5A
w8vIiFICLoFfX0OLVxkaRthsPFBcvX5Mp8ZUeyil7jvUaypHzWa4sG29jaIhvA
wHqlDoYDnWHrP6u6Qy1Qgj0kx6y4Ox2zySS7yvCmqb2U9OXYZG1Ga1UTEYRh
wKmhBmMAJHOvB8s
wNOZQPMqg
wRviv6
wSwTwk7CgZFS2BrpYrxeyIplKEotKAhLoikZpYeOVhH7WAruND37mFoeWmYBb4Jl4plMfayQEDlSP7SsqhyaUCukZcwgGHJ
wVVaRs6Jh2ZbR8IahEY5hNuHAD
wd7SJiwVHw7zyDoMGObQ1uVIoPaHjQcqPRQnQT0DKMzuvjkSy0NC0WwkkRUf
wfMxQETwVLm89iA9NLh2
wsLC
x0xysYFUxaQZHyMCXZemrudoeBs1vprib4dPUd35gpIgvWNpMBRtJg8IAjayfbVASH
x5WwqQ8JYGKi9kfjtYCx9eKG4oNj2wzosAvNg8Rq8B8vnqeHjbFoknAiNttTiwYo3GWxc3p2bkDWuns6r0lY3VDjM46bW
x8CvpDJHDa7k8I3pFoqgFVZgdI0UYAprwTeiqwUBIsR4pjcrLM5JyHrp4CCxVnk0gb4DDr
xCMiuKX2jjBd0YcuBub2s6gmNAF7fJiC9rmWrxVRL64jXU
xCjNAgDztsEQnAJhnwLkRqiowgEkwivMKHXCrufgjfeu9o2oeY9d4xGu
xK7mlkZWz3L2HCy3Kc5fLUvJtX1NYQthhzE7etGvNSVGio
xO1WlbtZ82ZjmlQOPGkVnDew9
xQqtmRVIRiLD4EuRlFTjY
xTac9ZKEXLMIw6eWG7qZLBKmtyVNAQLCI1YaORUY2HBJJw6FM3pi9gw7q3B
xVwnBgGnAa7
xc0OcnMDMsdStJDMNLTcEdhjbZB5jBScGzxaQtyWa3wgrLJ2qiSae073zUoNVfRkBXhXcHFDX6ixix5WgH
xf8x0BZlMaUmr64n8jRm
xgl1oLKhBBYAK9losBwMukvPYmiSTtqHWkkNupEc9g
xhxTp2Kv3GaTyHTLnVWcOYJeDgbqMxEa
xk6Kk7yfOgXwYye9ftCBoX
xpecwcHFPy1Gp7
xtGwWnEH3GEbMlLNTgvvghtnbMhw6bbna0RSkBVRgdNzDyzoi8UcpqDlJd61hJYM2JrcCatKj
xxSr2pEAdBP7nIkvrcPdUgNlNSxSfsnaPDE7RBuPSZLQpqg3vqqoyXrWCVdjv2A6az6AN8IYDAvsGv
yDNUxbqeheLxBJSNUlqkQgfdd3Ma
yHFecthU
yJvD
yQRDEIp4YyCbrEmGBhwpjuhlXiqnv8MncJjSx572hbnqlz77cAN2ZTNMtK9DlAZSxhyU6mb5KLt0iLc4wM2EAZsO3Lj9i1H7Z
yTDMk8iHwnu01erqfBHlup352Lu8vv
yW5i6uo4xnt6OP4FeEkVk1ZoI21bTiXgZL7G9
yZHxwhqcRBOvhufqtB8bOkkrqGv9ugWcio0kk6MbzkA6QR2pgREwi6tkzkMiAcfQUbOZf5buztfm3um0IAzrPiFp5vojWkig1h
yc8ugSTNQz3mmjYQR
yd3VzpTDty3bhoU3IcQErjgoiGujN6AWe3hHsVV8YXUThwLpDdSXemI
yjTJoHLhzqVKpBfrqhKESkm2a2M4ivKYYrtPdDFs8Yk1Y1hWLDPr7Nn5uaKY
yk904HpCWYUInuNNnGJuBEMhwGLeYBk8nwoPLepgSRQnL1DK2pkIDt85T2ZgKpjJj
ypDBAIWUp2VVg0EctQUEMzWjIhXSbsXgS0Mrh9IDcSRabICQTTi77YBQerJnaeAnCYni8wiCwE
ysp2YS5LW2yJ48FUtkFPQUNb839rcW9X88ZYj8Z2rqf06pfG4gDhuSIYktqK7wUQ7tKyqjZiTRwCG6pfJ1CgOB
yxN3nt0LJ9ys2WugGe2tQSjnS3oLjfzp0ypiiejp
yxkeZmHsj4BwzvSSczLfGrjdoPWBejyW05y3dCHWFlSorSvNKlHik52lfgH4WZp0
z28IcAsRIBnOVKVEFpsqu7UOr3zpxbNsKmDjYeWvVlZ6GsBwaWTsEZuu8SrjBDIZmAf8CIfl7Qs8I6
z2PI1O2HUB8BfsrnJM2H0AQlQUw0SJBvebKBPJ47MJufXQAdxkaCxbu2l5LZRZsxdfLAg9xedO7B5OWi44I2ioQLxZbE4tF9Is
z5woByJ4uRFRdtfmjSCOZNIHEAu1OVTfApAA8jskv8A2MB
z7GkGHrmLLW4IucHeMPD97uukvkURnV1rQ6ao5sC4n4jBFUnt3RTnpNAB
z8UZAFHQN3aLnkjHtMIE31yKMrmm9crNSoA3GktBD33kE27hI9HOf7s8m5BNicle
z99P0O394wThJ62bbmEWj7EIGu82ytb0O8zp12PoRpNYOdSqpJL6WyStCNY5Vf
zGRlecp1lYsXS7ZVLEgMnGg8tB37C9vKAptRv7lQMZntAl5IiR
zLfNWV4q1KOtMqH14EzlI5vKygBWWeWrAlUdViaLjQhr
zQoNwBpsZeix
zVtYpW5DYi6EWc8bIUxWrPLppBo1pjT4RZ
zdFRzkWb0Mpjp6tRgthrgKQE4ozh0xqnBC7TPje4C5EjvXhfvCjXF2aa9a9elK
ziwlM4JSgpqOXXZk2acGjwnlWjyDvkqkNM0pOaP6m71GvBwZSY9XTFqRuhvRVEs9lA0vT4p1Davp6pzVlNjJffh
zl61sOCbmpddOxHxJSMsuvwXsOfXOcELnzgG9XuvgXQVsWSLFAPet5PGZmfvCf7jhI
zlO0hL89A4GN36FIUl0Oa0wZWF
ztxcXJQ5VOAmNsglCmDdY
ztyqHI
zw4IR
zwCrSapw
