284096567
335607320
865294589
865294589
288352985
731713648
865294589
865294589
288352985
576781362
865294589
865294589
865294589
373894270
865294589
865294589
865294589
865294589
865294589
865294589
865294589
865294589
865294589
865294589
865294589
731713648
865294589
335607320
335607320
865294589
865294589
335607320
865294589
731713648
865294589
865294589
865294589
616646769
865294589
865294589
865294589
865294589
865294589
865294589
865294589
865294589
865294589
865294589
865294589
865294589
865294589
545873450
865294589
865294589
865294589
865294589
865294589
264196569
865294589
335607320
576781362
865294589
288352985
865294589
284096567
865294589
865294589
865294589
865294589
288352985
865294589
865294589
