-1
925904028
833692090
952186065
992896831
754180581
607251222
578390328
730209757
909161458
607251222
947491109
754180581
954124653
-1
-1
533071351
578390328
929592491
754180581
578020449
669009395
-1
932352157
994554432
-1
-1
578020449
-1
-1
730209757
-1
819753244
578020449
-1
992896831
954124653
754180581
669009395
504801233
533071351
833692090
750486732
-1
-1
952186065
925904028
-1
578020449
669009395
578020449
754180581
93746553
-1
-1
754180581
-1
833692090
578020449
-1
777766905
994554432
533071351
-1
-1
