472397841
799099769
769095045
464581866
602174105
410609617
694729475
602174105
468266860
472397841
321287989
224774209
726780802
615627157
410609617
769095045
768367087
472397841
321287989
927525101
769095045
694729475
927525101
472397841
615627157
416599806
472397841
875246023
472397841
813031440
929626445
889446231
472397841
317246733
410609617
602174105
288183488
224774209
694729475
502635840
472397841
768367087
464581866
472397841
472397841
472397841
321287989
726780802
410609617
377408605
726780802
472397841
929626445
833073575
927525101
875246023
153680644
875246023
720199899
694729475
889446231
935194386
317205949
472397841
472397841
321287989
321287989
288183488
615627157
321287989
927525101
214983037
502635840
472397841
