576843689
499925301
996056239
459648114
618942936
996056239
-1
-1
996056239
-1
810031029
581437882
-1
618942936
881939695
789527855
803387303
881939695
996056239
996056239
387320159
619099130
693682398
618942936
881939695
-1
996056239
720231725
996056239
-1
794363304
-1
789527855
459648114
342218790
581437882
-1
499925301
996056239
803387303
-1
387320159
-1
-1
996056239
499925301
618942936
996056239
832567111
-1
803387303
576843689
-1
-1
-1
-1
922508421
-1
661093981
-1
720231725
794363304
661093981
-1
387320159
349204731
695273401
238924264
794363304
-1
618942936
810031029
906123461
825087304
