-1
-1
993260402
-1
643211554
681499755
976728423
-1
622204388
681499755
811974157
-1
-1
-1
348837601
-1
-1
-1
643211554
-1
-1
617100668
-1
-1
-1
-1
-1
926812055
-1
130552475
-1
993260402
-1
-1
902613187
976728423
681499755
976728423
-1
-1
402089762
-1
815082731
348837601
-1
681499755
615206232
902613187
681499755
-1
948933970
993018875
926812055
946662384
-1
-1
811974157
-1
-1
-1
681499755
681499755
811974157
551354923
-1
-1
-1
-1
824324897
-1
643211554
948933970
-1
-1
-1
513092430
-1
-1
643211554
-1
993260402
-1
776267981
824324897
-1
-1
-1
811974157
504948903
-1
-1
