588447022
-1
-1
672570465
496445558
362333057
285235104
834134834
942042215
740342507
-1
-1
362333057
-1
400181192
362333057
838898149
496445558
-1
729186703
934917672
672570465
482112302
834134834
-1
632369831
362333057
482112302
834134834
-1
834134834
930120261
482112302
496445558
362333057
574505714
-1
326230343
362333057
-1
834134834
482112302
943763027
-1
-1
834134834
-1
834134834
834134834
942042215
482112302
834134834
92837123
362333057
834134834
921994976
886374344
740342507
740342507
886374344
326230343
-1
-1
834134834
-1
-1
-1
834134834
943763027
930120261
307127585
