194403860
938944267
106241814
238278987
698031550
271416564
685301840
106241814
441853527
247766576
271416564
106241814
919876723
610319483
194403860
989852631
239317667
989852631
441853527
106241814
10037307
669008664
106241814
378226166
919876723
194403860
698031550
194403860
884678246
271416564
239317667
238278987
685301840
194403860
888850585
938944267
673816263
271416564
239317667
239317667
938944267
133643172
673816263
247766576
133643172
610319483
106241814
271416564
698031550
673816263
888850585
685301840
271416564
673816263
669008664
378226166
888850585
133643172
989852631
271416564
685301840
718117988
989852631
194403860
239317667
133643172
673816263
884678246
718117988
989852631
989852631
378226166
238278987
989852631
685301840
378226166
247766576
194403860
919876723
378226166
685301840
884678246
685301840
238278987
718117988
271416564
685301840
238278987
239317667
247766576
