450694104
286387129
286387129
603749448
603749448
547590934
664951400
286387129
449495571
603749448
845536391
106877787
495429963
547590934
106877787
394714623
106877787
577228607
449495571
542697575
495429963
450694104
988757834
988757834
286387129
449495571
450694104
577228607
547590934
846935834
394714623
746653894
547590934
845536391
495429963
449495571
846935834
450694104
909638967
286387129
292462494
547590934
450694104
450694104
132686641
909638967
286387129
286387129
603749448
664951400
132686641
845536391
450694104
495429963
286387129
449495571
909638967
495429963
988757834
286387129
292462494
286387129
394714623
664951400
286387129
547590934
603749448
286387129
450694104
577228607
144541341
292462494
846935834
495429963
664951400
664951400
542697575
547590934
449495571
664951400
286387129
450694104
547590934
394714623
286387129
47097648
286387129
577228607
47097648
394714623
746653894
286387129
603749448
292462494
603749448
450694104
