954034165
631021593
901100580
631021593
901100580
-1
961591668
868787048
675222220
461335865
868787048
802322351
-1
868787048
802322351
631021593
868787048
-1
463197137
-1
901100580
-1
829921312
-1
868787048
806470083
868787048
631021593
631021593
820566118
901100580
508982781
820566118
631021593
960872778
954034165
-1
868787048
961591668
-1
-1
868787048
-1
-1
961591668
820566118
768896373
961591668
-1
730905809
960872778
802322351
954034165
675222220
901100580
790678218
355077431
802322351
790678218
496140786
-1
901100580
790678218
455456656
961591668
868787048
