384711910
888410932
868661302
609064388
609064388
888410932
868661302
956985134
956985134
745335834
-1
-1
-1
972293996
609064388
609064388
868661302
-1
609064388
609064388
888410932
737758195
888410932
972863933
972293996
-1
876811026
716848596
745335834
956985134
888410932
901496058
888410932
956985134
609064388
-1
609064388
-1
956985134
956985134
956985134
956985134
805667675
972293996
716848596
956985134
609064388
868661302
868661302
868661302
630288165
-1
384711910
745335834
630288165
805667675
868661302
513152825
888410932
-1
609064388
-1
-1
630288165
805667675
868661302
941204347
630288165
956985134
-1
868661302
972293996
688393418
972293996
667253147
609064388
868661302
630288165
972293996
384711910
-1
-1
873532304
888410932
