-1
820213290
310390763
820213290
-1
872289181
624358752
872289181
-1
-1
-1
-1
581872452
740140706
-1
581872452
655896102
820213290
820213290
592892759
-1
-1
-1
-1
581872452
581872452
872289181
-1
-1
241866659
-1
-1
820213290
-1
-1
742961948
867257948
467160642
-1
639688693
820213290
820213290
310390763
-1
740140706
581872452
855930282
-1
740140706
-1
363457812
581872452
-1
820213290
855930282
-1
-1
867257948
581872452
-1
-1
592892759
820213290
820213290
-1
-1
-1
-1
310390763
-1
-1
-1
363457812
820213290
-1
-1
-1
592892759
820213290
-1
820213290
559056141
740140706
820213290
820213290
310390763
-1
363457812
820213290
-1
-1
820213290
820213290
-1
624358752
-1
