753900528
753900528
753900528
753900528
753900528
753900528
753900528
581159944
753900528
81648818
81648818
81648818
81648818
753900528
81648818
81648818
441689784
581159944
753900528
753900528
753900528
753900528
753900528
753900528
81648818
81648818
753900528
753900528
753900528
753900528
753900528
753900528
81648818
753900528
81648818
753900528
753900528
81648818
753900528
81648818
753900528
581159944
753900528
581159944
753900528
81648818
81648818
441689784
81648818
81648818
81648818
753900528
753900528
81648818
581159944
441689784
753900528
753900528
753900528
581159944
81648818
441689784
753900528
753900528
