-1
-1
-1
869042383
-1
653124918
51519857
879729134
-1
-1
-1
976234328
-1
472617789
-1
-1
-1
-1
-1
-1
-1
-1
468360981
-1
-1
-1
653124918
-1
653124918
-1
879729134
-1
653124918
-1
879937046
-1
900220494
-1
-1
-1
-1
653124918
869042383
-1
786727777
-1
976234328
-1
-1
869144337
869042383
-1
-1
-1
-1
-1
-1
-1
472617789
-1
-1
-1
-1
-1
-1
-1
869042383
-1
-1
-1
-1
-1
-1
653124918
-1
-1
350481145
-1
879937046
-1
-1
-1
-1
879729134
-1
-1
-1
653124918
-1
-1
677738918
-1
879937046
-1
-1
-1
-1
879729134
985260489
