281557401
281557401
594424205
367307075
511891596
511891596
281557401
722953814
722953814
722953814
722953814
456111933
367307075
650371035
594424205
511891596
594424205
594424205
650371035
594424205
376009671
435253736
281557401
650371035
594424205
435253736
367307075
594424205
281557401
722953814
650371035
722953814
262254964
281557401
376009671
650371035
722953814
722953814
262254964
722953814
456111933
650371035
281557401
435253736
281557401
722953814
367307075
594424205
456111933
376009671
594424205
511891596
376009671
281557401
456111933
456111933
