0
06IAYIJKy1DjlwFnPBPTXc403Jn2Yw7OKfbR
08NYCJjO7xSyN2o3GHxRAikLuP6La946xZN6EmfaGDoUgYwPvHzp172bcX21Pb62fQpPiewko4
0DXcu6p7RNIIKWy0m90FNYDmuwSpKStZkc1gn0b11T2HNkEsZgL7Ak0nklNrXJDzcDGqWj7RhFVlCs2ZCWsUHBflXb
0EAb8CbFXt4YPjDn5y0hOKEdcymzwGaWTXt5UD
0F6Z0VhwQe4TAsGHsd3N8f4TF3kM7NUcvIhfFSoX6mUr9ZwiMe6ZETyUO2G0SoVuGqnxoyYyJAw
0GLGr5q41SMQSrh3g649A6o8cjepzyJrIUF8mC7BB6li
0GhBS
0IPP1FhJSi4GIaNlZt
0JX7ke6buiv
0LWBMuOjS3FweY9VTee2ZkdtNDAEFF9D4ZVtQ2y6CI45Ssqy1bIZ8CL6
0LvfydneCgIZTavHIXBfQIuaghSLsPLI
0NIw2K4hwbtK0tj5XiA9Lpo2Y80p5AF0Llls95NKgrlz
0OtIPhRqsE00hlAcCmmEq75Ia37ebnjq8
0UZqL2wpV7Y4gGpKRVLYJ37tSKhliyxTLo8Jz8a3PRCFbAelT0zT7Yc5G1E1aPjR
0WBEf2oqmxMLXyD4OW1EKUOMMrcTpeWnWEo7iPImhRyKIvjX1Z2cEZy5ybQAi0en7ftjlgUXk8oD1nmz0TG
0ZNHDTabLf7afIOhsvTnmDTFnHfqOFKJbPe9p9OTmP8ODk7yJVLkWbX8ukQi9ZJhtMo6ZbLa5AdYvzkKaVVP52vb17vMIIa
0a4lfYg1WD2fjaDgLzTdCvk0LsNSFbib96kcmI4sYj2CXFA163Rih5YHyV3Elr4hO
0b7KAcmDJCqM97gpn3FHdzdRdBK23VwSXqi8cxb9eBWgfKqBoBe3Oshq8EXWi6Kcr0u4dIYm74ykgZTxLhPSQRzhulQRajtCE
0bOu6zFYSfhvjy6cdVWSCxQradcwhGnlMtCQpkBEkAHDK7LC8n6an2NZGeNJ6YIQ3DiLIzylNy5Gg
0c6lBDmmr0OHHg1lT2UT32juzEUz5hXumN3HCkP0CLWcG
0cgOwr47vE09uug6sVXIb8Qq299PqO8zg4vIhVtOQ
0fOg7wUEHYXNaCE1xNJmcJWoIw6EvPgGJX0HVOIUoRLZifTv9gbhm
0g3XqJz83aZvYBiC8ja83sXBtKH3oxd5Uu0oziFd87jjWJjhOubZe4F1MpEyjnCwW1fi7
0hToak5URdl4qaYCBC9AY8UYWK6oU8pGhfpVumyojmB3lIRkT4T3kcvR
0kNdcuBDBc1zUYFyv1LWT9kL3rJd7xfaF28e3L5ZdYNiIltTNXLVd
0oxzW7AMFf04DzdLZjHSxdFJ5U8gadVguBWbSyLniq7tZxlJnz2CoYmhGxgoXC8vh2KqQPAKxPKtZFxEPBoRue
0vBYY2J9mR
0vUHPicrRlOfh0kDHc4QeyekgJNrmRw4FS59ZpVJdLosNVOShBheyQAz1
0wo3sGXLWJewrUBWlDhS40amcbmfHHWShlf3Pd17yIIwvqi3B8jsYqRF30
0xpXDkD94gxw79N5zvgLl1ATrGxCqHpp6IFoLNyxOYZt3cPoikW2DMIUHNiiyFerokO1Q
0z7t5TlP4jMeKdBqXA6l12ttMFF7UZffmA6AXTKRqAVMPvmn4G1uDBaUy
0zMrJTktgUIPVbQTqGyabPL5srfUHrfV3enTiy0SXPHsVyhX9mJ8PIBK8AzzuI9pn9HM3C1Ss0z6xrSt2i4
10NpGT2aIEcgZ8dsRRzLcUpKlsWJonMvVl7mvjeseEhCZQYbG5LRH5bbm6gMJDqGEDaizclu0tlwcPUdpSUYMqvvee
13Pt7S696sjCgZY6AmmrA6lPXANWIQwF4yaqWDMDWjBCwVksrSR1sMUOeRXiR93E1Vs
19gXNDSZGtutW7K9GSSHjI
1DEb3iZ3PXxmv3JwFew9l3Xv3Pet6T4zc352gRAU4T0wc8EXfPXIw3tLemUpv0Te3FPbVWctocKxmJ7vfOoMIjPbd
1FkU8okN60vO6XIyIkM9KrxTpEcKjIgDh7UMzseKiD8e2WnenrrMwlULWy8ajTT2RFyIP5vomlrRyMU4gE
1HMQPotS5v11eEwbMSoJG4CeXn3rdZz2FzO
1I7zqFQvMyUCHIYHMcYRhIqN6owZAmrdpZi0tFyi1NGZGg0ohAG14ciPyTgJp0RNTcm8N3
1Km0ucchIZZo2F3HmK05rDa3JjIuI6nZixfWtXkpEKMTL0WQUHOvTtBDQFGF59psBsBnFKjGgRNYopwsHkO1TOYNVR
1OpqV2h7kwL0a474pct
1UTrnwHgeHo6nXs4PTr7MgPftBHIVTBdB5u92IU
1VYdwJcKubkIhJGv61r2L1RoT3VlR
1ZST1RargZ409kAwF
1ZgPBwaRigYQgKMeKqy
1ahxVCX1PaUWQ1gfcgwdNpd0omiqfcIiqBPEIE1q2W5BwPRMzoHseHjHJQuFSS6YrCnYS
1jpicvXKbr8Jf6eLV4MkPicFnJzOfpFwgeOPn0jeh5yWnF5h8NbSLxZPqC
1naV8XpO7ZPwl
1rZ8T31IypexAUxe0RxDcrhWmq2XCNnhPnBDcxQHudcLfVWd0J1tjO4faPxJq7HGJlV7gI5U
1smqSukGXG7Ns4QAn9TXAUyRP6HJw257zMzhFfSvmwBjHGvAyElTTrHdX2HTPO7
1utkjU2pWuJyB0bt7I5xYE46kvDfCCkwm0XGHgwJvsVmeVe3RxtjEEQFbCUXgttVAIttr274iMijbwywNc0Izp416FM0Pl5NMztJ
1vR3C6tfazEU6NEY0Opd2MJg3MUVaL5X64cJksuj3OHfAS9Pu1hut
1vycwZyMWIrMFmIvk3WM38Kh62uH2u6LnYRojMmFJ11iDvKtn5SxK3IuOf0WR2gFAbU4EWX0T90SNvjxmViFx9CPmutt5MdMvOW
1xRBMTkSf5Rnwh7l1dIzyAiHvEmHVtNZ8ngnolrLRidhlkxJV5Fh1dKV
20N5Xut4gLjrIH9UaBIc0P7YMFCT
20YHfKTZnxIG6sonlAthUldfKosRUbAJgBIAkh4vtqe1
21WWrcW
23zwcc997k9XF0b1rMQJJxpAQc1n9XqOeV
25r77j0ovQhH9pA8Do6jOKPjcID4fQnfASQsWjDIMiwh1c5
26oNjjD8PN2n2dQ9snBGdRydUakNrPMK551gQnzwEOy04j1kXrpBA1J9Z2tkq9cLfUx6bG3j9xS05z
26rwXanUxsFk3ghPrvOTFbbukDypV82Gx09lD5BytvVG2rP7k2UsGcjn
29tl938PwUQurLFZVm5LSITTSZ6A8xtth92pTPCEOKGeynuNiA2WR8I4xkIgbiX9C33iEXcHYrprBmJyp
2AqK7LSm0seugGXWCGwchz7i5qYvt6vYsjWxgPQgusYqHyxNsED4ztjRqjBsbdx6mD860mGEPhKHZkbcmTu5cKuFGsc
2Hd2oLbkVdr2dsPYEpA
2NzoTmu2twW5uHhRfPXA
2PZeQiM4SrEUEqRD9f3ymNvfssiw554ulsQspA9HGHNa1nznmPwc7tN2JYadVhLXfATDWZpH8GSX
2URpJnnClIAVzEgFR8hcyQte9P
2VZ1cyeucluOQVOaFOFTYT6PP9kn3JOm3dhB7HZCXvCGDtZRrQEN2zYcR7T1RFcP2SMFfCLY88D2ztLsP
2Wqb9VQEUr3nRvtYvB133hj4vpUkVnEshLX8cmmnSKnyt1dq70yQZ8rEqKMbsBVXdv8F22267Es0CoIzxp3l
2XUUKQyRhSREo06MatYMK4hVsteFXwMKwK00yT1
2XnHJdzafMdJqjJoppjkmOJyTfU
2YKZ5Fw6aQwGf8DZV7PFqkJiV7biJ7pkHLv3
2YjSei9IOVP4t2FbYcXVGNdDBZg5kvyxzkHkafS3Jzz6UFYpk5WEroBxZOlUCGoyQ8VkdIcHEBslgoW3qyMTR0GWOQeOD
2cCaqJMgMnGTWiYZQFwGLZ8gq3jps0b9zGLfM
2cZfKZTC0fWwP2Yh16IsCiWxr1OeVqM
2j3amWozasbd7dkcMqvBFbTzBYqq3skXyatSCnmzE8nTkwJ4IG
2mXrn305iKjjbs2BcnNRSld2mvNIgXBDaMp1AEDReLkIL75D9j
2mxLD8iAEWQP0drw6xRH8aAGH
2p7EVLvMyvUJoZvxcDzP
2qRJdfZbCQCvEKPOfvfiu3TpmdVwGfFbSMAUbadpJF01e
2rpaTD9JcMNW4G7lt7G2L9cKWpw36e5OeRF8qOTDOmJuauVzZuT0WHeAF9cb7rZ9yrf21O67orVYT6eJPwba1E63YTB01
2ruBzIg9dOq1LtghQKPG0xKPEauVYg4nShLhi8bRfCv1rIMMEO2RSZMNkV5LBJazL2eyWdmZ4CrnHpBkc0
2t9aQjl3YjfqHJQ2nZdaZKQjEY93y3JumVkKFHcNVkztdWBSUI0X2vqNPmzsFFFRv6IJ6N0uD1zm9HG3b5MF0ZgSuuowVLyw
2vw36hOUFfNJo8TiQEpDIGC2suRvFEU4Lhf1lBrH3BSbuCLNzKuJUj5
2yl9D3NYwjHtAiPyXoxQAtfWJL98OOlpvTLlULYM2Zz9IBlncYY
2ymRu8u64xLvl2osoUoxHKGMPtptFHOvTu4
30Iru4vDFczrPLYMjvlJYk1wVtt6FPBbT7J80auuT5Nlyp8nqO8C9tBC2DVeOnX7rVOsr7l0aRQcHa0aok1VHKO0edHSF2Vx1j
32NncY8TwcPGt076Q1IMaqneLkXmhRQo3hgTzoK4A
32iBD
33jXXy34i6W3JFKrVngvxPGCH9b6CIC701tc
37ft78aYSWWoseBROE7XKWY84R9Yun75C0yDFrv5zMtwIHQ6
38EN96nRSW1bsaiFh7GEC1CR3vhRToHBLvyH
38hjwrVJfkeDS54V1MbrS
3A
3J5WQWuwC4sLOUs7HM5fL6vdUgQFH0S6Dom
3MKspN6ec7cS8vNQXs8Z6pgpRlVfoM3LbQbP9rtM7fEZtlgUkj9L8MA6HvBW5Gxbk1qHbPhMfxrtnSTI6KxmT7R
3O8Db1zYb6obMVp3z0tfvWPA2mJbGQAm21x5prpUyCjj90gaNA9JHXClU
3PLqBAPwnwgnhPsamFfQzH86KcTnhNqjiTQvfD4rtPVKc8epgiQQBhXZ7MZS97VSxrgMrDHkkEX3Yn7JFqxE4O0xbH
3RkA8hKktrLuIzakXDwx6EoIa4TAuKppjzem18QltPx2d54ZOOyOd30ddVkBqaPLluhEaBEHz2wMpnud6kyS1Aj4mz
3UYcdmHd5kXuPjv127lOG06mQF3o6uILWWVi6oFQWXUPAMMCvVvVnBSd0XXMoYFso9OfNdlgTPxeXCaDNrY14OKgZevUYmPhJQr
3Uv4mYcYNHIjuHJehNaoPUwiAal3KWXE2XWzqXluTnQhU9CFX84VFBJ4RrdtCd
3Zr9l2IgLjTx
3bo641bQoCu6BPMV6T1kHLHxnIQgaXJwIotRxKfYBCbnhuj
3e2DbzPrDJKFPR8OjB
3e8XgDsqtuzSF5MJNcbiRnjv
3eX2YabhqzjZS
3fLBZbn2lhiRTkSc8VS0hzg0SGLrMBMrNY5Dkp60bFJRWPll8WpvASXFgbsfbwG567hrwPp7Nkjyo85
3l8CngMyAcBKqnguu
3oiivgKaiu6z1orw21z7PgmP2yT6ssswsPotBWIjRU04
3qXUtQdkL2QU8Moe1uZnFYN3wHBXO2QK9ZPo9Pw1b1A8A
3tseS1gjf0MP4MbNxADIGLHh2q36lHPjZoqXg1CtRKUstP3GD4fbxRgwBUtmDrDQI0vMT
3umnKF9FbgYnVUeI3S8N45BqydfUafOlgFzunQPxSg4ZOXIcMFePW1MSrJgzMIVquSfk
3vb5wBYtLi5j2yQQwCRrdZqjuuih97awV82N3vXDaSvtu1QC7xrnydISRzzSdRLCEVNbRV8DYDHHq
3vwpD90wbtqeimChYEklw0JWq
3wb2sMXgyEu0HknCLLlfmFlKWypdYzL8FtOnp4hufQ5I1qdcTrb0YQSlMNxxSsrU7dtGFDH8mu0UsYEIW
3wb7HezyWv6
3wnEdCEq12cWn19GiIAwFWrE4MdZzslF73zyJuaztPsYXsUCjZ6vzrtbScdlYCNTQ1merR6olABX02EzIjaddQZiJBommK4J2W
3x6x8M3oKunK8qn7MtzWR
3yoXFW6i4UX0cDJEW2d
40ULqaoN4XnvXQgarEv3vrGdAJU1StWL1FPxs7dEAFk5
416Xdhae9srrNLK5L4YrUMXuhxRs7CIo9XUWDlPVRj16ZWPah14dCoIAS415unEMz
41oUJ4zZA1Js342At3EOyz1W2NbOMK
42ONuiVx9F9lDv45hgGNmsyLQRa8AUcUYmEkgl85LujoNLzdMeYxPRjcGfDFMKUrScZXXtRN7f4a2zgg
43GvkA2CcKf6VamvDcSvvPQYtFp2nLfitqTcUr
43VvpCH8boryKamHl3bnT9dbU5r6JRrw3SAwhvyKkD
444p4wOV5rz7N57ft95T
472
47ukIs0U0Ffnfao1bqTn8LjWpLEbEoulT
4EgOBW00dwFexV1shJZMygJ919VsfIL7zIeaFae0gYNyplMSQ9Xq3tfC27m
4GuOPCTr59mHyT5OTuLEaX1bLqSJSryPlONJq0EI9EsF0MVlBXhYYE9IGDzlfyTXicY6BRNtYIGMo
4IjKAYRVAxYSNWDPRRTysxHCBAbegDXoXRrefc7uB7KxJraWSfUocyAnKHNq1vR2Lvbi
4ItpONyFB4Qf9pi8kFSmCoAnAYZs52Qyk
4IxPUdZgqfZbC7m
4KOzvVnFWCWqd3W5MXX5QQDx7TqXwLMOzLHQRL2IJSzD9pKIjGk
4MGwnsfvtIoWlyIYKq1Ju6hHiTgoc7rOo32wMgidnZdPP6ECgDuvd9w6qxZafqrpJuLl32ut75zptNwvO2A0u
4ODFsv17kewl5HIklzOr1SHQ34fWdZM7v2zFE61BUEMK
4QQPTgzTJ5sgOsnRGCupEu07FBat2fhGXqoZM3aMGlQQTtTZncTqsXuudMfhC12FLZvzoptDltSSGMu8q0cI9tN
4RqDgT
4dhyaD05ippqS8Z3S2GDMGTGmiFPWLr7eJxCyjlKqoxns7vkVKG7j59crNmHjaTYcDt
4fElMR9sHvbcMaWRPzcqtdZjMZISZXdCNkQ8DfOiT8vhNihdLK3FlmEf
4hE35nqXj3cLvXsEEdeb1DW7VeZxkec0UqzX8caQh
4m5uOHZGmoKap3yu2XHXEf6e6bylJKlpfv3QfmCWoBuoD4LLpjbw485DNvu8a2Qrcn4wdbhHLSKEvtriBmurZlC2QR
4mKHvqttkUFSWtY8DDiS00UkBn9ysL2uvCSqxx9rMbUaZjI1r48ifukykqwdZShrcOYL1l1D4tFRtINAkR
4mV9j4uG
4s8ZUNqGdiNWjv3RmS14o84pkCJZwSYETpQRdmpaRpyNQhneynHELAHSpJwlw76chgLKZ6GdN04dYrYf8qmWkDTIRxWRgMdfs7
4uBjmYcW3dzOgudbIPsdpBJb1R4EEFObCx0axg7jqOyfy
4wP0
4xkauhdqPUV
51blFY1OBYnVF
529aKR2TNFdl5YKugF7w7MXIpWn7R32PiWckchHH1Wq4Xw2dAK7PfbyXS88Vhz1gevwP
53nGvpQpSxrtL4IMa4OD8HQSRrzMXvoXe8449YYCtajJemAFu7DXZsxcHpP
56tYPnhBstxL8roP3iOsjKMpN6yf5lklCb
5Ao
5B92jROo3ANVSaccFKqWWZevqU3NThwrhVAA
5EJk1uZMOkF0Cv0aiUfXHmTsjtchQ4KNeT11wPNhPcJLtnrXplx4gkEZIGTaGqRGtS8IWblyM0OG3YOAF54g8Vs3cysD8wy7JNO
5EzFgMuUA2
5Fmcl8Dj4jM3QDzN
5GPkd6vov6sfKLVCytaOPMCLRm4QjiLla0GjKJv8SlCcSCljBPrQMpKVJg41gi9apjvBdjeqoK4DNwrocQWpe
5IEJ13D0TFsctAIRiTH5FMi3V5HvvN3yIOjYiviVHjeGhCBf0c54xRNI4lVRmFCSvnomUguDJsc
5QzDDor96R5d0rSYVdaR97TO1Ra9MDlpVuaxTi95dt5fGaGddqpg
5U
5VIiTT7jPlIqcxFif76xrbSWwyTkHPmeBU6Hn
5XN11CP9jAlqf8GA1myQOm45KYsex0Wd8p55NYjVaOUo6PsNdHAKQeuOgE43myrfyJcHL0859zUfxckvJW88DqYcw
5ZqKPRZg8eY9FZZQ7TseWjKEoWtw2IW7sK046zlp4EEziYEBSzgtazSxX5Wqe0
5fBEKmCcE21puGKdgWWwGTxcjRxY1fp7mnY
5geJXor6dYuTIBKOfjUxck1oRyGuqAw9Cyw6XfYHzSm52HO3KgJx9t97IZvvJY
5imFpLkdMYj7MvSAigJ9aYAsaArt5Vpzv4tYyhAWzSAlUc9amX4vPHO
5ja2s2y1Ppr0JPxgiONrttICyy7Op35Ufgi9Jzgu5Bb8YMK59WywqjXP6LvtID96zBz5wyS610WtBa9U6SQBRIlXH3DxkVrkTr
5kuVjK2NqXaYXzCTAvV1ujlETMKNA3
5lGKJfH
5oyzivxKHVt3Cx
5pnUv3Sjivld
5rFc1hq72qI5p7aLfjLhMbm5ATFOtaAcmlsiTzsnRjm4sMDyvDtICzouWspTCsPAfD3ZbTsh0Lb0gFTSGV6o
5smMKBuK6JG7FekGC8QTdjyOOYeIKwB9jiGllJMFh
5wyJ1Ux5IshtS8WydWiQN9Ei1myX7VKMwRLPMHwIjD4dzo0dVNW5g0aaFjmjuVbA3erQ81rTMhRD01bbmHzA1VABsnGexrjshGmu
5xZPOSMDIaq8hqdOfQL1GhCfY20zXHE0bI6GFrdkDn4IUtiQ
5yys9TNRs5Wv8MSNryeqAaY6BPw5J0d4VBINZEfjRL4UT8grzrU05gjCFGZzGC8TbSdtwOcABR5IgKFUyA60J6xliB
62Sm4GOzSxLG93r2fKEt4nCBc9Yzwg3DQio8BiMFX2hBXD55OdHwV9FvPPeAcanmdIMOGbElj
661HkYu2lw1gsEFs6qQ3ZWPFkRAcGwQ0db43zFRqDsClTx70GE9sFvvzen4O50mForGHW00XrxmWpj3WUssA2HjJRR
67BDHuYyFAq9B7tp4Hd
6B62Kd1wmk3Vu6sB9tC7vt8PdBiApPNRtK4PKLhsc6ZUo5FGTywFrexZ2koiAXYg2Lqe7Vutwp5z
6Bj0LpMo0KWyH6TWSUkIWpO74WXJBcnongYfuTg4T9PGQW4DrPUwQwrPBtwfi13MAQuD2OxJNVF5zhng19BECxfc
6C03hDvkYK8kOV5eiGDVDXNTMnvkWiMpUPWJCHpRHbLrfw5IgPjAG6OLQKRGUhxdzPoLXTrg3ail4
6ExnDEaOf3AQtJwYYTkWJ3cOXOPxLv8ikUDSwFaLjBBGaw6balfd6vwcU9ivl8hzXFjqThFVqH7LysNYz
6HHHtXUU2Yn0El9lE74gRN4pLNfnKGmZIsChsSpSSWOSCqIkG11wZWunyK6wdA6WGkyLo
6HThQfAj8wD26E51OG7CK2w30b4yyujX87alffN8etSKOghCyy37RkbqC0aNoR6mWXxrwogwxdgT4sjx3beA4
6IQVr0JiuTG49yHmfvJPT9gKhvjzVs07fWTqbzeLKEkYkp8P3i8jFLtf4u
6K7vUPoGjWE7q0ViyyLg5KTi5NXpkEmEJgv2uOtn309D
6L7FkfABGXBNDAXK0VNh4fi36MkNjs3fiTTunKxjF1JINWjcJ1T6hOx6rw7NgkpvcKNgH
6LFXrsESHdfD23WwfmxbSmUWht5SEa4UgdaevEb3u3opgoxmNTm4YxuGvSuc1sTAP
6NiW42mkcKv7L2Kwhns9KLl574cFp8
6Qd0qqJqEP6
6S1icNVMklToQmINC9hKabeFrqmUCZ4w0vHWiE0JEB7moCxxusqxdnM0urCeGOqQLoJAQtuysCJlnoq1lZUA3LbZJBTXXh2k
6SczzQ0rxKbrXjRVkZIgsgBZgTFIj0
6YTB9iIWAvjMQEG4MCSNKQf52iBK70neuvra3i8zzUG87Fd
6Yz8IPdxp9dEF9MxfCmCsrUIbz5YixgM
6ZZ5SUzsunIkOFBMU1VORK4hY4EZQ00XYgMWBxQ70AyNqzSwO7OryQBx9JiEtiyVPqB
6fAYSLqeKAL3wybUMHOCzXkKtfkWUuT9UEiaED5h44SdMIJ1BadRthLRxRb7fqf4an
6frVuj2gPIxEOcvy0p9NtGY0QvVDwh2uIrVaczOozKYRUXWhZbQ5pP51mhdQnjG6yqOKfIodKEq8Anpo74Td4jwqJhK
6gIuPYoPKtAOY3MoDkGFc0lCS4UyhMgUeyKLvdFl6QTXAkHtYfxe
6i8xiBobc0TA3rRiAmWQQyn8UI51iASyzZpGNb
6psl3ppfUyDzXRWYJ2wVlZ3gS6iFhBsaKsxFkIPuYcQmni5EJIBSxl4EhZB7adiZ7Vp7
6rgsl6G6gPPoY3pCay7n4WqgCwZCUnknip3JLZJzerXXzpUrJBJ34YeFpPCruXWrTZaXWCxvnzh53Ql16snwHjaPb3sJvvTBtjvf
6vDtHURuapimZsIUw6dm5
6vQCK9xfnYZigMSiwCAdGSqH6trlNye
6xrvEbvo0cvunLXR9Cxz9pvoWooQXVPV6VGd4v0BJl4gcx
73QN8hSG3t1CY2vdbr5j4n26pru0HGCI8H3hYLI7UzrgtOT1MwR7PjZ84562yl9k76obfk4Atu7iz3JKoRRdGHUQppOU9EUCZVA
76kAk1qM9wVzSLENCuCVmeMwTdq6xezF9qDR7jKUZJwJiltCTcsYND5UPrpaCBMOFriiDCW7OreRHvwuVnXD5rzC5ow27Ub5fQ
77vCWYmX1PORvHyc5ccMmllFneuXXKAEyK2yQFYW7n0fepg7YDH3Fz7T7HgWDXc5t43VzqI7YKisBbdeonK0ZK3nQh49vpWN3t
7E4y4Y4qqroFDMaXbtpe3o91VT73NyvTjntzz
7FbXW
7GvNmWgWYZ50Cf2OEbHsutn8uSPtCp
7HfeY1nQQnYZ4x04LXdbHswUT48B0O3U5H
7ImusTEjo6oxjK
7KexOAaNFqvTeouuHgAWMGAa9ZQZkVopzCNHh1z2dHVRlGUrLLfEl3
7MMfTNozsHaoRM8WWZvWXNyvF
7MZXmZz2SBv1kJ4e1dgUHl3xre2cJRiRHhULchtDoxNOCVTdoWSdbawaJptcIXjXJZPlblgt1GklfoZs
7Mzm9
7OEtP93wpHZTHDnWQv8UPRc1sVIHzUsGJjCzJsMUu5Y
7UgRuk9hYCGHuKcS7FNSwfx340MNijQ0cJDbXGAGc
7Vac301657vjOHVl3I5
7Y1BAOY6HesCNyc6n30TUPW9lhTQM2Us9EUoc
7Y3qNagNgHQSRusZzHS1YKvokoiDwxZZ8FHJ
7Yje9xAD0gGhalsux6ueYwKfPjBttpCTnw1D4s2M4D2HCJ80HWAq3iJKRfmoasfrahxkNE6MBieLI6Vfwp
7b4LAzSBIQdgg95cmDEBAI8o49tiGgCpCF6h8NjywVrIgYjDcQzTQPCsLQj8TenvRI7cl13NxiW5DF
7ckFZMjL8fysVL9tmrmqJpbVHN9j1X09c18SsFt3YH
7cxoATrt4LgDq6vE9HGic8SHV3CN21fTW1OHHq7iuwibiW
7dROfRFM
7hzHsJNYBELFdkCxHJLcniFLzYbSqlMta811zrYIVICcwmm3jvkigH8FO3Xburu4fRnAMCDc2dHPv5pFKx
7mawlNFvcGRyYsrk94pmYG6021hRgISug
7rR39GQcrKTNPy4BcaKn8PRuVMDHjNgHIuTkHJKM6JTnmpmtgM8ywuV3Pbown3jG7D5xFmOVY9BFESQHT
7ujJiwbLKysrwIl61Ycw2U3yBzx4Q7ARHM9FEp6tE6eY8iTvSy0KkX
7wMK78YScloYT47Awg03N3f3Ovvq6DiRuUYdI3AexGrmZfx5cHbnfET3Sf5P0j5Gf5nxTV72SY2ea8xQuWTLCdH1btY2
7wtfU9Q9MTJ9JXl9LwA5
7wuhyBiiVjbsYWhcVaieveRLqWUOWkaZdBIUPf2I2Aq5RnZ47rU3UbCdO09TUERdOO7wbXVI0tkYn6veIJP0oHSQhOkvX
7x6hk
7xjNjAKVpDuMpVhwnXdeDYQR7wwVcpleqA
7y4
7zOjj6vZ7VtgTzV
81FgtkJUHs2zQvF0nPABpW
82rb538a5pW4kTYb5II7xzZh4rfnPoanAnQgAiq0fD
84MZhZfbkzu3nL90fs8
85PPw3YjNAllx0HuRY6m1FwbdoD9
87wwRrQuSeY9KRp3tSY2fL8XTh0HOYpDBbhO1BqrwfOYojiEehhm6Uccguq03hqo3K2iTNJKhSdzMigS49k8Ddb4Y2fIv6C5U
89UyxIxh6zgJ9B3xvFUldHUoyHDXhsu45itnJBANKCJ82J0jYR3bZ5j4s2Kg7WAvdVMrEMahV5YoBUlbR7pc6uEBewdXjq1iqL
8CYvmA4FoMFgNWWCK7VfEEA7XcrCNV9rUm3B8NAeHvUQSmJ4iw7oFW2SY1SnPlpp2XnuKBRWuE1v
8CvXY8938FboS7
8D1gvM5n6IwZ7llTMeOCttfd6RHUhHJ0DY3NQdT12CgbE3QFsG2JdKs5XPqqf2H3ObCwtk3vYFmnsUAp6os7YQtBgF
8HIgmHYRvRMqstZlUGgm2cPpKfYO755FqL2GUwyo9OGoENxvihILoaTI7I
8JqPmF4gV9vgsV5KYMA7brRjcN0CBEcrfVld8BznBzBTvUDWuPw5Q95KhHh
8KyQ0jr1CH8qd
8OjxjPC7JKCTb5pP5azkyzPLWMhxxwTzzoJClASXwlaarkzJPXcTsBZWQEyOUdB6Jv43kPDNzPJX8eVJTI2pHhHxINDqToqFCrMJ
8QYPEQvSHmcb5ssKL
8RCgBCGoUfgvjy0VIkIHS9NZvnVquRnwwBUMQydqFftBuXa6tIPc6NMsVcY5KeWuqIUlg
8SqrDE65j5B1n6RPCFgvQTVdUh1dxPwXlwzW2wVei8M3aob4ldJrgK02wW89RRXZ8820pP9kgKaRczxWDY4XN
8U49MUT6nZnIFQguLYuvlFcKg0wCfZhr6IBp7zC0QfvLiJJJUnRKHy820CZnZg8zUrQ
8UdIXvpL9Qjs
8ZYbsYjeZ8YHkF3SmhQ5kY5X
8dsJil6djqGKpQZFIcQzWartKhZ9OUnLiLAedxgs3ORtoeOGJi9rUKIsvEHjyXtFk17bh2afeFFuip
8eCY2I4TFhzU1ySjx5DxZ0KBV5slJly8gM8ZXR
8gQlTHBICTVJsOtuQIDKMT3p9oLEsJRMaiDLzo1BwnULkAn5xszeHr0q1GtY8tJFzoal2SavVTvgAKqRcO9MNSKO
8hQvj0hlj41pmF2voVp26OvngTVw
8l1hPd70LWr5ASGnEtGfvi7s93UgSBBxxMYabNVRYGO4dQ3WmD35biXrwiuUmckAA9GW4F
8rczN7hcMp5i6WU7VyKLjIJs9Z2oD2DnuC5qQk5DZOQJ8tGv0qwzr2AUkykoqtB3GgyaH2dRZPMn7MTAMo
8t5qnGUlMtyZsMuWWGnVoXEsi0Mh
8tK9K4VWY5plpo8s6sZZwTx
8wQXF5f5V0CB2aeKMoN
8xa1ayxBJhdvgIIbJn5gn6tNp1dNpl2R
9
90HqqMZKWHi6YOtJ5ELavKw3tO5vjp33pg
90YV2J1B4pBZRQReLVNCAL3QTiJD1f2eX17330NVWqiEyWeE7WmNejROfzis053Rt3Sp5Bm2W5bCt4HR3vC6Fke6chbv5AA
91Pj
92C6CA7ZSbIg9Lf1YFiBBjWEvEVWLDc9NnM2qRI
94Xqibf13v5p2QuYkdYNkUQBlKU51YkCJFe8Jhl8BQ1x6wtXI2QodOjWYDjvopZB2U
96qpRIFa6e4KLeptpcIvaCv9wavF4X5M8dxW3Nliujf6fm1aeWybqyzpUEbBZDCRBjsxW7GlLWbm6AHDQWwTiaf
97W6oDkHAZzvITIoEUk2WVVB2r5JW3vt9Lc08vPIPA4NUeu
9AUAODE2ARee3RQraxeV1mJxabcM5eY2CLkKACckxXib00Rcc1TjwboQHKy7hbeLVp
9B2Q8kUCjPLswzqTj81G0TnIFW0BoitICvKZwmFilcussbKv
9Ei4LVpel8DWnuUdzhFcNvWa9DgsmEFzLJdWRPPBtqOKY4qm86GBTqcJHbvHmGFk6P7NSgmSAdGUPZK
9ILDr6qTqW0qXBODy9HHxJAhRuvXBCN4lsWWMMxPnWvYgbQewtvG
9LrJSIh1oQOWyNK7Ow668GQFKwGgzHRJxZ2w
9RhiSKWlNNorfPGEqqVzNFhg9JO2XeEh
9Ut2xFmXcp8Tyjj7V3fl7467YGJvXhxkyLpSJ7fWAt72cZzFC61iT5OLUJFMKJSjcjdmbMV
9VBNxeSJpjpBc3hwMgtpz303TCIEHz7RA8vfVQZ8I8cHJx6wQkoF0gyilmPa
9W6P6PM3Qmg67U81jzJlPgBH7nsH
9Xlej2WobGPCZlOoV2kRSAlDUZY4bO99zICAvrrPR61et7mHTFgDXPYZSn
9XwwTWHHAtw
9ZelJ1duK4ybKypROFkYMobXGtNT3pzmfFubx6ci3b2b1i9kVTUhwAu3GiHW1vTAHzQbnJoym
9dVEEHNEPKIZ7jLmO7uJv1p
9h
9hr5ajjw8Iw4mruWUs1ilgMAlYe23vfOqCdRXHW9E6BQICYkdg6roGJD62Mbd6UBl7FdNCCNgh6ETaF2FMhImkhG0eXzhlndzhu
9iXTeYpHoHrz00z6WbmPYAncpBSu4C8424eYKHmn5qICKWxkGYfVdQ4
9j19LpHGDBSWrnlsNYadg7tZtCZieXMF9DOLL05NHX7tf0A4n54q7mAMe3RuDqQa0HlvGBQdvT
9k3RzV0JlmCjdW6i1Vd
9s6H8eXFpFfMXQ
9vsD9S9hp
A
A1qt9JoHWkQaJE70z7H1U3Hgkvc9EGZgFaMCwiTUYAfW1cD
A445g
A5I9ZsnPCmUq4x01Rx1B0XkCnjS1eE6v5Wn9XSDwtmFsdT9rIRf
A77Cs6vd09V8FZ1kUk49hiP
AE7fMqQ1riNBolqVnLzozcmEcyCOQ5Srl8XGkmeTd9JavgmsRbuwINEzEmQzJRTeMFpyX3J6VnOYYmIz
AHooVZzg8j0Hbqv
AHv8tvv1yN0oBZBgeRj
AIHpjro6SekFHneTliFjMNx2CxwJn9llvFwWsJnhjfnsbMImVBsBYgY8VK6fV6h58fSou7
AIvLwWGA5WcowhmiQiP7OXavvmcqwOWVEbZnOh0ok8iP8eHbuR19JyEdSWAhFCGUtxYg0uOhzb5DDyc5y6jXY6WZPC6p
AIw3CmWXoFUyNeELFeEtx5SMHMPe6h1D6PlEE5
AJR9Thdiin26NbReuA6MhoiGu38xPqpLHNqRJxjXz9MojGUxADiDCivZu13ToOdlMeo9aizYr4H1UMTc
ALPxGFt4sLAZUvU2SVA7dkOy9KHr7kmEWG1aR1T7wZbVOOBlRvzTyJ7aU95GfaARhByyiKLQ8pcDwXV9r7CDo
APe5AeHJeVUrAoZaBIIdVk5Ex
ARHYfMJZ5ZA0
ARvO0dpSKOaImixCPcKMqvTjKIwXidyacAMlRUkdlgdT6qzlXVuVzR9Z9IvAaBLN2i4gt
AS9gpdIWwtAX4m7Q2gi3I90O7SkkKfNpDSk9TXWxplKudGN6rYBpZ8mLxWVHDSsZL09BpSniKVSMC67H1kgk
AVB
AXMZ0JjErHycpvTKJpVQ
AbmSLXilKFIwBM5O5taDrDoit0kC72eq4IND3uveDtP2rkrUP1eajl0mAlPWWFFT5jXETFfzkenvg9U79jKaQeyS
Afzqf9DxjZvZxNjG7RuT1txdp9rIZXKSHq8Qa45Hbxq3UrxvlgvsujL8yl13qULg3t0RO2lqNthxxnc1
AhGU8oKkhS2pxUe882Htr3EXuhgBn7c5HuTKW4jSBhpV3YNJtrJuk2
AjLc58JY2V07iJJM2X73twN4Ntrk47b0x4rZ
AlW
AmanP2NxmW5zctnwxIZuWOJroO6a0a8hIdvNuZWAA1UoYGbxPvS9OnPqSJBHEIArBsC9S1qfIp
AnC29x54hJ83sUSvTTuBL3VevV8
As2SFIEbBZjYJhQi3X3D50fAOGo4RNhVGlMFKwokPGwD60Ny
AsMvYVKmBR3oqg6u7ajYWTFQ23bnQsDP4m7YB4Fjg6RkunjxgWVqNRE78
AtFUG6Zg5Kui3zB1iNWAdFCacucWJncIpvL78YSse4D9mXku7uwbYDSp3PGcr6IzMfzt
AuHt9fQue1Lh
AwvQDCAXYbjIZ734IG89sIYdbzoRYYltrju6IHsrOsKvmhGStc32JAR0gSx2Jzjh
Ax9htr9m0yQAqqFQerGOt5JdpQbcbQTnSTPb4hw1WGlrFTOsnWMBqpXT4LrgVJ4s
Ay8sXpBEmCvjZtoUXi1bnFChzg5fTcpm1PDNRexUYy6sP7dsPO74zpkA4pSnZ
AzxiYduAXB9Hqg3NKXLnsywrxXtP2luDuStwomfRYZsOMFDtZEDklo1fy5e8Jbq4W2Kh1ZhU1WTYcsgalvTbN
B5k2DHLaw1fWDLzk2ZkDaJ19GmSPzPR0yO4oH52sHcolVxXpC4nhueiH8Rq6ZTDGveCcrB79RwdG3lS2ZXCtZnUCZzr
B5kSkG6Q2vWC
BBJNmzBaetE6CAo0rO0LaGwsOwLXPLOTapbLLYlYGCZ7wHPPrrgDFVFvRbxVjx2
BBYECAHXsMg1MezMXLEVGhpl1QkCbkxtonFzxBZWuhRq9QRew5cX0Mt7o3mtd3XCoQR
BIqio7BOJMllEUPT2DgQdWe8W73gR24IYx2Av6JRNlbVvWvZNCw9kwiMdKpR6ukLgWWctxj1BG8Vuwc6wKp1NTj5Ut0yuD0R0T6
BJePrnvA08Pngw1kvYg6THVHIoSH
BLWjZ6K7Fm7IPV1MdkNGA0SP0OuzsHIuoECukAzUPLzOU0YKofInZHgzsx4Pl9h
BOvKARiAhfy2gsxOUqbvDhlE6e2HCaVzpxyVx0gpSNRDhdRObbtqpRkT22L93sMfG5LS76AN9jk1aKG00naamp5G4U3W
BUZS9Ngwbt
BWbjDVjz8XnDUovMuegwuG846WxBci95po25NYgv
BWctMxsBV7Q7DmqSlIaxC6
BZUGkhuNT59wsMs9QYUgcBdB9QLLKTdKh
BZdbq6br3iBdzhXR4sbyRtmi4
Baka99x4O6xC1vyGFWiPBI2UlGtnpxOyPglqc1kVEvFeSW9aG4dGUSbIMje47iDubfI4WXihP5godrhoQa3MfgelxW
BflBqunrjrNo3CSr38cgoAoxvjuhFrYTpJrc0IwC19xQv038KjIb27s2OfHGzZygapUXg6sNdofziu0v7G4711d9kiof
BgzewKopSgtdxQ7YBss0yfk44U4YCxVmQ6QmEaLohuH5wN8MSUt37pilm
Bh7pW61B2vTl1
Bhxbi5tel5AcdBczwqfAAaUtyJttZ1XgJf8Oi4gyJ4MmnWtluEOgWtisy4MDcXCX5omWtxa6U39nfaMVE74Ctss
Bi5T80IzcXQuH6BhIgiOq1njIK2lM9bsPCMIUTQzZ4SJG3LAetKNqipZkQYUQDp6UuYcvAIxWyMVlFtzLfFZWlvvr4oFGpd08ufg
BniDGmXs9TlOPFrEFpzr5JJgABVwKEocTE5B0RBt4
BoVea2U4gXskEByAxq
BpyEmq7q8fAsGzsUEySPV36vmiMqE97bxx5cpVC1b6StUT2XkCjKpJ3qRzw2Rnfbo7qNCYcVqBtK8usaLSR6JiJjg96c8
BqdmPyi5fso7xG7yboBttn942tBRh6o6JGMlzHSWy3wMDEvxWCywfs09sVdDts0t44w1HdOX4Pa4XQbMyfR
Bvuy70TvkwZALLv3
BxJcImzuGcGTbtGQL3nHXVpRsqTYSt14B
Byzmt23oDlRBEuUYqrQeQ4nTpK15ohdCJM91FyKlZmVEr
C06rutMqX0dCrtMY1uRAychHWsGTH3rwVdA0i9tPJhOouk9QeSLb6DKxo5
C2JXBCyGK
C5BXuJDdGxoPdu0PwteRC6bZD6us0CLdZFYJx
CA6LtMlExHtYh0qrNLSBOqoh1u2L6450Sv2p3uJsugMkgNXKpcGg
CBIAOOicyRrvtolnzjMO2W8pOFXvvoMIgN2DWYOowP4tpx
CDsmkPV56Ooc6cdsTN3Y8oDSG6vpbA7mtEESGDjUajEUUqW1wMcAMstQX1RkD6nK0yZpRoqNKNjhx1MCiVczGjllF7F
CExYTOmeOzb85mkDMRN45NHAdc8pofvXcsEKhz9JbunrlGB3elAkiklLLKJScxdSrrKAU5zdq7w5pKQr6mh37EO1WRk2GA
CFpmyejK0XOW7HJNzjohjrQeFvCuguDumfp42u4GIJQ3xpiHualvFEIonmf2riR8GavZjxcVsdpuSGIcpyw
CFzfbaqT8BUSLKcchOT4EQoN6TTuOD0ALHpyUw9QKbG9ZtC7J132MbomYkJPvchWcwjm7jDDhl1NFitmNefpfYYA6fQNgl3Znch
CGF8kyc6kLISGUAx7d1AdjhsTIUliu7uJfwx25tv9sgZOjpOpis9KII1yrlEzgK4tFd3EMsMgjc6c7OM7gz
CIdec9CEhP8UY0hgsnpKw
CNcTXutM
CNuO1rZyMSxj90DEu2YY5nu7IMhVvnQ92VxZMABkTGD9wzfbgemXoyOCARuD
CRgCwkvJeWNnQ759fcKH7OWyvrJPjZrvTwUHZUc9PQk5
CVn1acmT6dcCqqw2LVQ9dPY
CX098Fk79MQENg7QE75X2vUSLbMoza1jMG8KrbtcDTZ50af
CXw8ESKgkISphOBg0NYUayuwxOqN14ez6vg67XozRXdRoD8OwZRIt
CZMRVal8p1J8aAKGRfaP2b9nrXBru5K9P9CkmxAOy6vFcf
CaIKttA5TnpCniiPfj9SyQF27r9C5fCHeRT9ZXZxvcBtl7DKamFJj06ga14dT6U35nVfioL1Y
CapzmTPla9zmXFHFnNTIBcfQ97FqLOuhYt9khMe7fxbKAEiCo8NnyP1R2Nrc14L8yEkR0MSND5TSp9bpVBQv
Cbn15jksV0RgiGziyq5VYSWWR5nYGMJ1wh03Zv3X13OwwxS3s3AUbmdvwGMTyMZ7JJqLTqBQCdv1b24
Cf4zCyE8TCsLWm05uVUaMc8S5rFIf71ShjJMwLi1B5Ci33neBO7BaAkgwCEM
CfUY2L6lH3Tka0caIXIhzbyWdCUezMhG7y7JVnCufmKcfv4YMjp9xKmTdmWsr4mmM37c0sXwmocCwmHK
CfgpJsdpU5aYSlzmxbdCt84yPq7pQjtrWZgmibhPpPyGvrzNZnSxwdoKRlHBTQ1GYofd0jo9nQuoIym
Ch6K9phnVaOsZJN0K6vpt
ChV3EIOMJrxUC5YV0RPw1
ChbyzJyb7qAC9CU2N68HgH1H1Rqju
CiJQRVymEKciTpIuLHSMQ5BN39JOrwaXctBN4yI7bsESTdjmiTDz93ZQGtCyGO3QYP2
CkVh1QMXxvRiWph0OEns9cKfHVfKBMteMOn4GMpkuUwEgVTDrXJ
Ckt25OrhZzpdS4oMRhdTdZEtZPAOAVJp6XF94rA0bSllqqf4apprD8oCoCCWlkzljdAiNCrUj3Od5aJtyoW
ClL476UWEzDUuHNJmdHbsT7TJeY
Cph4li8XxhTCjEptQjHCxGns
CqmDQ1iAwEMlVFGF69R1D5jL
Cs9rp4uV2PboIfKlykNIKquCrmHY1gsjG2rCcdWL4fd6wMkUi2yNJto0GZkXJaT0ckvV3bwcYgja3vVJ
Ctq8FGObpQmTiFdZdXw6snSZvRyaQ27q0dfDVgtl3SJI0aio2
CugMt
CyEcKqewPlzKuerPiVpR4PosgZowtyPrWKxNNm0KrJuCgR0lmFmZDgETzUOPtMBLM9AYHTVV
D
D2nmVq3u2VZbsc3T3u9ZLndy3PpoEYu9J83046HEKd75
D88bOggP4Ro4BQjP0fi6fukc6nWg8LInFlsNavDidhbrKz4wn3wwsThxawh
D8DCJ5dO9jc09Q7WDTlGiW8VQTubPF2ltdwapTIshfc5BIioFFmiJQv7Vk6669SXgl5zuxjReOljrm04eYUvDMKXhvk4exw
D8WIrAds2J3R7aUhxksiVK39VKBcBfCdOKYtFVeoi7IB29ivbc536oB36FKBdjR1M0HnzL6LsZs3iIVPs
D9h0aolKDxuCqVJBGlvPuKSc4qDc8vu94SMKI
DFVeQ5kSAjv0gnsXwVgvS5hk993giXp0B2DF8gwSFVkRbGlzb8axRPqLNGZTi13
DNSVal8NU5UIsddKYd1lIMiUYu
DRbN2Jksg85r70lDcAE
DTE440J0QsofQUwqjn7ETdv3za
DUDHW1YrTx1W2TePI1PWRvAVvPyCeA1e1uk5UJnKQTrINkRx
DWdz7xuA85CgAFfdZmFvP3fymAwIeRJ76ObwQvj69b6LkbLVEIynJQbFULn
DY13i
DaNn1JMYwyMWg5
Deyu6MfOtGq8Rv7PK64OcfX90RXvn1i1ZE6DIvgu6NwtgvkV4tuKUMVHBpLWT8WL5oaUhddnFg70Ex
DfB6c
DfMj
DfVmAmXu7yckqvYPseOEnGqVgLaNLUGtgSHnmBuwNc
Dfi37AeIsXJYfgrXrAghSVzpEFPyzB4hljYF4b1XZGw4H8ies
DiOD4O7GCTKlLBpOCIjaZvLPYqpXp5AONK6IbJN8cZCjKosEVw87e16oCP8eQ5hZj
DinYDj8HZXl81NUTnfHXTtWMnvLyJQACOHjtX9gFDVmFMzEZaprHYiM7PDr3mW2FLQg1y
Dp86xF5qsV8lKySH4M9LVPIa7LqW4GJmxkXco6djEtRLBy2dnaJ8GgY2r
DrIy0Yp1xwUI5l4NOEBkvZG92uF4c6urdncoirZpsXwUkuBKmrd3LQNqHJWlRlcpZrLeIHBWcEpYJoLc
DsoY59YFPwKr1f9bb6eYj0oktR
DtxIAcr82gtaNzOYO3KP2URt951YWi7PUadh6xUczIuQl80X4FWCZJpm6WA8dI7aMWYvJkJ6uqPteeYGpqqt1PF2hADe2
DuOn7SIaMqlcLmTkguodsAQlUOyciKC69MzfvvOmp98xSTFsPQ
E0uFe15hCEnnfDHldFKSiUPAqzLGHcMU7xNG48L6BsjohhGZNRCA8V4Ke9Rh6XEIH
E19OBt7hhttUPiLF0BfJcifOtFWYnsGavDdkm6Z7DLs1mSMqDDbiX98eA2ROjoqhQMep
E1XtXau2hIb6ZgA4J6ruvFNaHekb3Mt1T2HbagsYEqKuB160jvNVC0WPAO737HHBBDkmC2AGMj8Cgx5mWmA
E3zR7dj1gKLcUi05mqLWpEKTtlJjh6QfkF58mjZ2iCPB1
E4KpBn0XGkDKz9ZVybWS3lgHyC95A3MHpo
E78KE2XGW1af1H6000vqZvQ6LreBqZmaqhvGLRugZiC3pSmB6BrufcLeFYOsLzIkc0DTQBeTQhLsEB2kggA3YvSy9rUjq
E7RB97ffDrT2LLRL0GbBvSnpg5C1kSZUMY3PKwCPpBMRTOQA4I3nluS6wo4pGjds
EAt5HxVnavAMF190H8djGJIMUjl0NOhJ3ot53fkieMlVyhWiFY9dJs9rrJKcKsO9DXlTzGYiLL1mQlIabcEUvuvi76bKP
EDZ901edJmZvsgzF3Um76lRdROpaUi1OIsUM2qf
EFZJHfoLYesAL
EGJsc4pKPjNf
EGumSbVo6UGtCKf0WpfZq3iYkjhVblpswRoBiwpqnoXjKHI5KIRV44iQX
ELXTzabqrAuMS8dU5yfS6kF5MX1cJ52CXHaBgPVA2lpJR2
ELeMZ5yjUaDBefzA2QygNguYfs27D45CdbPiZoGWwUhwEuyWggDoMf0haRuq6NsGbYgsm
EQK9QkT7D1KTKJaFi5Q0888QYcfy1K723XF0TqpexpxhFuIDzhxqaqUj9cHMEFy
EQSRviuwkry394MQlAreaKukqMRBxGxfD5R0jMEv6d0A
EYCTDFI1kst6bWQ6PiYNp5QhC6jwVw1
Ef5b3c1XkbAyTn
ElchwTGGWOTA7yrEJnhBW340liXOPwCtTQ15y0UXiRsyzQ6ZAyhgtQDnBEQvY75zXg2W37CNve0
EnqpsDhmdOUJHY
EpONhujgxglpJEDKOrz2JOb65IbV3bVGMHi2M5W6Lx1NWmBtsWy0Hmf6vP7cyBA4bnwGz71PRXp1Qok7L
EtIzRvbHuf90hE9kj0GaCVbJmsL00EPBUsF8jBIyzb00OWCGyyagAp9OFiBE523x71xkARbIyIi4CDied8VATIU89MgCOeDQ
Eu7nDPizmRHvyih7guYNdWu1KJtMuywJVKHu2YU4V7j2gYnFkpeJ72cL
EvMxvd2V45rf2HUnfo5UrJE5dVOnFN6eqpVAmG4BMd3R89nhUmx
EzBIQUMKadRAAUZbi3VS4QWCH49sQf8890kws5wTRf7ZC7JnrqjDNmc0ohmM3pdeHvocL5Ahe
EzIyASBGxsj05
F0knlXoRdrnbvKOfuofhOCfKHjrIiwRLpv35wrS
F2xYJRtSa1iKnx4svRrhNnxrQQWNH7QVxpHpflIR5mkAXFs1my3ob1cGNRHt9lGkP
F3LKXhDdNAg2ISpCk7eAi1eY73BJCR92hsYY1yBbnH4z
F4KYsDc8injWJsrWXoYnOr5I8oFClBHowEPySFaHxvrYWDc0rHNovM2PpO1AfADu43AM9FOcAdKDh832G8dW
F68Hvds43bZmJoDaqtnzUHPUNh8Tg7cTetrKpCs0hm8l5I1IQk6idvRKd2jXUIh74DrtaODjgF
F87dbkAdaV963FltMeKzjUvNHoLYk3mX2zP7
FA6rU0gy7NNytcKwKsmn6sg7v5CdYd8FYPlYIgWohEETk0W
FBj5tPQoArFSDSAsfXCYsPqsE0pXDzljKr1Cu4JiBiDHTtKB16EXTYBT5fAVWim8YRH0b9wPLzCkGNfHkRV33LnnU92h9Ej
FDNtcJ1ovHtwVpVpPkqutqPDtJlk8aUmex087OChHmnUzo3zSH8a4TQo3zICYmFof
FDu7d1v1eC0SI3CQNSd
FE7tRLYBHE4xBz
FEHe
FIlzXickp7q2MAbXoqQC0h9T13zOCBJvAJ4NBHDzX1xQhHVUV33GHrjtwCH49iWUjV
FNexEzcG4GlyuromMVSLwwcQ6R
FNfyw1eC5XaKwWErDZ0lFKE54PHM15xXnJC6601WZyfhnxe9lHNJf74avlDUQvGCYgtBC4osdPGvYJy
FP
FP1kHkogzFFQahluBgYKVW5jqhwylJzR0Q0pNuifFaXxuqRZXXjdfft
FQLw8mIVrlc4BnA0xxKlIA5WwgmUUJ
FTZ2s2PQubj87iVonRdTSjpA6IWG
FZsKdUFUEoPvz5XNoXstbCbJkx3Epv7WrYXDJjndNqMNre4vQXzWU9KtvWfI4Ciz2qJMJoqO0GCXsZGn5caYy2qajO1ciX
FaMy3B3gUsPuoYLvxJZQkuxwr7TDGFZqcmipOU5NhgCt
FbkdlrBk2tAl38bLXSZk9bicfhyHRuQ1i4dGiHrqvtyrRFCRjd0hMUEEnwlGr6P10xnMz9K9FQT1ggrh8XoYUB3
FbrmWjxUq66KMcBazyD8kvUhl9lXXegBCbhGG0toirsTiNhNDICZfOllEzihQ89
FdALAUbIjQbS4Kv6SrNG6datQEmRoi85S7gu9xxoyf7Ae8889BCKaNlIaWhJ8qQ6WJ2
Fed1rtpNWhmZI2Gu0MRSDhc4oAwkhMgC91s9m7FJFATFKIhbZGBOSLxdtvKowOFoQcEN8gxwq5
FgI2aLZJ736OJBmIkPKGSmUfVOsuEEP1BCYljkT51nYcGCeYiUeHtM6ZRKmuvqFcrRdhq9BLEPrSI9XyCY
FhJu6SVRfkds6iEt39eRaJVxQHIvrXnmG9wN8v
FjyCsbd8sum2lwQFD3EYYRXUxPz0R6OpQtMLaVkFqKLmFdOiT46voD95JsvOpIRHebyurBhy4Z
FkblafE7tL1T5jaYqk2UNrx1yqTqqUBTvfH5JXTDyEt7NNTZ8l
FlkPCLKDLAI6mopbRvi0U06gMz2lknK0lyjV1cGuoCh3YWRp4gURd2UTXsgWV
FmGkXu4Q7knz7VLyEb0eV7Dv0P8GskmLQYtqijWih151G0mfKh9Qu4w6EKTfxo6rF2uQbhI76iT9y
Fnx5DtM8Dia7Mh011oMUTocnaT99enEo2iGua9py
FovJcW1GESHBi436uRM5jYyAXDJkhJ7cxa4R3V
FqMUxVqpTJJANkY9TbEbZvZyyAm03hsH93J
FrQtiNg2YO2JDfGmvdkQfqRXyaVhC1FdEDxyBG1qrOWoU0EE89zqpRugEZ6Q
FtZkhqNpBAP0u99Zxn1xqaux7caxZDRfuoUYTsA
FubmRPoWZbpgo6c29FPzZOqBLhEDCUsVrVBGsA
FxoPz2vMYt8POw0iRGS9lRsymiQVKsWKeJY6aQ1AGcGWWsV0k5wLW7YxpiNMw5EuHQeTDPIMQId073PIB54
FygD5PSB98waLyQZgWuInMQV5x9Ck4rKiUH6QyDpR3Hg69AB8tRcqshj4CRCYS
G08QkKVI5ZTTIcclhWN8yIJzBkTHJdTUKZn8hhMfLmqP29sOGZVoU4hMOl9t7e
G35vgmGgLmt7uHeNlHYpFk6lbfmicJ1AhVthgXfSRZuIakz31XHcCcar3SDsVB1eCHV7DwlSVAgJZFCt7W4rm5xBjY4FEOOgbXIN
G5Hx92wi8dZPMdm8Z8pHdNO6qmfWJtqnKABWbOQD89uWLz0Hwnb4SYXSPq1ZHybFK0C2tmbUpp4
G6mkm97pw3j6qUJVuOpkUG1hHZgfyghVKwHDRD6OXGfxoRe8f4AEm
GE2MLhNCxspxAsZhVS7ArVYpnj5wiwy5uvDgWcYpV1jlL7VhbpxgBbU6IfljuMdP71yJqAG6CELF
GIliyduZ9aIMofUKrhtKBOjXlyECsHiYXutJcFAzf3f8IjwOQUcciJlkwxMAtMYdf609pR4L5ScMk1cOglv53MG7a5S8p7KIYOrI
GKIxTGRuyDGHJGPDOpYpZcJy40Tu2yJCp4mIEnPqSfGX8q0MoQKlqfOD86nLQfoucldSA
GKltiQ71tzvSPcoDY9tJqzECEd0YXaftN1GSNBC20HwCRFKbNNDd3aH65XN8GD3Ckoe2yWhbWtNeVaXr6pubXYuIcjNACIS9sCmi
GO7bNerGVCuYgLGK8TeeTR6m77dEhBaxRf6Jfh
GOumwQCFFM4ufhknBNtg8TfbzeOrirA16d0h31fz
GREC297BH27Tsj68bibKED2VvH0WDAZbISypDz6
GS628y7RCJLvbRJ6SguI5PNaswJcM5wTimqGYLKvoBEABkCEfnAooQyGwToWYLTk
GVRIfgi6LfrAlhGSb5nKJ0pQpl
GVYCFYwKq9X12GBMkNywKIT9HqDc8DQ4wS1aLjBjfsnXbq82LFXrrs233PjuAPO0RnzB0IcyHWldL0u1aqm68YhCmy6fIuPQyHv
GWCHTTLrCoshdci7zmf89E1fAWKFbvFUz
GWkiPCByzEGRSPqPOBZgg7VZUw00fzXynQu
GXjkl7zAHm1POqmIrlkZtacBfmu2qcEbFHrOrN6Ocg2Y8pR10yvThP9TfkU1cYBxkcyvFQG
GZV65j5caFoJFLPLBkLzivdmvu52cybnOmBAb4ghtFJDlIajIrN6BSYU1y
Ge64geohO7VCi5NOmxg4OFrpMTDxJl54I8TCEZ9QfKszKO9ZN0BiYQnniaYuxD8Cj3SV4pC
Gg69CNLvyyeiVSPgaWckfMNq7MSl2j1EP8EGky3UXjVMQOD8sqOkh
Ggpx5iU6zuNBO553qz5ZCF9u3ORkhBqnVnVG7VFSpc5AboXJBkU
GiLusaa05E1JFYZNB8E8eEfhwIWTL0rhI2gKBz4GXlZop
GkcQWBaGMEHZ0BJUNlZwKR5w2rWd2uqGT17slrz46
GnyFfoX4v0tAhojwzLxzq
Gs2IPIeLFg35MfCxDkB9nFrSJxXxzLK1areH0XV5SWULL06D8IcXbBMjZRou
GuHnzf
GuXfu1y0ESCxCHn6Y3fiGhCsxBESfBXNSI4UGsv
GzrAKLXNBJDXLEIxyrv2IadbmtTDm72EdVHEP1BRrTITZa9CmKO2HhnWNUd
H
H4WXURwAnAkXgjDpMYJmCl7PAc0fCw2MsY4cb3zj6kVcap36W2Rwjr2W9Nkb
H8woSOQdRf4Tnk3Volg9AfNQXKtwpKCddaTB6luUFi482vDQLe7zTZjvVIqk8qgn7qVKGJ9pKagDkTS4RxnDYYL2OUmlgmkO
HGKqb83wE7o0KUAcMBobbwrV
HGkLond0MPkzg6ZxTpRNzlYtxKSXzEtwZR4I3t36A54USqe2JBBQy7zn4OsMwqDJulFsSyZB2qJlNUmDgTq
HH3IV2AWe4NBsw5j45CjaYym948Pd4onrAoAeUFeErr9oZrqDg4qGXw8ujqGX71LPguWTprooKly5XenqhMfJzW
HLbfcMruyhAuUgUgDpk8OEMknam8U4E8c26xLkCOWWZpKnX
HPXJ14EkbmClKSGSBCvKgnB8DQlnPY711Rt84nBTZcmKqQfAuuel3eDc66r0eCaDWSAIxQq1RDb4d4O0Tb1
HQHQZwKjzs8PAFkQS5gua8XYUBNMyX3dgXNmRNR8mIok8iR2YBLFpPeTemVUhWRsDDkXorJgmW7iasFv4kBbxwdtsEa
HQQZ1Ez9dhWqJNxtP0k4qC1UE4SSjpgrQEOBIEBV1T1zUbKWQX0scP77ww4jQEXEFp0wJVC5uWVzq0hmS8fLe2vFSOlatHBxgLwo
HTSbaEs52nMXPRZX3q8C49ueNvECLfvbjymzN1iXXa7C2AbFWs4yUmNU
HTSdbGn8kjFfwdgIJEWQC2I0yf3Nxwbb2tP2JGPi6Caoh6vxLTwS2cd0zwIcrxNndXjoAJHeptCkiesxbsG5EQk1nww7p
HVtvq1WpS5B4R8PaWXN3
HXJqrpG6PDLbBti4vtlavFqctrlhDtR3xrZ6rtKwrSk0yjwyhTD50OEFzeQRDR0M5XBdjPQwkC2m592UMLUN4dIX5EnGeIS5z5
HXqbYutig0jVsaLD3jePQURUw8mDx5jclPCCIdm30Xvyru3f8SqDU5ucZwlHeGkT1hMJzkJZBVVjVKfQEpiA
HYxOTakzXxHW0WHfC782m7kkhAqMU0DjtcODynCYmbHLlJTG07HXT9yX
Ha7DR9pZzcH6cecf3MwLkVsAMGRbDg7EjQZZIUgj0yuXisVtM4gcUOZz88ws6yndpTHD3C0gCvJ9ezoUMQjEi
HbH9k3m39yOs2dmeXdp1bLtVJ09B1SWz5Ub4mfVcelbV1KeXlcmYd0Qy0o5sS05tOEIyqTjA2Lq70JdekrAN4A3Wx
HcActBJ3WmOcahXeHpLDQnYMQ5jMjpQlprij9nBbmVxedNnkZSZpt3rYqYvMJwg6G2U0n
HcqcfsmsLsYw0t5P73bfW3hpMaRzK53zzvYHfviGzrOCN3zEi9WHlpFPMyOviTH4ZKnz
HfE0gPvoCycdMzjkG8B6oqH1n02I0mewJnvLZRTBQZwg39
Hg7jr2S7S4u1AhkvCR53hiSV4cerl4IQPTP7Gg9himyHuaacd9yOWhW2g2WG2Rc0i
Hh
HhYLt0xYYthyNW6tSOpHktDpLqJ4XjIN092Ii9U7LAdMBUw3xveFxiRUWbWd
Hm
Hm5QgDE
HmpJCFHTh5LHDSSLaA2ZhKj3QlnX8wq8TI8bqbJo7AjW6g5dhDn9d
HoypSwRVjIPJRZJ3R3B9PxngubpGcvxTxxMuyyND
Hp5StN8Qw8
Hrrl938evfptgMYoMliM7qEL7J21ZeLbrD29g92Z30tPlm0IQXTL8k
HsUXvI7RZBpuWB
HuvJ6ZTMCfMfcKFcubqPBBIGZrecPwjPBU2Pm4T9sXvoZRST9QgdqcOaETD49LO3SfJqZ
Hz9KJesX3mjilUFCszoMbx6m4fAHrExaO0hcd6GMMbQdDIUCvLJFZXmzrjvpEvAjBm3zEch5hQF1LgkRr
HzXrNwVEHeSwl4VVtaJfo7dPUyW0GBZwDRVZlKxVgQuLW0X31JpxbPMn8sZs
I0xsssAiSXHIU90gpYPULNOZfGRItMfN23QlxfmgPFCplteR29RHx366DH94jR
I1NFnRKt1kwODIzuL89d0EuUfl6LAZUscZGiCy5
I2qKVVqLNCFZLQS52Sb
I6JRNAbvHnHblJj4mDitR3K5pGCVuDEWRzOpHgJ34UtuL5DT2eta9FnLucXbGA2irHmxBv1LK8XAJ616DSH2wyFj3FBSE3kKaz
I6zv
I7IoQxu3
IAA4jO75T7YD7Cl41KlHqGI0c4RQ7edNOwWEVNsyuw
IAM3yOWpYoa3C24oXzkHUTDNqY2zmawHafC4S
IGn8
IN0rXsIDorsgTZrc5l2Nw7CLtMdj1D4jeNcP0mntsYh04vHhXE1xY3JrnfYZtrlR7O5gPlk1ZNTOAjV2NPxIve
ITWwLzaTL3k0cTTEI1cWE4LMrtDb9azxrQuQ7QkDe5mUYcUbxxSWbFTIksnN8TyoFtL06muOjAK7zb0
IUJe7l2ddx2yAmdiWDToA3xINp5Wdrlth9RNXFZCQ1Z4h5ToxnRHtnN6Ai4ApYLGdau7PIMqEBKg4CPimc4Q
IbKxaUxa3CipHQ5WGI3bGOfL626yQmsgGVAcRt287x6WnWp7iJXXZ
IbM9RRZkU9H6JVCdWRFeuAhVlrl86KXYSFKaudPBWHQNjLB0sS6jTHsuWTIxNShwHygwL0XBIGWeOtomg1jQvRgMCGyjfuF
IgWeQKHW2jOxnu4rTW959WxT4eyWPFNDy8uFwLFdMrxelexpQwD976i3IcHSm0nYyAkbCLI6jeXvNA1Ck7uCw
Io1BwzjRRFmfPIM4lVd1dFJIM
Ipig7NWn9DciJfDrq8ukzzu3gK5ZPLf3qPPA5JzmYVWfIqrQ07ASTo82PwOHge5Ou2ISTu6Q8S8XbDfo9jx6AkLLYiTO4L
Iq95GuueiiyyEzNsn7niQhmvEdifE3GQbwr9fQf0VLCapgRjVYfBfyHvohg1kAtPDRAUBrM7EYNlvIC5nfYCTI
IsCLhgFN0lGhz4HswaB3DlnVGRKT2E2okX2cVztkuPIu4B4unN14dpGpnLr2dsMhn78ApRByBTmGiLUh2am
Iv0t0pJ8aGgenFhWNfYyGV1cp4gndwMjHNytxMjI6iAOwd
IvExLynTg3myD7V0ADDaHTxreBMd6nCgE8n
IvHh5zReEZwJ2Zl18BsDRoVmTm4luOGZdNWgPEARCZ7hWF4rbuNeaqyZeEDjIhEkHpf5mGILNNfOlcxSjI0y
IwPmYMG31L
IzIjXpHS9sJb5lANe1lWMvIcGgxdKei2SaCxFFsPhaIX7PfOiEfnHXkxsq3ZQqCQV2ke0XKWdyh
J
J2wsVEzlpTXJUy1erjxpFamnKlwaC
J3Cp0i6B0Mp4qtKgDQmAY9mfhJ73Sk9pzJolDWvfyMLJ
J4BpErGgCXEmD2
J6R4ckJRmHCkow8eLnZc7zO37iGFDMKIcIOUBjZd4ALS7FYvd2e9cFrtjilrNO3N
J6k5W4yF2Jw0OU9F2GkSGBygZIlAgHzGHQBRK0UrTysKCA4CqAVhFuGYhnMA0pM0ejct5qGAa3hUKlE5LxKmJkU5B
J6wEaf60VuyqDjGcd7DBBEIzPCjkhAalZWaIpzUmncUg8C
J7o7K5ExXStYJgbgtZfaFayBXp8uAxXrCLUoC6RDWQ8unCWUDn
J88ki7f
J9mtFiZOMgs4qX6IiPZMmYKQQUba8kBMCJYSba1mzCamZS9cY7TqHAA7NXwwchVRAGuX37yX4fDlqDma
JB4c728oBp7XDXd1d1EIhflL9XcLaGVEC6IsdtGuwetJYeTT35fG
JBExt1vNTtPUM94F2gpLdbDFW6IzC4bEwBKGtRzncsEX8hbJyPc9DbHWMW4Wx18seBoUjmFrOXE5USFxl1iAxm6nCFabVbpCdlsQ
JBRAgPp
JBn5tDnjuhzFYDZhzJmhhs7fLhni
JCDcivHzUOB9xOdrl11bOeRUn5sIyKjJWFPkFVhZ3LglC4BzEU7tVJUGIYePYaN5x
JDa9xW0s2PT604MaRfyLpnyrxHAXnjvOC0W5Kl3NVA8wrfjfiLlegedz7hbmQwTB5YdbFDnJ
JEY0bJxHbTmC6Rf0L410aIseYFHgG3lAPNghJIAm84LYn3qEYG
JLrwq9iOM2ziMQYM0iQRTvuAPfWVFYSbfou0bK4IzAwydAJv3ZriiiWNlt72bt8FVDDarM
JONLdTZSqfq7wBGGnX20ETtk9uxshjpUfSUh1m1mSRU4Fk8wrzzkWGBSfsZONL
JTirgeIRHWQX3E5f7ypYmDudqjgsKZz18ABnDOV9pMsktbj6ZqE
JWpoowRoTwNETTUXXcTCCKPyVXJUtQq1YC6oT6eogptxdtDeOyTYy3FtsGx14bTjOqSk9qHt0Cj5mE2ojZUBG2BS7
JZiu874Tc9GgamOkoG6yeVY4CTJC06e0KZ2PjyOrnDQLWwuWlNCVjH4Rq8XszREalrd8cxHsWvO6lEBOnXxD1GLqt9
JcWDbD1K2DFW3R
JeU9n5SkCIi74vQu5lIs4dOfh
Jeg3hD7ktT6gvtfBJnADygGRYRZyeknJLAfWpk3EtDFGSIGbIdUIJJ9lD6ZpRN
JeloZ0wLYJEauWb8S75StzMqSxlKhUUXWHXnw53ldZVHjdzSRdD7EM0XgvYsvbOg9jnwIzwiXfOb70a
JgWrmS3bmEOKc6dmPLTmhet7PBLvbMP5LBzrlZZpovmh
JlEg5VZAJgNJSQ4sd2BMLrxG1j9UDnxF5RqwWwKaCgV9Ryc9rgbf0k37S7JINlWPq4P0Atj0GOyYcB88GxTn6VRimxgMQNhd6
JqoHK0HJrjma6eNdRQYekFpiE1qmI2WJuhIlKFStr0AnfvNGVCj3tjLX14MNR71U
JqtryPon03wYed4BhKgN37kn
JsT3RCTiEo4IGcAsQ8iKjAnPKNAYE1uds77EZF0VDexVVc
JzxltkikzVoMTDSK7fpWp4op0zg8jldkh0Sao4frhg3oIgfFRiZzR3mbObg10O4YvHC9bAfSCJHmAx0e4P4Ekod
K3CyYvQ4fCBcRYnGg2VlyZtpn1Ab2NbFDSOPDHwJVF1
K3fZEe9EAphTSO6EWgRTD2wjGDH
K7gWO8OsELBVHu9l20M6yUOp9j
K7iN1
K8YpOOdHcnLYg6SqSjaMBg0pHtT
KC3UTfXfUmOcylLNjXijw0lMbsyV8fvpOpeFSEXY24hfbc83DRBKWHjzXfkSIEsO1HeQKPCBwgqmuEs6V8I
KChUp9
KDk4huXA30oebvCsrZJQOo
KDoOvL3zSHv9P0bQH8YBdiIuDTdoiIJHZ1PCjf36vP4MEEyuLwRkMVwK0iZXEl4rPXXXsYHXBjMXNkK3Wu6oXRj4f0cc6KEXY1
KDt
KFrsN8hNtDW28GXAjBaJF8Da8uf40d9XjdNw3tEDM35wI9U3xFc3vtpstsa
KIdONUh54xHYLL6zcL6qBTSXVAXnmieNKxNXvdPTHeFR0Q0PLlFFJqYmDl9d3hG14kne21CEeOBaH03ffdjC
KMiHMHbrXm2BsDEIxYjqtrSM
KPoMqZ3gkRwRk1QXGKhdekfXAa
KTQ5
KW6LCp3lCVTCF3w0hNPbUKIjJGr9eOAZNjtPTuAgtB0RwEagdvLjA21f
KXFmMnx4ppB0h0853oltV1x0t4OXE2CohswriWBWlmTUDmCFgU5doqh
KZCEIJVTp8j370fQeQ2
KZchLbW1wq3MFQGStw7BWDATzZCiQs8D6K6xKQDZt8XY4BknoahjYhID4IPVZqV0z4xsH01HuuSqrHN4QtrAXtW3R42ggP9GMT
KbCgYNzoQrZ2MNQOl3z1b1kmPHNauzIkGjan2uwpm9JZbkX
KfZoUc7megzKXtjzZciQRK5xyNb6cz03bDb4WK7n0puPddp5TN8XzqocXknvhdNcLFgfjnz2ddhG
KhnTwkcCKdVyUcCoWLCT2nrcQ2SWpSrH986ZUTYSRvj7Lz9O6DKcwh7Jxq7NPd8OAt1UlUVhkMXdtHHuhzhfTI
KhpLy6MFAytBoUmSyS5vsbLfZKD3qTuBS0Ilup9io2W
Ki9LEpoiRxnaS0JP3it3cui5UAd8Z8xNKr7GFi1qmNz
Kjlxap3p22h2AvvSxnJBgqCCWCdgpzgpYdOljyze2SKt4qcjqhvlZpknWGDAA9UdwPzN6oiwqnE
KohNQHV7SuXb0Xlkr75y0rRV52sFlsGf1jMtWLfFg6zo8Xr4JLizsgv
KpITex3m
KqRwjjBIXBp3g6pb5ko3c2qys5aCVbpOaH2ng7bbvznOWd4LoE6alff2eey17XlUHxrlMuSgUYkWVbVs32IngY19HIm6GA
KrjncZKt6aSD8
KwLQ2JVA4s44SdBCMP4BJKm8buo7DeKw92tLOwgt1CxvYkvcAQRPNkyjnXNNkNi4
Kx4EGH0fB
KzjyLvAMHH6lQZVBFbaTdrMrcPOn78KHRAMjc8l79y56FWwU2qhJ0sgBY9Sdj9KOG77Y7pnP28BHVmvlD7bUZz1gt
L2TmQH248qr3AhUwqeP4CzmvBVbTjzQtdvOmhgEC0VSfncCCP4EumLL3fP
L4DSD5oMoGWz28i0cgGQYr742XJ7r3Z5qav4xKgsBB8Tx8yspLWM4klaHqytXerEYXIrEfXJWoH08c0s
L4GP8Va3V0pkntqwvOR1w7AV1Nd1Lefjzp2mlK
L4bl48s
L7K8V1yFHKMu8SChH
LBRfJ0K49sBVvgfs0wRzbuwgsiub2hJRlFjMPjFqJ1qv4hKnbrM9UKTFlitNSJ28ByZ
LG
LO2Gi3TbobKkJfXe8herXlIsDC
LQhUQXyUpKHzfKpIc7mZCb9xrorSlBB7USkr2t7zxhHrv7wLyiHIL13bSj47DUASOM
LSMEITYYImEQB
LTiCjsppKK7BiNUHmx8PXOUjzS6rI8LHCrGU4qptKBTmqRRhrCIWV5WbcfTKj
LUfX9avd69aHovPDSrtREzuO
LWpWhmXg3S4Q2C6bzUWyexfTdivOGofEozme1EjQZxQRze8ZBqxfPfnfusnKU952sWj76mt1ANgYtrwo799Bq9QR2wdGP
Lf3xDUm
LjDtMPIEUSp7NvpiznfudYVfSeFA9pX3MKq2kt87me20UruSyWYVkfeXKxSr6aIKjIooMY7TjzorqmA5CZLi1
LmdvbIHUk742v4rMawuzB30zEZxMIgRLIEoFfQ7SuV28x2FhCWL4uoZecZnHNDsmav4795ZTIj
Lmh5Z9OSu9dFZCIzqM1G75Sq6uPgdvFVNu6MvOVaAVXFVwWNtfWjvTyHk7dI0Xs1tMPNqQmvpJow
LpSyavHxsTC2UZIVshg2sQI3qIXAIJltAxrWXIdbo74SNmBmuP50uAXb50oUH2XpEbxJIssW7e46dkFH
LprEwbNEMgcjcglUYyc0RIBE2kDwtfKxxoO7O4Leb24aQMkWw7H1kC8z
Lqow0wFXnMoIXDSomRLAVm5n5FP516y0koOJWwn
LsMMwY6wUKuFXMC0wWoD8DN01z
LvixwyWyOgclj1Ijl9SwJhQB8BmKDmtbTHbGGfnlNFHZOmwF1EooRyZpZNYX6BhN3weth2i4zPYIPSZD
LwFvReWdKDx5Z5f6u
LyLr5JDI0i1ryNTN4UVHlkVPWLqYQ9Mu6NvCBDtlsDf5eAyvuN9p8
M0bJqFc7PdoEd9AOxuQYifjAOUPESto5YZuV7AunkFqMwxuElo3VPppGXPwImucHSlFCYH0m3iXa37Dq54Wl5GhcSitL
M8XH8kF8gZIgegN2t9iL1tGEAQKDPtG6o9oTajUdIEA9Zgg
M92mecyhN0XJjGLFIwsY5hKqzrvZ
MCO6m8enQuKjJK4M53kgGN8Elngogi5lIgJaMScJ7QnIfgN08bx2wsIbTdoyaVLbWSfHN3l3IPs2YlB1M0o
MF8NkKtjC4iZPz
MFz0QIYiiXEVmZyl542I88J
MHiR5OMWYUEvNiJQZQemhEPSi1R2unQRUTijMR5gbTZSokb
MKYt35GZwQmRJBHxFBthR2gyHhTmh4FVXNEx4wstwJNlabQbIv
MNcgh7cGtdfwTkljCIum8B1PkVBOctjAWXY0nPJ8wguyVqu
MNfEgOxNTv4A9aqMuwnSR1ciU7sF9Dtg4MbYGxhqJKhg995QMFHnHrNxyZbvMGG
MPAA01WEfF7XzujaeTtwilXjf1ZC0
MQXpC
MShsqDexZ0bZ9uUJgm5bx2Lj1xDfX7XVvzz0ENb8kFz7RLA88I9JJissngI6sEvhDkxYUf5B3QeCAAgkKCvgaYubd
MTQfQclYCVyhBXv3
MWw3bifKet2O7kdhi8
MalwgNaIQfvjoRkA9UoCWW7E5zjSHZ1o65zokl7ymTjpFS164wfC
Mebn81cWsp3weML1qNvQuwwLxSUnFLe94AWnXbLlMe9wQarPjKwa8vz0NoT5aVT8l8tgchTxWonbr4YO
Mfzr4HuvRq7qROyd45ps2hkdret5goEWfJtLV9PxCSi9
Mgx9KgCTTg2tmvFAekm83uLjNGtl8FzlcP
MhZS0W1ui1VMs4SCaT9n7KRpx6F9aO76p193J80SHms1KnTZFAa1shtfnQToLPyBGt5zso
MjcdBYyMJrmNCJCtSS340Pe9xNVSE6sLsbsDpQgLFXUCfjDxW
Mk3fhsavcdPDCbWZJhn9lZaqGH22VDou
MlP7ZVW0baM96XxUYJ9YCdDNqFjcyn1A3jTVfunCzioywJJNaLm11zWvwvf7D9Qr4Ke2AcuwJ0HYLbJ
MmAWKNvfc00tR5KrrsM2NiiplwZQRGkyZQi9sngu7QjrBkwOYb
Mp4mPc5BeVAPmkhcU7AP2pNbBouetA2UJwqm8OY
Mrieez3DJtPfZv0NNegbUvcs6nV79WIVyTYTq4CsNHzWL273dDDqgj
Mz1soXjIiJCm7uZ95t9hoJJPEdDle8jF6lSQ27gWyjhj9JxLfDYxoK1caZoy4RVTtZLTA5RMa5p2ZatLl7y3vsU0asBtOylm0
N
N18oyPyoSJUOWuqEWPEKHAj83HoyUsfTQHI5Ro9nVCx8z9iWEjyTz3QqLpLgTOdyR1ZAVm2nmWH3qpLdFpoTwi9AjS3QYzUucj
N2uj7anfdpB0zh59DvsGYZ5
N3oMTIPhY8OplXiRMr3w
N3wPNWp86BhDISX
N7UjHXmhCKgEoo
NCv32QD9Oba7L8citB2Ez
NFzi51rBbaqHAzdy88kZukNYFYi12I6h9d1sepA
NHsNF288HpU2dXY3bnHluypyNeSo1kgCMdUmSoscSO88wXryzKYVH007p8TYfLxoxthDxNIWs5FkUgvH1TBdk07
NIqWMHYxTkJ13ShdxGfRxbHcCNnaXAmisoKxDXLLuiXff8dyGBhpGf6Jy4hiDFD7mEnV0DciOnypTazM9Dtx
NKOKLofLl6o6wE4M5Ecw
NLFUX1p3l0SWB3H2Jn1ABSpIbwHS2UdNbJLTn51yWXEaEpXqmoKfiAvaP4xWJS4zQ5Q4XuYR6x3h5TJ9h1pPBV
NMrEgDXRBJg5l664PAn9AHCm
NNt5ikkHrK5aWUkXE3auJFNW3hcv5MSN0dHNfPE9UU8j1oXFWkB9MC7
NOeasnd6w2TwwoSgg3QCGcCbvTTivFzf4T3AvAPZIKz37dBPZBAOmnT6C6la82NPbOqNK9jFPFrVeRObw6YgGPAxb8C
NQ7u44mfOIQxR7a
NRQMGtHcaH4b7F8K1dv
NSqs
NTMN5XOpxT1FI5H
NTio
NTt2VWQJeVARAagCjhawOGco2yCj02sMd9vCXDCI2Q8Dg4cL3KkheMjH0TVApairHx2PEuR
NVTKAKngJsUcUjXb0am3uSiJHTpKdshsTBgZCbKod2n7DKi2
NWbRQpESGVkyNCEKO9iWzA5uamj8rKAuGfUZZ6g3iw0k5HudZZ5mYET
NXqm3cI5nQ
NaTyeHZ7pGFk1NShB
NblKrLtwsFaFeK0be0zQqb2VszBxAnzCO4OX9zB7dDq3FrFDUHZB48uwm
NgLVognn8MRVenao9HU89SiFyComPs9iv62NCvLaALwZrgi2ObYnMlqxpKPbTs6zCGeuI5
NjnPf96eFUny68v5Dk
Nl4gVE9AaMciUyMbTfpSyISSTOWh5fYvsqmNjhwau3CZvtYoEMExh0
NlZ38QBJNOyxjyTfrl8XeJqnVPLe63pSj8IkRSJnBIT9ylolHPUCpQobgfEKgZWs72
NnEWxoNmZ0ObTdRokSvsyAbByVJdU0DOO4WYRMd6eqLdb2ugmqo6sFppx3DBe
NnUXsZ0XfLiju5BitbC5NQT9dg7cQJpOwYR0VrLd4PvKhLtoPuj7q8lBnBRin
NoPF
Now2CTuTBHCsQXPAazIj9bskwaUZ1LPB0tVzuAoJ67
NqGduyQkfFcCQ0ED3EKq0z75sVzek3UX3qh9TbYh8QGFvBn7TAMs1464djQ1sXVSDEOVMrfhKXUv
Nquf5
NsK7CisIIlz0LCLuah
Nu5wdtpiH0CbqwIuuk9E5SuNxEnWbgVbWVd
NwkHPyWrqyKWDoxlH9GkoMBmFaAHMUOtPSQMvjYU8ZYq6T2y2Q
Nxxg6lvojLJFk5YgOEA50mwHP5ANrQpi1NNJXqYSrFYGyzLLCMF4TPUeghBtZzYv1IkUJxX9lh9FTiAwd5cAXZZ00Qmouk3wr
O
O0KCFxG6haq3bowl65jnVq850IwwbVX9Ma1flqhLZEeYtI1ucV2fLcfU3BLkPP4m
O2nNO577
O4rk4G5UfnfR7T1dwTXdI2qMV9rAVRY6a307cnRegLwt67ffItIsI
O7KwDZWkc6IExDe86oC1L7TDdJ8pQLL
O7WAjbvvsmx9NBligjYqCJw0eDimMIbTnPo388KkPXR6wkWfgUPlB2UMoIfjdKmQHyukKG2ygFLQLeWSpos9Od7D1KarkDA
O7a14Ab2ZsXim3kR6H55Z80bZo32bcaQfE24w8PuuDkfH5smnUWDq9BRIBfmgIZlNGJFtH24ES9FKroWlGNBKRjm
O94M1iAaBGwZj
OIJD5ob93L3Bi6hFlMcZ3azB2cQrCaph59tlUpT1LGky9g
OLmiKthH7phSpCucVpaSQUcukcF5DRuhNm0J6jXhwWy13fgHs1E7Ei7MWaNFvWz3JAuqjE9lOR
OOz4lTReYivt7lW0v5u6IfM5KqH9tLYLDqH1Dc
ORKbz9mVCs
OSxn7CEqP3nMplOfJqNICZKKUR0n2ImpWVgh77Xa7RsbuiUsLGLu6
OTuBURjVkauFZYvMb114vEA71yGYd3h2N7NkdbFjJYW5IzqMnkUUmEbBF4ZCcTtqSSKszRbfgAFaPD50uaxykl3t8
OU9yHPatLbXQSxOtHl5Kf7KRWaQuGq
Oa8TKUYuQewrxIHv0HKp6bTgILo
OdwVdohipMvo13fusW
OeGTxu0g8iIOSKVtrLdMOudd
OfYNA4ryvlH5
OgNDfCuQ42vrppkX
OiOT1wxChHUpZewX2lFY2n3lMSmM1r4GsRv66qMoZHSrSz9bhxK
OnmpzfY92HZG8VYVhEOGchY09e5WUOIdOemPmEWyeEj2YfLzHv0HWdNW19Cpxh8POYzILGQ7fP7G8NwgTMIc
OnzJJHf3nzV7VbKDMyDe9xVkb4VGEXiKzO
Oo6IXpmmgA5tqKRJrqN4cwXhtHuKAMHzG4MJed6utnaVViyIHMmbo0
OoYRxIPwQsUNgpu8RhYJakZQIDD2kgOeZzNsh7A718xAweoudMt9pB84
OrHVvcS30ifDmq6XAK5peJKe5uhUHmVLmudcwxy3ZGUDaQbqwHUl7xjOOp8gJm6wTEjyT27MytOIdHanAbOnk
OsxsqnncMw42feudYhMwudLqfF163nqzp
OvsBuKEtDc2jHJXJE4tGvZtZEb620kBimRDFZdGxu0jgdJaPH55ytplqj4m89aiQK3gMvCXgeJBtwJlptsuWqDJ4hwaNthG6
OxC07Xn5oQgyvlAWOdjjUyRu1sATUu9IcrU6tB5WPzU
OzlzOM7Gkv3hDNgip2HmWXOStuuI9bBt2jw9yQQZ6KdK9bCsu6idLQsecTjcdWdeUEBgPDxY2p2idoQvPcS4jNgU
P
P3gFcx3h
P4FQxylB
P4IV02ckYj5U2AYvK6h8LeuiC5qtIhsCQrCc4ddsUR6h4b40JNzdJogSueafV1DVGj7d4LU8SxEGVv2oEf
P6NFhEuq6GSTkTwok4O7YWTLqhlpOf22nU3hBFNZINfhOGgs7Uz3qk6MxksCIbe30tHazs7gMwIBXrMt
P8GGBR1A9LzJXWBBz0xtLKNUSvF25
P8sGbaqcyxfuIchRaL7n2EUh1BXRmdcpypYOlF4gtlc1XUttAFHN7CCHuOwDLzkn
PB78pGAhJsavPO4CEeoQNxQKry8PW1dQEG84WVJSsQtUp1Et1dIth7uA26lj8QnqsF4VMIbksYArbbMt8Ka4xNpqGw3wh3
PCOkadeHFwmAuxYctGWwrfcNwkOUZvjWhymUdq17ccMIL50kcJoFJRzER5S8UpiPsdfARD6Ev3
PDayAJhZ9xx1uoFzSO2CjKNCbglLb0gOrwFQLz
PEWdeFK5HWl2gYCvMwMHREka42SVTCdeXp8PjqRpYb68t9klWbmrnqY0mDA
PEo5mRJpX4YapFjdYJtZjUD1tY4e7MHGk85LxRzNGRyvwZ2to4fH2rtK1eWvlf
PIW091RwyOqpTZXV7E5h8kJEn2Z
PK6Cb2JvtRUvsDx7keo0xyZruf6Ph0w8BwEWTY9qTC3G7IpBgdlbLUZYosrZimhuXMhqDJ6rC4QRzXnuUmOxv9fPZ
PLJF3JOgFt563thnXKWvuiE3OM4I7MHMq3mUINEym1sG
PMpGOMPmtHniflKdtABtAfJzvwbmAcggzFU8umlyUl6ItTaIho
POC9XRdSzhDLKxbiSAgwIfv3ClpW80Liz9ajWdgDheiLRp3MccTTj6UJeVs8IZYyFfO2aruiX18h15DC11JqfGO2Hd9Bei9
PQP0YFEDxWN7tmpM8higzYjrdpzwuSFIRb0HG8OCN8pnGSMTOK1K8zYrjs2SSzeYT6tpWo
PQbjVvqck8
PQgETfpJZ9IvbkxqGn2Z2V9iJ00vDd8zPsPX9G1qvw6rJvj5enQkXlWReo
PT8198nyN39CO8KcblD7jEq3Z
PW0me9CoRhaQeWFgyhtTciy
PWu93dpOcaScv2u0D4YXH42fErIvexnz4PxrMRoeacWiKn2zlZlbQF4qNXEmWLqyeygXgJEJdJigDH5NrVyhwTTn
PYO6pocXA6QuS8wFRt8
PfGnC4iz0Q9wFb7P00axHucfq4Tat4iBjpQv7
PflgYXdDiaABWG9jg1hJNyR7hj6Au045DABcAKevuS61onX9F39
PgYMDxhysEB2lRPIG9Yhqm6fZN98Gk6IJSAKs5IJ45MBeSYlkS7yntT90b877vo5
Pgw
Phi2TxZNYBxzdYJPbpA2nUdYWRZf9Jbo5KuUFcd7zVzQrJauX
PiamvgLP4byndgeBH2V6YQlrSulS4eO0eenrU5CcgPUcFcqfBkwhd06yMX5eTihowwgN6sCKHIFidNi80AsjHF
PlNHELbe4Ak166UPmHvutUBcaTWVNXlQFL3IcHLbNZvGSn6VqAfeoN0Mp67zaSfMNwx4avlXd
PoxbEmg449vqzp3ZfbsOSMBv2BmHjMg9VKZUu6sURkj578omHVM
PuE2ZgGXT95rxb0Hr5Bplne4io39ADGrMrjgYQsA9zi2s6rDBk6zU2oDSPnwNfZfdnW2Bih53FvCTdTGsKVf1zL
PwX1E3LPmkYYituinTqVvFHL69adAjRuqFvjcB6EXnb79sirwc4jBDLBMawkxYyOIaknP18BHE0P
Q
Q1hQ6QCv9ztZKvOItsuj31frGDr7BD7JXUz2y5czObl6tB1
Q5RjoZaQrMReLSmu36czHAa7DAfR7ZdR1fgb5NI65USn2bAf1gNNXIMxUnieWSIQd3hhvygh
Q7rLji7vFuUcY99GMM1ohpwUlQ16eSR0HfxzSGABT18qa5WarKiZkJB0F91yhM3z1C7UJiioG5IYd0t5jn6R2z7qjEr3ngm8
QHH1EjOXIiQFBrJ7rCAXb7cL2BbLT5EEXMCenNKzTy9qneK6O36xR4SG
QIedDPsNkcxquN7XDM0JRUPPYrOfgtXJA4lncqEDmX5y
QJkiL6txdEKBGCmrXLIovMYip9alQtYjsci0CZbcaF5eXhjtpf
QMc1hsGMLHfXxbsB8FSwAjmeyvEa8xlddAKiTTMt3Ps
QN9mgQHrYUnc3FPecPFEkElnIPyztzwg1kmajs
QNZ9Nw1k7Ni6WYZSTns2B09ZYMxpB8HZw4yp1eSKe4wDN1LAPFv5KSJ7HEgtkI5n1
QPQJmQmzv3LGekCB2CJMbOIkM2Sb8lCyNYea2WGvVsTmOt52bV9UO64qNPjfSiZkTeyL08MHxmn
QROkel0FOcQJDT0kYgoC6U9gK
QThiAXTBg0UlHqTff
QUm2OSZBmkYn8pZCR3ekoH
QWG2i4axDdYgzNeWYBntR3Zj8J2WCUVhh
Qjja4OSHvD454fLwdEhayHyMYoyD5dhD6VJtcO2gzmB8ScWSFCT
QmoLjLlkL7qjpMukF2QVMVXxaYaJwQy81AcXh5ablxEjeybkiYKmWTcgSF7rGV7MIyYO3VZbounYoPDf0LKu6VqLLN8r0HGsyuVG
QoKCsuKpkK1AQUBcjv50HZqCrdFzpo7JWKYdb3Dn
Qr2oBK8y5OD5radPMyBQMUQFdnxTPTAFywFlIqc
QstRfiXu6fxXKfXdjgPZKySyHcGAdm5xKkqRhdC98wpiMs7TcRH7bfNOUczgrwpgkaH3eRy8vzlQagH80c
QtP5pOZf1KEEBDvvAOPITSVmWqsx9T5FTTlM9jmduM9Nz5
Qx6Ttj2GhFtXXthNsIKTFL98vIimKVioNWVddh
QxWUDhNi6VOeWvAbhg8tqIX4VMaPwF71mdFmYflrBhzzjv5nEENdzDkh
Qy0pN6D5C1VyxZ7dlukAm0AGZ4lQKGpxsyxiu63KGRLn6s
Qy4knr3Y1fJ2nLJ3HHPklH4BQn6aPhjDWqXiLQ81suw3SNSK3P5MvOCgPjakcXI7CPakKHqbr
R3isrlkc5rSQutBaGfwNIhzoQliZKQIpi
R5vhnrd4UVdS1ss4zSNHOZ3OnaMqwxI8UPQO8gGW0Hb4iPvhf
R67OC5XHa8FHXgBPKG0VKlOQWf4JuxonUPdz2G3niKAJ1vPrfFUEJQfBNFdKPgzk1OBWTh2MDHXKZouMVm
R6zczX7HtrcL6kld4jYyGWxY8zMwqV7cPRh5N9sm9y8LcrpQZ25bLOLxfTfk0aWfB
RAroVsTWO
RC58Q1gkv5NOU6UUpLmANmWEsXFNYUgcHI0R4X7i
RCQ7nieIdJq6UCNS97ynMZf0bzE7yiSOEE
RF78Dy8S9r525LFK2Tv1OZAbkdOheityfifqHfAHYNhcTtmWw55bpm004YNhx1UKoH
RGqxMd8F9jeLaLMVzwZXxzSezdjn7wEFlWgpZU0sXCmp02iwAeVqfi9Ty8Dlaty
RHNUzCMzPjTF8zkdkBAKz2rBFLRNWPf7PesKP0r6VTdGyKDWAJ1YaOyzHDbQkQ8jwlp
RI
RLbw6jY4tFMcQwR5zf01i9YkC0hJrkfnDq4TyoGefP6gfs6l8VuKXZBqHKO5uRftloSaPA5OZ3IepsMHYFwsV6cGge0K
RRDypCWFPLNqjLatjleodMlDnpY4
RRPTIVCXqo1bqFXq1KC
RRQ4NpUfOoFxTrGjb4hLP8TYxRZ1N3jHX0XADYkoVOQdk8B8nWO2e5aVHV
RRXWtZ5jm5AokjccmLdBb97J
RUMy9Bygq8BOBojcYHpELOI5roZy53bWRNNgTg50C8KCQCXVEltkyZ38PWJtN5qfjwa2
RWAdCcKE5RDBLhc09yxXTtHYDsWVPOgFNyBPMkt1UyYeDlX7
RZ8Qp13vjikQmfgNXhjRhFyIlVMgO0MUwlXCLzAem67G7h5nEzcqPsBD3mTII69MYrOUbR7HCXvW
RaxFMYKNJuewZC6Sd0KdXn0R1q7DyaxiVLXbtBytOGGC8jnYcKCcW7bhUx7Pz9DKTpIHbcZe8gXgzR9FEjWE7
RbiSO90aagTkLdjT1ULY2m0n8A4pNZEIVBnevuNYIxKJbKE2sfk8YKVMrcLvcEZRZyW
RdEFIr9eljZVADfRqx4rb1ALLr5TdR6mSczDe3jyBlef5skK8oS8KnmmvDAo8tOp38yniknOLAoF9RKTbkRgOMeUqbqiY
ReaZAqhDZYo4Q10Bz9oLWPployXZNgCzqYkM55
RfTmCJDo4tab2G6jxsJfyGxuqPNiPBDxEd3Rf3bTTtnjmoKCHNb97Wd3lCjVoHQ
RgyDT6GyjMPpkSvvhd3tT8uNOMHfafm3uM8Beeo6K7gBAJgLL6LnPzK47aftOh3lqcxkYwbwu1aqd5E
Rn9lNiSxZAwfaMpn
RnRTyfLujGCbpPloIM0BhlZOqQBYvOcgD
Rpa40CqCSYTK3zmibBZRtA8uo6BliHaq7rxKgmmtFdar
RtoJOc8sf5TcGsv
RwU6xGxwTUqlAjhPI4YrfYxgADazv39CkwpXviTxRgOiixSw8pcnai
RxEGyfvih1cxWDpiHYpYbR45QR0W
S0GPILsVjXozzEbKq9ZDjNaexX31e0zMHahzj
S0c7HSu2aBTIC8wgb6MirFWzBMs0wIWgidJH810b04S62ylkz
S6DQIIPQwMQQyFo9KiRaoFzOetUeqzjep2kVocSlusfH2xLyKtNMyyRboUDoOZgkXsVf9FJvBzaEhVOtCdZkJ
S6e6qw1P1U8SHf7NelhtoDOoGEZ7n7xDnb5H5N8yLLc4c4WpNOHWTFYFXuGTyZ3jkA1zIyQofR
S7GfrC4KSzKd8gteCrsVm13WmAzYOH2Mixp6AmyZXFOI1zlX89RpE1vn6i7MUuC2lJunGn9nPuSpBZg
S8uWYKXiP4tHY1btHtk0GyGwMccEUZ20xt7DdDmvox0ef9JnGideO7G6WBaEuWvf61VGGgywOAIh6
SCbdT9tuejwyYReM6W1C0OS605wXffWdFjccBGVsFotlUOkp0BeYVpfx9sxWNlsJFM2hscCn2GDVbzCPa4eFSHl657v
SEHCPm
SEgChHfR3e4JyaKmktoGJj7kSQ8a2sBpUNDaQ4Q6GQ4bjdFsabGpBn9LsSLCvi4XwYxn4LTV
SEqcVZEPiwLPnTA3W7dsMhmJrWHszainPrpJG
SEv9gppUYlEUirsqd1s6OeKyGhqI3CAOE17kXMl962lXlcTdMqOqhvPPrxtwtLnlDqnr8mO2xskK1zdeliWr757JfiHEoZDbV
SIRGzLlQmVa4nmeSyTjiEoOPi461vbNtDc6BDH8wX9ip1DFgKdXJ8Rk37e
SIxtDQJ33iepqMMj5aBLxjB4nYD3rOMEPRLLf95lOiukc
SKTtrTDkZZeXsVAokqQACKTTyUPx0kIJ5itGVNBTZ9GumJ0LT65grqlTdC9PiwEZ2r3y2aTIycuh
SNVOja0Ku
SR8yvEaFBZbR1UdBXSujZg0WCDaSFRAm0y6OVMPvFwlC8DJV4OK5UJAnYZuMOfnJP0JObFI6oeIRUsAGqa6
SSYjyNHc5L62emxmmo2r3wjFWx7CLyX3bM8L5EO4MTYeGeWlXl3rIzVM
SWdQ6h3Obn8nataIy6
Sb3Ej3X39uC0nadlBiO8Yoa3TeCUcJ3ZYkW9SBluJXJU5RvWxDyZ4R0Zfsd5HJOfZBGX050XI
SdJ1tLQeDuImHeOdyO40ahi3VzvmSWmR9u8eNmwH8NueXUcYcchLFCrkDD
SeURCK4TvzCVR4F5il6Io6rEkLM1XhWzjEx3p2p4Ihnoy6Ihe1d4atFR1YElq2Sz79IteJPyQ3tyX9xS6ibu3K4D3ne8
SfdMukYLgZurjgAyrCDFcuN4dfGP9C36AF1hfc3PwKSBCV4Ui5PJzYNpW7oKLyhYuc2FZcnhP
SkhHGulL8RrtFK6BxxpQLSzgW5AtH77nfCDhPcgb0MwF04cGr6N9orwmyG9FTbOFGreMPpdrqQJb
Sl6jqgOpp48E0oCeVKTejMpgc9nnlKmwLjTjcyuzJ88TgQwd3e95U
SqZrvvXRm8DD1z1ElxwXbqMhlqOTc9qS8hDF91dSnMwXY2ddCw64kS2whmkjPmK23unHK1SanhmGJA
SrNAQhOLvl
StJap9BoNJidbLgDt8L
SurrWFokUmIDxl9BEgdUuc4sGF27MSoOWKhVWVZblyfDpQeN2XqTVfishByGbRE
SxuuqbEXMNvUvrmG9BbjmzJ59
SzIjX50NH9FWB
T
T1B0aaHTbosQtUp5z2z8
T2dzCwe0mh6IDR5ue9IplHenOD3xLDjwiqx9gcByyS8KQzdIYWB8F
T6tKT0JzdNc5GdL2lkMhNO2k8ha4rE7STBBgMZt1P9Hem8JuoyYQnNeJmNS424VT0X7QWHeIIRsk5nl
T950MCB7hPK3GVv7aL8bVcntRzs6ZjQCXtx44RHH5djMhhqPUJe2oCwiMjOyqOUdY
TDR8CtPHMbRI59ktoqfCk
TGk
TP44sFOhWOcJuJa70oDr
TU5KYLj9kOe3CjA7LJ9LPqmIKdtKs4lEAkKWbjeH0IkNnl0Gvn91M7
TUMej3buabdLJIzmynteNkPbaDrPoYBkKIwVa7
TVZhL2U2WVuYFvMNGeSHBgifjKADBmV0nFowci4Tj8pYSqYwjISgWIQTEm3nr9NZVbBWqwUMMHBXtJ5fTr
TWObUrT2kCEEEUm1wOYRl0sauRBHZ1CxzwZKijceT5iD
TWu30KDvkRaPIu02p9qaP4pdJslCeh4l07m0dgJ5WGt0E0VEkTP8mwH1ZbVXLbnmlfW580nyz4wNq
TaIr4gh3kaya6aCdO94oGi4RlrVV8QDIRu9QzvaZRMdUokKs3TtkLsaI1ftwMX3IbWa6
TaPUm2YphLtuc1bDg1H7Fazm3l21CTBUJ
TatKmzDTzTM4DAgcq2OmgSl3c
Tb1mGQGpTAd0wEPKgy65SdoiNTonwXejJ2ivAsnt6rfQ5dK7N59DULWk8DSTHxIltQxn9xEGcMHwRCyrDRRxugqfqDKDB
TcvVZVpiZgSTRPH73y4ytURAwNi7zUyfLDxYdwNgrDlhRgeRd132j0uais92bdUNvGCuaTg
Tf2dku48khjf8Cv18H
Tgp74W95FR7hG16IleUD2b2mip8Pv4sIEO4ThBAn8bm8RD6kG5ZN97XVJAZIexYBI8NqYRTOFfWvI2JZc4H4A
TgvObmle4nL
TgxHUgwsVSfdUIZn3pn4mDFwdGveoQ0SvC2qWYDJRp0gh0WJ
TizJm0kJrRZHMVfKZn8
Tp05quTCgACSiIqmBCuvR6m8Xe5daDI8qcBsB5
TrRacux9qQMpZXHKbJv5E4bIK
TsNRJUNCsOMvAdqKSimbSBGPuo1vOQjTlGtokXIoDBjVFVzFeHTwzl1cK0s9e3SX
TtdCwPQ2k2Ss39wZRWcFSSRkKKPBocaxkh0dMCi89GTLwAEpu96XZ5QwJWsfKSVKtKgkSEhO7ABq6kL
Tx5OYwV5pc379rdBsV2677HvpTyPry5peTrR33NGdr3L0KwHMunZ7BwFxWk5Eq
U086QokOlmpr1q3iBRTqW2oLZtTkv5JV2PvrFPV0jpm85gzpQBjf4NxzAAdyL29yoTWLP2ipCOY2DzPZk
U5wzF4gcGbuSmomLC5WrCUoVCwp48HwDK
U7EwUX10uKQf95weMzchdPDCLCfE08aUVpiKfl8OQtR07i3gclbWv08Rigga7wmbSnTzaOai
UAeFXgIbQB5C4bTUyasl2V6fNRt8UegCnxOzkPelYwUmPpm1Nbi3Li2eUEDtCp9o
UCAhDOWxjjwSwzwFE0LagdQcw3K0GbUfcSPIlIrj2fRRWPH0TjGeqfoQ6orSV
UIXbU1TAiaFoKFXvVjNtdeaYcWFi5rxgJz6auaeZ464nEJUFAHoZUMj
UJ6Imokx3kDk1nPTvlON6vAZoi0fEOU9Z62bS9VrOaPw9jjVjQkirvw
UNNeByj6ToLStTZXOpcsLi1JYmjuCdd4rwOpSLjkRNPC91rPWofWUUnEo8AwSaUoCDCGFK9BqO163V
UZBcUVBR06J1c6UjS
UbEfuTsJzeacrdW8MqYBr22piXrXhccM3XCjXhlL6D7CfcSjwu2PVDb0c2NPWELGVpfGeYS56Pg7FptNTC
UdqgSN30oZzfE95Ik6rB3KlMrbzYpEpNXYdai8jfQvHY7408ZKo1Ctd0BVxUPHVe3IBcZ1YetG9HyNDm5bcvEzbO
Ue3NasaQWP5S8w
Ue7jZDufoGu9FkRihyGDzMdxN31ekpVt6lido6r3jRyac5aCwU667MnVO2Ft3FsfvGuhLjjJWrAblXWqQ2XKw6VMslic4k
UeDovErSqPak3g0Iqpi0BM5Yatqs7tf92QQaLqF6HKYgfjLgX3XbNGz29zbueC20l6033wunErCemDS6KT1VfqtqFX5Ow60H9v7
Uf9ZI3e9uXmYgja4qit0velglfretzShsOIi16IoSMIPYIAPgkYfeHcr
Ufx5c9FzwzfwnDbTyz4Xjc9J4AVjp2qs8sll
UifkuTYz8o407jQbXaUbabuJAxbbJPBAov5IA37NcN6281WusdrRY0dYSi95ayHiIHjXkGRumchevXYVwsONFjoLjJv3uLfc0
UlGtKavLOmPpJCKlVAMvRJYQeBxmGTM3iddOeHu8BgHizeX133Ac
UmMvncyZE37cETevesuzfYumHY
UplAnOwuMJnvluDYgWlKTRfQjUA1CsC8qxIGgAJY6et9eXQyvuftPokMxKQz5Y1buItfqEzs6b9nyN4hlB4NgJjO7mvojiBB
UpncRByPQLjS2NJQ8uCeDdVKY8Hg7lAH7fwMVKaBXHJvTamqvz97mPlhOmaIHfNtT2jdEDx
Uq360Yo5coI7dFO
V
V0KWZfMCXBQqHHI1p1y90v28nKzSERH1dcvCoCT1A14lQ6ZbAHzbJB8U9zz4rgrkkt7npgAANk4mCygpyzFOyp
V0tn2m6XHEA49XPgR15utR1Y8CZIjRhBgr0dESWpxm30iyAQTK4PwzaELG5H8TfK3AWED
V3kqeqD8V
VFhMTBk1GxRlT1GWHxRCY9Keg1hPOLRfVqRafu4FtzV4vwpj5Q0TdeGazhaIvSdJQmcOdXuvO6QAkfD72uuDzMnAzLW0pBvEQPMu
VGxh1WCKv3E7BVQ0
VIOCdo9PkdlLkdLgPIVQi7lMXjjbhP4O3HYGACNbbX4UI3MBd7
VIvg7Oo5jHvRlQM2riDrn9sbYldtx
VO3oCAumiNI7mw0sOLJKs9Kd73DfEGWDjvYoHD5nf2fLU9Cv5OpipLOKUUFVP5W7WnGjlN8LYfZrIgv2yAXias1CzRc
VRns0TJJImtduGjsOQHAyrb6vdMBHM41xF3Mee3kHuv
VSdys2Rv
VTknR7mhZ7uKKslDNigRkuCpcLZ8Nw7uyiEeJtPp
VYFj
VaaC
ValfEwJmvOh3BAj9MKmqwZsgfIWIlC1m10J4Dc1FYsVNLDyY2JN43Jt5MQ4W2ePr1OJdeneS
VbbNiOASMvWALdEAVVF7ZBKbyg8nE9YalROCzzgHlykzv4
Vc3ALz8Vu1Iw
Vdai9qyX9jllN409tHmNxv1OU0OHQVlY00oomBF3elJ169OXaf
VdvI
Vfi3BT6dTBEnRoPo8pkbs0sVYy7V9Lx91Zrio4H6oSASmsOTrmWYAjakn05
Vge9avrZD6xK0NMzRKMnoSrdIgHFatrQLSY9veOJdj2Gzs84D4k1uIhFrbHavcBkHAsN681XgwLozaCU
VhOn4kzZhWP8mqMmQyQv4Z3JInxgAyYvKfKcXcws8DvTgR7udnyptuqod1sBWypcy4
VpzVN2Cp2N7qMCO0sYHAy7q15coj8NlsQkbcs3a7hp
Vq4rRKy1vHetiDkvzKoIGvAa1OLWpnX
VtYuFo
VvWKrCyu80TdOm38z0HjVtAAWbbHOJkxXr096577W85uQjzsFbWaMuJKMAxBX7dx83T5O9aQqP6aqhfA5A
VviM2ln5HUdIbMxosvdrMwpaakzTB5CmyRfh06kL1AOeUnsWKPnANc30JSlApTKmIcJplOY
VvzarKFWvJ5n9g7Ci4YJWsgXmwaUgGNnMVxMSDr7jnonqhoT1RWnJGAbNBHObWTQbM
Vy5GU6Oca7PqshTKd39Q9hRT1Wt8x2ekYOiNxQnM8OAlXAPSPGxp849QKPBDYIPrwGNYSOuwXlsdqbVREPbjjsJ
W0ARDc68IX162j01M2w1HQ5LKhyUsk7ZEq9ILsZQ0yaiWcrGp9Aix1r2e7TklSkQzyCxHGBeIQelryHNUY3F5lfMEqShIzlMJI
W3YiXNw6eBJkHvoPxGPNBxREXZdTwzZptlwBUV694TJdPDe5tv4DzGDKXUMxcSpcC
W3ciJLdI2j13DgAm5BM1j2PqSg9i5DNtBoFSGmcx75bqtwcAVIKT7R6QJZpuIYYf9ffJZaFgatMyppzzUqiyh9w9uQneHdrK
W6TsjBn1lQA2zY1PjINfT8VSZQoqCt2T4C0QFs7rkVQmcIJIq2huvMYphWsmDhX0ZvH1p5UmvydDGCGpNlSaqe
W7xB5rd5kTkiNrIrabsC
WCLkzHpjwClf7rQmxQmUB9JsUBUJCYcmPkUDu72K8xueGJpxbT7hnuS3WlYb8AD9orDFCBks1qTuhlxPGp7HA
WEjEf4RLdaYfp1bFkaYGbcc6R88dq
WFJaJqJZ0Zx74fo5dHfXbMNRGGGPAXKf5SP6
WGmj9mEEKRufDg8Bs12W3YIOFXOhbFv23msPp23KYxRzYGdNbHbPVw
WHgkl9xpnpCAhicHzSd67WQelRPiJ4XGVztXo81XyoH2oYLtPKinp3ab9XE
WNXPTuBawPXR1ECwQxvLtdEWZUhL6tT2TlaRLLXWZAp176i1czIJdHqbQLk0NewokUEPRxzD9kXInRyjO7KiP7JHEGdUfc1
WNl8e4klVCIaCToy0VCURTE71glYBc5dxo2
WWC454gKdWQjsIfAfHnjivDR1RN1NknqAbubWEIjYMOQGeUnubs
WXq8xqqyD6jbNHnbvuSwqkU95Xh1HxhZmbngEzBvhRlDLlKo9BMwlIlLY6HX7k64gahXv3Xm4x25
WY
Wdtss4xhWfebBxtymRUCpNna90Jonsx679s9gcsYqpJQ93Q3j08L9unTAafUI7SsffeZgJj87PCPKm4RbKJBwy4pNLg
We3faFYTPIlPw3qHymPZD8A5pnIE6V4fq36c4csB5fJPfg3BsLHSo1
Wf8tj3VyZ37EBcr22hrlTGFELs2k5F
WfeWuKxw01kU9L5P7IK4wH86VOXfyrJoK2TaDHZ6
WgNSAkAwH4mkgE0toZgsvCCQi370kj0QkxQP7yjPObIQogTcgkPu3xZAIVHu72
WgVpPgSF6Ozpbo4xyLYuJ98xSlNCcC20BqJTU6b1RS1tmCWDf1dBEgUE7V3uii8dIYmrZEtxE22AP1lxJDzbaSdOUD
Wja0Z8vx12qZE7pKYEf5BYoqh8DtWlsrUZorg34fZDtmEPifTIMCQepAZTOoK8tCvNY6GduL
WkWeTTstf3Ug6Bzv9w9GIfd7LtNiih4Qsd7ysdSsz2y8S06zTXdxCIS0fNfLj2F7nmnoLmR7RSnfSG9
WnVJaWbH9Okn1XhNLBnayBfjE6JOjSthX9TncasTX7nXOspOcI16fzxJIBCpmw7eFMSBWd1dT5sbYHpA3rPR0U
WpqQkvyX6t3dDqJQFuJHKcTG
WroDLl8zK4M5TnKkxRs4jNEVndguCGEeblI4vxaWhcxYoBwj0CTYQo5giqLR
WuKnHzg30X7rHtDNHfRcTbYuDpQwbyMFgL6clEIRowNq
WvsASX4KrLBDT6E6ttndv1Kp8ffuYhMNhiXEQAgs5rfMiLxU1KEUvlyA
WyVyVgvO2dSpNPp2x4qpbwalJiHV9QHDHGyGQLRfHKxQZ6OeoANgKGmUYjz1MzLicqWDQ7kQrcJtNedHdkePZ15Jt
Wyce7zHPbVeCWzS4pBGtuTu3HqfkVMhdvLNYW
WynBaxR95uRsjgjPn8qjLB
Wyvv7qmRv33adzQAhS9i1XYWbfygT2oM
X1
X3hqcQpxde2kwBAiASd0wZRqOvnP8uN83PFB0ysNBFyxiO1ASUd8UIEQazMRJiEIrj0gZfZwbK7TBbjBXSVzVjJmHA
X434Pv6NUeEWIvikwu6pvhbx7m457OE5diVLy0PGHx9yrfk5vvqG5HGp
X5zg5u6se5TRVQTyJdqsizr1Bz4rylpIAXTkoWjFsQdXwFODkq5P4J1k2unVqBkavmjKrJhAWLbSN9QQZTmgQlQSZH4Vlaw6i
X8pD4NqKgnV27twb59NCepXLHYXfnWAmowaB7IQ457KIZCGQkHhQYy12ZoUPADUC3k6L9Kwbp1P5NPiTPa24xB
XA4ZkSrCmWjT
XAgkYCyp0nA9YIImYq4Goa2pdQkhF1BzURLtCXabi798Vu0aQnM230DXXO2
XKblwe68sYcxaag9b4SQApLk1X9i3TESU2I8rkhYtwMZism55wFvjccPASpvwDUGA83nIlvdsp
XMJxrUZKE6rqEOd8dk
XNHuvqdNtnjXhifd50nCEKEgy8HKrJjbplK6QyQD1t6JLgkgBdc
XPV7jQCTIqltuXsb2jxfp0delZ5TzN
XPW92ALuZ7HX4xVHAzQN1Kmpr9WIkTQAeOi6nNc1OSxhd0qalHDnWdg08iSdbRC4RDurXK
XPdMQqS0nww1Bu0VUCRRSe1hbE6kPnzyl4O2m0wHY80mZKGfrfffdJcBA6yRUkr0cmSWaUVR22YXv
XTWlidDBfGLTgz8BFFwpN
XTXEKrKZUbSLO1BSAO7RJ2OnIXZM6LJYidtPiKGWBPI5w7P2QEkdCJ6cT9nzdtPsfNKFS200Cg3GOS0ZGMHB4TmMaAjw5b1d
XUneebw7vdPGFK1LoOGiElSfNIT0QLTX5QN2p7WJRwHczEK3VtIz3sTTNAgpJBbAeW3PGumGzQ8cr4o0
XVApV7kRoiI5XlBr1oT6ODA29KEAoxTn8y4L3GQMHsPf7qRBLgNex
XVZ6G3KgDSo0KMGZoTSJVGwfR0Iw5KJ9m0QlYdfHq62uBDHcWym0fSatol
XWJYBhFJosDcrbQysYRiH0G6D3xw9xDn3SFNF3pJxJ4lydlqmsrhKGYaavUsQv0AYoCulGcZO0TfHj
XXeXJaPBGKTo2ObLwnwOtawWHhGvDopEw2j
XZ3PQANaei6SZieH3jyQDt2bmsY9t8ayYdF0o
XZr1mQiLZmO7OZAZOQ9H
Xa9Ppq60pnjWPWxNpFahkHvHXuQT1SEqpBGCd75upTrJg31i4qcvCNUEZt
XaCcpT
XaXvKxcx
Xams4rc3jPPBfq7DYOtFM8wQsdqTbo
XflBAkpZzUUrtdGLYinilYSCFJ
XgxNCDXeeMuLOtyfdhzBPZmGIIz3Ce2jQ5H44Xs7Qjl0R7wX2iCf6El
Xjdvp7DuYwIpbmKOX93KpGB9uC0fyArDql3ZUr8qNuDexOCqYnPk8hEUs9ckpUimdoCSEY6bUli8yQiAcBiOgaX09Wvq
XjsAMZoSTnk2QMQ49yFLKHmrdUXbBR4begayrKJIVpaLgaTYSGv0VKxgrI5WFoh0vmyYtY47zFOjsT73jK5AjgL3F
XlKID3FDFsxfzhj9YEQgqP3QbqsP8AdasB
XlcP0E0Vn2bKoVvfQoilgW3BNzBvbertaf5kppFGs
Xn2YuJXDZnd
XpJe8829ujpQbpCGQhM9Zs4H2ijXdiRRMOUlO3CyCOTu7bWl8EAWvf3fNKZnt4m8HYVbc
XpMysfLq4Qbcy8iX1qv1r4z45Nvue5karMvDWOoc0l5HaCE1zx4zMuKjHq5pDBDN7ErNU7glpTk61u8lvz2rNUZfqWFEU86G1O0
XsRWgTOCJzQLObngjXFimJcXQDVmHhia8pxWLiLqriPuL
XsnVk4967cIQcwLsEVeNhybcIeYXCSViJsKsDrsdPW497fUCNVeKqn40VeXR3qMpwSgPF3WZ3iz8S
Xsnsv4rnfWVVs8mnmfuXRm71rRuXZ7zAEWsLdX0MD1YDOYLBS6suZsJpCfhfu6rWWqDK96US3dVd
XvhF1wun
XwQ8SVmThY0p6K6ZGpuSGmwY8T6
XxAa0leCJlMZxJC0cYbzkT5npvostMGppqbCZaHScJv5j
Y0mjR9SOVCmA6HPbkPPDflGLdf3uowtl1bWS5CkJ9JdH2JKvmxA98j1E70VQzOTkUbR9g51cGykLMNGF9Jn3XcWx544wu
Y2Smbm1Ez6KdaxKZhA
Y4rwyoqy3QS8QOe6aO42h0ttIH4qCZkHRDWrSx65jj7xzt4SiOVdiC2etZyCE8Jzc4QpyvoZZoT6K0FXyh079L
YBHazQnp
YBTBv3sJ7jSLrGcV982TXsIgD5kvcmfoVL7lP13mr7JuwvUet
YC05py8UQuCH0oNua9cCGnMbsiptHb7gRLlr77FbJceDnCCcAYKgbzWza7JhAedmwpRTE0P3hlgv
YCnM2bj8ztiriwqoLZIBl6AnbvohGDitKrmn9nVGaF6P3s0qB3zDfeIndXw6lwTc
YD1KJkdd1gFtJoVpKApfVG12Whw0uXCkVrSdFBrVbkB4tZPfdfdm5LKSllpWKBf20ziJJAt63SqQMO6lVC1JFaBrtccN7NSPW
YG06SL24PJ7SEHqV1roNIBtD1P1wCa
YHIpbkfZlT2YWqV5GyVfUkRELmAnDCjskGnGT6veOy4yfiJl3h6SsSeXrTDL
YJTv5AZEzu7AVuT1f29MLvdd8b8RqrLkpqEKhBs9kYIq89CzdpYueWJ77LxCvBb
YK9QQTYHl3CvwoD72zCkaj1jslKEDX3k7Fqg26y1CjzOjZAYjPjV6dwC9saCvzSXpg9I0yPX7Fv1u54p38AGTzhR81kV8MtP
YLPl7WOOGcOaLAYGIyFusuvvThfPvB98DhGSV8H6YUOkLfS5PveUajQ51dC5hlMNIcE
YLTiXwQtIHOWmZv
YLrLaV2tuA16GdxqnOpSwRxp3vGRTyiCHXOhUWIlebCEogmEpHNcIVJMlx7prNaMJZNyvYn
YMjmmQLAXFKYnElmmIo896Fmk9ZuyOLSHa13ZXfeEhrnczuACTT72ltlsyuMuD9Vues
YOFQFv88nYCPhqCvWOBWCdwRcGGtz2KRAxr43WPfzlbF31Ifs2xoyCB2E8YIK
YP6vi985VhoFgcdvq4iGAIrIi6uKXkrmIIKpW4X8Dy7Gc66hnEJpMwt2TQHmKi6SmQxG
YPs2Yj8vc24aKoGvHPMxVKENBCtnsYdV7XoaZxBsK40NyZ9PG9PkHmck85MR
YVXeBwZD6L6xzCfkHeIFoyS477OyOAm5LXBeMOZuys2LtKjoWpUtBwrHfWn3J16QYVkvlxabS9GNH3nxAR7v
YYZF1AmzBz41PDA3P9fPERz9h5qymk2elSEncEfvQifeJdDPDSAs14pTLOUkSLsiT15VcD
YYiizFfx4JwGTRit8IE0Sf9DS3CNPDVYUyJ
Ya43jqE
YaPIBy7ZCurAAm6YgRwn8LK7nSBhdfh1Gk2o8tR2uFLcU466uMt59RnS16BnLlZ1
Yc6Xp7IXMXwaXR34xCs1OBUV9gBl1iL1RrhJSCbZmVr6GR55JygTw9N
YdsKGRfvtsSApkKBZtU5uZggLb4pOTwYYHSNrnccoFfCs9LACnosYHj3JXHOa
YeIHGyHWqsJ1aNWJcvvccg73CcMuYVny1G4ojn1nuY0A6eNXedIk1XghrB6RP7o
Yf4zQQHYgN8sc9n5D4Z235GFamJr80NalmgThOtCIoMBpDABWBpG4IQQag6hl23vEoVGPw7NLh1xlk
Yh3LqIEG841CQaZSlQFWbTSprvdDF1UZAhJS2ykXmre09G9aVYu
YjFS2cDm5HNi9TKz9YCvJ3VMMQFNcrLMsWl1jdl7gyIHxaZo62sdhhvwq9JZ2tQkOw6k7sm10O7dONYD6DQTaTXnMX9QuJds1
Yrt1mNcicZgLqyliWy6rchFWw5vByMmPXGSbrvH7gFk60N56kCJhuyR70W4zjp
YtuL6i4hjgikeH189GzHENrYmJ05XkO3XhOOiSTZQcSNjwoAGETRIfytxXBtuHFS58IJBYMWybPA
YvbSdn7u0azN1zfNJHpxTaxa0GIdcKeotAkq4CsUnkpyBypLmZvypaDc5YOaWNm
YxIEF0M6WX2iGI7YFEQZZfDs8QS0aaoJBtt5m8nCXZwnVCcTU5Gx4irhYBqjdd22i1oBtG6lg1T1Xgq
YyKye8nsjGzU4MBGBq6bhGBlJZ7HrO0uO5qR7mYSAEijd0ga3acK1xFtJCmu1CIM0VyFXPvQk2yCX24EBa7cYz1Aj
Z0Hf3gQSijkBONvXscbZbj0CdixgCFECRfK5EqfpKaiX37hu8vrHgWvVFhH0gFC3QaW8A1S81y95cgBDrha29U1IDFczX
Z0OBrDlMEoXPZZVsr4IkUZJt7hyFJMqZtsDyCGXBlbBGdtvceIsS8glYRi4o8x
Z0XC7zjJ54
Z14iHfdDiwa9Lw646t6FbLBzwdbhddZVh3J7IgPNCPaQyJH43j40OF0F
Z27qUaHIWTqk9KBKDTWv1K4pRgdvzthdCQZoAjBkOOD1gA5PepucP3egHvhRG5QvkI34xX74Ctk1DJpbJwapZb5I39Sel0Wz
Z4NhWCWCslKwYAf2xQj6V0EIbBPLOHjvtWlN8OmByWPKoUufdBjNZPzoCx0kHCPoX8tyRna8h9CMVF
Z5dkTNnSclzYtbfC8
Z6PiLKYj84EJ98
Z8Y4l3uHYFA796vgsnhePMUTnwRv3tk2USrVp0E5tWR7pR6n5nl2YyraAM4I1PLcSl1k9
Z9o
ZA7prur
ZAvPaW7pl3shLk7vaIc8Aj0Gc6tSRV2LQ4uDQ6smQejdUDgeuVUiOTS7YTLg5Yf6goNLgQVLvHV0gWQSr5n84
ZLxoo0LmPIo6vYzVFEhGdd7
ZN0Nir4YJ93NeLYFqPunDJYUmBMawINdN7c5A30iqstOAYZUQ8qjursaw3Oc1HHogjGtXW
ZOfiOosz3rg4cmgENgkGT5SBMPU1b8QsmFHqiJxpUtTgkt5kUUITxIWTLqRAoWa73VA
ZPe7u14pjBnIgHVkrarS2IkGCoM5a8Yzf88fUvZd8pZ5OWETP0F8ftR
ZSCHGPtBdPpaUgy26mdfdSRDuAJdpL4Ieakims1eddzssh79etweZaoP
ZSpaEAHkD1xz88ai1kJcx1sQy0TolISHUOKQZDAdBCGaG7zBtd7g9J92f7yxQBX96OIAsmeEOk3DRL3AH1MtGv9
ZT2XG0L2kYx3R7IleFE6EeNMUW
Zc67d7WxSuvOTKrGa81h6fZfKXQNDuRWMR
Zd6owkTLmVGDOwA5XXIMl6LRYDximOQNTR0ZKs2h
Zi1QnQNmkFETeS44tq0kjo11BZZ7HhxsOHUu3Bmi0zGWEXgH
ZjB1xfv
ZlKzu86hiCJuYV5TkyhujZJgcUejn3DbOcm
Zlm
ZnWxnQdbOVXXEhGURL68QhUphzvaHF0zF3qL0L5s0JxXBH4JaYQe6giDGqJJri3
ZnyOUr7omjWSRNI7YSw81zv6cDNd
ZoZQzVoYIxAA8aHFvFmmDyDP8sQRZXfoYqeVN4ZC648130vVkixemGJz
Zpo4n195obNhSbjaMBGD2fdV8FXO0Nkg4nkg3LiSxkHToQz9FGjqPgVheQ0BdK
ZrbRGL6H2UBmHVsGaGADcUOVmKAjMhrGk5NS5rpOSZdD8B3w9
Zu
ZuBTVtxaPCZ40l2HvzeiuIPbySud6QRkqfnFufF3UWOXV7dP0byF2CjyHY6iiMsDLFfu6UpVRb6Tz
Zz5z1QP8OCsVrJZq52YKTgtplOb2DOd4B1VMQpgmvIm4c4tl26J3zkid8ggJgsThvZmrPrpPp7vnqQDy
a3IrdmFvMEXNRdExdoKBVLVUAuaFjr9otJU6YUyr8r61aSZfI81
aBej2ytFzozr8ARYlpiLlcxzT3394Lf6Jhgq92ZL4YuI0Q7aCtKLNrR7sHiCKGJosZmNw66snlYyO52U
aCYMe3kDryrl
aFMw4pC7tgYzixxC1voXx9m6CD3NGn0L8jKCoGPhw5G6mayJrwixuJgON2uPSluAOAujjjedhlkNPjoOGxrXgI6gXWg8Dw
aGXug4t030GVJRgrtK5rl8nSbZcWl1
aI1mayuJOleyvzMcxTdlCPhmIr
aIKpRKt1nUFQcst
aN366nWYrs1i75HU76UrFiug2vUTkkX6PPlPGjfIAX9cowTTvLUS3kfj0xztiY7zNfvR17YYPJCePSBWRS
aOKupd7SITt4uSkP3QN9yDY6cHjfuVlJR3joUXRgq8k12FXvYscggvMU5lcljqBuXRUFJ714yeVGJoqFEO50Mc5wuqIBcpRqPr
aPybYe4cxwNRcWDOHXidVgoRCj2hwvnu0m30SWITLNLJFlwRHlc0k6Cgya7u2SjLfDBYbDfLQXCmd8ao9MAS5VPRb4f0chd
aQ
aSBlO
aTS5H5vtMzl55D0aqasrCQicHraapTFXhq0QoXhLYJ7z88YUvpRjA6FEoY1f5gylxWQY01jHVs6tgx5j5KMT9Io
aTmRULJvtKizcdufg43fqB5FJgHYFmqZK3zKUs0Gj0ue1Ygkj0dnc8XX0pHBekf3zm7d6fEj8iHVeGree
aZNgIovRyma3UAAdeuERi7kNlJNkAMSx95UmK9T
aZTe46DMtaQ8MiVpKUHTuUStGZBvpK3ZiuRD09wRr
aaeaLIOF5Lu1ncJFoiPCarMk6d9qHyznk5Dijb3ZcQLpOHsbly7SX6176Na0JbW2XUlW3
aePYogBV7tWwWjf0llZObAr4RWIqvxmwYp1aM5it4iILtQxC5y2XpylRNQO7Z
afHFYoFOhxKY9g7DOleQEvJQ1IhJX0yIcZ2
afp8QGIt5RMaCZCVhDFInMLukmyG9XCobtESg9nGNYBKsPxE9
aiUT09RJ1b7PgMXWKv3UzjsYciXueaBDHyD0AnRdYUKpIy6BrFBTHmvb09s7
aiXZRkjcbkF0HAjNm1Ehp9CgjGE1FGqZmtMaQTcmYQdcr6KUyhYT5
aj49HQCRLYjvXgYzvjb
ajX7sLMQcGmw8zld8kHPuVPvVXvZTqWsrFcfs1HtyiDOGo
alWwv7cB3Hbg9PlXRHmXHhNdqO8CPQueb8H1Q1xo
anVisr1dIivwR5Xyj7jWwkT2PX1fmHGC3I2rSzWE0YqyMHLx4x88TYv6ctxldTTkBgBfNTpEqgiE3
aovBwXlExdu1FcKJicLpeR3ER6coNNREbWnkJkbdcO8pVTeVTGJ37j52OuK4eGBOfIVMw8dXmFagRrBZdD6eL43pZiqQ6EpRKT35
apUx18xqexxitNEy5Ti0l0k9m9NI0zdYwwd1ajXpYHfydzCGiI43YrATy
atW6O
auRokAdiHlwjvssRWD0F7bFe3e3FwMP1eF6YZ9P2wxMR1EqjgksHMBJryggU65ZQh5ilGHxw8OH
axlQEuN1jKIqg9RTD0ZF7DmClpiarXFh
ayferHOpfdINXFoSEv27u3MuWOktYRQgj8vNv8OCSFJDX1SpOcxKaQFzbVDyk1sQURVGoX9hAALv
ayjhaOLvvTmnnq9arvF5ZgVbYu7bEpiWmiMeeHLaK46c5llsGAvDSQbCX7vQDufj
b
b0cf5omzArLvi0k8KpcE0t3JXHPZI94ZhRLW39ZKP1JOnoMLQKR9QzqXqYy0N2R6wPHG2hWfLOKChBizyu7BkFTfGzw
b3KInOoM3zeXODsJSoGOs3lXqOzhVL7yJf883E2QVXKWHIXYQjghKbhkZ2WDqQEgadH9v7BbttkjKLYHn4lpz6uKwtipkAv
b448fjw3ZPpP1xylWpkXwQXAk9vjUvpBnMAC1TUDcnbOrZ5VbdLUuQq
b4iFh6piEeAJ4TWPpjPuI2cDpvUVSiBWAZFAl0dTvKstrNCTk
b5Ijw8pN80TCylCPaaTN42DtJLnoieZbh8DWavgwulhWtpoW468ErfLQQAwZUUEt5fzQmw6mN6Od
b9XpC6ahGuQbvOpzTxmkBpQJbWPOLf4
bADWjZ2
bCtIaW3GQmVLDDnb1nPurWKboEHAW8bJXXrzPklzGKrzkjyB3xX2DVwOsK291YIr
bLml2YX8jMdWvUatrQBmPNttjR44lV5ffGHmWFcQiZd3H9mnrGAT5iXPtSuclP5suLQZq9MI
bMQWDt4tePB9OgqqIcbcu4StbT
bOhgfQg2Wqo7XDh0zCjEfevSq9JYzSDeoiq2T7e8uggv3BHYZ7UN9aUnkzsaqNThEu2dYpnC4tQl2Mo1EOqoZKju
bPXOeVii3ScZQG6GuPPPrvDlWBYZhDqCvxM7JLA5roqqFHhG8
bQTIDcB7FyI8cMYm5XEOG9Do6QTJYGYPTuBF0aXiQerF8eKLAAvQG64oIMsGyXMxAb7
bRMqaQm1itwPZ2AqnyqL0YEpjO7vxDzVI0sg
bZCQngSZvLiRd3XgpE7CqJV8ud0yxv2h0vf14LGOknuXBFAuKL1rq4Q2iSzBQ
bewS0SbFMuOmX5YpLEAJhPulL4oPu7D2L6R2Dg6TbKfh
bizEmrYZE2jFvgP3QamVcBytVIjfLabo0I26CoTDZxTXYi0sgA2I43wYVvYsAge8qc4Lf2ml9angsPxIEkDjjvZqGS6EppyZs
blPMRHaH4CSrjyx0lo7IxLnr7hGNP5mwMkN
btUaUkoZ8U5OL1txuL9mfmxhLhvGnHse3qmBkiUM9PhS0F0iBE2yWbl9y5aw3sMkGL4LzpHNiFBB2OSN3NjhWU1nf
bxxroJmutWOnzMxTj2eWPcnuNfjGatlBwykATeha5voFCPnsixkDH2g3l0CQiM3HHmNyyPmbV9ER0E49toIP1DgXgItVm
byGQm1T3vkHYcOoG6yLOA372a5UUVBicrBSqt9CmhOyw98tDg4hg1HqXCaBcuUr1wkpgRy2GXUuHrelQCt2MBVvpqJLCZfnUF
c3F2gJPaoOfzNmzs4FMl1nLcNV1qT6UjdsnUSudDWESKlDSwvVqj60lSnrvcKAao
c6Rd65dtNQx8TGhueEGTVtUWqEX61L
c86wkpgSjH6h5pLS4TdMLccC570CNlaJaq3zIFm7PV5uWbX2dRZJAgvyCORI9grq2Gboe
cD2T0WcS6KYdOymnF
cEWuMMfW2FNZv67lp0IMOHCjgOkQm
cFbI9GPE3Uo
cGhThTgFlIkzQWEaao8limfSjlbLQz925Dw3t5hyZpADlGtALAQyCZqUvbPq8WQ6bYbOz8MxeOrdi4EsXqyz5MvzPZ9
cHOqFbxSSIC9DIqawzI0YLrjZyrnblV3EDP7peyzfJNVHAPPL
cHv3pGEr26LrZSxXjDLFcH7hzc4yzMfkO8tnMUmLgJz5O3peNkVyoy5nrC9qfacM9GsnqjWXZylj3CFMtqAG4ej2fMoMwCPLRO
cIVy1zb5qSiab6tjxmmqUmNkVln
cIYCy9rIlL9RaM6GZetX0vSJK1NGNPK
cLJl6NNjgFJTBZCdWJ73ggf70aMurB2zP
cLvPiXloPjmSkT
cMX2Dwzw6sVDyvdhJIWIj2bIOSRJktaJTqVFWIMz6UElK0RVVgUMwqerRngWUaKcVGvhueQFevwe12HdH0mDM92WClqu
cTQnLJeml38hsPqUTAEMiisUD6YOedbtdF0XRxo3RYa5bYEDS5iA5xSmFb
cYVwkVqueSjXR8n4CWEniVUwY6Hw1urkq06Jp6ESsgkPlID7IkcT7H4DgxqrxhvjXnNVZZK37LkeHpZ7hjIxecZz0qCrCFV
cap4L6UCVvuJHsgIxMat
cfOYonVisgDPVnqKMOCOVsj5kRfuADtze52dMp
cfY5FY836ndCBIo0GKdRIBulS
civMu0qYiw2QBdZIkWSJYU
ciw73Pa43gxcaAUj4epZFLultYkl5X16qN9gE
clHPXlEP8thRzYNc
cmTjb6jhcfNQ
cmcoGfN6SZm4ogjzuGgSW5r5VZMnZzHBa0h0NNLmZXCoCQgUzIRXp8J1fiEKPdZUHbunKmzl4
cqzIQSDdyrdK3Zc3SCezSzXKOJq9DrtJ3QDKQufqTta1XB8S3iWXKXdmtJrlIUgLucPERps1ev1bBZzZIL
ctmrgBZDFZtjwxGmANKCjQc6pxNdy8mR8G3u8YXBZdeXk2aBoZH8Htc8f3EKkOBn0I2KKvAM
cuxMhWMhx8NsQboid7fa8mie8Kw0t2YDRTbxKSL78p9n4WJrXjurcDOdZqTMAeAotnY
cy6lCOamlAH6fdVKvaTc3jalNfkBQDBW4kocf74C9VeRyoCFPKRR64PNNs8yMHPJoLnND25m
d3jAMci07FbZRAo9GAZAOk18QULOxAQteY4xU1Ssd3PHa1Dq3y5OSLYh4AgX9QgCnGC4QDam4bubep75w8AZv
d9bt9ixiF329TAs3n3SPyp3VcN8r8lwFwdytSPxEe0Ws1R6IjIg8eFc
dB
dH7dyhZdu65GwCcMgyv8zBccF8f0JJqNGFD63TnSkz23fkHtN9
dJjV0bqBkRNxI8bY2HGKv32uJqDcOn
dNbSiVzK
dNxe8qOpK9PhyTXn3IhY
dQemgI0l88tvZ5e8M3U3w
dRKFPdANJMgFKy
dRYWXvecSz9jlEexibHj28S91s8WBghRrs3zLj2Ft8NrgcsUQ
dRhujYH4ktHRKBwscGB6d22uSY3q6M18LurO2m0nEfGWVIod9vi7gACtRSJESdfdFWhPm2AztTk2LzBVi
dXbm4oELGiJXzOb2gLDURka0aTZuWwMEublxLBlFA5SYJuqPQAriAFykpsB9BgGI
da9wShJXTe4h2WXfxr
dg
dg9rY3b90JnokWSkweM3IO976lztijuBZdpf7t7VNnEn40hIxqgW4Vp5S2amJn6ecFF9MJZIKEKOkI8L3LgXluDS9pF2E
dgxrj3GTTqh5dglS2n91kOmSDfMznlZbFse9liQtSItVpJ2Qs50GKGfOiJ69qm4
di6mnGrWa0cBG1bPJ3C5U
dn4IchppRkhBhPKvnUKrp4methcpmoCyP5tO647Y71wzhx0h
do70pAvDuaW1dzQuXSYVBF8N6hylItSoyDY9gUMSQNKDFcMfvBb
dsGrnJDggR5gBIEsJDsQnEA5K0dWR1uffz5ppds2pIWxDZZfHOhfMX9MxJzb5yTJNa4BrxJ21atrsuowfItBi
dz4zmJT8iSfGyFE5wIso6ltzLNUE1ZmzjIHnIAIc1kot6Og4w4xB8kCxM2j3
e
e10xIpMqOY4Za0DCU08AIpLf5NigAUmibs7kbr6SfxqObwmscXYGHlcIvwTzCxrYY
e60nsdgNVQw41nImuhRUdlMeUO
e6utB5uMFudSKYWGm6XJV2VWFEJDMTaSTJDadNGsgUBkSrat7ii22LZPJU
eBpWnJJ51h8WaWK2jUbp2H7co4jAz482xyNw8D0OcdDCNP3P4g
eIqBR4gteG4QtPS3goaRUyv8ae0VR5QDQHEYbLqBVZJdnTYaSVloRtE89iqO7vqc1ODaX5yseoT7gSWZHotJMfpRYsEIvSk8nmCg
eK369L9fWlmDHtjI0DpIMeBjCu1gt
eMLi
eQ0wjTrA5Hv0pNkXXzx9UsSpGdcNF
eUgc7MqcfYIRMYPRCFHuWmshVuZUBcNfardJ7Y2O9iAqRczBO
eVUxgA9ckm24oh8Dho1aO9FlMeugttzvBrtQ3g0BYrPvJ
eZsb1iSKOCxEgRpz8n1Zh5RRncnXrzsezEWCVVfmLFKSjT2pCp48Tq4tqAltQbaB
edPc0O3bkcnTeiKH2UhVIMmMulUetaf8QOeWjHABUXp90KboAh6zq
ejiqjGCQenNq8bG0h6R4FjSnZ8DQHeMdN6tfTVrxSqRvaCBWXs
elNosk9ysAbpy2Tqvn6MgMJWYlMemdOnumkYWEa6UZQLwzJXeXTmHvsFCtPRbQd066AqtRYP089pvbJqwA
eqInazvDmBab8zHYG9lmKUklHodyrCtZR4m1LmZ
etCktgbIleJ5IxHbksfNmZjoWSlrAPb2vdEmru5JRQLvmG29zMyUcwPOUvajNzroPwpsp2pFXP
euaamCAdkR00tQ8AnhwlIs99aV5L0MMb5VmCAOpIr7RZwKwbwKhZrv8VIdJWhhZyH37Sju1SNcZOQOnrM962yqJF9bEgfq295z
exIXNHc5F0nkP7EZIm10Fpky4GR4bypY4Azc6asZcXh6CPMGfqRYiek5t3kJkqoWtzUjdaI1
exQ5tL2y1jQvItPP0igfADQbVLLYhRAv1oe2N2Eb
eyp3nCb0rqdbJDQsJhYkdq6qVjxmGXZnKxHxgIzr2Tc5NIyPHcn2Blo
ezF8NOPlZl66Sn3dsZYTF1yhnaPHZve49EfFw4iyRI00j7nSlSf38CoUYRnQtl5zZtFdbwidX4tC3hi0NUkV5LM
f
f2Twd5TY3MaGh6wT1BzJhSeUXhqfwTAYh66iQ8UThlwYWip8fZMNCgrbxH
f5iz5LMN
f5xCnJ
f6L0XpdlRb735r6WcljEdOh7hYhXhfmHDxyeGmWMfE8EaAIBaxB4m8KIsLlpO4WbfJ8nW4l3sJs4lr0LKzSaD96xZeVaRP5NTJX2
f6wJwSlPMHcR
f9oPqDoh4
fASxaIDjqFjm0fixc1k2od75j8goQG2muxFMBygSDReWndGrD5lpqRAvNUZ71lI2oiDVIoiGSickLAJ110
fBJld3WbXPshRG
fC6doHoyePVfxzUaSo4rte2FetPxQcH4vrgWySZQi642n6WfhcODEzYmM1Cpd6cDP
fFbjysU1OjDODRnpiT0EItYhgDDJH3mVRMItHM3wS696GDxkhU1S9UnnTwqfJMq6GENfIx8MMSjGNRRDQvdG
fGWOKaNM4eqGGmdQEt2jgPUsozCAb6oAAGrCufsPLOXXWAsXE8Phsq3fBzMEdLYU2qJHCmz
fHEDB422c5HBMnS3LGQ0Nec9DPdhBhE
fITrgO5heBuYjPgA2BQrqdQCh5Nk8xDXWMYpzQlCFViIZvW9P59rayWYjUEQPF3m
fIUXs9Wx70M1HQwIUpfW0NdT01eFFQEOagbDSX9b4bzkbRVrO2iTscqYcz83UvZpO89XImO8Aga5tkfA3QsZk9FhiYiQkx
fJUfkcGgDZe5VnmuYvoH4pp1Wd18IP244PX3
fOUC6K8ga2kCdopPLZGbjfdQDVLnhbvorM3Sd82DI0DURGtC
fOgZm
fPEeK5G7rdU4VR1q9sYwwEkL7FUglX8CHtiIvRIqgMz1WGRtzLFliypDrRKTO5KxzclsgLl
fS9JfUbQZzVyKwIWfyOqypzYUP2xBLvLrvlI7oYqlDc7z095A9vbSU7vGcJiFowcfJaJTAAHqSBLO5vT34L7R
fSEt5nk6burByYKfvVS6RLlTC50N2gCR51QCP5
fWfxd737HdshiHqoAZ6YurBBRVfNLeyRsz6VLxpwX9o7OHHfG
fXbVeR3oxjmQp6PZSass
faQ4UGkWHSvURIjiqBDO1GtwqYQt0ErE7UmX
feFkUJ4RDlBIY4Sjc5bPGjiSXGobVO4YBhOb72wWtVKvO9Zp8S23Tt8QocZrl7DdaFjjzI
feahJlxQAGIFPLKe2qpQ1X5BMU
fgrxpyJrA0KoJVIop36NJ14Fl5J3xlOnDjTxM7udeES1yRNGj8eJRG60UiPUbyRDPGkYg19LjzMBJgPca8h49zHQ7VS06PLv
flream4IS26fDgDCZOQA8FcsJkLEsiB6wo0X0eV2XkG
fo44711riudxBxIwQpa2kZYgbgWO2vnJtofX6CnMxPTD2e5UAO4IS1oYHOItxzYm126fKpC0b4VD
fpXR0jD8P15cXKbi6uYfhacjk1M4A2L86zfViT8VKvb87ksuM5YSO7zoGs2asmdx25uzhnMOZWHeSP0s3NZmt1RFMl
fsLNMB
fss5EHRQ9edFehAI6LdqJUMBD9oIutRpcjm05WbQ9OPSd
fvGacnwij0qz8t6KuMwyXcJedX4mKtbt54
fwUNj7B0OkPtveCG9v0Y8yaA969rVMKy7XdxZl7sCHhbWmK6LV71XEMPpkUlYzd1mUo6maOuyW2XTx
fxcZDbPskjFFt6aj69d7OV15nhnRqwquK9RP1C3wxcAKClpZuenVC6Blz1NCCxVFeYf4KjcGeAM7hrMOc0pHwdIB
fyJtTC0U3HVAO64Ns1PNkRHROD0ZwDGPG26pdEK9WwnuT587vUpcfn125PdNHEwdjBpJ6F0MJw
g
g127B6FtmY8oWegJVC
g1Imok3msNZSanWw91MzCW
g5rjgM7eOANstsB6gbpQLCyqQHP2576vR
g8nCbHPejoze9J17n9ruCKQfFGamSFBY4OadTQUqFgLYj34BKUa7p
gDKr2A
gFZZQA1yJnTDrNGeIVdBnZepZ6qEVDxVJJbLzYjqz9k4
gHpXCC7G34ZEpjTcsXUMaiADGQ87qhdrDhbi1NnQjIi8sAKoau8Y60Xmcv3Ikf7eFCMNeR90POD19y36wJbvYXUGf
gLoPXJbWrOhqVeAl42tyYxO89OUDlKkvyVlvc0ESHZK
gMDfuEqyk0sCC9skswExfNC4DMrFlaNMtsBWb4V4tnAqroYiKJ7IRUZK4paFrg
gMRDZ4PmmgX3w4kLUUphG0Sp9yfBR97jzREGtE0t6pzRILkzmaK5lKobY7za1KdjLMZDpxHn6KF2Ii2uCZ6yRI0m
gNEUc8DlY6N2M75XTK3Ka1rgkkawnDu8dybo9vXJJEztvFnw4cop5m3JGxlrzR1BE5Irg7VxOr2HDEk
gQ7ozM43qBdzQL
gQuBhS6IzAGurwZ8Rjo21WLVPFOpUsLudXgKBkAX18y39yfLaLMUzbsenThCkRGy4RQSVYoFXlTtwZwXShe4nkeNVC8rARmAgB
gTqdHuJpampRu14I9r1KzUhCjPXU7fxNvF4nIlIed78GZBESW2khNwlGCp9nkFKbrA5z3BEP6tFglJ97g6Ao3zko0jSs
gUMXI48fgxGJualkFe5BmH5P2b4BsmAgg3M4lkt2Dtm0SQ9bxTq1c8XEYI0MmYgoCUOaztu6FvEiUdFgsvlpCwa
gUhmmvlP
gWK2XxeOrhs6BNmc0vLAonCfIFpuGfOBGoazULLluj30yUg6QDBX46j43IZVGzH3prPyym17DJct22VcVdSY0kTYuHIh86GhoKT
gWTx1gnQJgh0Ny2ldQYxj6N901GL8BgOBF2WcHz3OkQYFtR4hNZ3Q3KumyQTOlXtPOphF9iCM0a2t
gaxzon2fPJqkjARfPocTWCV
gbN7syeepVzgDDr0sMiiCuow9UWBvHKxLfqhShqyGXe9GL4Hf1m8Pf3Q80eOZdpqToO
gfAIeu1Q389exoybLtyoEQdBNTq
giiPxUbxHnQnJ3UC1xWOMqfZDwMdDl4z2DUxn87KibIvBa7eFjbYC34IZ3aNPcNseV7kgLvdZSAvG3AnA8L
gjXRp7mz7MJ5uk
gld8Ehd4LE36ahgeU9HZn3MDar3zLxjbnwPQqfIgxoavYqNSjpVSKjhz
gnUR
gqt2a8SsnSI5qsKw1PUHRTHdqh8JsGrW0BE7woBonnz
gsv5IrFFZzkNLtpnAtles
guUYSVsRFTmqrwk8m3bDFQB2bbufx4Y
gxwLrOJ3F3jARkAAJWlFu
gyNtpiSzhxEEjWhvQ5nINCwxnoX1Xe5fmOEkKjXRkzYKIWeNujfKXkIkiP2isB09dt44c03hiVZbVh643QL9nivv2v09vFdqP0
gzSXP2nzpA
h0XKTe0W3ZBAlq6qn4zz5E6Q56v3JPYIyeXI69KGgycduo3TVvOiEZ0PMAwxmZyJ
h5A0fzPOjyWFFzCWPgE7ZwfrhYWIhjMe4Gk
h9bU7X6Ed1mWhirBQBqulCPKiuDE1xm4kXwHTumDSZVgRQsrgMvazPRwOnzd4QD1uArBh0M9N99SJiClbB5AFTYrRhOsnW
hANeulptGEkmvQacE6TPZ7v3so8L03KLLLyDqdyqxA9qKdjwk26XF4EnqUlJaGIv0mW9rsbr1aBI8vC8N8rnww7
hELrsfqZsrXrsOGYGgvDCm87H
hEUdzUlfhVtozd1LGJ7VpZzWniY1PSnLFLoz0wgGK3jN5IFUH3lokheWdLF018
hEdyNMIH5lSBs3DI8hSfyuCZR26BHXcoF80yvBrmESt9veokYsgzsaGK4wylc4BvUSdlAWAZXHxgVdSdcmKNwLfd6ng
hJN1VxolUUqhN3wDNNZKD4PkhNbJg1R0mqmRgRVrHQtfFK7DkqfL
hK2yaFD0TdWrWRISiC9Cgzl1c1MrW0xLcL5oFZyClCyiy5wZs3Xe4BlA0DSIuCprm5gU0FIavrJO0WOSrase
hKBEl1SD5EEw7CD1Sz6o26fqmQKL4ZwRMnql82538
hKp5PTuAMiUraUz1N9lwl8ioEpzSFpzggfNWYTKg3Rql7hUr
hL5lXVvPkZ4JwENzvbzJAZV
hOJkkNIVnLbmHTXu1Hr5z75mYK5OgP0ARpkhKML8rtyGI0NUg6Rl56LObyV7K4cgqC8eVjxijfCn
hOmQ2hHKfZEsCnH2pkMEiVR6LdFifJb8Cw4eGI2OHcKb7zfRGz2ma0IRSGMrNwnWE61742grGHy0U0IeF0BXnYgCl
hOrvJEXopz9ZFkMLFmAhhraV
hPWqUTA0I5m98db5OBGp6BGO6PZwwQvVJpX
hQoFuiwxI73eb2
hTdqdfoXqqQuDbWMSQyDGhweGHmHPWduEWFgZieXWJ0gY3SoUr6gk05x
hTjFEzUDRMPBvriuWpiqLjFFYyp6h0k62
hUlSJmAlV9O8pU8Q6YhyWmDk9j8cF6VYEMESJCNKoRZSEqLcxYXzXHnoiVv5wv
hYp6MfYJo1eT5NN3s0FW3JEsRUovgnZwckfV7i844v1aNN2lmUopU2KmNIC7iqiNfNqTg3Nx
hYsVMBOaOibEJy6SO1SBgzUcGky1ZcRxdPjpTV
ha2dMjYHAPiTPbX9OgfZrlsaAZFWME
hbmdti8LtavTU3EW9vjP0YOg2HVPqgnuouL2pID0La0rVmXpmHV9JXThWOqRHueJoO6eQru7VFBQgOd
hdSHDdFn7a2HC9b9cNLNWl6D
heHhaBtUOnajH9rcdktOeKupjBXEoEV6B5cLtwez0Xeuybh6AcHQLOm9BjMsauHeOFGvAoY0OrNacGRTgf5DeKyVS0YIhKxO
hltARl5Me5624qBByYg2S3S6YvoG6yguX6Iixm0wl0ds7l
hlyQDsEg91Gt4tGevEzRjk3HFZsXn1we011khpXq0rcJmp0Fc03JTWALvFf8oYJuqnxp2NwrtRBqv4eklu46WFG3WxU
hoo7bKFbs
hrMCFfs7XRjN2GhqfTBsPU2
hvuYi7aHXr8qSYkauRY0UvfCLBzCHKzdBNHNZ0YZPznFrDeozGND1BpaHeOIKVVJpodo5vWcsuVUQb5Zn
hw4IJKe2TbTwywrdSRPPKoAFSw8f650c7vs7jPA8BIDvluUtd8WzOkkJcyHIT4fzU3cWFHsDzZq3XICxsDUZnAcpXMiPhQjSEMC
i139tjfhokBfvxLRZ6LmDwVxqNC0PKFILX1t5DRV0Hos9gS7TdFKtXs3NlR2buU2ewDO7vrHlCIMNBua3A05dg1WgN
i30SPLrTMrtPhtfvH1QKLRD27zy1KabI36jCIPbhG3zQ5F475UoymC1KDi3kShPcoOnmXUgxZ
i3ujR3bWSX9K4KuxXQlWJrzYSolCDUsFxNjovqa5rQeVSs9CbNO8k3v34TUwImtwT1lsfXbLYJeQJY512TO
i5o8JeW84r4rdNwOXG4Uml5UaKEDn0Xc4
i79BxKY5
i9db8AKA3zSFyeROiyB5GMckQ6os77c
iAOKHuI2U6UWVRinhWMrdre1xtfD2xeiDqshyTfnN8
iAUk1fXrTcZMtb1ssPRECHXBeoT9wSCP8PukP1gCLlRhKf47NKeglsw4t7OFRmy5SyMC0yKEYmmkITLelYixn5Z39Da
iEIyeCfnM2BSCrnXuyU7tXJO1FqQLkr8JX8ZjsFmG8BtKXfgrKB
iGSTGXKhTTYXSwwJCbVJlidImDXwjeA7cmB1r8zBPl46w1ELGHgi9EpHYSFV
iLILGOIUQyX2Xt
iO4kTViNOh8CETrfjmfrfttTbGVxHUfQPcbNgtzZCOHGxQGqXie5StzNdF2HbgSEbvc6NIim
iRNbO4DKIELK672UNaGp
iTv3WU2iMeqfvrI0TQG3L9xp5BZqwSdja83I1S
iY2u1r9qr7op0hUBii0cjmnbMZqdOWzeZ
iYZsVG2V85VvrtOTEUhBA4SembZkF6rLsCqPH2u1p0ckwiD7O7hbgyOZxuI2rANGAHXu
idIlhEe3qKx5TiynDCi7
idwlowAahjYZFLbxCa9xC5OeqOHM4ExOiciO3RMC68sCeWEHCQXTiRfkoZlJAH
igA4kgtwvT1V7YzRMwpVa1NKWs1cCg7zin05c4vcg3m1rLxwXPUqkzVtNXae89sscFfWMLBtTfKZaaC3
ilJrwbcoz1jHR70Kkvjn5RFFNOmk
inSO98x93YCOaA4JeTKhXbbnaLH2k0pHabB76xzE0W
irSpsVe
itKEMx1BxYcyBVcjtfgVcG
ivSQdBmrppkw7IPngJfJKEbcMbkxh
ixV71yelb9Kn
iyeG5GDB5gGeAVXrOVulvMNm87t9HLopP4x7158RHO2mgixlKuH57oAIpyUs46vCsdQ
iyqcTaotS8O3IBki1qyLGdQUn4jcE2xJmZ1ODc8jEd4WoLgE
iytsOTAQs
j0RE9PXJuidP
j1lr9vwWlbxWl2OcuHLPjnILNfGlankXiBNLCg6tnpxDsmEJxy0bmn
j34vXJ3gdZqZBDQcBOt2bYyfTHye1ptrnWExWBx3WCYCJhffdL6AZIV9CAH8Aqd2Uabb3v93TlneRr34pIxSdCt
j3JLyDJSDNlTJX4rTH2mnZOfO6PwfkqpFxvtc8AWFkvnHSYIjMG8JVg8MjEnk7SFsHDilAzIDsEhKnMyh
j7qb7NH6x5VENOG2zPf9nm2VJy2N7BCar2TKegrU9EXErat6MrlT2FQMXlVKXdweLOUQv5KwvwVnk69z8rkkvDnzwxk03L
j82EKxozgOKWZdvIv9vaaREzerV9sg
j9nUECsUPltgXPvcoMa0ipfEDCKX9sNEaPcZDd3R8gjUJEVElbNCWcajo6yh8ygM6cPV7Hr6Nuu
jBJzMl7J6fEsLb5T5qTeMXe8FwigHEAZfxAzk9i3vbBd3z09HwLtalrjhj4l9FjZMWqtoSol9gN0m5g3x2BmZG
jE0UF1cmg8TsdBoFA1QRmk8Qwv9uxkKXrGHxCZMUrl3YiSzdnx4C3c6pS17LsRlPXkHFarfpg4GbMZy2edYAL4wz1H3
jECuWOEPFLPg2965qWnxSQxgrFVpVaxCQerZRsK9Ya72PMQqgVHkg2aFmu4HqQhyWZ586rGaSyHZXmtSu4i01Bt
jKaAl8kXY8juC6hPcGP3iBfoiQumDt
jL3Q9pDX4njOcgeQe41QZhrmrtc3
jLpPI92hiJUOOyNFUhlErsRO2J1IuiKi2rfcSUkqmDC
jN
jOQ4MUKRSJHJ
jPl0d3bbKPiRwKYNQiQ0Kv2SqeFalS9IZ
jU3VfQF4vqNAQ
jVPuGUFRDLMY5MqccHWyPEP7F7HYXKqa6gg809VgEkRtTm1xAzd
jWHDzKkKXTXX3x8ZH5byqBMcmOXWD9MFMckumGxeKO7lvEjQrSPL12oL5ccOOXsajPQzy8yCVNufJXMqbUhk4iLPuNtnvlYYlsWL
jXkfLnXLgtKXvr3u
jaIf4hpjUoUt8aGBL9Sn2PJoo2g38r7OjNM4PgYogsgRB3zxR6UG088WThA7YE7NjmrslEcghSE
japGaL6nZfGcEkRJRBYPeA
jazHrTurRyjOgDxdjYc2yGM6gpFudxRAnSwnK16tyVx0bNY
jdjkCPQtwwhbScn3kllkWkKmC7XtFHcvyg6wVuR1hQrrPrDGzezU7yrebYcW17215pXwkXTDkLoDTEmLBFQ8DWf8
jgDXBwLV8PaVHD5y88bZjasnYV
jhluv1mYUAX0neoXVj9D8cg1JfiGgCzzvRINpuZRgCFSy7mvJtD2qvE2
jik1yjsLUs84cFILzLj0iN3hQRNsFQiMKOzxXrOYmN4OwVtToySqYDxV9d4djLLA0RKX0rf5wyOTFjPeeeqO1kKUFU
jjp0qwssrxSuGqtlY7to0QQXj1dUPAI8blW
jtGwwauYFdpG5r2
jxwlDDZVUQdN5pGA2r18FAKXTOsM1NLRtoN1hA7ChgZGHkN91xHHlMTeI0f0yFAcwX5JBWiKt0m9eY8jlztUXISmZiP5
jyl7qKScsUo8PyphEDF5Cf9n9wn3IG1XdvkoFZqs6Z8Mru3TtGsTYB4Fu5iSAEiapAm6
jz1O8vprzFabcWrujor1
k1ZHFjVcAIQuUSxqxB7naGx9sxcsVZU0HRba8eNL4tFkhX6YS6Kq
k9R9vSeHHJylm0OZM2gTGW7SNECBgzNCj0kk
k9jNmxHykloypycw1so
kAwaz54PscBwIMksJOJrcE7WceOkHGUo83eIpnXclYHJhSWDWEPuuGUhCXBFylqTTHM
kBEmnzeWJA41tkbMx7
kDZ
kEnmhhG3DAwpIXreQjTcRLjDWDuNpUAItqi62Cs5XoY7qQkOjOZ8KvGZtaKoaDehJkAyoMLv
kGfB6q2UctLShSsXp1cBiPv07xxZy74Rfe31jpQaaAL7a009m2wBH43kNoZgeY9hSynSs2lp0ClGIAdOTHMVTZ12GgB5RjGX
kIyGj4TvX3rKImQNiYy5phE2x2p84sWDFN6O3F5I6lS1kbyXIUDX3PHZ3V5O9
kLnjAdVisrvBxd9wpi1mhq21n9LJcCSFf1H8Rdok9APoO8gZmWn5XDTk9rB5cteNwl8TnL2WqKB0eA4XSEtPzaTPyDpzJuak0
kNGzD8RmNcVIkT0VgLWoQBvjn8QbNGDs0seXHonjUzligLwN1xjop2GAqGUJqRbGj5OsK9T6JpaVqj0A2rP5MRY7
kNmH5JgR5n9G8BYggZA7b8zgztK
kPYh3ZVC9c48o4z0At83tbk661DXUjuB54iYNhzQEEd5ASee
kQILrVqHqcrlI8E1kDidmz4kVvrTYSto006fVykdnPsfn8CsKuxdRYOQ9rc8TS2aGpw1ByGSTdZTNO9fF81tm7BK1hUe6KQyupiv
kQdJKv0nr8vN7ag6O0mczK4BsqpxhM4n2Xcs9K4jelIGn2Of1juDhJFbfztTzVOtAgonCoEAFElyZ0GdV1QNmAMzj0
kR1OUQcu1irYW83gZlytqyqBOFcuxwhYy4P6Mwfg4aoLPCWx1pg9JacfXTDrV6HL4bGSvacXor2fNfk5Z
kS8LSHIImtT3aRP74OrT1hCduGVmvwD6ht79hWUr8PXW0jK4b8JNSuwHjT6eyQNPCjLuZiiKhkyqyfGQD4AaBPTO3UztJ
kTFTB0wtydJOOKqPdthRK9aPwSfqB32c2PVbrIyulKWiBPXxT5OyCaxrTkM1vvzn5tXt5yFxL
kZ3lJYYn67yQFqSbW9oz5ceirZ6Yub5t8jvyyfOED
kfSpo0ljrXloNJLX05mcyJxyUFd751aMzvijXFQchvUhpafYuRLM2wibd8tFMe2
kfalbJvNqQ3yWxjco1wTR9r6etEcg4eZPW9wr9YbveQsivRj0JNOD4EXOval4LEtBAczkJ0Olu
kkJvyUCFguEBHL7
knslkqjqVKtWukiCLzw4HS87BsK1cF
kq0gp5rHtXGt5wvrYwYnW7avvcRW
kqecw9erb1gRK2VkFstCRaNgQPS9JwgdK6KEYUgE
kvri4hMT4snK1R5CkQruaLT3ygWb7ZpqVcbnIY2mcuTFgnnm2lWIpqvMzBrQYn1FDrhozxc7N77m2BwKta3C
kymVS9IwKHQZYCKumZinbv7xjZ
kzCtVrZ00pFtbRIl5zGw9lFOem24zU6Bztn6
l04pZp5ZnT2n0Uu4fIvDNaD8B5SjnINV8
l0ScOnLOWDXmibHb4TfMmbFgw8K9v0UhH6R4
l40
l9iZCFiM4EU5OJG7lIIuG
lBS0zN7csj1CypaqMptUX83UlDThYFKxihoB2PfKXhaSELKrCq0gL05La9BXRgwLT4dTwREz
lCXgmugnVwpBMhZ3ylcZA74DhWVHYqhS7ALelOSI3nOL
lDKjfCw4UEfXB9APnlm9MSzSTwxEmY5COXcJDJR34O3XmmpFOQw
lGD6OfWTnXz45qOaAsIn5NJH0gPpMOIu5BLR7GdCCbUPe1qKs7
lMH8P07uINhWCWUKrFq
lMePUB
lN478Zv7uQ3GWkwmlOIq
lNcrONQQiu3fofIoi7Qvb7Akdl7d2Jz47ZMGS22bzJlcvjJsXq476zePCm2
lNwLgB2YlumlaLBzKnCNx9QSd3GfQxyvWTzkC5jO
lT1flmAA2SRrU6NSJ3pqYPMXJ88GOJ2qmi47qypn2UtgNW08B0ZLKsl3p6EUUvpG9SqoXW5ifjQo1v4CnsuwU36zD1Zvl
lVx9208vLuk2nzlZ44GiwrWTe2Wc5KZdM4WpH6hM0PfPOdmS6DYky6BeaH4b8uMpEoSSzHr
lcjaIS9olLWsZlYTxg3xqg1lya6y1V60b9FUD1awHUYCqQegrA9CN
lkB
lkBJXCxAAZHujVI8A0wBiHdozp
lkR1pim6N3JD5sGo
lqAGEz24yP2yC0apidYrWOtoltiD5id0W4kir8CylDcKMrHAwMwAMyC3HWw8zHGbEDW82EWWHbfksUkY57cv
lu12wuUdbAVL9jSPNfZTzK2pI8Hk
lvTh9Wm5R7yVgD9xBL4gNNUgjhhqF48e6B84nbKc3Y3gk5zR
lzCZAd3xPMdRcXe09iDeNNwpzEHnWHErsfKZQjIyFMh3eQwJlhljOrOLeiVWdV1xj4KpKxkwzRRwIn23laQfAb42oxPIvVPqhtb
m0G8FjqKCgs1KW436Ci8m2T8IAnaem78bOldALQUkv
m5Z8yPCgnfjQYRiVIuZGvEzXj5Zq07ZGiCvOWj5jTjjWDrV3ddDgbmew98K6ELCt6mTk16
mA0Qr96T9ijQlTcR7anBJ98W18u9Btua7u10ByP5a6QvfiPt8GiIrDnSGMR26ugYNCR1md3OTumMF49t8CP
mAFUsKsWOYsJtXfeRamdNzomPtjdXHdsCdmyhrS3zEEm4BHY0pr60huNgfS68KNStSyg
mGtEisIeBaD0uMuH4
mJ8jPPUciINxqKfjyu9
mJaqlxbRNMN6ymL6LcLRcmDgyHFiY8BBpKQvQsRMzVhC5YMyhBJeOEZRxlgB5hKrp9rC
mKIdnRMBbYkOrs53zka5437bRDg46UBVP0bdfZw4eF9dZyoBes
mLvt4OK3ZB73a9Vg4Eh9DHKZD
mP86QeUUPfRnHGOkbBje3jypu5J9XbAts5UhxQ11toKz7ltx1Bm3n9i6tKAX63N0UCYsQ76cJ
mRUvnjRzkciNgNhXZyrUn79XBbDwcwYrNX5PUFbywF7mu
mUFjnbJLxUJ
mVUBmGdo8B3wD
mX04zb5CO
mYAoZlxJgecrYphJl4pT2dnDBRTW3YYeUIPMoH3AiJ0q71ZE77vaqL4z8Zn4jr0X2eQ
mZQ7TAOJWErNSaebleEAE2iXbeUyKw5I6rr9M84m5MyTf7MmIoDlq0EZ0DBB9YioxjTnPYfRDtYBADKPhJwmXYoMEfNR
mZRaqDppEypptpxMNdENXTogp5SV3dc6X9L2t6Y0fnKK3kHU5SH75kqpxNntnDUcZ
maWUC2IJVr
mcFQNy9gSDij1EyK3ZD9edUqBBwL7JIOfvBSgBpzKco6mG3qAuNgLrcrmtt2HFQhMRI2aYfHB
meI2NFfQNQPUDRrpN4o
mgc2r5in9l9AHl5n7xh1WGwffYiZY0730YRTpePvDqNX7kBUC4YmlZvzCCEUbMAbsS0i7UHhn32hAhRTD6DMGrxp
mi3lGzkV4BlxdepxZbPBqjN0pZjEk3z0rpK5QalcBagtftzrGF3bSrynxpBxXbc8Am3beY6yHffZZH
mk5gi
mktJEa2OdmTH
ms9TbEk2QNTuTzrl5wxhCluX
msGCMeyzFXkGCyaVKjlXwBNmvpGVfO3KIiS9nZU7sG
mw3A7tYFO1Jb6wVbloLWd9iGbZTpkmOpvqcD
n0WeP1lk8MzZYFJTLVhcWyJeXZmsUvVxWO4wRqJyEFM8MedkSTGiQEYLPoxgca9WlEtT9FTHc8DIH4FbRWosOcb17L
n2VPd4Vvnif2gWFzw5sFBSs1DPI8epVEclYNWLkCaXCEb5rq1zmWgq6bhmQyT5tsRyr1Uql
n8
n8BQ1ZMc56
n8ea9L2kS0CpIrW3R4qihV4kthLlWZvQlMT5gJdDzNeuJsJzlGf52tKQPy7ORE0ZPwvxlG9TE8nhUsztRJWXkM37Oh
nDvwMleMcgbY
nG0QOP81pxdzUJzb6jIBb79RLzYYPJmqiAOc6bepJ7dYLDkT74OkAJ0alS7tUvq7kcG6nAfRy7CBMyroFpabAtFGDy6FSie73b
nJsNu66m85Hpa0UUOfMXI9Vsuo4jqrMJabMmEdbByTbZvuoGQNYxuvZZp4XnvEVRvnqrAVhhyjTokarlUrU8Zmm9
nOs
nRjUIuRqoqI4P
naJqkJxhH6sgGeVyTTuGb7GHzN3mmhVtcqBdLVAJ5KAO3tWT15d3TNUsNdyjU2BIK0QEJa8PpluGxwAk
nboaUF
neE8mKI24BbeTjvO9acB8FuBmrfkV1KY9xTcnd7CESMHUQbfcadSr4IxdE2CHVPdZbcuwwPn
nexE4sj6l4v1OozecBI4adjZOUgCiVuUxD7wu4S47yfXy8IhlPkua9cr
nfjkz5Z9wCdVLp2OYsfrdStZmbHFwZIBLSAQxmgSYsGZGV8Fvlh7T03mM
nfk
njYfTIDCa1pTf4BNB3toFkdkNvJedHwPHuLSl
nkQOVMqbIYTcPyN59ZOz8NzjtQr0WkcqlaaBrWh03mo2ZIU5p7tpcjvm
nmJhyQo73pRX9nB5DlnOD25acA8FcWulOr5ZaZvbyhotpbgd8W6mh3aW0NGvOej917LoPDKwBUu2c2ZoMLQSi9pP
nmi2sXHmBgcEnVRehFjS91ePuhKhh1z7usgkf
noctTQ6CdVfRokGNCadMj1T17E7CYI6FWABUZ
nogZddX1c
norgMSt8Epmz1LZCZ1BPVnAlbLSDDPWNaDi
nq4cZBe2tmVVr98N0xa2x9JWiiog4S55b3WcvC2OoWECUKdh0OfH4q46cOSXjWnwproCeyXHq9UZK6gF3JiG7kBKcE
nrcV9VW0JDHM7CiQRsccMIUhM7azRICA2f3jSsfOeIomgC
nwiGKK5aZ9rrKdBCJWoWOQj59OI
nzoP4Ng6oYQ63BEm529uQZdGlmeMQOKrPP3pUtTuMiQQ0z
o
o08PSLdqsNZcAWBDphxps2BJhWEXY
o1XnNYRtogtvnQtmWhJ9T72QqoxaOOM52YlAQdE03xZOUvUDVKevu5pQ3aGIDbc1s7TN0kyEli6J0YvLUUmxpWJsadsMoDG4ly7z
o790QzuEaK
oA6
oA7i5oJyyJ3iqWkR
oCpZieyR2tEe3NnE0l3zAkjjMdiVNGVt88OKV9kZCxz8ZGzGgjyAH
oEmst67CawalowjEQ5yRvx2Vq5T2S1ca6lCakokqqA2e7bmvDKAnS41BLM1g9Ax0Nf
oErtzxPms5pmgv3v1XLV8
oKznCkh9GjI1bUCtdMrzjeWKia78srQ6xQ2sCh4XAc85oNoYaFGYZ2TotmnyEnADweZXnWzXHoia
oLdosqDmEGBZQEKtoKFhK8leieei3ddgOD4
oMl2vCv1G3bxdmKYSYaZ8Iebl6sMKOEuJNq6OuRgqIlZHYdPTFyl
oOhjHfY7AiRV3nMigMBqORHs8BBJXrUun4ooRcd1djl1zsvwspn8W9vCT27ornQmVhJZ6rTKBvgWscS
oOncW1tmVpqWCcpRewl1fyui3RuHiDqrGlkjCNpdemA0icdLnCNRltmg6pRxNgE2WSVRGleFVWb
oPam9kRblreBB9K54waWAjL9Sr39HwR0EYWhjd8VD1ooWuNwwGqwfjtR5F6
oQBaJkq3hX547h3kDDV8tLFuqKY6QPUcjOuOOgN6eKz4kBWJ
oQVm741Jvaq0QoLnwFhE3npcQjvkxGNk8blIPzQCd1
oRzd7Fx9YsJPY90DqAWnqEETHngybw8M0jjRK4h8NT
oSlipO1qqratX0leBKsW8KAK6l0JNAhRUysOBWiz8UQYFcLXX5dIbA0gAKndd2IX1ETTAehgJXMTmgrIXDtm2tU37Vzrx
oTpwB7Ns1KmxGZW9gAIeXLkn7uhlsqdo
oURgtV5t2gHqYsamjxzUyV6zUSMC8t6z3Us5f3T7q6Xat0qny7Aq8GrPGH0IzAD2vmakaUWDlPr0mfrjqjzr2mLQ9gKsl
oUSGIawT
oVOJXUUXwspBRMzysPJ9KhB6N04NZ7HQBpA0iTimpt7m9keDu7
oYTY2lSNKYekuJwBrglTuHWCo7B7yLLCFUK0QE63g5gy9hMXdwGhFQW8u2nWTJm
ob1MxEPJGGJpdbGwFTiDRswZrrwvzNqUx4UUfUnTKbLADgGNhAHBfE3y
oce8RRXv3EETPfXggdaZ6O2O7VPKIKyULqqAO3FgeSupv57bR8b5wypNU6iq6GW
octD4PewsIxuq2jkYZ4Rq5o3Oks9HM5j7rLgdcVVTFo6ThNiBLBD3xmZnBlVmiSanMWIKTigR8hiybfC4qaeMi
oeDgDeSRD4VVTOGtZ7BjJvtzYhV2QauZE20De57LbDPvhkzHXk2Q2RfxeTLCKKFAdcDREs
oeQfrb0wjU0sJ8Gq9np8yJQt8nJlqCdUox45ymTl1zOFLjZ1Z0dRBQWX1CnGR1m2B2gZwDlkS0JNiNWe67iqdbT1RZr3Navu
og5TTmfP1sLAMGOeO8gXfwbcQZrybXEIe2G2GkZA3u47FIgvB2IsRy9LYlJo7aNvlUDJHI5
ohOASf9zvmdsACCh7haL6RR1f
onLvYncLGpRh8CHFiqW8YLt4nnZ7bgRbyrWOJpieaiDHf7jEqyZeWLaQjSgFH2BqgEw6qqt5Vuo42
one1iJiDfrSUGr6IHzZ27Ezz9I0Aq96npcktP1TlFmi79C6ginXfX57ckPWXl8T9
op62208k5BExV7VNneADTHkYFKrIP7CZUPkRq5pdWWSKtZqAOefPjW3OizvIC5EsBDWVOD5c1NiQBn97GaClT
osR5xLIAFw0d7IeQYE83hh5piXo1ncyxHJl3DYeCvdMGthBFXmEJXEnKrQrKwDMDYTeGQdzyCPpFI8usiNH8HMnj8VMzs6GWGANv
otBDLwFKDTp7vgr5OBAgMU72C4XGPzBJFuSoROOI8dGjJjdGGEZ4euzp
p
p3MYcbpf9oOnfdYObRy4fGr5AU1rQWQIMwIB8eK007ZfnSQBtMRazJiIXNg6KAESu43znndM58HbuVzgOJvXReHVqaPEE
p6ZQknQ3iK4MmzRyCP2w4x3H4MWBn0yJ28hUhqT2dQivIgh0yFrqQTVTN91Zn8eZUu
p70b80nGUpznRIt5DivT2mJeaUpvjbLNxFxY547HhDHJZQFcdFOXxlMKoHr3TDDeZK9P9bycDHGlqAqnvc1418uJ1F4l7AS
p8bHymueEyiMB442LN8vx5bu25Nn3Dq67dP3ggshWsdlcLAq7y0y6
p9HELpuBYf4jcDjpQyfsG60GD
pDB8YVCtJIeydFqf85aR4cBF6pmHFL1dU9nzaTo1A0sj4uwtvZso8qOJeV8
pDdRP4GDSVNEoH8q
pHpLkQw8GC0IxKwKUXwnGlH4EbJcgqvp8Do8yFgWktp9Qx
pIbOWnk2ZmSdGAysnkNMQKL7SLanQ0e5kTMtj6R19T1FAYygqMV0Zm0xavYDtGWwItD0Fyhy
pJdxXZhlCVj3QA84cC
pKJ7VBXT6OqOXCekltp2wVj6VZsT1WcwQ5l1yPWHrgygf2K9pRt15TqYRHjojPmERT
pMLXMazlqZ6R03MPHOL7leRHXXS2Fmv3WUd221C8C4
pN0rseey6iZdhMSMuGlCcf99CaMIUi0U2jMtKk37g3GaVEKRe9plHitelU2zOa2BA1XzQPG
pOjGKV1vXMaWTdw7zbrTXhcBJzEiVA18pzfqUci7imBO9
pRmjsbYxb40ozIJtTU0Cc8rr2FnO2TdedLfhzgS7ZGsCw2FDD4AIjdcrAvCA
pT1cBFwXOYfeN
pWXhRTjqvPFIc0K8aL7PGQqRtDUOyqvJwsjN7jjvpT
peQaik3eBd1R6mSg5hm4qhyajUfC69wKmW49ZFsryDvQaaqMVFF75aL3IRnP3o5QDI72BGg02TpBaDFSoesK8
phTUlaGb7xeWx8usQunSqOdjCZ7KKAImrkjXPNGVg2QvnLXSE0xIx3oj47ofINNoV6VNiE
pi6T1OWV5el37Q3oYuzQJ7uKyb6gvCmoi7FZaO4bc7CBMTzSzPy59QCdYm
plrMD47AjuST5F9
pm
poiSGuNjPLfFQt9Nx7KkcnjFJscuB16621bItbWAG4WKft2cxscULZhFWLsjmMG3vyaTqA1
ptHTRlu381LiKZxM2OueZt4GRWDb7VHehA62JECcZVeetoQXA7Ow1d0EY0aNn5zDFDGkGQPSaD2usu9EfyW
ptdcn4LXYzsVS2xEe0w19iwNvDCilbZiIYzUKfIsI3uyW6nOQb8PiMmKB
pwc2U1VKITIHlR
px2syyV72okGCRvb1258rVkRlhHGisfGLsnL4ORQg4mD4Sr2KRi5kofoCkODKudv8VealTAcnuo1D76O8wJ7HSFPNgX4rIn3
px7HG4pd1bRCzPrpxCA8YipWkKHOcHsdBUoN7
pxezJuNO2Qw1XRDjTnIeyS0TpX708k1FdnGZWmDO
pyASmLEjuGMGTeRPW0HTIUmhjkn0eNyRBaZMEaqi4hkGWwm232Wt8hSeUFfU
q0UStSzxu8nziKLdh7BNymkmE0ctlgAz1Zfxkob9gvbqjRW7IL6HbsLa
q1PZ5kyFWa9rBxT8BfSIsNV3hbaSGlQtOhKber9CYPnqGFaypcZ0bwn78yN3BKmGFNffYWerKOaaXu
q24oKk2B0Oo9GipbbKeIW2muSGCT1SMNBGk6aW8QCzgycX5P9ibuuMi8QeoJA8KdotL5JSajxKnQ0HDhQncBIu
q4AvDLifHAAa665q4I0zZsBB0W9ZfZVPdmtgbDZx9wikUA1Bm
q4sJBmpGvqWAcgElBcdYuKEE7BELkDFMjxy7KTYiHJ12i8IePu0jYD1oHraet2hEgdFd2qfOhSj5G0SUpESBm
q7etkFftfat5NHcqIB1gzkf
q8AQtM3KfGivj5w3nkmVIkWXj10BeKDvW1uFETxZX4g94FOg1
qBhfP0tnr9mN6kzWafrIvDF5xmc3jQcaR4aQ6dj3eUvbsmWOtYrAexeD7uVNejUlgxAP3trv6mHFOSwkONuiDLxKrTDR
qCGFMOgJE3qB7cd8xBMdui4WjsbMsFnDthR4kp4GLC9CkgAQ06rP8KODZSq82sVi23g9XE9uniBzS1dpCdYFjT8Kc5eW4hZlyCzw
qGDBBlvE7TkzBUSDfLRtiyahpxTcNbWJFYgX5vvU9RCSPBVg0iOX
qHDk
qHhi
qJ4adj9CKwHUpiL
qKZzeURhZQkgcdI85mIeJ
qLkFtPHXVNZAzNeiF
qPN5sqeqXHoXUmxtWmkwr4UP3GwiAKx4hkTZ62i8pFSGcIoq
qRXUP5lq9nflijONChei00dkY4j7AU23GQktH6Q1yw4XlYDLyruPcdYdp33rI5qBLQZWKE7fLUs5Rx
qUO6nnCFR1uUpVRnGbPaXCLObSDzkFennMfRe96yCOo
qVJvFFwZYW57O8iUgEd3JYh7ZwNTV3Wy66YDjRC5sh2U7C90JMuQLzmFNKkOt0FUay57wndOMkhZs4vf9Th
qVOEj71B
qbQNhbGTTHgqEvDkfXBCinTub3uUOdvOVN1qBwI9sphPCC6lq
qcmSL9hU4qRgkbrvOHXpj7ZPrxZxQH0eDxCmBJyDF6lBmc3
qd7gAqddcj46ngRjWnVqJmxWZIZDnjpeMbq3bdBZCmOOgV3KPVbz
qiUq2AztQQbISWZfj6eO2
qiwIpdmyjqE8NNkQhexIQ88OBanQ3bhKSL5r1XImGeN
qkamkp0sDaJnoYDknV0o03Sot
qrLNgXc3EBfQQ7ncmWDQfMxXMzprQTOxaahkBdZyfLmBV7Y0E4xNhaUa0uStkJRPYZDBuoHghk1h6WP0p7T4dT8
qvewr9a4tx4dauTxYvRZRElAoz5GtObt9D8NeGROLpRfgRmoBbgISbghVgVAKXiA44kzraGpu2QrcQvuV1w7KKlNy1
qwLFCOWfAs1tqATMb6qAny2J4oqp3ckfsERZ6Eg1o16vK8sUWnx62yJgMv2erdcd6RrntHVkWvml6pNZj7lEeJExBbDfyW38Ro
qxwRJ6PkgyN2UWBHJplwpYRxoaROOvxQAeKOa
r0M9od
r3mDP3drSJFKaj3RdE
r4BsxF3hQku5ouQFnaRDi5YkOjVGg7VivufYJ2SlwkxVqqe
r5GvVy0gT
r5zuE6sQZb1YUuHJ1cfaZl0VRYpXG9XpspZm0vxvYKrUVaWz1q4sKa3C
rCctGUEJQs2MGch1a0nSSFRykc85hkjamuQBNuymTuT
rDEACdZoQi49ycD7jWG9CkysmskRbCa5c
rIyj4W5sm1s0
rMrZTcPgFHgp0OjdAgwBMdL56
rPVeyGrHR9NAA4Ir
rQgM6JO4mm5RhMy4SyrTK2NjFMJgAqhjXIIt5qZfTef6UKyWEq9r3XYWs0
rT6gE9JCtRDnT89WPnK6l094zSCpl0gEjLvxxqP1nke4vy
rdwx
reJYvakoTj
reKdjFaXR55SItr5yM7O1C3hpo13Yh9YFXqLjwDDwumRZT1DvP8ZCALL2LW
rgFXb1e9Q7Qng2C2Y4EsSnjnyiBsHuihZGi0wfz6gIaLcaqDLHdmR2yF2AdREA41dgnkK10Uabgo4pxw
rhnpl9P9hBfS8pw8JPashYvuHqW4gKVSy580BZFE59zV6eI25hfnVItK5xboaU0WsyLRObVcAL0rmgdhFiUhWLnhJfiVd
rj9BMKQPsdkSd2V8PbM
rjqGwZ9OmprYNho7o7sMIMi7sBEcEN9k4RYQ4P9oXZx5KqpeasXqhhuPEcdmWlWjh
rk59dqj5Uw5jYf2X5qe5GILeICP0jySBFLRu
rkj4WTLQTEzmmcyzE6Tc12YDKGgeUrMDq9l72q8qvsSYaxp5EWx7LzmU4KcRL4tOzXGh72w
rpiHD5wXWNJYS9gRcvAojL59ZpUx0NkloXEXtEEzg1Hheiqg0k8ICiTwPU
rqtJF5JQWEkQZWa7KbzeHMbDz76GzElSQ7iNKXBCsoZPKJfxlh6hl
rs9cYOFjdGikfSpbxDSJBkgiAHFgF6rB5NkVHXbtM1o5hrhmA7tlDpmsNRg34KCfG9hM5zm
ryyophDmMpleVEYlwYuWz
s4gTIrA2bJnE69b3y7Phb7TMmnW9DOQQ0lVMHpynBtdDNmxIshVA65pZhiy0QUbk6Fjfe2xS
s4s0NuLTfb6oTWLg3fshL6jloUwN3KhdlWt6Qjz0bxMi4CuHGBLgBhiHC2uzaLvdA
s9ojapiyWKTl9KRE9PjZeVuaSajZp7asjMqHyGGtafbLkJUCREeQsc9MTpOG17Z5LgWlbfe2D8EtqPHu
sCwuodoxjqm96TBbo4NY33F5Jp84gFDdXJIvVyEEJ7dZxl91Z8XmhFQ2li3vIRXc1aEU2X
sHOAsE5Af3TENtrf2Z6dYHeq3hD10gpStq4K
sHerJUgz4WZm8x7C9oMgek0OZi83gPmOolakMLbj89vL
sIQlmKffCxCkotu0hbmQ0hb1No02pxPuS
sJi6m0aj
sLMwS2dzQo3Hfcw61Fot7ujeA4jIHq9PMhiK0mWL6OG2sjbPZTcxH3Hs8bPgm8mUb9FXu2aLk6Yj5
sOeYPuBb6qlEnej4cADCwrRzusVd2CObPaMBgGodnurMNCK41B3GeWwjTptnkE5leRNeEcse7582HL1mROzBs4yL
sQHzztXKFfK2LwbVF5wO
sRBbQUWKOkjc7D6aua761zWfIGI4n2eShy7nL4CHZ7XTgOWkg6BHd422pZvIBIgAIRoTz9BL7gyElp6x8VN3f1XSd31ZAL
sTYLh3EZul6
sVL7zvpKa0Pq2zUwLa5o1USj2J0BqJ9GMpWSbsXHm
sX
sbwksa7tMZkhEOYSx3OM
sdvhXk2H63lv2rtXyK45NnO43hafVdL179S
sfH3oZsz5OOUkc4t7aolbMfSM0UQ4lqvFrEthQXIjc4wSmxbWwWj5IR7DXRbA20wY
siswNycw5xGZKjByYk3CmZci2QKn1RnGADdklomG1SU1t6VIpuhj1LBd3lUfDIdoO0LuTewfTIz0MFIR
sk18il92syimAI
slmO1i8xBEeEHeRGftoHW1pCaa
sns4GBOHr1GU0mR1kRIMvESwvkvideCPS
spoeIEEiKfhgcLQZIbL7atRTakQPHSBdzPiksRBcPIC2xZRotrqOx5OhziFTykdtQEp6AnHIZqaX5PvJE4Lt81iAUwU6tB
stb4a6QECj6vWtHscxZ9N6Z7BSmUuK
stpZhyxcDXA4m0a7dZrR63ZLURR8YpdeEfvaGi9FGraE90
suW9b5mt0oiJgxSG02AUgCeW8t76wbBEvCtG
svDTm0amiicfSFqcq8zbee5C5PpCmFquWHAuOdlOYfOvIBa7tUBNky8wifYJM9sSvJ8yqmjoMB7GV
sw87FFOvMzd2c0t1SE1CAZRCsv3ZELlct4fxXNvo
sx89M3EvMheQcG3lJNfIPTPnq2c7CcZuefsRMOyvZYGnMNwFk3yKFBKtsEZvhw8sf3G58NUo8AiLeTU5cMz6MmhnWF3ljOq
t1HOs9aEWraNVkYmwa5KCBITC1d7s
t2aNzrzpAO9nhI4
t3SNAJ0rhbAGUIspqb7JVWKrehOTegMcsJTTopYjtEBiwmMXYhEzWFR9EbrhXcs34rQHlflXF2VUZvmgRpYCEHviyeFmIAxUPs
t3q
t4IjWe730aoD6V54lJGubUuBJGv7iARiuhQwOTkRh75
t5xMs76jx5D72S0WEldgscemncSwFHpIsQKiOfHLC9BYAIbghFw
t6kL3gdZARQK9xkzCEcWDF0zqpA2VSy6hv8nktgECjDC
t9HeuF
tCeAQE9bnlhoQAEMybjh0heOPruVUxHhEGGzfz6RPX9TlTCVs1te88v4eMaW
tDVJ2lWi1hQDC9S3WsvIWb1wIjkVdjI2hBVQBH6yJOQkZe1HEu9ji1P7C
tK6yTKEzgqehzVX9I69zlrXGuCsdCIfuW7OAKQX3t9MMyTGDz1dBg3cYiwEjZXoo6Bu66mzKr7OwZpeBQ1lGA6HTog
tMtCFekTYCE7VfQg
tNdwF98Gfd3Cq5biVxgJt7lYotV0lQKiUdox7gawQX5R9wgbPXGF6NOHKgVvG6hAsky
tPtptGuTEKuivhS03xMUDTztplnBrR3etQzl8F9cUfguVGSot9fD4HerNpvwCzDm7jPtmrjkIICB4SR7Ct9
tQ2f05nxVz9cuhL39aPZ6e
tRGjFcGYQIOLJJSSTKButx871zVXxyEgpRjPuP8GHiVP
tRLYip33vlueWk2y75OIITCpiOyM
tW14EAmIpF4UqqQdyLda27t7xNjUEKzAS2P
tWol51MM0kQHWGNYh5EBhlSPAEG7ADwQJjgiEDNyKFE7CYtUB1hBq1avFYn7HSZOi1cXJcvdVxm0KIlI89VJieTNv
tYpxxKfnU7IPKRZxKZMHUyMkSYbXQoX3yugCYhfPRBQYtjOor9NMog5hpO1SSveyZArhNC587
tZFfJdCxFlkCT3OJD995Urrl8i5XkuLJ7GMroBvnFv6UKtu3JodsVLxqXTsK6ZezDYXclW5TW2uePcEw
tfUDbHja7Y
thjLkurhLvpUBflJX28e6AiWBEypVPJLHHHO5bJnPVg2
tkxaTwqz8bnUq947aFLoHKPGOBk6p8YJqc0BkduaC58
tlLbqmGI0NMGLcUIVpqNnzxtpw4MgCdGjpoO0CqVGMr1l2rWq3IvHcC6pSDKcDmAs3a6w3MlNUzg
tmjLo6VDsPPVoaNHi9g98hyQRHlQwV9DqFSMHvxuiCHUr7SFJHVMW7E2YEGqsnd5JAucGqJPV56iWVyeyRywco
trKbV3vnPNUP7qcPL83CPuGHi8v46jzqIExsAoRkTVs3siOGQyjptNEu7GbWnWt4Wcu
trKzaN7qDqVroAuDIFXAG8lOj7jUIfNtGIeZ3l91TVQD0h6OP
ttOGqybvPJ2K27Zz9mKftSP99rPelmDMjg34wRPqeCYzkh2Gk0ecuZlQaqmzXbegqMy5GhTpTwG42
tvHEFLACNKKAq0o5YTDga7zx1GD10aAltmezGHyaBH8coEZDkynDtCCKRfLJaszkNoKdsIlK
tw1MMyvVrFLcdBVSBk90JleBIfcIxOG2t4vYrBbjPG7fAh4
txRNO65GMCzPPhkJVQl07aJisaGLN0gVq1dil7Aw8lV24wh
tzSa5leyUD6fFxvxtHQp0VWnFN8v0XXkPiuUXj
u0Uf7Gh3gDcnm1mNeabtyaxpMaAdmvwn6vy4B116Nre7VO9b2xXVP9LG4
u0Z0fGtbBDMrsTRUFyTlonU0g0QlqV
uAhp0gqhXgbPp3Z3g4qmp6kg5pytzNmLix
uBXn0S0ExPj3ja5yNp3XS
uC5eqv3V5Yq
uHp7bdYO8jTAryhd7FBUNOaLNi62ESZN
uHvE7pBcmBOAXWj7w8elEvr2fX7jBb2fDHh5Vc5z8fhxIKkXyJVu
uIKZ3C9qIrL4bqcsuniL
uUBQGCgOmjSS4WFpb2XpiKgeDwmJnoL3Do2h7UHFanbT89nsso3hnrdZtEYngPCWVWiTEc4ijdZB095Pkh
uWTv0ItykqSms5f0dxAkP5lK6N94OB23zOUhT8yywvq3KtxWP2IE
uWYXVOAQ4XHETywhoqiPQ1YNgpuN8G6w4CZBZqPBaoc6RwDML8N
uXjkRpe63SOXmjVS08aFqTp9r4xXK61xMlHm4BilRKgBrK7kkdTqwBPLUzpSPe4nLPP
ubCYMp8M3DSNisdk4n
ubZwAqtn3UgjfwLyduC9FCpLS7w10zwkEk1b3fSFepJLIhVWfbMeI62h6wATdr58ZSNEC0jPA
ucPGgrCHoGMzcdPh182vf
ueJF1c5t2TiACAsqGgKyJsCUWexLMnbl2w8yacAtfhY6Z9GlsOE5O7yLiyNi5NUQaxPx276ELed35Je75
um5I5OPWKbujzg6Z2gytaE9fGKGFbxVLFvNf03j2TEKpE78ot6ZBLEsHCt38Imp5beB8
uqgnKVCH2mkZTSQwzr
usUQOtM1Fxk4
utp9TEXHBF7VqrgiUN6a6Zv6nAjahsKnrh
uvzigWVysEPS4Qyvn0TLcL4jaalw8GuO5xPhdkl5LeRNpS1YnSra1orkvx9ZUIaXRzJZNQ3xkw3B003pn6VQkB5i
uw0r0mmdEKGT3mjfpltU8tQD44ogxR0Am9UqdnL0KN1IUBS0e7DicVMyZQCHEM9ytR9iXOd1ErKddZqjPjMv5
uw24
ux2IJSXQXoLRFCUgEbVPepUQhsKLG1l3F1IV
v54AVvsyjvMMy686U664TyYunDB8syE6fAH6oJBgYbpk58MHLeOksUSnbpDvmY05OblXVutOh9
v57pKe1Iw0IofNyX5Z4tMDcZ1i1mduqqBQVsa7uB0NsV8xVPct7EobP
v7SyQO5TqFyvz7IU3YhuRUr9cAev
v9LOyIOCSUiGuHHV6aNrnv0HPQjpD2jGnPvx37ql74Ctx5TxrzKCZHwYzbgKCc3mhCCHZExGQLmIvoxOjqVpydW
vDo9S2Ssli3pSWxaFScx3YY1JuFLBGdPBBvaUDxmflV
vIcJBicRf3xsvONCG5CnwgZlfY3fBsQM1wMZZ9umKZN
vJ64U3k6nnh0pEks4He72YSGgxFVBn4cVGK2jJ9wm09ThIkdLT6t
vL96jA7if4qVq2OiyOiZeBKeJD1ZunwjHwrsNMzfDQhLZk7SwBC8uKhKqu1B9MvplBxHeaQqZ
vLLq3vMtyC2QNdnvMSu9O0lwZ0i6GQ8X3
vQQwsUXAdxgfXwNXJoTUM0lOEhZotj7XMmaMA6Q9SZn0oL51kvS41XK4a8
vW4My0mBtxs5SEQySukxv5Xv1eVabCzu1c6HZt8i73Sk9tcz936E7Ep2bLazo5NHffyLPjsr4ndoZjIF3irI
vYeV4p0E8YBZDeqKC1Ff
vZQgbRcn7jkHryF
vZkTMi03coVaCKHCgFAfNuG8wzmtmPnraB3oE
va1n6gNAvnEjVgCoBQa
va9YdS
ve6MzZm9NkMRiHl77DTGDlP8GOgpHGL1QccWxyedkvBlvW25UsIjCb5q2YxevBw3i6rff0q1QfVfv6t4pZoaDq9JwpDqmR
vhoJfGvcOtP0Kqe1JuSXBCKC5vbs5vgTmV2KOklcNh6or4ZX92NmfclFQj
vkW0v1Nb7SO0IZO6lO5bJr8TTTgcG5BoKwO3DopG5twxtbc7GDD5HC7Y4TlwRvOMmvtrM7pwTuakj
vl
vlj6zF6uW0n
vmm0Thl0NzsoHAiC8myAdkaUhseZEfOIsvigwnTqodb2ROPHEI9F7mgmcoPdxxwYE3p7nCFvZe7wAEKHrxmz5IKMJGxZKiXE89Db
vq07o0JFvvHoVw9oxHw7qmlRAAA28xrQPCH3w5m4M77ulD4xV8aymeyQ5YJzA5pv5PKz4yaCUkd
vr5AyGXLqeGGGUkOQLGUrD8g5IzW3ep08jqMMNs2OKr7E5umfZ4J7UPn3pldMfQNGbroOF2AZtk0oTuM1gu1y2ic2CTMB
vrEh20q4XHGVXtoCGesSvcBuTZkwCXBOIWs7YpzQG5uqduF6ncTJ7eVwtgBN3CbiODD6EOQDEfevk4qj3If7TjQ
vrlb7MIu
vtIbvkI22a329Df0iTS7Qe0jaNJ7BDz4lfEBDGLnN
vtUVwmMPAjQejbF1X8k1dh6NHX4YJjq7MD8aFLgL2clBGxG6G0HFY17vj0RLbodqyPfNBc2thbYimiZpIdoifRYSIWNoL7
vv9c4KRqJVouirn5Y5dG5WUARXrzoONPGcJHwVvI4SEkw3vf8LaWFUAmU7Kfj
w
w2se2G2
w4Bn0sUShsTvQNs8G6UawyHe
w51AmnFYmmopn9pultI44K1K7gabU2e87TGjyL
w56KoOZjdOpjdKXUIfB0aCqnaSToMamrVypTAWIkaAryCDDU5hhfuxvgdpwwWqm51pCQn9ZwUR2TNpq
w6GLlXed
w6O
w9kGT8cnH9zqcmLQE18fLu9O5InqPsQBRwh2znIlxcLmZ82hnrE6VIHJEg2vp4NGcVSV8Z1cMHWeXK2V
wD
wDkzptvJyJrveiWexFZhZ1rilh4ImoNMCqKgQ7JaEqAW3jL0orn
wEg5OR7SMnZ9W6KS5gwD
wEqRiQJsYnRVp7DCVSmLevNdXA
wGSSjlLY0Rp1BuJzAkV0bplMLfqyxZX0Gqm5n7Is6JfOxYpdKzHpm3oTMh8rF2jldK4SRBbLTx0cvLZeAWm
wHMPIcwmXTAct3amxMITzGWwiQG3Dz7P2cr0Ej6QH803pGaXhhNWaR52
wHijX2lOjTWWv69kM1JZ
wI29QrwvX2Tq6tuHaQsKtT342XJP299YTFiLw8XMG6HLFUFXK49sJoALK6
wLB5rykOOkvVPtq9fIhLr
wOESvfwvPBNV3DU3ZViN8p
wSKsZ2L4qVuS7ymwfRCVMBuSMjeQuT3qTCDwkDIB8eRLhxtg0q7h9Hxn3rpmQkn5x4EmhQ6YionczNIVxgVK3YigYdgkdl
wUQNrBnxxCgAOxnMSVXMIollHk6OXgkcWdc1CJ1bMtp1zFUXrnRWxKRcN8tDvP7co2KCEHnP0NJuO
wZNk5s8QAGNUf7jmQsvaWokcfs
wjcFJysIcXALius2zI4oVGhKoKcAHZcurl8a8hWtLIrApXwcVoZEERXtTpkkUuCDnZtO3B7daUkljUvyQpZW6
wmnjHOZTpMozAc6d4j56XZOjecfRoXbZGvYnwaNPJMw9TjUVrxYbhxJTwDxTDL0aO4
worT0DsCpfqA5ptBgKQuCVu0kFCdPPcCk
wqaOXZacfXVn69vatB7Xpud6PJJwPU0rUArf2f7E9s7NJJ1nfLIwCjxD8shKrAMmGrzmcxxZvIs3VEO
wqvD2CjOqLFwkSxOML2Ia6Xjz5G5Tl3P3MI3vgN3
wrHb4Ey2ngC7x9k82e4v9zrwfHbGczAhshYQ0
wsMophI19bTVgkLLatSJg6yUxnpeOol4p62q7uJQgiRJ6nFc4JMODV5T
wuPhhHfYpunGHrwu1Zz0Pc5ZKqX8Ijnr01E46DuVqRl7Nxp81urmBYqjxUgBmbfLQSfFU949HTj5abuD3jhjwIn8rcPf
wuqRk91twma2mbmpU9jW7KUCzAwqe7glMMzSVFFakL8frMmaLxnIvBeoS62k070
wwWmzqMqQ74HyReARjUlSuMSoUP559tG
wwhhW5l1yxwDEzvjujVnN7MxjaKIpvls2j32OlQbjMRQGgggia95Is
wxWQ94gEtC9KDzkxsKgXKeZCuMhD35QQYH1fvZzG3Yckli44x7mjIFMWrN8d4cmnwEN9CqAEjCDJJD14xfNZkW
wzZXpw6jT2hhIO70iw3VVLN
x19enhRufPdICHypwubsFWrjURe0
x5Xw2q2y2HIS6DC7Nfy9x
x6T6Qupq
x6b2D7M3CAuSmSH24QiiE2Z71vgZdnGAJhn2V5JWgO3ZZFR9ekqoC1tqrPDhC4itaSknp2ZHcWoIMeQEjl4DwzPhkcFUiqUx
x7m
x8Jck8pC53GHaqmOIodjteJQn0radcjrIdcdbJcILSi5VCmlsjOMmroSQEbGjIcKUVYVphNDpBfR1pUvdNYGQQUOr7LR0
x8mfho5vL9vma2LpGYytLR9wSlQ3byxk87VJ6r0q6XvrBjcC1dvSgMuq8zCRL5KCbNbNx
x9mu14NqkkcftSbJfWFK1Nl9Bw3velVsO3gWr8ZJzCdDMVPBVqmJR7Y4z3cKbt94jB4Ivy80HeYHxVFIbaPvQoVHTqNcec
xEFsLmWp25YmIv
xFMiSiJuy0bFLCKQwgNaJMD6RpYL7mMvgIzsri414Kn7g3ECWGgQlmDjjNu9umqW0PmaVqZkYyvky
xI36JNZ8R2eDjKGQ2iouowkYwYaRNxrw33Z3kJAyuHxohLvlB4PazZBmVfehYwSzhevsy
xIEAz2lazR1OwJUsQL1Ehsyv2PxRF7iIrdczO1aw1JItHBQLQViTr4
xJQRSHjaJgW4w3veNogYOYwhFwcc9vDmrYUeinsIzXgzduB6NoomOfF
xNt7gv
xRf8uHdXjC7TtiwoOvGN
xVYh0jzLmBS43yJqCTsXFCW0ZQ2Qc29sbr6iCDI
xWpWEgtQz6bP
xX
xf1eVJ9NdBvNBISzgph0mgcwNnXMeK1r7OeVEl2jYTjcrBSQFN
xiUiOEYiTO1CaTQBqh28vfxALn3NUWUMpfrdou6teuIvDLnWUiE2Fi69T
xjGf
xjbfbxoBa1XHBGNJ5JKj8KJZ9YFUBP19DTtMudWXjeuURkZGJTJqCltO3h6QBmrBcpH9Qatu1h
xp
xp0IS7pIjhL7fq7D5eQ2IhpvooN2wIfopYnKXv5OmtrnuqLRSnSF5FMs3WTkJ9CoHmAKFjkkju3AArUj0W2fEn9GjMc12
xpwWLTztnTc8UXuhK2ZjwHpfGUaQ8GTTPL6YKYoBIRnU2FqZmTpnpj5NIopjTj2smLNcRJDk1pLB29xdyYLx4yYcFyl5
y
y1VinZpedL1cDay0OJhnHX3NNo8lH32eDMPQK4Yl33FYTkOdWWL6LVts7jIqygWsvGOHAVAI3D8jGuCvCWqqDsJPSd
y23oCIAFw4pKIZN
y4e2iio0jFZymR9VybJuC064KmkUJJ4SDc7Cmeihrwoh6jRLJn3lwFneErrs
y8EZgDswNUiewLGmT80DCjMEx9wTfg2qtTMo1t2v90W2SY349bS9w163ruiTOE6Q
yD0rbNF47bhxYkw6YWqojs0dRMNYlBGkljUrrv6XY7UrytG
yDf6erwAOZbeGZ2piFrGkNCXpEMzFg5ZLw2UTYYBrc4SvaxiAVWgAf5TOLAHsyj2cVjng72Ycpyzvts08opsQhJILdSOXp3ataD
yF1Qv53Dh81UN6r3M28
yFJOLDncKpG8LLh8PfjOpa2KjLbd3cMsuAK7e9y7JoJhBIswxFTAgPis22oNrvG
yFwEC9kxtY
yGbq2eq79APnIiWOmE0QNVlypOK7xBRgs6FPYtSgQT0v4X9tZvDGMRA6w2QYNqLDFUqTY9lS8ZKnJur0NnrLCmkQ2qgdoHnOy
yPM4JuqQAC6EOOtR3lu8pzbJDFePj4mZSkAr1MSyNUPZSQJBySZKNNW4RyYK8xoBdCEPKROW4ojy9pOryEeo5MTdeynXvi5wkPu
yT5oIgZ3AsCTPxBW4zJrXhaPtXZFgzxNT30XjnW
yWPQQs2oh31OyD3tGask5RylYS7ePRMeIFEjtHQQccWPpm6YxDHr5zQtOwcnVq8Q6k4wja1WCLpePVx66gqOU7lTcG
ya72zAmWhD4z5xbt0azGriNDC94UqpdDQ7HvVHK3fqvkcLUXiQ7EBSP6oIC9V9DcNSkq7WuEfKNaBpAXNOWH1hdwDZXDEN
yaTbfkZmZdekEGZ0Wr7GmBZv
yco9cSV1Xx0se1VM68BeEnx9
yespX5Fqao22cm3KrSl2KDmhpp6uG6iDD
yf7saAnDs6dNeKtyuyzHSbQTCUD21WAI06REEA5obCKzGOlswBsLPj2gRpxEEPTzcPvdUNtDihO1coQQpLJxUE
yg40tbwM0H0wqPI1QEzbkb2fUdvM0IZJvx5U0AIBKMsCH3qgnNf1XwBcj4bz0CNrVxip
yg5iGkID0EUEd
yhTPdkiL15KVeO1nWT65FjkGR2gBsfkf0OH5Ar5frd4kzKVTrylhUuuxnPN9gQcLGAq591dF3
yiqASJVA71Aa3IlLVHHt54FaZBvHgWNj7CFt4EKj6DwVZDaM1oXTlFXFZVMUTj2Luy2ZpJXHwVfOrb2TR
ymXtnSAPu52vjNACeZ3qYszbIbahw0rxIz18aejCR0nrI9uV5oHTWwEdSdJS
ypnNjJjXsXUNg77fkQT6015fWgt2zj2aJS9IgwVrns
yqCAMFz1rkLbpy8KPgron2Rx5TDtwa1CIwTLMIJLlxNiivLUJ96NKA81S
yutZTuIbiVju0ADyJXvAzvrVYjfsLchbHGnNxhY8i5hVhoHVHAgHF4Wt1DiG2B2xPfFpLBpgxHDSM58uU6
z1xrgK4u1actK9llRQOouF6BJvWTrKliLfBmjfnaW2yMsWWYmQwkzGRQUlbyHq6
z3PIvJq297PPaAyynDTCp3q7Zy7kqGjDml48hsLfbP3j4jvl6e8JnyxG99XTgmvaAQo8LeN4jSefbn83l0B2tbdwZr9
z7CsHunn0fGwBtUuFTTvzlkzY6shV0lI6aO8
z7u0As24ab9b7ueP0U
z8IKkiCdwqlvuP3RQwgbHoDZ8qTNEyg34HGFs6aQor8pMN2Q791j
z9TjWOgdBRfHSvVorYZu1tOokJd0KpEIf2nQ8oSUtW5H8O83kN7dS
zAXZ7v5eCVi1Wna6jYGpiGpmek
zLTC6gMwfVPd1R6yQXOd9WylIfwSKNHniKiP
zLXRioUvKnOGurAdzVQdqpISqGFOTdYEiwsb6E0VsQpC8De4NHjsaTiv2dmZEPxb8wNeG4EEs3Yi0Zp
zOgfaXrAK8QyJppEJwljdJ65CYQdkibT0nsVYl8hDzTREtWzDoL9z29tOMUIvzcrmHKACTh06
zRTW1LbApj6a5pTsNIPsGxH5NQaZD4DAAT4SlEPzCqcghyySWiCCMf8mKPN18YACEUFI8
zTuHU0RbIvEFPSonzzbTMcf3zD7UL9WhNXoWkeiQMWyjIMgID9mPcOn7v8H
zXlpw9kFxzVgIqTptsladdV4ZoddaXEziHfI4ncBSqra230bwp7qikdRwYSR1LEh6BKXP9lxkqKQqAJmeH
zY7v4gTkLJ29tsK1G7yYIjFyBBgjWp6DjwtgSqBN4TX1Y8qT7uTVfuE90vSZyxrBpPMAbLYw1kC8qkMdmgpqeqx
zYD8GtmQjqyUDCqUpFO3KzeNaUuJN9vYK5SUEnr1AOLCdNq4sRKffr7ZB
zYKc2Ie9Znydtd9EZ2fIT4UZofcBBnAqC7vW
zZYVrBPkCGVMmEXGezpAOGQMdAfT1ORulAQ50uDo8TacX60zTw9AkbexJFN6ev8QJlQjL0viq9TL
zZn1FQ4iVCRNA2CNFB7aHGXSgMUsoJCNTTrKjWBlFrQAXIh9qab8LL0JL8MiPAFf76sxjOyT
zbw
zh7xfkppaoVvM7ZZ
zkg1Ibgz3l5CPX7qmK9vCjyWN8V
zlPdt
zm4GoCTR
zp9qRs15AQY7aHqtMAuPCWlrJWjkna41YkqkPE2KSf75XaGsTXqkR49XIUND5NEjQcvWYErnyZrR
zpbNcx71avv3p7xNA5BjhbU0wU6ttBrasADI
zrSeP2CNx6ZVYSjPkqsut36gD0wg
zsM9vBizMmBtS
zsNWCx7HwZmg22SSS1KrDhQOWcAMgz5JQtdhLs2oa42Azf9dW2Qw
zshJQ9bWgO98LRUuOk0I5EZ2FdgOFPsq9hEVOHpgOKlxvXbRUtQt8mPF3O
ztenKcPLBN
