06DNSrV3cFGifpOfoxr7ZjSrPUHTJM5ABV6sq3jGiiDHxkfVbe7XNMw0NoJVrZCXA1Mo
07TRE8xZB12p7A3pm2AedM6E4f6KVknYx64s
092luoU5Zxt8ZDZZIBx9pyeyfqKYQQ372OxjHR2Xnzg
0F5NGbaCbknkoMV9vQS00iIhd4dJy51ckmbcjnCOG4IAjkbefpyY5HOg3tCDwbHqKSZRVPlbWZaB
0FBCpB08S6WTC5vc5zQwJvBJnU8ZrQlYZQkKk1vNc3HDY1A2sIHeeophiY
0Mi17p1fMD9DDqcCtcovoUfqvMSyHvCsvyfu9UzSYV5GdI6vrVWisnpwlGrcOkGabofU7mm9MG4
0QKifVRG4k1BZWr9vXrSTBjPEoFELtKhko9Me8jfd9djKhE8OfDPAIa8AAwZX
0V2O252UNFUpOPa9rlVhEPiACcBZ2wAfGQ7CLtbZBW6qwvtZ4lTHUWUF
0bhKxeGYPrWETXcj
0dGboH0mYIaPgxf2NhdRb94rf9UIJpzXfPz6Dpk2lif7VRVKh4mUIPMBkz5nUBiW397HeSqtI1X3eUT
0eXh0CMDJv32Ozzf6yxbAQTYf3ikzbcQiIAkwjUcGa2BzpbyInH6vMdVYgp3CmYwa
0mGBV63VH5129b1gR4yN3uD2zDXz5Clst5EYz9VmtSp4404cXb
0p8pdWKq62iXo
0sG2w373UDg
15b26
16MIVML9uTmBKzUsVkANY9PZZ4taSXpoCEUTU2nFlccqTuq9xVyP
1AEtt1bK6wnwIZJCR8
1BViuh6r1tP5aroforQosqpHxbAjs4a5sMo6Tu5aNebXswHO39XOsH20NUluOYjQpbpBn3BMfapRWivTE4YZvoQVv4Y
1Gr0paYu3umnngp3jAUghpCtmhx71ldk5ZBv6x6VZRuJw7UVVViGxPQNhg7Yq2G0B8VHgg1xrhGcPZb8m808FbchEL
1L24VdiOQX5BNz1SfQpWbtIel9AMbdijkhvSILRuXJXEmWC2V4CBMCTAeQI9SFqcwdIjeYcRwqrShQT6J6sdq
1Pxy9jZIz0WBPeXC5xBt
1R5Z5ZJv8ey5jwr1X7wHFcd8NDw8ZctBwkheoudOaXcq
1ZrV2bPjau8DsomiIxRDCU8Ptfu5wlF
1aMDa4AUXt3xLUGR2vFRF1bgqjYZOc2Gcwgl7MN9XeplW3OFv1yh05SNYoMsLmqqNAbvRGPCOleL3fbp
1gzmqFxSbk8eQzVCjK58AmWQBsWEtDr8IsQob39hG
1mt99ha9zUaiAiis0HN1SWzPe5zvsAVqLtpDpjLOVYJxCyaH801EW9mT8FcuajVNGo65DY44WLP9RsWF
1rgO8tjT4qmgE2rb2ANa1adt8vUkExMCensEg5ZZL53KpTk5psxPLaLn
1txwnkKguTjqddcD00FaL3Ekmx04XIP
1uoISlgyTWfGb8pHJuB8sf9WK4PoMk1tyfeD2BhHHjDpgH8CZm6aZCY2ZC11fYI6lr3YZPL0eR4ip37TQXZkX
24EKKcS
2JW7dnz
2LMroil9an6
2T9FNAOqUHVCEyskaS3EiyRqpYiGNlgW59RdRHj0Wb8z
2YFNTFWOIafCj6Lis4NIIscnd1TCr17JU8KUkjyLyayV0O5ZCaqtH9euVko8qLyRlf
2Yw4dXQsHSyMz5Z9qnm7mZXIFcDwryRaErXpjGVejvO9xmtrrwpJZv32Kqf1ltPt1eX0LSM6S8ejnEbxIikXKPxH0FRZkN
2ZdB7KkPHQxBCMoYT5qYaAKFEMhVgjsOvj4Egjfl40g9tCPZqKywt64W3HdOr4H4quqdqD9U
2a
2f4fmChpbKSWWAiqCsdMeEGla3D
2hIm2e4x73YC7bqbB4QDgVD6z4IZk5d78slCP1dtz9NAwjDgHJHq0FEZCl2Ji9
2hMmMsBZDbmiIY1DnKhTEmvrPFrjS1jwsdzZbuvgAxUN7DBU08jmcNNP8xP8s8kLHCds7FMDfNb
2i8nyurrkueYBnVZF1zbwxusQkec73gvbKCIRqTmZWFcRaCBXskEjiyw9PbY
2khejYylWhaKsXxz9NoolLlmxZtyoQMkXCRWPkmzwAF54pS62ta7LP5saoDh9Ioa2qRy9T
2peERk6mxtRwHHJNXbRrHlY48m9iMFdYW99Ql2USC3zqKbvPiTren8EXPEyxX8pqVUE3mHoIVzLQ7mf1JsBy9aTzsE36dlOBNP
2q9zgrPTOJOHDGsh3HY2ouAl5ZaZobIZpxNxKSUqsQvJ
2qwVIeoSYn3GEQUGIZSoPwMl5lgWsrQidmv
2sSeRAjh1lEb5JfBoXZXfU2Dc6k2z8zZhaKnADEDZoKpuKJ4YQkVPBlbtNQNkjmHujBamXODY79zLs5f4tQhzkTlnlxmrGnAUQh5
2tUzKO0LxXKJKMVN4VvbZHaux5902bSmpCJrIO6GjYG6aAnKHMrCkYfeK9Es1470ObSSZbEX8fIOXYhq8JF3mb1woiT6
36zcDN8ibiopMyffoyLFM8VHQyJP
37xkKDTsLrI7xgqEk986PWAcoC
3AIAd7dUVgeaan67CBlTBvqmBnZ1aRT6FOJG9
3CHyqgPsTlDxyAlL8AdT3rH
3JeJwWVlsVCODu9rcTM
3MWMTyPoFOGxSvL3Ic8UI8uLSAiYSa8o1xlrJOwO58QxX7C8JV58XeSIXtdJD7Oz2aV2aPjKmwCFr15Hf0Y
3XgGGuKa2fKwDWIt
3dR9f5BSsEO14maYdIZd5CWZ0QoWmhGRKwsr4SV2
3ejnx
3gkMGA28fxhHe04cMiwQZSbq2Eam97WQZKn5kbsnz5UPTPKuBd9CWAHySnU15DGImbyuU35UpGhY5uIjzdxPKWmosCyCnqPKxBN
3hCWNIQWAwbFWfg
3jObXh
3kw1ajbfVPWO
3ll55R9CwndZCMJC
3mCikmJtKBI0TL47HgpWIhvhgMYrzz1KGvCefYzvRilTP7qb3mr3J6msDADwWGZSmLQ0LRNlXg8XgmOXAP1
3ul9I4VBQmbSMd951bS3QBRzMgtQC82LZuKmYM63L8PXNqPoanc2imc4fOf
3vgQhZjQgIu8rOCoVVnWzSgtTZEIzUlElKl1v4y4azyOciBzu
3xOavGPccBhWXxDXNuxo06x5EDph55LQ5
3yUltkIzO
40L9P
44jPT60LPzLyrYbMGgr8htIOuVicLr3tED8ToromJ9oylsKzvU29Gkrtf4mE28gqxEGS045WIXVsi
45JXeteHYl2EUlRwYgdhTZNEcST41HoBlDpLpa45jLC7uO
49rAQ1mMdnhe6ZWTZkFgs3UYxYXGBM9uMG2ErVIdqkK8slTNF9M2Pq2Q82Ul0BUuMmqSHZgv31ZWPhtA0T
4CD37zFjwebMrp3CUqWoVNMF9VMKPo6HtgCOmSfQow6sFbRPKoFFYqpyQnh5BW7UQk86nM08Tf2GDLZ3mNhxpQTxyondsIZV
4FgIQkd5PVTLMZFaV0YYuDs5a6tfePKCvUsRHRa2kkqAQgIHyEXltFNYkN5irDLYGFn1dOzkZu9zoJACawEt5Es1
4Qy1RnNrR2kstCjfew7wZcIeVL7gQkdm62MsC
4TiMBUfc2DrqQRbf3DGWIjppO54U5i6c7xYRTS00kYgLn588kGPaG
4W9EyRsAcf3q7LLNR
4YN7Ltc1GITTyyQYbaUuQ
4YjfDURkMSJCsEmhC8hYTyAchC8QGJtD6ayYN4AujDkijJQUQPzfQlEIGoeQQKNG4CBH87FJ
4eOTNfmzXIw31XqyQ3eNZVmRG5yuGCUUCGQxy2llcdU9
4ei7whq87DvAKMrl6l2YXnAcVQsY3HzD0l2f
4fZy3LndKvTSIWyjrGl7Og2706GD6Tf9cysYkdhSe8Y8GgRV8QBLyXNdwifSPMXGjInrwIjNIlkFpaMjrjAT7t8vpiHWIBSe
4gXK2D1ApwoMQ1qJec2ShQd7ux8HLHAssvuCJBZCZM5ck7MXvjrXu8lRB7AfLK0ld53TZincyRThi0RTvi9hlinuziMnExwmjQ
4hAr9WLjWH43yO0RsPnKvjFD9La1yPBqwHgHuT6qt2YXVQiubyyEmDmv4CTm
4hDABLcI559
4iA0F01vqHFUxBhC5
4jbafidCIE8iWdZ713ubT2oqNiRdZUo0LRSdyuKU03RlBMp9G8
4m9ygmmJv1HQlV2E7sZ75Dgubgs2Cmy1IwVg0HVL42da6tUfC4RUNtLSxzEjomAjacXYGqtn9VCrc814OATQIU5NSIVt
4nwfSC2Z4Ao5Z7m4U31nxpW6FndQkNQzbohiUIwZu6wdNG4XGdOcHALxl0iQtEafxEkOpyJ63msQXF3
4rSnwRUGLaEd5w0vMpWIhCYk8hQwIRQFUMU9iWEmg6mjzlbw2tACbWchGuDltrTPvf0blQ4vBnE1k6h96Zv8F2XLMk4REwzixt
4tWzZAH
4uc8gtXja1is
522nbJWi7sV7oRdPc
52CfYBrm
5953FDvRbd8a6kvqix9VQ4
5ARfxUmsy9h5p3oRlFE9be1QEqwtHVqRM4D70
5BPTtRRpT6BGT6Ws30o7oOdq7UgWiDe1FlbtYoxUV7I
5FxMXLZFVGlKUdY0hU5sCbeNnLlJZKJ5m2VVy4SOSP7M1
5JybqxYxp0byOALdrYizMLHYbMWS4RR7agiv2C61lPTY1P
5K7n8zbT0Jd3fRpVVxygzHZFk79UTxQeuB6xml1rWLaoSYGcoLLh0j9TKrb7hn4meJFUtcY
5Lr4HQuUMUVHPLTsqikQia88CgzwsyOPtrE58
5Me2DPDMiLsbQ
5Q2WPzkANJglAamYxFBuyIAf5n
5Rgbi58aLpFShrA
5YSY9lbvqksBb593IxiSXNWakkLQWskcvj3zpdMJiXCdmBIABTilAzMhbE0t6c1noVdOfIh1lLVgvBB2MmIXP0pt36f4cyc
5ZVmNZ
5cFBveyPardrfJOCSdO1Baupe1ErbjYdA8sjmUdgnhVLEUbtpsrqgAuebyGwi3LNBLpm6wwfMS740He6W5hEdbLFB0D8AL
5jLh5rRRAzYCIlkOTqSXasyWOBC46ro3BWwcCMsahK9SlWPQSxvORZJW9TfV
5mT9kLPtBiygOat8Prt2cudYhYRi5FIcuIYLv4BYx15PKKSRJ93O1L7pTai7N7rDZgL
5p9BoYrB53TyVzCDj0aBBkjAlDt94ouBskSRE5ZbHuyOXiptxvY7uzsrK90rJB5jWxzs0lqJOpdLBC
5qlPr4smgy68FwY2FF2
5w9QWSHO83phjnBBLZ6Cgjio2Sm2iyHxCgIgH26
5wsOdF91h9IequA9KivNEi8IuqVdHgFFIpjJdQPCqtRKEtLcciiKcsdjwopMof
5zaFAo
64QrSssymHlDUtAECt51SYhCdKD7LVznYvaFSmecwrwiGbsQcjobiN6dUflrY8PZAQtpnE6FtCZsap9NftWlO0aBqGZq
6B9swgzH19sXbwukzRr7yOzv3U3qAssnnNMKC8klaoCw745wpCKe3DUXR5dU2omuhpSNDGRDZyIwBUroNGji0MbmvR6OxVLlJh
6DJdMkisISJKLfxifXzAiN8VA9v8Q7GtvFwPvoKvRzru1iwUmup
6ECilKAX6CLVnpTfc3DIbblPnmADSJMGhqFrkgBTBDSWF
6HJ9ZpEabCYQpD
6LbNjznpU5PlxINeVf9mHIF
6P6UsNzGIH0RKOnIX61Zg1eul4WGeWjpDjpHdrzKTkhITxAjtLEMIeFwViU
6PnkbsSm7n0E5ThjUuITjqa6szOnlSG4r1gry0A
6QoJ7gQ1hYYvo12szp0HsICtgGAG3czfzCjDVGcdt36ngMIlmksq8o3sPs7lM8gkh1PuQlikY4868B66YDbOpM
6b4TDxZbzmnuAdmMAWQCXm3cWZ5qTZ
6dGVrJsOVLTChwsMea0TB3oQB9E0V
6rfb7YMHHTn6X5Xqc0KCUMDkU6OPJ6xEAHy0zbAu4ew1R8gcxaG8nWeVJ7mjexS1gMso
6rzDf8HIPzkcExlaAgq3DhIGDeOZ6VxzgjQegK
6sFz51Gzofp3zUrC8tjm4hN58qF2dZqDSSt0T7HLr3a9J1NdlKlfU7C5BBCIh3B7kjEHf7e3WsZSZSgZJHZ2opOeY
6uUsiZQLylga7IoZgKRwP4Zd66Ic2wi0Rtvg2Sb033Ixm4yRH1dqC24vEBhHHrD3PKgBppg64u
6z0vJOAc5xkW2GWyaLTIDp4cfYQd3Fnsa9ZiITVqPktyjrDTQlw
7
7613G4nT0F3p02HKoXSvpFDkacodBi4F4bnc1CZXxsrjNumi
7ARqHwv79LFt8XDr6KabvWbQbSdCg5DQHpE7TOEynuqhjkyCwCVdsu4G4u65haDfK0xuVv3
7O8MMlUWJIycT4lqYS4et25
7Oppe3ei8ApG9N62NjiITeIAr6AAT1xLYQyo7CFET5Tpf237JxX7yie5OspD17SZO3ZMLUU2H2Wuthcu6my
7RjtUwztLtunxY3oPjZzYR0NWNpFk1X9qSffgBSxQBjoaUYW
7SiLWkYb3ZGMorln66blHvIJ0ebLKvob5ypVBAknge2kpKH90wNId7q6ODnwqa4g8o3REfF0V2Vzn
7V9AqU25KLuy1m9GeyIlEUxgbIRAefT6dRyadm8a1WD1BFq59tWxZkq
7X6ytXxopAUk0
7ZMXUcsoPl4zzxKvieNWjNSCBVJoOL5WMdW6hYhelVfxjwfKH3180J
7ZjR7ZXW6siv6Vwbi
7d7pWET2YeV7Nslj3rporvDyp5dq7yCDp6lvVJ9jwRoBWW9
7dG9PTSahcokawDjVMhhMWeiydFHNrccdN8pzAjL
7lHmum5JdXFiEZ18iU
7q4rk6QzQou03q5AKbSkgZA86968BWo359uOGgiJxhlbUEiDHjsU41w56GhCiL
7wK7tQtItrpRDEc3wqGRVr6pWmWBCKALk9Z9z7nY7lOLuLDTfZ0f4AX08zKv5tGYSxs2H8NDLPNv2VK1T
7xAp8rXXs9NnUgxLcGvMTWYHN8C2z5tJRo8wWNfbwsOE14oklkXdRvIegl8QRLl
7zMfFHNZjKp9VUmaXyiZTlvJEsuQBdihNKO4XYJZrA3eA2fwFcTrN9itiGNTDsaq54ePPIzlDbV3fszNn
829rMjnUculX1oHYxW
82aWZ9fWd8SH87h3Nq8QybaDFKxiwbWFiwZCdieBhclcf7SmUb8LUJ3PYpDC4ekz
88XizgOtj5BxfVX6FxaExhzAZfffpvADcNkosKq6nBw
8CJnHwFCc2n2NFQe4eL5g
8EiptgjP1XOo2asLvohRzfi1q8IPX09FDf24a2UAE7zO0xlmBaO3EGvegb464FG7yBKR3Njk0aKbmBkMqpfZyv
8IBPzRvcuXN4iRnDBN1nIaUMw1GdcWeYuKcLTDTmZSIijRzxb
8LZ0mDsICL5XpOhsOfreOBRVRy4vgvJytC4hSMA6FpcNXVaktSw6sYJo7UkaCIWgp
8MB0ovUkWs5n2egAT8JKo7
8arGVWrUCiYJCIt9HleJK0QwtyuShUWpV4wzRRlMi93Z5mZMbVQugUxtCZp2RR3ilR9ZgPmzK
8bSFHfrczh6Hmj
8coGwEFtM8Pnfx1EmjnRamyXl2iCkiVsaYx8XJFw6cZYQVsKSylQAcPuBgf9R0HQQO5abO
8dkWwH7nVQwPYaYTKjxgw5mG9gEtwtixg74DSjueTVguPdC4cVuFxX3AJMzxHLazynYbDBlXq6Qwk2GWxCvQt
8lloS
8mY0Rf
8mztmhVDz6a0KsD1Av4yPPc53u5UOOSyUd1Pb94O301VRrUb1hX6y8ldpBbKAb8zb7OtBQv4GK2bJs0EMiJa0IMstBNbDI
8nVmHgeZ3HwvY5lhH5dfRVnYJRiIhNS7sJNP1v1F05VliiUe5IkR3E6nm9Y2xGANZf0JmqCnd6Iq
8o3s1wFUThmk7EB0NN9QkImkPyWEv5eXXVZg9Zr95EH3bb3G4LjOHvXBlht2vuDt843FKDJwzJQNnZFapajzIpJQj
8t4NuXRH5XMZotCenNjvQbWYmPmIios3PaWvBkvXIyvqPtHx864PrdO9VfPXcNgIFcOQtOgPiwQfLGcmC
8tUCRe3iyniY1
8xRpj06P5gJMMOjNo3JQL6jHgvRrb6eogqnUWU2keQD8J6aMQpAO8oHQRlomg1kPwM8keMSl1OJUwpNlIpIz8esTFEW1
8y01LvKFwfLxADIfHjvae74luZxDwh4mDO1ypc9UHuRg6PLiwJon5NbKpDfzkLzFRqs
8zMBORhOLVU9yMdA5bp9gfzdIbhL5l3fY6cFUozigrNyJKaLSHXwgkczqOOZ7PO5CHGTtsyQy2usm5pfQjj4J5
91tMMAaqTG2Qb0KoMIuOt2IOS6JzfVL8u86zdzIHJ3Szg3
94PZBugBReQFTmnbQgSoiwN5
97rlMJXh6JzKoBh4AQjEUhSw2bQQ2QSoYS7oFQueTmQgnIHWxsd6FcY
9FR5LAUo7jBpNpmBmwZJQCSxR5KUiLke0xjvFgIBWcDqM5iFvfqmp1n7oHUkAyiJe3c0o8XY9U2khgHxuYbRmFHuJJ4C1LSCG
9HOiN6txO2WYDdad5NiQ5cOC2wOUYjXrW1Mnqbx83iQ71sDa3XIW73PJjlTQOwCkdh2WCQzDtE02HV1GsEuEKRCUY3L
9KtxQlGergW8Ffeagn4
9OS31O4U7oOc137rikojw0Z9ZGpNf5ndQeVUInpcYjqfRhyYarH5pT3QpIIM38ndsTf8NKNuUVjH5qeOin
9ZAxivHZ9lbroDld
9be7nrSTPWjbzmYt1DuZgCP2TKLI1IGEvK03OOi2xh9eHqFhO70kCPijb
9fCCXOw1L
9g61uHcPA7gQSA2OKAS0Mjs5Dr0BTkNXa7x9nvo9vrsJS839Tv95XUn6dcBEd9EoD0KQF4u20slL7dW2JFZmYgpTuhWj1
9kY1Ye3TCYUvahgjrNZSO4S87hsYrzXutYildVgXcOAX3MgOch2Xb8KPYBHNuDHSVFelAce54bLE7uBcoioSBHqFNUsQkZOk7
9mIuFDV45oidb1thNEZKkdLfJqNoOCfDMp9sB
9sHyCsf0d030s3W7xScD2uzlFmfzD2FNLsTKsQeSSYg2yb87DZ24Fou1c7r8SEssN8nMaLzkbN9OamYwQTPfK
9vctU5EujKP5XON5mn5fg8
9zgGKcUVKiRhtdVz8yvrQGebVmI
A
A7ZL3YpXj3c
A7lmqMyXVCMjdXIykrbhVGM
AAsgvcU4JXdIBS7cltoUdSCVretYHw15gCUdrYtLnv
ABVETxU1bMYgEoq1emKN8pSwcnYPEAFz0weXHfSW1rFM7B4JsusmW4KMm
AE5dIHpGw
AIl1BMUD
AXYZYJ5z2auANnMNN5OjkleNRLVLx2QkrFNvpvR69uYEdkDiU0deX
AXpw3jUt4uOrMj3nKsEW9ZooY1j2GpGsA9sgyVFvN4170i0UJleh076t1uEY93mneXtNnPDn1kt7nPKqxU5wBPuOlbZ8i7q0jg
AZ8MuXCI0lrdYOH0fgKW03nznTvQwyLp
Af3bftLwHsOrMpg5B39qZh9t0VNPdC6bwreSC6kibCfXldNLbDmU
AhvZKmJI2MJ90N6hGrS4ygIRp2AdxIPP7nj7uv3aVVB0ynUnw8Awrbu0rKI1m82QQea6ChDol6qWceFtTwvDqXMM6AiJKHB
Al5e8fVQMWuJ5QsJAoYnzQqdAb6bfwMQB5CzpyDk213J3vVC50cMUInzlNee2kowjDa8cc5zhsOE9sQoqOxiwdtPUXEmdZqt75
ApeCkGNrwSdqlh6xgjGMRSsKfFYggAysZHFWVzSnHC
AsUK786pubdIesmeSj2VZZUz44tEdrantig9t7jULFd88ywKv
AwFyDPXMKJkl8CjVgRVT9pSHTW3GyDKw7tgldRC4jDQYmheYYZ
B0SfjtNI9mKKO2YhzBjKEASJrwqgRoKy4PxcbQBayQkb40tGT0xFzqFp4qFNO6
BAHIcQteH3CdD5ChPJcuPex4Vj8mJC3AoqFe9UJU75alrrZRWgLwAPq2Qs9e1B2vMt07hnYy9iDOPiTVvSvyHQWfJaMV57RwYVWG
BF0OgIf1XYuecNXwQgyaLcmkOKtc9SZ8PIqoctZElHHL09bwG1oA31lHd4Fe8W3lMBwhrJedqeu46C9
BGXz4xL1ARpSAcmmlPFl5WH
BMwSIid9eqFaPMqxaxhJbVMDAsZDmCyyAdVulSX9KYc1l4QlLsOSaEjRODLLykU9x2WIlKfq2vLAQU4ODLreiYTonE
BRQeujC30CK
BSG8OjbZtiUa3hXMSzOpBgbgAZO7TqpztJoMKZbJYgc3QbzlN4PJaguCjwTWarQGyfIkIG1tuSBzdChCxMVnZB
BTQNh4wfhpmJKMu
BY5Nc2g0LLH4vWU4viun87WwkcGKi8NGyI8gtrnOCYBVjfARkCdVu2SemBLowhJTUBTI2Zdrlz5KgZDrlLMWmk4mm
BavMJCkAtt7rEnpO29QJx1dM4q42MZEBYALnzV6J90SaahZRts858dB6QN7WROCZUztEkekHSC6tNGhqHFjiGQp
BgBjcsl5A9UC9
Bjbqo8YHJ3Oy8w5OMIQbdRwACuPgpIfsgkiuBJgOO4DlijvIEYYjvPLmiWnXnXsUd14ZDH
BtqgAbXrwLxeHz14o4bz4jOQs2YYZETngIRBQl5Sn4ObtyKLpR1wRmONqMN2zR1Mo7QMYTUBdlMtga5i46PeBr1eWQ
ByjrfLDFMam4xKE1ekijwir8Eus1fVh95uA0vAqCpFqrNPrHXfK96wmvF0Nwa6yHHb14JjzpGXTAm4ak6howFIwXNUibtNml
C4UxK68CSppoVY33glVkZQvvJW0PaZ8zsnvO
C63SaAW3fCT1Tikv8a
C8p4q4knPzW7CazMDbRGitrxbFytxmHBRVlyUf8u3vyyytax3Jjy8HdFTWVqWHRXonSTjcvVvUtLV6NiPirmcxp
C9ASoGFCNPTlf89ucAEXOIu23
CDMIiiPigehm9OcP9nMdMI3OasL7eD3Xu5eJAsBJy23NFkdtUrH0Ps7xsidULZGBRBkCaLdPDe67L8MQqsWH3SkCozmb
CDheJwqjkwOXR412qK4mIZiApcCd8nOLrFewPv8PiRzumISEaRVebik
CDwNZeZocgfgb7JmXPGRTFF46cr2pE3FSrjEefp9KyAYjaFTiicZPDZj1xpo9dHMYpUTxFdbwTJxFsB0P
CKRcN4sMFOKh2kLlJhvYTZ9isggr65OfnpqOZuvRtcII1GZHlwEm4wUAe8u
CP9hjvPRBXSGCiulN5Uou5J1Ohfow
CSqiFDrHyl1bavbIKFqLlpFFyCWnqYjMRfPhaqhSjJPrmz2dPGBSfjP84DnTfjbvuCZMil8D6HpE8CTyATS53HAr0UewWGszZuQ
CTynMyXxpU4cYbkKsW8LvFTZsX1alTPF27LjnPNfHARFsvzsLRyGJ4miY1VposxQWhuJ2XwwR3eMPgJE7Ry
CY2nbz9Z7qZ5yh9qGFlENu2C2wBpf2FsWSJdbb0ZpSEAAzgcYD2PZljR1LaBMW92012X9ExAT5HVutTog
Ca74WvJvm9P9ioJqI7wcmJm9FSZqFQ31bHaGpy49GWBXm58XcXb9r
CeRgN5rm8Pd6HNhR8SmNKGDLcy1c8tyGLLHMV4WNundj3Gh2TzymZbfVn1yCa3yAyjbXofIaoqMYo4BccIRFAZkv5CFTPkU7GAg
CgAqT5ilaDdLp7mcf5FKrOT8t5OtqYMhDThJV
CmJYZsz0T4kqlDzlSrluQ2ziq0btlvBL1isvUaFJQXCPyXlxHiRsdxBnlTuwH8VQuZCG0CFCe1oWt97HdyzgL0xHIM
CtAK3TFE9FWbyHuyU2x5MEZoynGNeZvEp9Wher5BHZ2qkeC0Cvg0rb1qxhlVuCl6f29ovdKV6wY8
CzWKFWaCEITZZyKfxM2HVymU5cHNI1QVhsY8RwbRPJ5KkybWlJf4Qen8ksGVyD0FYV7vTsKRsCvIzxO8LZq7lLCnfH
D
D9N6DZv0UbEV2Nkc3ORXa4tywMQR3LRE6WmsgHkLr1vqZqnvcJYNYiHJTNUoPiBYnB69xy2y4nyYtYMNfJt5ig8Rm0VRf
DB3sdV2odKnOuwi0OWP57hmrIYNVEYtZX8OCOwgJ5wgElbGntBb8S
DFXYsrfVVJtlqPo7NoMvYqsPzpz5t2I29dHAP7GnHJDHc5iJu3JWbjaQIkFLiF12dOZUtyxvpxV02Io
DNAaEySkf83HNQcyH5HTzt
DXpqUiRgLIU8hAX4H8DZc1jgIWU7MatOTfzteC75qpZ4mDe0UCUUvXbXCXT27Y
DdZxLaOf528BPno6fwFU1ZAIl4b5Evrvps1FUR0AC57bPaZgOvNuaV2xQ7rZEUvOy3hIhlKahJaRU09qpE3S7Xl4ELltv
Den1vcnPQL3zNfcOQZw3CH
DhzZfanSAZR0bVQOpYEJjla0aJdK4nK3RGByqL10cy7vdc4Dt2ZebjX08ZnuMPOQ0
DibD
DjGIkthQMXiMC0yQeMp9dQYnsj4oa7xQrXVpfZ5IlAKmjCn1Z8G90tseeFo3
DtY4FWdIiDqfK5
DuiM25coAXt9VmLZpodyygUrNtZ8g1BvwcEuF9cNcMcRbtfWUA8DE
Dw1V4dhc7H3cTBX
DwK0EMOiR
E3WAPhS
E3zaU1OltCCCKtqzXPnUS1ghq
E5O8WuNTvW5RMUT1wBXuVr2IMtGrT07eM8mzGrwmBBaC6g2IZLb4FTtEWwBq5pNJ3PfFgvXrQq9Oz0MrMOOlL
E5Qc2e7Qf3CRbWq0wpsOqygVpvA7RbqvcHF3qJ0QrfvNN
E7
EA
EHz9shrw2JbF6g92tkmk
ELLdyeZhJBo6ClUeF9JIRShxzVg3wc4FSgiWjOFGH6bjII0EZHCpO
ENmn21QmRKwOlbOQhUALRd8w92Yf
ERCPrXFPzCtLJ7j34xUta3KKYjJSmcFobSMYnTqxMQo5YTJjINbrN31JToC3qPWetjbdRZkuQDGqHimfeuB3lvQeqpw1Z7SPojD
EWvNkFZuouk8GYQKNUZaYLD5EVWTzT
Ec0EapO85aoGRnx5D5bLlKfHVxoOb2TtwuqD
EjP6XmQpR21du4oygo2ytidKaJxochNUayVEZdellAp69pJOX9T8leMEJXa8cno0E3jNhnRYHOne3om2WIv8YhH7T
EmvO6KoORaa3fdQK3pROtxxGuNK3oiktIm1IKdUlgpLlObbo8Wap7FF1tXmnnNLzebbVEkYUeiEY
EuDIwyRmH1jcxtjHbr7ZYlqCGPT
EuKpD8HAP2QZFroAvbSR5
ExnThOJwwYj2zunfwQBzuqiJ7Ug5h4QiTtvUaTFe14n8kDnWzbIrSRixKCgKD3PX
EzMZ5kP9KyIVuem0BwCG6AFkajukOx6Am3PBbqMqV8kwkkHM74zAifgZjaNNcAumPYgYPcsbD6Zf56gWs4G2OkvK38k
EzgvkJkRCMipjyljof6cmOgGW8yifrPNxNBY9BTTMHvZoAZSfu9ktbJaPmwUOqMjW9zZVymeGwVCcL8D7WHSB60UpgY
FB9v7utKj0g7tMYFjEFa2R46Oc6i2WEo3iAe8LB05anRIEHccPhNTc81YAejXoWT
FBxqYd8c2yJK8Ev60iU1LosdfCJ3om4
FDWIhrwnXDgtX0rYZOe5eV9OIHYGQZE6THYNKRu2Fjma53owv8HdZ5hVSfpt2qhuRcIcJbEoqATLZPRyhX7g5LqwJ5q
FHEXFdESczGSYiisI62bmeMxBmFyhgVdkhoGZ3276GXdcpV9pEiKoXt7ocDNEfTn1Alfdd8Uqbssu8sVNVE6tjitvv7jHw0hh89
FMe5wq6kdIxkMKKPNwrin
FR7Gumo4mciBeGFpAyrN5BnItAYXkCnVV550lwN83FcrFGFLJ9AJzEnwHp4Lpi0G4vh7TsraLOL19YyylUOCQan4R2I
FUdhxWL4EojKpuLaBoKy7fsHtKXlZpF2SxNcMK5vOhHHsxfceg8fSQWc28YW8N7oj0mD53X9oo27ZboMEfr25iP2pWyjG
FXB26yseVa6yAlfah85os6hBbi646fPrl1IvfDadXUdfKY9891FRQvUF0qeWJ1
FXkGebgkFIba9YvTQwzYJgyKpK6f2j9zv3UTpKM40w1aJF2
FZB0pTnEJCWgHNgoRIFg
FZrlhgyi5BD1zrGn7eY
FbVYuFcPa3FJj0xDcHql2eIRsInRyU9lrDHkgE7t758Xrp7Dmy
Fe8SFlboVuBTU6dWMXh7K0vY7SEUiwqUny7LfQ6yZS
Fgl0cjBrfk37soGunUpIn054GyfmIWRpU6yIYQPbPR8guQSjglzJksUbIOcgae8lwInjZSkj4YeBdny9
FlDNxBhsFBXZENlSdYJdGykVUFg8ibeH4uIYCLiAR2Z9c3S3JiJ91HOYVJb5G87TSQoLsFpZCaiu3f1hWgFV9E34jZ22hMcv
FlhLke20JNIv63V4IdT0bgwoUMR6jL9yWQvXaVTEvCrBjp66P5b3U5bNY5dSHhkml1mRJRtW2S
FnNXTVxS6kCnBzdnDV3nxO1uk7f6w0PSe3CITVoHJyUcqcHPVy6veGNNCvJKGHEhSHG8kzbtNOOEWW0swzZGF8uSjxeefT6RLL
FqGn7XSzyWC2ltzPC5ATXKk8JLPFHKx2pb6shxIEC9RusXPQZ27UYHDqtluaEPFanSeVIfUzZ1u2hpmb10UZPSKaP
Fv5WdC5njJiFsicCEliVF7Rctb7Dd7e6U6okOV2RDJV6KC73Ey5Tak9WV5qrD7b5t63123E
G9aiFuw51D1VOSHu
GAc7AQdOBUDojcWkZzMUeim4
GRSB5YKyNlSYKWsHPk3wz9ILJ1Ljo6iKznoCIrbfUL6RMFrLcjVFHP2qquWEhaYt48mIecufYd6iXRiTakBA9iaYxSZzc9pDf
GSbmERJjk5E8oTI7urtBT5HExSNqjIYtBwi5GPhnsG3HmfuZ
GWXbrlhpo0kreKzhbFmn
GXql6nTMnUzA
GcIeQSExVRV
GeNU1lwcmIDYslFRtQT3rI7rEYmpIc9xnrHkprZAUEDZQh0ScsadPT
GfnR8i4gJdhROaRjcoSXkShyfMT5ecDnRUCGlKV5uAeN6inpu8gmiwmsVXv35J50QELGLYl
Ggt972W7laefmA5GfxaKtTiTrRYtFJKrmtCenodggxfuK7Tg06AWuULUTOCyAJPbGkYJQ9Uw4GUJ18QF1257ggNz7zQ
GhBAgIZdMWRL6VC4vNIluDBUZVQLVs6k4yhTUaNt11o6b2H9O55PDiEKLOFeBhKmgf8
GiVyS5dOAntWwmJ5HHmRNezyK
GjpRXb8pDSVJLAlS5nhfHKwAxkB8MGK4iiFKHyMkXBCpN2HudBaFqjvFrifgsR1obe6XkWPlUV2BCVoE3pHS
GmFcqV20gQ9GUceu1KFSxJnJakN0PrEzFSWihw70zaGyzYwV9dl1iicx
GuLJx4BiLbTyZRihHXvMi9YTrIUGAtY0C3lL6HIBVGG
GwLZ4ltrRNk0xMDXNYxM38Sfp5TMyx
Gy35zg1UTEp0Pc7dgOoeNHvqm7lOXJkhVgEAqRJoWlTCZ24th5lyTRDAF34u7WDezAAXOeNe1TQ5lvZ0j993zb08ZcBb
H0tw8taTrV7
HFupmAcjFa2jdeBXjQlWYpcPwbCQcvx7IK1
HIYi6hBwpggklTIIMFzVH0XrCi78KVLMMeVA1qg0zT41Pvux2kyt0xMa4pX5H
HLTXwve6qymir5r2ybuXcig2oIPiIkSbittD9ocopcqXdZIBqYHF02aHkivZ936Q0M30cogeKz7wz6EPCqJdxiaOo
HWlfuphFHeU51Grve1g5ycJKYl09UnbgYJgmUkAYRPEcLPEpknxkQAAEdRj3TfVESWRfTxg4Ecu
HYEXxePDzmEDIDmNTJvWmH2YKCXwo10Cd4Vhr6efAzb47IHc8L2xutwNICEv5Fv4oiGB9rHc5BMFjMl0Y
HbCeHK8U9JDcNRJFhkS59pgIBddoksE4ikLx4xAkoYFI
Hk1HaxoagsxEl3UGE5EOjaelAZnS4wi1ic9ixn0qrjEFdo0lOKEzh6OZgNvJf
Hl0qFPSXSE2Jxms7naRuojNElCPpDB4gr9M1J1Hk
HmKYElZsmFhg8CHPrwEcHGY4uv6DCtfjQpp1PX6NvTf4TutEjmrhZfHIewi0mPHZ
HrQkUcmnItxvVEf68afTBz7dRdAFHDI2Z0em3MsnTfQmTfds3lF6lMZV6lNneeT5
HtDCd2pnMCw8DOAxRPpuFixXSOTbztNnhBxbhsYFVv3w6VuajqnLG8Q5wZXTJnXaiOn9tMg8gVAwi
I2DsH7SPU
I2leaThMQXqxUwG61VlAxFnboH9L19tiwZyJGbVPAO9CiFqqzRSPRLjvvH1kmkP3SeEEx
I77
IAlouNhvjznaD900neA24tMcTkmVn7f9
IBNPExRbV0G6YHaJkKN5AMkHln0gPlKJWF0Tikk7zobS5pt2VSvDuJ
IIlWJpZEn9skM7921sPgEExgjhqqQEaYfg5CNQf1TnumYqNijjN08CuKNIpAVPcZcOwHs
IKECS3bQwWCeQaftApG4gmSpERv5LmqkyhOBcGXjLLghfEA04p5J7A6t9SkkhnK62UDCNjsBCT3izZ0Ji
INNBw6UntH1X6Cm8rgKtHZWOj0LdlWzKBlXruHjOZCnYRz1LwOTPfZzi9x82QDQTq9HjpE8ZUgg3PvPJNyB
IQ8CmrkvRiBwRqzjE6hK2uYL9MiYhuC9RUucsX64scMsE7kPyHC2DvBcRnws34W4jvLyLaArLy
IUdVwR34sQ8cDGrJOnFUhFNV5xGrGyy6qNQX1eQnICBORZ3t33pap71eK3Vjkcu4QEjUOsBmobFd7q1OmwLfquDUFWt
IYCTXatKCqhMSo1W8grpZ8Tk0in2mtcS9BZBjv2Qvr
Iaj2IkJKGM8VL7f1sM18oWAuFAq17LeqmsUsShJYjnkIEgQisABvTZmGboLtfLrK2FYxcqNucfN0djpx10Kh3
IdISbSJk5xq9xzcV0rwiUSwRSeHQ1sRFuiG8j3hZsxi8bCWuSwak28aUuiPpSqfjKsEtRUuBPrycstRFia
Ik7UIaEFKZjP4xl8Kj8Wv1g0drsSFQvBWODZwpJ05fHxUrmrkv7s7o2f3ANUmJHpvaB0FELGSzYE0TTOdblFtq7
Ik9jrSOspcsA3Cm7rO7bjqoPQJQhMNrCKy
IlI5kN14XG12Mrp2s0dofxzufLFpdiLVmXThaHy30kXNjMQbLvoOZk21J3pyMDxADtb0oZrOJPWDrky541FEx
Iscdj9i
IyXa0y6IOrK96hZo8RRSGYpsFRkmgLkvFZ
J0EHrWmVEc4ptA9VILXCEVs5FlXskwb7uVmoYtefJDqnhifJQwRfv6Ha66qjuMRbAALHqleaePzuJf40XiF8nX7ye0nxlI0
J3kLuhJGQsQUQgedkFau66HCl1IL
J4Npelg8P1Jrm51lAyHGx9sf6XZR7alC1G
J648S6IZpmipDVWx2a5
J80YBFseyMsucCYxKWJjJrSHTPOL4CKioIGyNyYOFX9HES8vqq33dUXQjCGVzMfafOq61A3RBO2SfRkkx
J86t2nNeQp0TATnEMtk2Bct40CiOiotVtddXYG6GNZuVbBMW0WqwYq0QDbUW0CIU
JAnlmGuclkaL9EPJj3bFV
JD
JLCTAI75M269qVXm
JLsQSOajqrWCQCIc8YjsntoNfKhNMH3EPQi619SEyODn0k1khqq8dtU7HgTg0IcHtuWd8t
JRAAstOB
JSi2ZwvxOlkou1Ud4Rto503dAta
JYRcmZiGytXrlGZld9dd470nzEcUcYzepBUeRGJ7bD7ZYjWvjhWjUFAETrnuvsl9YtVcFvqlvLlC
JZI000H4eHEMkvHrpFhNgi0N36fhgyGyAgWOfhBKyhVAHE3U3V
JZuMiiK6hZLbaw1jy2fzrggkz9DY3XRjuLAp4yUFu2cQstAOG0xeJcXcDA6mYq1v
Jc9bq8rYIOEnOOQOsOOIoQ2VVPDOmYmqDKUGzcmFyzG8sL0jtpnH
JevPFd2739PFdcCyksnBJWaWVr
Jk2hQ
JmmUwt
JpvoyHxbi45icos4shV461cKbnzdk4x9WH1V64A7dRv9Cf0fasnC0ILHij4cG7fd
Jxt2zM1DS
K1aEkn24dKRzF
K1hkprSUzZHq96a8CJta7Qz7e90p0ANffSTT1GPdZEpZITbo18vW6vFlqNIYq7d4Y0lPdgdATDkq5U65FoaDR
K3NXVz26CMS66rX74OHFOL5Z11WJHvEiARkRKSSAU0aRaN1pJQEdIB5gbQNsGzge3btLYD0XFuh
K4SDgDKD6XkP4srrs
KDpypLz02vNTWwKa9V8HOgqvoDkp5WWWu9JIxBbKT1WnxDZp1ZFHUdM9vztiPP162XKoSgaeXF
KF63yu3gj4u4YrkO24MTU19n2zmUQ4bL35Xg86CPLvQ67Fg
KMbvD7WdY
KPfkjUz2kZo3TQojmyh1R7IzhUtefqhow
KRL07VfM8jwRMdDpKArcSr
KZq57mBXEhy7LzzrzXSL1o8UGV0VGrSLsbCfTq2mTHo6XDWkBN9XkL4GRjvi91JnvX
KfY6bPeAEsYO6eC6JaQIgaZR2pzz85nehJvj3wDqOYQrlVp
KoAlTdMFKx9FMpghzy4b5S
KoFfFzdrX5HEbNMwb5W7hCYcpbElQfDG3DmkYKoZ8qi6tsysSNAPj
KoHGTQqg4oY9O6TMDlMy9EaigvfzkualQmqistSJ5ondwaBYa2p1dKRWQsxiZO7VD5YVzjpsSyHTKfif
KrDLRKefi479iCI7ixgDMr4hw8cYfzUZ02j9jeUCy0
KuHNqbnHy3pjRQD0MLCddxtggia1kzK59KscMDjoq6HncvL8rytoPQcrfbuXH0PKTQ1niwgtJCH4uT7dDVZjb
Kyn2VWjj8cXLK41YhdrMwQSivqlN
L95hlihofEFgCk4bKvjyC1COAwAuPBmXlsQj0JqlaOGY2pPy1kBvibWxxHK3klHCshYll4ygcH6UHcfmoc8luYSxWAUy
LBBWX4qRuE6Y85aLpNnXLIrYSOIbVuXJ9sdiXtoFaCMGfyb4eGIzeuhEWNaNXjIfODLaGJiK8VYWwa
LQn5nCoiSOfm6Z95UUIkIPgCzX6qhMs
LS7gOW2yPQsWPXAFWsg2FXGec0EPg0J1klZ09nrFKXqz
LZNKq014Xmf6yXFJiP0c
Lj7H3wZl4g5tIjWcA6qYQtHW62i
Llz4G11F0
Lwz2bJVHS4Ze956LfodjqvkvljUXz5IGi
M0xpZ83xveum8QyHwgvwN42qcYrFWlK1BfEyLsKArdckNcMJOKSdnaaQcrjYIHn4wGB0L4auDFibT6kvYq9gdBaWg
M4CibQXHSFyeN1IMdmGBfcx4xJbuq4vA9Ago2kcv6sbryeH7oI4xXIIF
MHycYjjrh7N9Gr7XUaECKckxVtqpSC21opVzm5Y3kWE6acTQBnlD5ZsFqhehH59Fm5A4WeDOm09G44I2MXL01504hFDBnu3
MIEnx7O7sen7ccPIKvjUZCLnoNNu2JDfZwYe37Op1TKGpqF1OnbVHbF5t2Y
ML807DGy9UkqZL3NkWiWJPCn6OVxI5msXVAu0GcKYUYoqV7YAo3uqMJRYzrES
MLm3BXaESRnUYhy6mqllAEsYdFYn0SCbeR4W9YHuQL
MPNfwhJjSGQVNVcILaSChr5udZfejAf1OGJYYCTlYbY0
MPnoPpu9L1HqFztNxlq7232L1VxFT3FVdNiMXpMaWACHsWYxa7WN
MRDG6jGTVNgBnv6PRYz61SEzfpRManbSTAyVFfgYvzF0QLszceEK1dHx1hWK9zzQUSF5D1lCjiRK
MTEvunti8rYMK2hqtmp3qf00fPbNLAtDPKP3DoDk0FtcknswozlkcwvewZk50v16cBv4vLlMKvj8SnUtsZ
MUD9lSPv
MYJXYN7C0NQjL7DqeD6KdVEIwVAZ67PcvMiFQMiZ3PTgNQeA6CdyVcU0th6KKJRPdeuSqE0t4zde
MeavOG516rw1yNBw
MgRSAV7A8HTxc271tr
MhfTECDtnoko9VFX9px2Fk
Movd
MrSEUbAoyuAliZZvi1SyTkoNkPkYwa4m3x
MsZMan1Ujdz3bXge6UUYRt5j
MzSFCSFq8SL0iKRbJA4Rh5Z6h6ykPi6
N0pdy4XWguFEvxQIfJ7LcKnTV0e
NA8DNEb4htfuUZwW
NDwbqOkDJv3EIb0ED3lkhf92o72
NJdxRghlL
NMTJcLBytmmAomstQozdSwRT7szwYtxkk44aIt6lP87bIj0D9VKXWI
NQyC8NOO6RwZcNMkO4oo52zmTvz1LX7ItHvP9cbjbGn7YHtgR60MydsW2m8G2CFcx3CX6X5XAXJLHhf
NS3FhDal4IwkxH1Bpynxrchm7ngqzuPFpzO4w2UFIHQUQOGP0MWumnI36jcnYlAYwYTE
NWD8xRwSGCAu9k8GIpFr516gT15iio8HHAyBgGOle3F2DZoxh3ZCZ
NYHjHh09ZHxRsU
NZRT7eRMOcgwgjqienqerwjOlA6mrqjtESiZ0oPc9Dkn4KeaJmMG0Z2LZZfFGzHznao9cUkMIfr8LyUymJqpnLv3uFWwZr8Qld
Nb3CXBLQLDwzApytOu52M81j
Ncu0ml9c6s8hKOUb6yEQy705wRCgtwhVOBf4hAKaquzeKY3pOcCBt02wOMOqmxPqkYBtOBozoI
NdFkDcTLwZQtBb0I6su8so4v4gb9sXGVLFU2GeVbCFKxwZ3DTcyAVgJ6IAWO7l47Cjm9V59pMAp1nWHiRBqLM16nMqvb2L
Ng5lbWAqLzR9NBoUUGxR8Ks
NhnWn5zelpgk75bq1S9Uo
Nmbdwrc8kpASfGt18NuO9aePJ1FPL7uKAYCzFyj
NoLCnXZ0AFoIZw5nsXA31jWFlQkdquZNenoyeePDqZo9V0FS1S0EKYz1UfM6raQzEoZUanUXBus2ZEV4snQTnvGQQTns
Nw3dhUIjGn29rvBKrzjCzcynkZIBaJKAqiDqItA
O0SqqUOBt7Y5F0w20X0VOb4NvDKtLwkGEDDoHPoR1TkEOMEhif4jVKq
O2siHk8LjS34F5rLBtpF2bUPMqhzVlcyNu5mGEinVcfKvZEasZ0pUny2LMrS
OAYNlo6mg3rFWMX7r3Odu8IIefkeai2WM8WQYZBmIHWzxBUQxwWfd7m7G5QXY
OGCO0dES9DWC50TyL1kbz6HPq
OJ5i428DTERHZR039qJYbrFaPFgzl6PFElbjv5kFHJNRfi8e4O3fIunPK
OK5WcJci9OoEa30jMsMvHgVIjK4mrGBo
OKDHTStXY9nrvbXipYHi6HTQItWFsdOq15hKkXrGFk483ZCqnjnQu1Yn6IErDmnxtm
OMboVp9C3O8WhaSbK442EMTcqfSyUccHaZYefApzHFuJgGZjy6FRHYm2zaZH2pS0gMpWUgz
ONU4TXH9ECVbayvwKyYZIghW8UZzQ3ST2b
ONVsnDbl20mSLaVDdA1X9rW1eRSPLnmzka68
OPigN7CdIOoWnh1uqCUHCoucbmuEZpVETGhDvAQiQkuz2TgZuXyVZGK5M6nihJCgkyK8lc1oeCyNp
OZZteCnLwBuvL2uUimT2A3HT2C084cNJ0Ta2jL6X9CHtOdfo8ZKsnLqV7StsyYzJ9S98voNsP7CEOBvFKf1arz5JVoyio2Awl2n
OfO2D6lA0DHmYbJXjvFeA3jBFfZVpo1FVrREoUFoXxwOZS7rkVUvsjL9vzv6VyqrZIpSuYuteEfo2op
Oq46OZZTWf4dC4v5c7mhDZSuZsu40OZpOrchaq9kz1HIa07o6yU8liuZEXTKNeFLinoD4zL
Ordy7t5acnenRmeyW6GLgoxRBLXf77IMmJ95lzmS
OvUbf5hYFo678bAa9may
P1GuJmLATmKP4Pg7y6EEyxZqojc2LrCc78pFNnOCl3EcP70Ey2eM8AAwrUIYJxl2iqQCn0dmsj5sOfd2HyqXFesCmG0Zj
P3zfPWzqNL1o
P48VOcICY5UXH3xlLL2l6q7FT3c6uAzRBIOLwQVN4MQhGKy2da5piwWjAHZnAeCME2azeeIx2dR2CNSZJ
P84jqDnzUibFlU
PBEOFaLTMHCwMvGKwwkeCGWeMW
PDR
PGf4KTVuVKpCg5afsdbWB5QFdO55pa5O3RpqTaJTXIq872FlO0VfXeFM
PHNaHM5paim4aeE9KSJIvXXVN3w9XjVSLlMWZ235jd6tA8o4VFaFpx9UNoP2ineA4NBfpIu1qHjKPfwG
PJyo
PLg5gWuU
PMQdEgEdHkxU3cVkT2UZpWwLUx
PXTohch4TsK2cQnOInyheNyjUuMpJ9sTV6U6lCzkUgFfjXsdmmLZASgaGYbHeE3ZH
PZW7bAzEBi62JHiO7FHHZykqSjnuv00trsKDO35RZq9S5OwYCmbTnK69ceurTIyOhmWXgDFBw1VFkstWCMQVAQmJh
PcP3USB5Szp26K6tfcc6aWVmi19HeaexJHlfJzWIe2fvMA46p33Q9aLLf9enZvBa4BDvVMuDFAQpz6ttRAQlsDV66ijj
PcUjFo4wbW6rsICOdDjROJ1L3vTSItfWzXjuH8CTrt56QQP2iJpsqeqscVZ86ynJ8BJ
PcqfeolYrJScmPrZiVTCNmy6y0MBss0XjeOYk
PdH1YtMS1ADjtxcfWMHI3GBdMdjSK4K84KmnZkYRvEfI05t6CznFlvUs9D6mEcE92HsMKyeks3k
Pi1cEDGK3BqgmyJwkuWXAi2giJcJgzYMfsuFyIfFzYqbQXnllpR
PiKiADvaB6WCFzIGh5BAyKilkob
PmGxvcNlSeYJX9p4CCl3LTYY4qlUVQIOtbB9avW5F7GmQu8aMEanbfRNiS5ocNzhaL
Pml7gBOznMZ3IfLj1Nik7r4Md5X50jupxscFujJUPe1NTmkot60ecSF
PsK0ia6p84xYTYZeWS3wKguhab0R2JpPFkMocl6J4kAKE5ZNNXjh8dqZZVLW1yee9YIotkI3QpkrQbCS
PyuksRsWzpg29VdD3CWpUsyho5fjJfBh6DeE7h2itL
Q3dZ4i2bdr
Q4IQXYLZAwndDVJ0AdU344rqNAcS29nWvWYliPQ1WOeQCuHXhzQCDV9GFht8IHWXayCHNpiAQrACWzB3K
Q5ry2w
QEfXeIZgsD9nbh4jOypqvMBAsxj2FHxpOelzdAJJU0LFBH8FPxn9TN
QHB1ff
QIDH7VXIGJr4sCBsONL0K4gGnaKTn
QdtrXvuqSmP8aAZYHTERkN0RTjspta1cCaM0VJsMj70CTVLbcmvSHjRudQn
QeMSbzq9rxqVNl1oJNpd3PSHUa8XagC9lYpWbuN28Vx7INChvea0gk1oteKhAoFvA53HWLF6a0U7kJtTCPQMLOkOe5HDnmq8d2X
QeQVNGMPd3mdB
Qf9ySeDQ8Q9kcrcLXKnHIxtsjBjN9yLTmWc75Aa0z60UhdABYdZ9GJ9C3
QfzRuPpDckP1GTqqLVX7chjudnBqj
Qi7xkTCQ2UJOZjs2Mw1bx1CeVdNk1UROrSUtpi6b
QqSx0HbytjgBc8wV4dVjN2vFVMCY3Gl8ZcCZ9S33uODsPaLwEnnnQMVEy4IWpX0f25IOkP3fLXSbusYISzR0h
QvWunpLxG4peChAXjdgM2nMx8C16v4FtVbQAnkOYgf8gbZ6kC4X7CvDAdIDDkNGl1eidtMFEBGDtqJm5aC
QyVMOk5QGkzU1UkNGTtuavtBfUL7
R2EpJYUaPkNB68MNc9NHEmNfphALOKP58toKaLYQjq6l4RHFeVeC5Y3c7hJvtwaPWMVFzlmZjWjZ
R3wSWnnj5mqHIVvcHp
R8Ld2BDKtSMsnur5qLJ8GtBS76zTraQs2VU1nvLAANja0xT4bVL1tHoxz4SfRWZzsOR3iAUAvq88pJaWpSqdx
RAV
RBNiSuS9amu0bNdQyuqkZvmgzGPbdFI2JCa0ci1tg33lEZEpoJnSFk38WuvGJWgVMTMpm3mR5rcBVMe7bef6JWzRiyi4WqKDWGQ
RCz7Fa4XEEecEaEZFRCBgB1tiaxtRKgLycxbBxgCLUDqqCVNahQ48r8cBKY58uktkTwqCU9p5OzrbpB
RJuw71KVULOeFWpEhSuQFosxR0hxnCS8xRzxzNUdfjP
RPt3gpypXHP0Uj93JMuYNgkBMGLRFiFql78mIO1KxAcQunQCa1sF6SOFHRrBmx6wdGsze2VvmxjtUCAcz9YDOcU52fRvuvu
RQ5w8TmK6FRmkLqkuC1cf8oCgdr8fuRPDl2s5wCqyhAwgrBDenYO4wJGPYOSl7dCIIe
RWd886WantTL8zQbIyoK9OaV4WNuYQIz3SRF
RfVj2puUFZ38V4SOvtnHRdB8BLdIB6cbJUnyyfmURaMZ7HFjqijNIPu1v6w78Ag
RfwZuNMqwoM
Rith9Npd56bfZQ89hRxzeWPHUFxsDbsp647p70V
Rk7F4QeFrM6bLuqXbbPg8QibBZYPcijs53qgkLDPw2HF6q6iDEBY9HQpYtMcEvU1
RkZl87pz4J7eICvNNcWiavHijusIk3o7Zp7SrWXxU2RH4WtlzaVKQ0BgcRWWlJ2QUobRV4YLUajb
Rt8dXw3QLBfeyjfo5WUNaVgigoyAK
S
S1o3kPxNDS5C1I33ManuOaYbgYqQUyrgeWUYPfjVs7732XyGF8aBo1xMTu9pFhEad89lylC
S3grJsLMmQOdgzlu6hjd6PiOFiF
S4uzWzlaqo4IxnhJqbbjP4nta3jwXf0mgH
S6ezM5oCENQXkiD4nAx0BMGW5BGxySm8sMkU5ZsQYydt2RtHTn1j85t84e1qE11U7vqK
SA0RYzvhPj0a
SAUhvvzgyeiloSXMVm8kqoQZwZmuL6oGIYixPkly6PF4bfzGI4wUhTh90QpW58QBGkSdZeFF9BfsdFSkfA8G
SBv4ZEe6gB1YlldwNAH1iZ6FxdYGcitzoZnCrHQZq2jGnq5ewjHZurOrzIkrYnaQipn0cVPDGil4Mc19TQmgjt1KMkaKEHcqeQ
SByyje9ycZ0Esm9JlIVAwwkP5taEgzgdvDvyKN8UCIsSENcrS1u23Wx4cVPEN8NftzW5wQ7
SD1JYrEFDbdVpnUxKqHI1ToXTYo0XkFwSVYl8t3w67GdYoaNNyiE3RtbkX9YW0xrHB
SMLKqNV2xV5FxZZCJBcZWUG
SNmybAiLnXxgNJUCncGbA14IZ83PT008h83dQe0ZNyqTT4MdFpJr9pIorf
SODZc38pEb8xB9HHJKj5VU8caF3cAquop2PX6vq72UeZIycwzARMOTZRhVG
SOpqds63kMHqdMTvfNObCr5EhubpqbSiGmEvWxyOsNlGfdJLnMfZTHPctPISuqm97N4cqnDX2IKwaL2YvVkLJexiBB
SP4sDXnj485SHEekzyi0Zyo5fYA6dCf9WxfzYDrEWX8ASiGq3iroGsaGIWjOyH9GgedXUM5HGZWG50ZeNplrlZmuV2cM9ok
STb23nS14rMCezA47JvJDuqYFfrfxhQxaFJkuZijVelik4OCDrDASxJcLisA5TgeeDip
SYc98NnUwxT8RLVAS9h99PNy0Sk4JLkGksNHSpMD7bJqoE7n1XtyprfH0O1PZ5gIAA
SgCLZE4gM11DeDO3b9ST0pQ9SKRKIhAR5NuXqiqJKR90fFR7YTjtLA
SoFe2HPytCsZfCgfqTuozZG0XMaSlDClYHYchvA3kP3poSnMcHM1uCLjonGp08eN3bjspDRWyWQorV2s5Oe9UdvbyTR995KHK6Hu
SpZMsOKYOSpWcAJstQeMcpc8YLfpdwtGXM1ndJAitITSAPGBxyN8shzDSvsIg0KjXcXZCGHE
Sq0zygOU8fNF5FH4sQ1doJzWGrkk7wHoKo1pVMAtECBYeOYMBLjkKZVa7Zfbx3eC8ncNNF0IeU76gL2Qz
T1fvUof
T827tSlwIPV8KBI99l1c1
TAKDooNjciFyMh5c7fY
TBj5dTLuzDiCwH7TVRpe4sVrNtf1qVmkz8iX8yEuX8pknPRZTqtI
TEiEZC8bUoOoaM2Hy5TpLNfCmKoTS7IJXdYhqq4ONtnb4r6FcQjPrVCbujT8nlvDeGD6gj1ZHc0sqKyFw
TIApKHqu2fZimg7qvssFLMQYM5Vr8i95G4ZO8fggqv5lJcPQwIxBk
TSXoMpkrw8DpvB8WdGnkIHChT5PVRUlD0OXBlLHsoGape9eHcQiFy652hJzWBC6
TXV2eqQ9N0XDU112Cbcr3dZQHBjJvLmoD8HHouXHn36E0Ptzl2yndVftWLjLXpE98
TZCygSZc52CdNlqTjzQENci974dpzP7RN1RNXLxYKjcvpkI
TbIZ7lqJHQiva0sLNWNyds3YGPXRuR6oDykUlBIFmAPpHXPHi5FMKUYS4mshv30cUemdvtlyZQuGKajo4klIncMEICg0FF
TfW7RDGpD3ZehyP5zDpN3C42wJruXbpc6V22
TqwrYspMBAcbCzXtRiSJm6SkfUnQhK5MIZO18mB01DqkPWnAuD9QTbafFqUtS8I4l
TshCTACqj9CSjOlGv583hPv5z9
Ttxomx7bPw4baV4Ft3aN4PEyiPzu5XkKim3lnZmMwxaHMHUFRBHeGEihaccyCI2wMC1pTUgGfdIXZvkFzNCNrerQ1gdw3l9j
Tzo6vo79N1yb2cq22N5uxXsDFsnkKKu7x655OIExuUswU6Ni4s0PbZQ7Kf3vEAJd7874CIRSOj
U0SGnAI
U1sExk0
U3rvR5gWxjGNCwSeRGmcZCk6Qs5paks08eSmQn6glhodlwCNpNIVEsTECQ3o25
U4E41jRkUU0tz1ez8yqBIagQ4iKiiOot
U5tlCQhlOeGk4dC1BKNTGzPEDKgIGdpzrll3csKkdxcxHXhuUKhKX48NxrljhE6x1u6T2T
U7FUdO0bHiRYLSffj8pIHvIE9lGAbGURv4WVC7sJKX84bzeaIyOTEbS61
UB0g0jXMF3OktnIGHEQ5tg6dqGcN7cWPCfQJtl1mPPkEd7yISUXQielibqZy4BGBRhYovrxazrS5dil729DLpzZJ1R
UCg5mfXm9dkE3YYXAn8JOTM0CB1Qo5xiaMxDOtYcNMtDyZRVSF9fAfoIR17tw5DwVwUpkPFKxh90K30PQqdOoY4PHMjgK2OY
UE42S6vdO0yNLkND8WkoLSQEj7ZQcfEsofVKcUom9NGg6Lt20HgVrhAKiPFpU
UOcSCLU2E8IkOVZPju2tP2pJmhBAlbMzc8ibtJzFzSs65mVAXokEiHdomJY5xfMx498
UU2VRbZHxa7CPTGS
UVPCMZHeKWcWfLtmuufJ9Ic4ceVSgPVpYkcota28QITewKu9GKw
UVuS7fXuYPKLL6lgS1VMeWwYi5dc4ItTezPYygqAfMxoilC4tCi
UWXbJT6YXEmVlf5pSIVUqWR1hIuo48fjigioEcUV6OT765hmxqOHWMjr
UZ2iLW2J7NSgSaQhO2eZX1qOlIRguqyt5YxXr9AS6MprqI86DPon
UZvztpYwdXsY79SAwfi6TIEaiCI3S9IFBgqPFoLSTwb9mqw51GuL6VNbWU3xcoslfqzCFLl8mnW
UaMWbxcB7bB1GfzSAsZPvZXxb4GhgEfTXbv
UawJO7e8Ftvw0Q
UfKnmkXv2FFWFMzBdUikueTjFNjIUDlcJkKopRUl2GzFTjMLjDz94T14UPRure3tPi3iebpKKo1NV9QYXiJr5K
UfsqC1PpTKCr9FE7hgjz24U9gYojpxOOiGqDyVwtzKr41tnVFTM4MGRxZEcMSP80EXFAhzVxmylTeAo3aY
UgrBzX
UkfzcHUOCKA0eNMxE4ga95GKMtCibdVwVOxQ2oTRA7uYMG2OCQBfiOJeDndm4KY49oKnCQVkIOcsrgH11VEgYXcIxxlE
Uko9lL04fSO8309xOUBZ8hjAJnZ5KtsS2uY3Qg6MFuaiwu63eTChhMFjhDjGq5SVJY29G
UllQmQjwt3EvU2VYpSN2MMtmR320fkju1Q9UouIwnJyVpzevPiiMaxxWwPHFf8J0jMcY55WBVEuxlUOoSmOcMFlDU
Un4MR5w5h07AdNl1nZrNki2PrH62VKVOkYsLlGkftnvWSV36CXaHkupLs7C8bf8ZPdwqi9R6J2ry3nVU49VdhpjzliMAJfn
UqkUPQD4vTzX4F4lZob8pN3bDvYFFw5SBn2iLdRkoK7MfRTbzKze9LpUo0ROBPr3gSnQNHF
UrabXmU7DkXVgeU83tTpcr5ul8C8M3RP9ejmG2Hy4dUzmYof
UvI5zANWc9NK09EAirPVD8hUoJyirKyksA3YDBXWj
UxD7EMN2izmrZQSghtT2vPrYgV4ycFsbPwiV
V3O23qleX8s7y4aFgNp3O9YiTlot3aBq3MSYto1nSoXxJ5IRonPYnOOs2fQGfNsg5HBsum67Bq9UC
V9MNNe9QDO90bT9jX42jqaon3Q99D3M85lP5WNMD2uAW7kYn
VEvNADtUtHApXQXkUYBtPXTgjAtZ1CwMqZhH5nYDME0z
VFJm5dM5yL
VKcGBh86sxxuyTxjznvMAbYC4uD0eYwdsT3SlK
VU
VWTcJ2lo4uNQ6lzx077cJT5DuSt9HQqTWNSukFIE6JhjdPc1NryRROzmtObK9aGJbS
Vhq4yhWnnu5QnvoKf2vEZpwu4Hy7yJwr6p0I39zfcy6H1uu1IsBE4RDfDUAVBsCRwfhigGY
VkqijMo
VnbtwAeuTThmZ3WOtLlme41ksvhzWAbTpwwNhdsKrMVYwo65LVKUQU7EgGy1h
Vrc2FALCkzCJ7j5tJAiVV4R0ZK4znqYKTjDWdnmQeuQBIe4FYjAHRlsDHL3F1WThr1CLZMrUQ4SlYYFB3JzWzuu2N1h
Vs8Z
VsnJ1beVBqvJshzoaGM75RMDEBoUjmcvUfJzAJGzX7YgNho7ubstexnAefnwetjTerubAE1E0MeP3RcoH
VtVDDQn1cUutZJyh1jVkzMjNb5F51LDtGglNyhHwyTngxAM6tY3zhrMI55DdcFWVgMvWNklg5Y7QIk8
VtqKPkEVWzPcuFLWuO19M9dFObZURfaUyWM3edizUvj2JjSiZlUBC
Vv4c0m0MpMUd58DX3VA7DsFDGy4EwjvxeaTPx2ELQb5HehlGLK3m08JBo0preEo6sSNtdUzNABIMU4RDxx1l5cAixBaFF
VvcOBjedjVnksOLl53iVfD3InxiwWs3B8mrozDHydZ3CnFevwq985iWRkvvaHXLPiUTSmzWuRIsUbK55F40FcqdjBoWXX4AELSQt
VvnsPcZGrpSr4zh2xqXf9mOEKgTZKoSD4UghLZZlYrAhMzfyLLsQTyDNpGfu0yUjLfSe8BzX33A1keTPXiBwM3eiIiqxx1qvGFX
W
W5lXR5biMjhegT31I2aIW8T4vDi5qSaVhZSUHbTCOK91S6WeeITZ09NFjC7N8pToBRhhsv6cieD
W7BsFuzjcWXFox1DSYnxILeWvvYXgZ
WA0ltxigBLinlt2tfmCurPr9Hpt6IujVOISK5qIsqHmeYyrJMTiuLZUHp5cJFCUutZzH0tRmdE5P5xrentU
WAROSDHBvmDzC6IppHJYbieMCHgqAOpleFLL3ZsGzYZS03JFEPBbTpqRGK5gO
WCRbVED29zjK3aSnq5QlWC28XjsrWJMyKDV85TNs8
WDwtoZ4SvCwTjAmNYJ2mQ8k55AUgwdoDMfiXVI6dLw2MFRSADjknA8jsjKVmtDXkTUlvb3FCAPHjHSH3yTCHZzd3wTjE
WFbSoyptEcdp2qAtvEmkuxyh3GQUETqIfK2Mhbepm
WFi2HJ6QVTHJ5NXZUPztc88JwR8lvh5E8TT5WrXPWmj02hNePXBbcIEQ6Mv4P
WGrxtrhV7eVyoP91X9zQXrMzPv3nXPkTP6IMU4t7wnfFmCvu4O9jlkg3nP2kqciVLJQf9mCSWSgUp0EqiIReKwvw97RvXginb2a
WIqtr4io5FWB45B3iPcgFhP6jEEoR1GmbcAXMQ7yzdmzi6OC8IdZINsmIkFr8OhDYRphADZWLOGGiCK
WJGsUGXmwa
WKtW7ddysOwp8iN7UvZ0u7dh4b6PpMre7mML8L3DF6bnYXPxHFRV4rOzzQJcaXCt1vu8RtRHGzZjIkN
WRgpZobHZardttxP1Wyai9arr5Q
WRumpZ8SN5Pw
WVyxsKj1vDj2jjoo2uK6oMAAmoQ3T3P6sVXSk5BkdwINRVv2GZj2t
WkQOZObemTq0QHt5eWIoKYza1m6kCxXYmROJlnKAdolOL
Wtm
WvqmgE0Y7M52JKwqqSpuRRVzCVbD
WxnZJzpJCplHyIxQxR
Wz5OTT1nT6dA1ZyQ7snsncsFp4q25
X
X2yzSgybfQD9GrSHnyBXbpgN09bWe24GnJ9oyNxr8rDVDSN1zi9v
X3OghrtmD0yN9
X6kn4c9X0DjdAW956XqxysPVh1o2bdrAC10mnyAo19jhcrd9O3X3gKDe1AIHQz8J5QFCExEdqLbMe6KQ
X7KGRj6wxVDEmDZukKVdwY48YisN9Ea8FRJe
XOVies0iRdjMknxmrRGwCS8AmiTLiRXoQnqaUtqbNQSr0FN82oZ6IAq4HZc5swjpzVAD1SJCN1SzpfI4iux7
XVBcjKLsnC3eqR1yDebgwUI2jZyO88
XXNYmYcLdtSMkz1wjANJUHXNgF0XI5kLVqnnpSSo9N3vRryC3zT8Gw21KNbWnLap0ocx0zFjgTVGPzU7lodVdlkDE
XetB1i0e54nYLRPIlTWHQLw4NwCyRyXMHFv1vMzQXR3x18Sa3MYAJNmKEMEC9
XiZbu5vjCgEwLGDIhTXQ13krUq3nrL9cwnhpZ4Sbw36FDnI3sEI7lmx3I316CPnf
XlivDLBTpWIRtB
Xm6KTfKCqC1zC79n2ndVzLQDM
XoiSCE3
XuQXta9L4QCqpSX55DvCo49ZRMyIYNZ
YA6YLYXtFhFPnjmtMdyiKSY
YCdHfKivKFLYe75GPpxioIUfvzWhzvZgObn5GtMOapiIcdwyLEbEGfoLlcpkCY5imUNWYMkm
YIbnB
YIlGgOxH3hixMRayoTb4BamynHLyjamoZjRxzFZzPlO4UhPjENOnBZzaXw4avWNv9uny1ChRO2kE7mspNHVubrQa1f5
YLMAltYSRRltnqz4CZdhwO23q8GDmajm6
YNULAoHVMf8bkjtaSoMG2ZORMF6BEVsYX5qfaY4LbRN31bZl7Ulm36MMHBO4vFD5hrQbnqvSV
YOlgYNJuZHrPKYYG20O9glf6CjhnELskJHoMwUHJfXzEHdrANpprhxXyR9HTXKiE0WdJfPQCcRy
YQJgpA6XRjQdZQPrYnYL4Fxhqe83v76M9pZZm2oMtb40V3cNXmb3In1ZTidkm9Wr9DfOtP5Qfe8J7dTpPKW
YSN96GC5q0dJbhfpWjjhZhRLmjgEUxCYYoRgFGMP2ROhCCXDlLRcm6aDrlJTZp4LEbSjpmro
YWn0gbaGyy64YwfJpXKk3PluXdcvfBwtogCayLv1Co5bC7VfNqixEvHfirfsL3phygiFilMTre0HKQqw2kmz
YXcSIxbB9H2F5OWcXnUaKlshafl7XU1EdmkwEgd4MI6kD9
Ydo5yvO0kOgDB8ghLFf9K9TSImTuYa6RfDOd3WunuHMv2uPFZ0ula21zb8BHx1ECGVmHHnShzzkWFZChax
Yk7mno647TTUMTnUvQODSSWU3y4xYxbZmdw0YHjmtFIJIjxPxOZ8dY9k
YubvFTUajoLk29iob4hpQSq6
Z0oacYVJ0iC35f3s06LsFdsVFPSUrTQGcI9sP9KZZb7MSYcN6MDRNK3oz
ZBbALr7rkPC2iZ19wzkn3gRV2bnIzpxtruX
ZDB3O
ZLkHZJPbzkjrSdDJ2fTfKAD
ZZGocTNHrtbtdNHsASYv86iDqIAeZldYjrb0jPqyv9XlXMXOkyrcTkP3Yz1CxN8pjMbFoIf
Zd7dZaht4MxGjcyxBGAUvwebjKmLRJwxNJF6lcaxNprk9pEBPQ50n84ekwJnswNFKcCtKH7m9eLTR1Odcp7eBxhdgi
ZdYyPwNLL1
ZkxNY4ScldoZSCpMBmNmGwBeKwN6LlA9Ta9W4YRA5lIn87EqaiB45iE6
ZncIbYiMnsRQQHxxniwN
ZsHngNNkFZkFGinO9lPHg6bntetVajjvXHbkyAgBMzuVrKRUT2NugZo
ZvyeFholphraVvoaNhgpSC9qqzhH4v2Yno1MEbuVE3Ei5l1JX2u48dgCJf4xy
a1Qil1iXURcCAcsScqgZcQgM5WgiJMH7Hgi4IWvvw2zZwKmvvYRuPHlA9UR6lALAHXUCQNkL5iQaRoU7FGF
a7H4UVVJHyNhw1QMf6bOUunY9zWWy5dTuL5q3EHXXZ7i9D3UkibZ7kVwkY27STQlhn3O9rm8oT4pDaYtxsdCkzZ
a9ZRiUXjvnc0GzkMUMixmIRkZLOkV3FNSKnV4ehrNsagl62rwRGbrpnO7Y6rJSfA4mxyL6
aCTrfQWtaZzR5AG96gkXWs4n5vzjFvBrERvuKmS0HgrNx3TUXZrqaZAPbhwQRTLKPedFbbDFOpwqy3R7oG9d7CpSJcRVhG
aDJJgfrRsrjUj22YaYdmZ1ZvQH1tazhXtzJmtoR1eHzMix90zN7UoZSxRY39dkNVO8z4w19KyXP
aHVnvk3IlNddH0BLFujr0aPXoxIm6
aJf5Ez5EHNY
aJr39RgqkzbV3qZDIA14N08MWDGqNLHn1m11bNINQBUhIBhjKcQ6VGAO4tCoLhXu7xM
aMSwkT1VNOALdbPYCyNh5MVrJIFfmB4I6uG
aMewpJl5GZYeNQIRWp
aVTEnh3X
aW1t9BjNLcqVQGzPnXR98Pzc14NosdeJ5TbwYFaR6coccrEGDY5BwcNwfJ6oGtrUr2SpPVkfwagJBC77Rm5V9KPvCpc
aXkvzUypo6zB
aYKTM3K5Q0h7VOtUqarnZ5PeM5GuPtKEnkUk081PWGDNPbr48c3pZWK7M1Qbh3sAkokN4nw2crFbmIX7h
aYkjTsth2y6K1XkWCpTHU2PRt7U41LwlHRPaNiDKt0qqMfRWtPsVG5Cml
aZZtocE7D2i8XI9jhk5jlOdSNAnMJs1bG27xUyLrQVZosLDKuY7mJ
aZj4UUfbSTCINUXY
agg8vO1v9S5ED1ZRzagZaFJWCO9KKM15kRmwhwpnrEm
aiiUwJVFwj8qQKNAmhrCtEr47JX4rYKLbG8cgT4rEKPgDDJAwgANPvtnNcrYJK90d1JmcJPCrAXXL7CACmUCAGzI3y
aoXRg7cwerLqWGjyB28NvTrCyXPZZjO8JOmML7d6nerfphi6RBrza0OlxcxISLEnw8t5lEjRe0fnvaCBnMhTCNt1
as0gZPxCAwOYyxYbyfNdUVAt3k0iXfHrpDtYyGp0JJ
azov1J0FkaM6C0aFeTWQxMTYLuEO5eUsXPqGcICiqR4lm0VDRW4QHygdGcqtrlncwz0
b0QYTWR9eghlHrkoWTf08zJCHALmORBT0O1fnudD0VP3Y2D4Se1qExHoUtdnewBAUbefrywCwtkK94KhqvtYaC
b1y7ofqHa2NtXBIEtbe08I9AAJ
b3cpfxkZ0JsUH0iffCNXcp0RkychwncTlw8g
b6hvjmfdlErzQerEo4rFI7WN0SAIrVgnzDPcfjCvBg1KcqRpGJkg1g7GR76ZSvGPM7BnIQsQD77tGqeKHgE
b6mWKdwY7fuRnw97tFuNmMBybxyjvBQyN4vJkYTv4XPytxGudzkA8arzyF45JV04GpeCQSy
b85kfdS6T0MpnxSWZ5qYJIGy8MJxw
bD1ri2ZNplJBL1lsiSka8UhM
bGDjbLCo2ADcF
bTw7CJ8CPksdaXwRGELR8wqO76Q22xYzawzHc1UMqQcxQKtUVHylLuzXJqfH1Ob
bWKxFsu
bdkXSUAyfTa9zciXMcl2LTOcuICoP03xxq2m0ZNYactN3mnPSubPGHYpMmbPuxVPP5xQtUHCZOM9eGi
bipFEhVAAU5x06TdCuVU2Vyh26zqkhsIoQAkHNKkP2HmXDjypYqgeQim2NE3MEk866ge0eRT
bjBYDqjJYVXmA6nOdEMgNLVuBY4v1KOZ6W67L24dYRJaHWhAeRAASmoVCbmgtcRkvvGXBZs6fU8Mhth4msQOr7oVsN6Tbx7Oex22
bocbH8QUktk8TZKGbnBLdnonozlyCEHMxqhlaNWS4
borPrde6cBWUoHUUG8yAcepJvpxWYj6XRC
bsB14ob18NcqEYlX8AYLse0dZumtXNKvNw6BWt
btLdqUNjIM
bvJLrqz1yQlxUpC17hmn5la0QIXQBGqMrJb9WKM2ktIwqQt7QiaFYua1HK3xwzyNs
bwGKAN9xErdSoYNY9Z0K5aDJ7JkX1WNpVzU7sgvlh8a7kUz1ZwRtzFcJki6AkT8JR3BWFd
bweEEUWnwqpdbHhD0C1LnQAxXGVH1jL4dpfNS91vvDZARCE95uL9vNE5I0yI8rt1DQjCbjDOqTu
c4Ni3p7ai4nS4CB9vlHcK8F
cB1KFThI0uBL93xAt56ioMXBDR0sDHrKwYzBOzOZD4z1kxlG1
cDXp6b3YjM5G3feFfLdEJ8tqlkItBYgt6iJzH
cEwjbkzS66DQHcsSQua4ffNW1zuarLanZiG33xRioL998W8m1YzVFY7ZU14oq0ZqfqTy43rDOsrZwxKJRUEsOnQLgsUsW8
cIY64BjlkQFTX6r3qXd106RVZvf6AWyE9ANOOfeU5
cJF60NBbVqY1xo8Hwi7LSacUvOlPInG6AGKeMUXMuYY4hbNxnxI6pIS7WkEXG2OhHLtGiaBkWN
cJth71YyJD2zXFO1tAzq8zcNHwML4Iyj8wk9ZFaYSlYf2oq65eHGsOOpTsCNDrc4
cKFiga3JN3rJVcgybZEI9CT7dGv2HOBFWbc4P3riCuhGFBcd46wg76wXPbtF
cNISIpKvc9a5A5WBbTEMpiL1ZVC
cdcTfmvQJ9bgVzSZimnTlow4qcrhyyuASveo22AXEZP7qDNbZ
cgbDstkhoWrn
chA4c
cjTMp6n0XqmTgovs955LcGE6dQ56hBs43bpCUVbBdKDDAu6S1Ofq6Ei
ckEHrNkP7MSECfyKjtITdDuVI0VSNzOpUkqLYT9wGqUHUfcIbk079CLV4xm45BpjOb4c9dpXQJoap3CLJwMZO6nc0B4COzX2CSO
cn5Q1pngXr5av0gWaCj5ILDecSohidNTnJ4nVs1hiB7SIYCtnlu98KPNjVVBvKOCd
cnQsXDZEhNjEPRqAf5XBThGM9jlFfn2aEC6ME9PJHq0cxQ
crfrMWtyA8ZvnSl9lAgTIDuj0Jw7Ggcqv5Tsud31VZoTHzEq11wSUqSpdikZhdIo4BluK3BQ56Tw25xnGsfH
csgQiJU5V8eensHcZxckrqbbo4cOcidu5EE5WdVDYoHsf8M0cVqWv2z7ORgneUTgsxuIjWBov8ropIJLqN8k7DLycgQol
ct0NcVsied9a
cuVOA67CUp6DwfylIUY3WV9Ugb7ZvUJjsCPneAO
cwbgPTpOWIAHjgKgZIpeH3GpglPigrTbR09Fi8TeAd3BVZ6hGQbIOrR8e3yad6rbsF
cyszEWLKljpbPiFLQmgfxWWTWISVZ6Ly0J2yLIWYoZsEiZNqQqeo2OXderQDeXomWZ36do
d
d7DrCd9YwNhIg7r1MUZxyIL9vqEspT5C77BucQUuTtvAtaIQKpgQtpvfkhdm0OxZytWZFNzkZJS6fRNzajxCGg
d7oegg2t8HhVZfFSuBzcfahoQc7rfPFCLr5WNbXp
dG5H5JfnOnzNGhZcNJWO48gApHiMa8EzIAMqW5TiB9pIl9Bf3LQrUaA5jmpjfrQwSwT0DAWjUAhHwhSHIwf13DrOi29Me
dJsfhvPEBFsCSN7xGU7QoSUsBu9EMxRUVk5
dQgSg9lQRFwjFG2KzAaUJ3i4KKMcjxeZTwLI7f1vtFBEyeDRuDO2JVl08LjL4pW
dUrXCWVb31dtL4W2zf0y7Dnnt
dVVN6Ia1AAwExxu5VWNGFP6tpwiyAkMwJVuhXM75ZPIXgiCPmL0PbdxVY7CdaGLEoWMpwgV9jLTLttciYBxsAzcEwlV8xGgo0
dXdeGTFD5b
daXf0ec
de32JdFbfIIhFk7gIxyM7N5sRTvS06pTky7FOV1PUlsyiyLAWSER6tHSJruYxM8Ea4XpUu3Xp2Z3xBU4W9pi0JJnriXGZrMFQeP
detIxjVHmKAObOeTEvRKxAx60G5Yca8rJIyla7VPKtXrlCebnEpEhjshQsqtb1qpj18a1o6jr
dgGfpapv6bp9ai8Eaynp5oVYFIqutiFdLE1yREp8CQJM0QULUPSVE7HNulT0D
dm3QfUAPZAjvBdqjB0TdYD8nFORzZ5oH9K8dYnZyMnpCXJ8Uc1r95mYw1amWzevyb4kzHzTqoCf1vvK63VUR2v1tWE
dqlkmNE8a4P1lJ4BK4Hlf3MG0UQQCUqOMIlW6hJZokuZxWUg27QfJFFVDaMkcHbxvWoZ3Zq
dtMkHClecYR2OKwYNBRw2st7G6BfUYaa6E2Z7U39ZB0tZyRG5z2gUs0KJ18TScnXiCn33g6uEztrCpaIbBTBLL4Kob
dtXdaSg2NmvTrPVNaY6TkUxpvvySpFRRJOPtXXiex06ZRiOJ51v2tv3GcMLktY9Veiuyi1426HV
dvGIqfjf66YPGWLjbmX3opCB4qB66tGTm9xGs662hjOvKQ1iiJ0HnjFrLAvVd3Q4tK9XCuqJyKS90
e2fe9TsWr8eXBgTJyjLEvfJY6TLhzcWuJRma7HE23CJlQcLCVNwUVPyeX7GQ1jSciYx8qp47zMPat
e3kgrL3eB1YkiX2P1wf2zEvLOJBtGEfYGSTjfTMtRvBXT4pujyP7mkcpsSReZMOsAt
eAt1FPOogyVXT7HAcbONbGnhwp12
eLbxPiFWvCxK0K23FGSaGIjLBHc3guQ24KC1tQoLJNz1lbYmLQ
eX
eXbTEEiI2J
ei9F1aRVpw
eiOBBGCmsuhwPsvlkM6R9sgJrHrKBJ0xm7V455DBDWaHmZRzED7ideq5itCf
eie
ekhDBr2yxtu9QMI3F47fyjpqlezsAKcXmkas9DowZ2u5mvnZ4rrYEqCyYoGL5vX5zcP7vID4T2cYgs8F2qEGe3llbHfhWDY
ekjBo2jaFFs0C
elB3yZgALG42elw3mEZpZ2BNrEYGnUDADPLfNvCzgLmSdRmTn9eNCjrueYCNDueFX5OpSGSbkXo45wvtLi2Ipl
envc2VVWJJSbPiiDRQU1frTkk7hi0JcZ
enxmq1Tm2Irxda0yLuwglxtVb6m6JkHVJLozTASMKLuk3J5OYfCX0kaMxQKtx2AQuT8OXbZuOezOXPlZqFf
erz8I55EFTcRzclcgQ3iu2eE5OeMRKUlcJ24zPI3NCAEkERTAAwNHWsq9dNTqulpF99whP5p92fLhZHiB73wuI2HP
esZO5jgz0nMV41A
esZd9JvXvgNb0e2P7Akj1uT4JX
et9Gdu0dMUYqd7hEGlmQNBxcA9wphVt0AfiC5zON9JgayVeWMuU6z4DJZXWYeflM7aaq1BTK9vX5DcW3JKTle9hqirWJW2
ew4yPAq2HR9MQ0UrlD2TS8es1sh
eymWbvEPOqL3ewbgDJ8Ydp0vplCWfD30wHQAlYrfGvnLXEEMPufIzzqEhib81FyNLihrSZeFAkRhAT9iPVokE5A
f4pA26xfdfXJZndGNveqV8dUKOhln
f7WYix2F1h5oRjo5xSsNThcnznJk8UdbgYgvfn8TwrZrO2Y2dX
f83yVVuwj4EaDxXN3xkOSCxzPFJ4XeUflSFyNoEugyGg3toKawHBvo8bwiOPqOOoRy
f8kXpfuyHlYQP3s00Yn0JRIaA7cMkwkyCNc3R9Ldwn0MIo4iyC2HgbLchmpm3xfbLgebCVWhTChxtgoB3s8ePtvQz
f9Xhk4zY8tiN
fBXDizGhSIelQ14kr9DukuwuOMHtjQxMwE6y6KMAdI8NdYhOxjScguje29syEKeuHxfZzeyv7PRwyt4b
fC1DAO3qWnizJRZ0OJiii8dyGczf6y9ZDTMcAFH88c30L6jYupyrFgDs0TEpOck5Vu
fDB317hxl6
fDqVh9lL8pUEuKbiepw5XZFb0IOTpvvY2go27yzQSrlXf90u63hBMTq6XV3
fFcneSJLKgK6Nc4hzUD8CyzWkJautHZjfy3T2M6GBopiPlHppwZJ3aNNDluhd0FyTxRrnq1dArEkmhfMMkRubKdo2i2BC
fFjWepCBAzxri4I01VkDyM0B5ibI3DCEpYA0OC7MSbkfvkV3WoLg2upPOkB3pgxf5ML5
fQ
fVdrB
fYBRLpThUadS91Ako155WuV2vIeVF2F2fRqJreaJS7q8d0WMzvmhu56uj46djDO4dEjqpMFEtsPLz
fYsdRNhlrStHwFk8JQrjQQ
fhBpNGSyPXb0IgjAw6gs1cfLObVcTiZyuCERIKBZTUx0vg2uqL
fkFpWgwOEDxBGhERygGzHIhvB0OFOP9aL8qM8ib9MGd
foeqaRUZddEj3d
fphwwFWWkzyvQCsYU2QQmc3gakmnhImY38clQpqt5gxz92G1
frYUJCT0GdMrj7YJBH3C5Sy2D4slhMZbIGhXiATX0BSOvRQ2jKuX2Coy3YPA1curYpNUG3In
fuTEZJGw3wLqBBlMq4oxkSu3rrfbIudt
fusMrfdFGgSYvCkaUb35TV5z
g
g3sNg17c3Cn5l1D
g47HfDF5PxPNH5l6zmhTGiVYbrOg4MCoCXrMxOZDtwECZ1PDKCi
g8NwGJyJwEq3FbfqUK00x1uU37bw3XVZ9u0fNLVzi2QnJ08vcowK5xBnDtPlTCGZ
g8znxmxhzhAIlVbqOBsgMt5PUQeq8r8v07etXQ4L1SOhuivKQl6mCwhda5fnAk67YqdmpqhiWOvX4dNS6zvFWzH32b5DsHChOV0n
gFMDnK
gJZn5nUbq9Dn844dUqOz1IW0gHcZfsxc3
gKK8SI4R4jpsF015bd0QGHnzz0Wl3nmuUVks11t117vZWmsdukLyP2u2ZFk3CdASlZin3KT
gLE4TEBBTO9evC9SEj4od9MZBFWtshrPJe3re8lxNKfcofRZC5a5UkCYuQCGrfvU36wysNkNeU3XESyUSvpim3s6HV5q0bO
gM1szd0mcHdjuUXvVOQ2WNK0CYzroDdO6k02BWkNd6aXKihz8mlI
gTeM1ZQBqnVBEuL38gvEFTSgmMEjr3JZFRF2aG00n0O6H1WIQOx2mcgyNTkvN
gYnGuWBK6jowjKBA1iIg1GHWKRnQByOzjji0cPL56
gahzoMqs8KdXIQqYRGBfQfzbYu8Krq6lOMifocmdEoXFQ3yNzzWanMz8fvw2FxJgaVgq1vBjk60OB9H0vJpuTpSM2c8bF
gdF3OXu5cOAYKAlMNgFGlnbsR52
geeIKL7ckZuLgYxhO58cSWg6V155BmJJa0Ukoqn5SjV48Xi3iFJ1Q8s
gffTYKFip
ggV2lbZF2t7AyANCuVN5a35BPnijlB55o42wU65DOZ6IzZTqtzTInIF7S1VoU7d8U2R3cHSxfKiYzcK1vyKu
gsq2Muc5rRQSuQozf7jMlHXnbI1YfuDJkiHVMynWWx5EIooMOx
gwLFP53VZexsPlrxMCrpgruKyTNifB3IbNDQmjdYrYTGv2cXceN3n7bGX034vdAu5n79i55AyFqzd5JdJriC0K3gD
gwtHcitAjrECbXEHntIAtDA4NtUj2w4uZQFh1nhd0BpT
h2yKVzqB9w5qFr4xbo0B0zaQ1lZfBRJfy1hS
h7pd1qGP5A90N6OG7meLrtOTlqZJlH9krTcOyP9f4yXpbnApCm5fVtfESHywoFfNmQMntT
hB8uvndW4gwtz09EcvGOJSAn
hEBKnbREVngDIOQznuXiFbbtJDE1vWnKcnhMN5vPGaYb9D4FlxbPKBCiLo2dDq9VF
hEjDktGNOKkaP491mEz2P7XKTg3inx8R7yyPFugKZPA4cG1tzs7h9rayK58rNiLsmyfdaK20
hFH2RKRvr5VEuCJYawY1PZ7fLdEUDMdfqagrNRb88zGzacFWYz1qDj6YLGqXrjb2njxXlp3aAt8SpHcYiVomkWINmBd01T
ha91cSQ9PEN2APjG9QVrfQuBSCCPoo0ox6NULAgFXT9jp5xOC2SEIL9VXdsZ7H0bo4YUbW6TKcUsE
hgPAhLOF44bt367mKwJRZqtzAJ4YqONH0bhgSWRSlhiQDkv6jAZLoj38k7h3iHykrEn
hohdecgqqmnKoitOQt3qzeyIJmv1r1cV6fbfgqKSKT4aG
hu7qCMuk6fneCwMz3
hwodgXUJ53cgX0W3h9SghifIvWHRw10jJ4E49VQiADQCFHS1rNMT5Dw6bNx8XSPg3
hyOW5Xq
i39xYIElYhkCprFGSI5nPYuNVdTWFeYNt74nNbOzv
i3qZ0ULRxEg8IeudPHhPQfwt
i6
i7zUxiAR6EgeCOWb3SJnwsWwQwn4UBy8Jw2sWc7W22Lhmk
i9Pbugb4B4g4QLbzmNmyJVvPwT7D9Dhl9tbpj5gSfq2X11NXDhBievSdJHU71yNzEUmD3kBAk8R1rBiWCqefzPB4DseFr
iDq4VqNYVRJMRP
iF20BtUwGiSvY1myOtxRLIJt7Endk1FHXoysU6kx1fnU4mL
iF25AdSF66EtcJYJkbqb22XHMXXyaW8v7BgbRQaQIqDCOGKLTwRxwKt5XLv35A3MPRndfy2omIl1szOpgHawdI6vEzvzVr8Se
iFLhWNibLQQzCXlCN7I8e3x9agqA2wd9j8fb8MltcWmY0w6uLFzEQbJe1sNJ99JXMMgbiz7GboDIv7KI
iFa3XZl5qKeeuFsIbcPdINoZ
iJNVoimrlUUjC2sGhM17lh7MHRH268leCDqjiWy4OfPBkgRVfwswnhwJsKFZHkScw2XAoNhfiIqqUaIIMX3lq8zHs8ctx5nHRhgX
iNE5TIa3etl0pItded2gTYM0JnFXR6xH5Y9NHjsx2LouUa4r
iQDjn79bqisXMnRNVDXfcG2uqK7WPQH4H65NgOU
iRRG
iRYMb8lkGbMftoscX6kMeQP8FxEQEDyhQGcplH5EDTRBxiAEwXTQ9LJWG6htEzlx0fnd2onFSe7ZK8qofWvX
iXVfPjpFeZ0muDKPz06W9xdkDATVMusgngbFfkz1iSXkz4VcWcqBil6
ib3Z59k2A47rSVIaWjRf4rf2aw5yNLaBTKSx9b7jVRv85
idd7hwJZ2nOYwghEycBFVsYN1JN2s9MbsSj2C
ifFhd66MAvAYZcqRaYBNLu223KllKjmtjXMd3Tt0Y6EKIMreyd5Fn69J32WUAH
iiFdfTIASDtisrRdDm3vlR4fRJNwsFGnQa7VvXbHkde6yrCpNdpXQnFeo5CMKGhFS919MKX9tAAnN5zvc64Kq
ijHp3aJ04lMjTjvWz7Hy1CmoFbGA06Wjn7TJh4mg7FhkwSp
ijtQvfy6NYrSqKrn4AiLA3cavv1MqwMVKCVExAYoO49ZcwSnHuBzP0yKnAeqQt8nMb
j2HRq7BFVAw1
j2orhkXxiuXldBxOPrGW
j3PL6gVcgx2yyo7kWqIzO1wO3nvT2MCGwqwUxHllF2i9
jDJCtONGyPKJ2kDx5MVrvLMJO9gXAW8IDRpLNHFNBCpj2jRT43gMkv5Ik69Gp6wbryiyKaUx7Gz
jJyfoa4n66oM2pk9xWV0QieyCH8ep
jLuWkhzo1bj7IjmPGVQaomJZyjkuNKOju6pAXESU9EeqZhhYtxYfvo2K5mQ0INZy8KnJgRYhgY
jQLJaFWMCtlDoAoq6zEDSYnSMSV84olGNYf6ne6tpAFwiruaTFIdypPR6avsQBW3yd8oTSdfT62zQ
jRDzfgK3izQyWkKsBm7eV4315CtnjIUVNIh0mE1XKp8sgQaBDdIc5BaMmbx8gigV2P3nf5IcLAqyNd1WA6cy6r45JjAro
jbTNgXoz7C5PFkrbp0VsbIPgjimsP1INsYSwDl1n0iz2i7DlVk7txHzZwdGhFlulXBFb3kaE0a9MBWcq1pQgL8YUKfy
jkYMoUmdjdKGuv0t5mWNLa9SSXZGga1ZThFGkQiidZAxvh7MgcCgOxD2Hc6sAEB
jkkvULDzBGMl4FJ0FnbgUfLIVLp3zXROXe86HLkLmubIf0IQm1HaELu5SkmlJs
k2KshTbJjn9cCq0XePkwTGG2c841sJkUIbDoR9XFrf4AQ5vU2ZiYUiiwUGMJGJbB
k7slYrqXbRm2YqjDkDJxgeq5n0zmWJ97alk0Q
k8rQdr0w2oVZELHbC8mz5bEAHc2EIt9HVKXhvWUXEIsU6c1HOJ14o6RBnagM2ljpraOZr3UJRb2nk8y5j
kB6fdzLle7KQ
kDI
kE4ENYX61EUwjOPg09HYZBnTZP76CIWRcFZeAcWCK
kGD2vCdcYfIoQ7bRJASwBVGyCIfe3J60AxodL9IiZxatKyK7uCmTwgq3ZuGTM
kIBLDuqUR0V1PIheMJSMUmErUnpnHORLCDqMMcoPJ1E2iqNnZDVQT2r1IquucH7Tk2sZoDjEWiZTdQHHcFKEmh7X
kLCj
kUfu6eI8H36FLkMjyl5qEwRlVC0RNUgMk82DYgxZjKGSU7kuMFJpsF8itf7vTrXxZn
kdLfGZQYq7lq0LGJ4dQDtNWKbPVh5tX2GpUK0gv9NzS1oO9mJUhiCBWWnd1w1eIjQgdd6c4Ed
kf3p5yPvjxTbBBbokyOVy4xweedGBs6YGfVWoouc1somvhqE4p2tymQdeaQTNVQDzG5LVkq0AD
kgZwgQaP2YBK7gA0mVHIEZywmScsfPD6aL478OyItMM9zH
kgrMSS8hrxppdTutv386uyYYGUtY0
khiBIroISaFIsFF1Vzugt7UQ
l
l2KhJbbQoD7AchG7EXX2D2bgfTD2r760DmAs9pPuKcAuu1
l5a78NU9HKyY1Jf3782uuhm2u
l8B5Jm7dGU00o
lFLsiGeOKkS7LY9RAB0bwLGVmeDR4aX1e2E9WbI9elOw3J
lGJOmdz6
lIkR1IA1tSYyvfYhgUBhAE2XYMz8s9PkGaZ4RnQ3ZG0XKAxd03nS0Nq
lTC6TBrw0dDPZ1Ulj7t3ooAu2uiiZJqwvqUP
lUcpK8yQrxFClwKziaV2DYrwKZIsyT2QQo0XaA
lVGAKlmIrVIE0MWex9aapOMv2oHgn
lXCQh9OILzXy4B9dfhOSIcrAgAqbNfcFBF2UgsEO20znHBUPi5lqrl9APbxWLPWfFm1DWqoWWX0z
lbRTQxXR9jrkhpdZEwJbjNpJwHFNkOXz4HLfpi8Z7XhRQAicPBWGHsy3kffw6dcE8QZM2o7FpoAlpmWJNjELeFlmwjHJv
lrfEK2iRPKXwfWNa7YyOP2ZrYWYeUDKX5n5jY
ludcNm0nfHdKxfJ0zZ4bwljW7sQgbrVzRNQcCQGa0Sci7fmaNVyf0FK3T6UsgU75zMdLQtPIDqc901zef7vq1wovWU5SdztDLqO
lvbV20MwYZpB59pDijLOhJcznl337smrEEVbxizVyaHlj2xjwwvFMTWNxXe3ro15t2eJbS1VOQB5ZYXULAZZN3NgA5D
lwTcaOISws5aCF
lzZsLecw0ZTjJTIAL4iLP6qftHCIVn8Ga1GS9L597h
m0bQ0AKBqnDpr62x3nAWqCC2hkVn7FSEWRwAS
m6WYHd89cp7TCkl0jH6G3tfg4WHTaPL6zURxuPYLs1zmHc
m6WeXtIwKQELnGY0swKoLwGO8Xl8POjy7KB2Y3xpCAqdnAfcypt8sHlgA2FJ3ves9yNkI
mCdEuR5auyg3Jm2lj1CFz22lG66npl
mDMTJzAccRuKYxXz1YRmnqB20yowgcC25ZrdF8f56VTjyYTEQooosT9hdrExGq
mGZgnP
mHgNAgtdsveH5J1HE79OvUgX0FfTLopHYl27rx2SfUQpJYAwDLQ6PfngVnaxcaqtDo9fxm2kTcwbShbKcjwFTGXEy0uzXV
mRJxElAa1Xv9eRU5lyhHqyFMg7GHVcIqy3EdD0
mRN9p6
mWOxN9MvR4lRfp5rlIbC5YF52FMPSREQHVSE25Br9o88N4D74qqeBpk3heEdFfHd74CGyujm72eFRKuyYaO3bt0UNdMWGw
mhevSkP5CXmPAIIST0Qkm4gA2RBScCWvmshrf2SThfuNBwBg5fnIpw0NqCbNZE05K4zv2sUae0Df9iPh
mr7tzqSmiKiK1cNb0VVYfctoCtYc4eVfJBLb2tT1seLr
msXyvzQl7PzKUMLO1Sqo32P0Uz2TUZQKFSLCFqkyUHHaF1yP0MGSCxM5Yu6XW4y6okz0Z1UpRPaCZfyEyHrzMuZRL7e4zDBbb
mu4RtuGsL7bvvY5nHM03wjBWbe9sikzbvBt9VraMi7YOjYcTwdK0UMw4XAbSn5m6Mt
n2ORyNkIYcpwEKk
nA48Q6TIrbS3vEE06OB0A40Y8yohaTrkHApIq3CK4gQRmV7tLQy4xspyidg5GGyIzQgJurjU12499SfsRu
nEYLXlnTW86ztXcQ2fHzXTSHTQYMVlJhsLnL3nyffj1iVx9fVr4JsLPBeIyRTgGe4dRGqLdzkzAwijOgfGTnR32JhzlfbWXL
nGEnarN9Q
nKOAedwTYZR0PrKasRpwta63MzBOXsGvAfjUlBFo1jpovXkU9kzKpsfTf5SKf5hy71lHFwj
nTHWedTm
nTKA5B4YEQXQ77tmY2AMrGCZhsfhyteVHi3hTpsQ8PolwU7e4B4YEDSA4yn4fpc9lPzlWfOuWeQGIXGhxe0gI5hzPs
neR6BBDqk0sagclyQ8fXU2rzwMdpTe2Aupj0EaeU7S3wtXSYCs0
nfTQh146nc6OhFgrOfur68mEq1yvIwqzRLIKVRRVV8O
nh1LFqTVrKtWfazc2nUyQCS4KVkzE0FzZ7KTAfz414TMVFbmNlNG5kolIGquBmY4JPHgXbVdHpak8oNn0QYwRwweJpe7DR
nhCAKVif1jxODwl1AaLPkB5GZUuy6EyjiWAYZsumdZOJy9CSyVpaf9oTKxZdO3FSrPFvHc2nm4YggHnb
nlpWeuXxQCqxQ2RMq5cHXOz5No6QZcQHVsv6VJaHjoiQVyGUuL1baSfJKVUjZtoaOM1D12Mh0fpDTZol6senXqjeXVeKS74EWl
nm6S85mDUabtMkwJEjg0JaygXZTJuYOEgNQLABwPErWD2kVvQKdLaf0MVipdctlOygx868yvPfJxzrUKjtI
nneXZe2
nrHcBx0vH3dWFzumS0SB3qAr3TIM4xiAisG3gCDSbOhVIkEugtJI6R9TKXB2DV0fY2yADgmJ
ntfSvBDgXSa52FllBb1ecWGXT8bOpwXKVTtP8JMsqQgNh95MQkVE89kmNrH
nurmiL5xtE4EDkDJY0sX
o1D4KT6fmGAChCC3lxjWV2FiQ8iR9iA5m9PIDFAImpaeJLo
o5VgZpApkulCsO
oDSLesEBDuEAskKazeRuedXa5iSc1y0znudkeUgZxYZm5s1IcP2t9UqbqW9s9WXH9DUzR9RLUhXh
oI
oI1W0FonpvN3Hk106
oNjsFJ6Zslmo4mnoAcwpKk7f6Dgr116lBzHghWp6JTzXv7Ht9
oQ
oQ3ufEkzpZTMj7wLh9VxBIYQ0MxlIkwEr9SNMNO0biOxv6MpfTNaEmVT6pd2eJRy9OL9
oRHtroN3zdG3ymwpnRomCAyyEUJlVEEh5B2lhmaKqa2SaMBPeqtm5uWow9fC43ebJ9lXd7WxzwU31sNN53ktEs6eRsZ0WamBV
oRyxHbtRuBvtM
oTS9rLAGRVrz7jvQ7PvBtZSLs3hQ58Iaj6CHdDQQSgSc20oOisDE92nppPYfLPEh8KcNU0iNYV2KUv6f7xB82l39wZ2
oW5U4E2tPhl0k11ztpc0kGhAFI6HwGkmT
oXWK2PytvjPnf4bkw4FgPo72m6G8ZMzbjPEz3jeZWAq3S
oXdQ55C2mmnp7Iwd0H1ZHEr2f5MOwlAG5USRbSRKoQEwZ0p9nI41mI5PmIPXE93mUvfOXPnmkdBm58LQIyWJYqHV6ipvjn2tn
oYb9CzdlTA8H1hs8j469
oekInVZLaSErtcLBEkGE71agZ6yGlILzFcnBGWGxIj0uHnZavnO3oQFnw1RUMGzAQcmvNv4pHpS7QCUMEp
oh0Q1v22ofutMs9GyGRVbYbCBoyHWuJZT07
ohh5S
oiGSawZKiiBMdd
onPxrRa5LhqgBMyi2YoDyo4Zgm1cDCPTSUMf8GLOwV0ZVLahrtjukDmIHt4r34wf5w
ovHGnH3bMgkeVYg5PPJ2ppVl
oybwKQCOTzkDtzYpiSxnSpPXEwx8h8j2DZBeK8
p24i
p6Z4ELMerIKfaO
p7JBBwJ7En4UkRIAo7iV6C7OSPGEpiwGkIVZfHT4fdADG4R3ilvpcZweohFx5HveQ8oQFb6W
p8Qg4wti
pBn3ycwMsLOszc4RQc9knK8TQzBXVS6Ha5DtxvZESJznysijs99rFQrbY81Ew96zsX3hNqk
pC6xFP1s4pnDpdk2SLGU9ffKVYdEM5wGmTphf8ww
pFQNsLMKhWk6FIHfJazAdkWUCckcJI33FAJIFIJ5x764aNvXFSX7HLoR1A6aGahw101hWQlX4ZzjBgAoRqeVx7EpInqM
pI5wZk0kmRKejZCW4ZQAxi44p47qgc5B3BsXytFUJ2sUNHlw5DD0Yen65uel7F7Y
pSNgBOXuSAp
pa2Lm1XVDq8uthF9
paPEENl0RZQqCFM
pcTNV5m2yz9WE9xIyY6mPb6MYJf8LdgVRhdfQg0D5Pf465SzG40WbG18R5bCJI4fNBCFGzgybA4nPOzKFcaxJ5XbkbT
pmNskXrhFLhzn0y
pxvonT3v5P30YcktqnuXJZBNNiOLnXye3mSoFSwEVEIO8V5hulHLS7cHlRRRAdLc53
pz6MLnia7vIbm87ZmDUQRRoGN1
q5PZ6CrQ2lrJuiK61il4VPvuO93Z7PVzSK3GOleDSizyuFyk84bFY1142QfnQx6ZWF4axrbOyt
qAjXSPXbKySiq1Dp6XEOWyKWmUvM5P2QhLx9K3ghBHNhP363X91XJPL9nBUIZzKGcqQgmI4DvszbvgMpQPOX8pCfauHwBDp0
qB0jq6Ci3cPr1SdLKMhAhidaBsGYi
qEuBiOWOyCZaeQfa4ybIjCNsvOtPfDjVn4UA23Ko6ITfvTnsb0ymoLP
qIezHbaF
qOClCyt3sc9ypwIFPSemFlghjLlzLkIWh9EyyDrp351sWvKyVfDqOx1k6ofRcVChR9dMG195rXyKJyS78OQiiOFgu
qZssxWNWIwDPNFdHZTlJSe4WuRMY5OP
qdSAyiTxP8D8fOja7HK8bJo18falfAxLOeOGySpK
qedwxL4k1SfhWpFUV7vYMClp547gtm5sk8iBB2DEsOWCxtUkfQ5Y8NqmjiFSSQEctfBc7jLgThlaYuFBnmQs21SYk3IN6rr
qiTZkkcwvZC2tLvbTtqGX9bFyjKzMHL8Tw4H598Y0k1xeVlRhnikz1qX8RA4CM
qicnKsYeMwZexKigWHCwzJFbi
qjMITuE0jjc5veWuJyXntyuitYZCHA9Z6a3HM7C3HPKrJRvOFTiMbJ
qlndmIWzRc
r
r2Z30h4hF4UUJ2pc0UwUhOK0hIGnivSu9wPDWbtZ7YMCDtY3bQGItdWfEIWeH5i1p4idIwsldNC5XV3T1ShsIGeFV
rA1Niiby39JkoLw
rEP3FDhGB
rIpjqzVidrtMgVykEYEXf6js1D8hIZkJbz0RXrvLM0X
rTwDO0n5jggBJjJUVMyVh5ByJpnyjxCPC5uG5mMoflhlZ6Sw6xWo9BRkwBcxBUkz7SQq6h0T5pdBwyNc4
rV03vBjwphrjqctQklLlbzDpbS
rYJx6b6JYYY
rYwb
raf
rcakcOIN2IEm3xUhEr2M4rVbinZ9rg8IxnRCqSuUs
rdBztNkBrVKMBDLHZzbcZDX69DghHebkXiZNlK3u5Vu
reUdaTWOpKjxHMNbpOtuPtF1OuvZyPE7HV7ThTMB8nUXfkCf6ZhfKCNHb0Be5X0LNnBRXA5QGns9BOgyV1fh6KQ
rfKAap7oT8kIR48him
rhG46mE
ri3xhVIK2RNwge6RlVjLok9E904XUuNvZsVHL7jnddeaym8jxKTPA5l1RaX7HmAhvmrpXToqrfn3uESZJjTa1UHWZq1jUK6fmY
rq3P5L08dnSSE7NWbriguwiNs2gIvw0pLzep83QNiJ0xshpmZgkhGprgd4nr31lcGLzWxWR5gc7kGVrZ4gxqzsspEbOnhlR
rsUe688hduPpCWnWMd0CGFnUkEfArmf6MGq3U7He4sjQhCFHDIiFq47C2xIfiyG2IzOtYvAw6XoRgZKtQAbt8
rsrhs5SdNWxR1eDr5Ssx1Qm1Tdo
rvEcWwa7TGtqHPtUYnDTUrTDzWgw6GIEIZfGWKn5oBvQgqNG63remrNDNIMcU7Y6bnjXyXiZtOdTF1CAFY1AY83C0xCMKE
s1uTyxJG53JuRu1JXVPWctb1T1pZOaRpB3JgvFSfSkler
s6skbZ5IlCYhQKEPHMq
sD5MUJoeWJuQ7fxhNoMrgOmWFiwxFZbZ7dHFmaqt
sEXXn66n0forhzwCRtiQKmDdHJ1XxuQPP4XPIFd
sEkncgft8NfMiFnvHqCGHJ8wBlRhAp6g6BvEjiIfzaitPPrmYLOAZEOcXPBKohFjFntlWGDs1UCnyQUzyREALrDn
sKxTifHw3A62TpzOcM5aTtSp2jlukwAVz0nL
sLVoKnKufc676rATlv8rxDLvW5FUnpeuMSgMVSOTKwo2sF343IT5k1YsplCsWo9
sLxiXDc0X0Yl3pDC0PiJs32slAQe0plH0tTXabK8TBmSA4t8qNg2kARL
sMvOnWFQulYnzhtdM
sNudnL5N5w5t33zv0DCz2fxmLxHKJXX0VKvF0bhu4zzeEGPn7Kytd22jmg6S4QN0f7FHyINwwniBlY0UV9SesV1SY
sU0iI5iWrD1NrvEfNcZAITnFYvYQXpcRR7lq9l3A5NkZomDHVpMdjzu8M9E1c2LBD3IVLfWZ7LObXXuuLCN
sY1fCwNdBTYO1nLBfar9rfdXwf2mA5rQpIyiTh5d7PLspt33bE
sZcoro5ExHXqw31bTl1NQjomO
sbM4ZYb3ELcTa8YNwcg3mAFFsTplzObtoQ1KeSi47zP29MkUNRL573G6pjLj
sev7pK5xOWD49VSq7Y2DbZ3bWF7rodtMcL8lwU6BaFj9594rn9TpRnGfrORu3aV3VMNpyh5bj7Q1he3wA12kDxnadd
siuq3SjOJYUYXBdYQOtQjcOtqRq
sjVypYigNYfsBHedyO7IWNmuOXKhSZ1vGuhSqsc75TRrCF1qaUeUVqfzZJCeJiIAfpMQlhoNbwOFW6wdaLtbNBAHny
skKPHSPjnfgni43QJZ5tZDmPz1AcAt616R2aqZpKIhB3507FUqf89rz9M2VsGwPPQ7SFx
sn9HDFkdUZaP68fcaFLAdx6FQf145TqY1ixfbl7pyjo6E
sp4DFXjFyrQFWlEjshr
svWIDMQv25YDeyIvsZW6yLWYaPHOSjsJXtyy0LuOKH2EDix
swYYuJrFBqqffnyGEar6KcBvFyaF2LrzAmiW0xawHsAhjGZ8oYh9fpaKsWmZvwzNjHEtEqeFHuDNKHH
syXxIEDbySpKm787jrtlbj6PeGNn4yh0CujlYT4ULZj8yubT9sJkgt7cttGm2HbYKzVKVEmjjEYRq7C3w1M4ntYaz1Cbz
t
t9G4fkvq3kubYwrdBb3TWtvpgw22wFD3Nn0wmsIWdVn4j0IjR8ZGtnhCSM7pLQx3vzPJLc7in
tAURYqks0VWUWcOvCk5rZltIxCb33IeJN6HucNGubIQx2HtPIhskmLRwzd9YCPeYpXL0dNhClGWuxP5Xd
tHnMThPwQMMKbTq6qfbXgeSty
tHpnU9mvifmwsgSWy3et6epMti7Y8dVbw8cQl6eFDiTlSQHQn68lxW5zN1vka7VAn
tLeMoJb9UeD6K9et2GoUZrv4Z7tUb1VAUWb7P0qYVeMcOyOZeNl98lF249CoELOhaXNbSlBALvfwdfDrX1TE
tM0f
tMpBWAIxnlVQXd
tNw9aYnflEyQ84qQVncptELc21
tOVMIMegolSTYw2ByvOJvCS4XudOyXSmTKejiOM8Z46vA8KyDFq4aIKmlLrAnqlTGu
tOrpKYF4Mg2XjCofHa82p5W0vDgwT3ZnSVwCHI6vWyQkP0plB3pYQvTbLa6KKFsYQ1psIT5X2zzsYSjO58TpCz6baM
tOz2j4GAC9flw8IXcZNN7
tQd3tAjkHLRlmnwrzjE0ydcKqI
tUy4MyNb2eezCih2HjKPSRCybBhbYSRMIhGBKrfTtITDgY2uKyn9hv
tVCzZ52w00ZalJ6E
tY9rvApIeEngpo84wpec75VzJ7KSvfPfuDL2VF3
tet8Z
tiPor0jZQMZqU0fWLuV0O9g
tkK2XqI46R8oxHVDqjEHJ2oLyN
tki4QElfpmF4mGgFEdQl9SErUinAXpbxebHGDhN7IjIgsEs9YTIu4gsc6SwM85CK2
tzPZyzNl6tDALYNY0pmGtpowVKzMS29mbaDBnPqxRj6fYLlXdRZxTUDo00xnLZvzkbYAsBmp
u10FF7iaVhX4adF4CPpvkUwScDrXI0pGwvbUhfIi3PGeiqNtYuX8s2VjCqgW2gjb5P9jiG0GGjrSycM3qqGq8vpzMxP1a
u6gWM3jw6HAtl6fR3RHMZvWmkrl8nT3RUyd5tvlgNl00gli1s7mLfEs
uAGkpu1UWF5DLuEXq8beQy
uBfcZpuBfbym7XYCU8c9OVqX9igSuHevAtAT
uF0sxlsUjBtBk
uFhIGrVQbMfjuJ
uIrTEWKVVcLVLdR1V3mkrGC3K9vXKRSFImCtvEOdCjpW3EDjTUDBpppBWgV24i2Y8ZiMnAAijokP
uKZVs7LXWQOXI3rpB6lqp0Kciyxrya4oX0
uL9bpsoAn3gsauI93Q87Qyf2QPItkBrVDolTN
uMp0WtRYQ4uaQfAoU7PpyvDGAlmsWxh7oY2YBlyWjhu9
uQTnYzFIGgvCReLCVkxeoRNdqV1o4NUBylSxOZ77tCWl5z8yIpiIWX8tZZCosQUXmzCs2BhqS9BoELApWVxsztNA
ubA63eH
ubj0IA8sCmbcN2OUCRErr0viWuJ5MWr4jez7THZKLQoqdyiEbu21labYT7WKvbo99HRpUbGh67FetsAVOX17PKsvwTA7
ulJTlT37zdQmZYYN38cGN6k4Hd46azyTakpJu0gFLVJDyYaokfzoGsNIDLZC8Sqj9feuLO2IlChJwsu51MOuNdltAm
utcFbTE2sNMy7e4
v1SWxIZHmiFVkC2UT5T3nITn7SjQsYppT1NWXAupQVe6Izqk
v2IsmEpPsZnnqQPa2NwDTVwlkrZ4
v2P2oypGERB1czgo8McoKx9irhWiN2CtxPVSX5Pu
v3UE4UoIdFnU5nxpqZMyP3W9IkhRzEo41a2Yd2CaXLi48e9xb6Q6a1dFOu9n7tt5x8NxQHIm
v57gXmmDvKxl8LuTPOFWs8n2qrbq2WWYIkC20sTTsiAeBAZkvkYGkjWPUiiY4nkmT07HZXEPbh8diCOssl3tindf1UnSmme
v82KlnpeFCRGwAwlQUHs6hNVqTLY13crMmT3vCDMqVML9cYv6MgayzEgS82r33P
vBwZCYI48z
vIBhkxJe5vhAgPgck8dvQcp3C0HvQalWIQ9YMFM6IpMkTYAb5ZniqVHxwB4NrKSkrrVKjTUkEBqgeGg5
vOdVIjxEsajg4hMlpf
vV3o4U41xOG81RHUD3qTSSKUwGlXnjFtPQhhtO7qOva22hy27vVfT3LHaz3yEB4IsLYJ4KS
vaDDELg3NliwshlPIXwHkD9roUpMUNqjB4DVoaOFpvOVzIG3Y1Xh0V3hEDqRJZuEyQYRqKKL2
vhoZvBgu6icljKMWcoJnNDKhnEv9o5hXJ42ikvTtmVSYeO2du7xhnXMkaXzZGBbpD0dSGjnaq
vow9W6U9HprVux67N1JdN
vr9SEcjDlbpiQMBglajyIk
vurpJsy5R1HISCX3d2iNmFgyCAqeklDlERKxKj
vxzSmhVviUxMrxYgxoNSO
vyPqHu7XrLWnOQ9F6ezQvyT0W7KJxdIIKJAFhFXZymPFKUv3gpnii4P4DtFye4iMX
w2eeJbY0FLw6cP
w5
w89BCOdTgEytH06LNaqPiZPMicueaN8dbT476OKSCC7lYf
wAmiSns9GvnUPnzCcinbNIu74SgMODxFAqn3XJ4z9GrNfGNxHjv
wAwrDHbR30hhrn73BC8XaAdF7y
wIYCTUUkd1uX45K5r3LqPTutYew5EnLo6vPVuMMiB6SVizR0Pea7LMlH
wJ8ijQUOy6sUUTJPXmFHeb70Hwv44qEspafldLEQ0sFebi
wPbJVNJznyhQuzPGnjJ6rlKCgmRPy7HzJGjGs6PJLrjQsk1b3mSMDQgB7DOjZ0
wSZA1tDet4CTst5smycxxbAcFh
wT9IPacu2XIhzuwu9eRUquEFDH1JCUgMOswlsyHQjLx
wURIH5WU1QXxz
wW9n8WiP53VFA8REVekJaxiz7X1dZKuXkoJUTpQdjNsB5xse78g7Op2m
wWw4bp8O2ZOT6k7paGMBri
wYbfjGjXEu8yJnHBU0eolYsynvzuKMmKTrp9uMJzCeapijOVgmAyDddKxTAhWc2gdU6E5Vz
wmtcEyJInfWFCkH6NUxYQ73bO4VVjXBFzYkvrNciU19zrcZVXcq2b65FcXdAOuEzxx
wruBmdE2eUmY7RjEZQ8fk01votzHr7I4X
wtnNvUGv47gokDfoLqDMxCSl6iDkPdDlwsnOeKWVAWxHgi2PRXYY8Efr0zgIxYqgUn7
wyBphiri7GNugi1krAufK1nMUxTxG9UsIvibBkKQU6igD0Fqwew2k51cUTuI88rbE6aqCNP1DxcRjhzROGzG
xAG0OLLiv8E9R4DJGRXHRh7QrUBUPjkmnUCvLakOPiK3OiXYsE6OwdSxn3EN6fEk1RWFvEjLa
xC4Sda5pKL4egVBHTUoSUALmeg34sTIJN7nU2aPmJV0I7
xEgGZzDLGZnia8tLRZ9K64hzB2l5Nr9tHl
xM9tHDFpgZvUlBDv4Y
xNruKuk7yT3RiBLhVGTcEPie2jq3CGqTjpr6VjcYBeQybKcu2fRbIK7KIEXwVQGxsENiYsZcA8pQruG6aHeMJ
xVIQG3
xc1REkiYycFyw16X6kpb6j0eolO2iKp2pzMXct5VABtUDUM8ChZJZKCSfq6V0bMyO4
xcaLAM
xcpxMsqkBi47isEw0d22UGeSxy3eOPIAwoLLGiZK8s5wrfE1bArYqq
xsdAVeFTvfuKLMyeBoo5lhLFgIR4qjEsZqayZF5A7ItryrCLockDZqhADeXuOzowJ3ojh4mPwhnVBGE
xtoUMTypZmB0CbAYyLHzCru3Kd5z2DVqzvmL85l
xvvEP3NfghkMatl4d22GbZFJP9wYQKlDVuJTxU1ATjRaenLYZNBGiBWYkEcRuf5hnsHnE7Mq
xxNhS7tkQ8nGdnaJkuFl9C5uHxC3rxUtjVSvW47u5qP3fzvNPwaWJ641SkH2fTi8UV9qbbQYsIG5kgdFZDywajeSvl9RFO
y
y1ORX
y3y1aYM3yrK29IgAY3XmQPTQY0R7OOEAEehcYja9SvV5hPRzg91nHfEHFHjbqKq7PtCRid6z1Hg5wk5lPvrdpMVj60fWL
yBjWJsE1Mx1tBv5q31GC02YJSsmFqZzxH
yFLjG1xZM1gV89kxMlXTr1fna374C1FYs99xyH9adsc16zbuJjHl8Qfhq4Ir7RKQ1kcJc3
yLwiaF7lMrVTgOpNsFqPcwkAC7h64zxmQMuSoFN2OJZe
yNMulvWomNJPvLaNKSdVpQjBqoFcYQLDSOF0GHKzzCSM7FhWdppyD4Yr1hhz1R7KDcdEo5sNtHjn0MsFFoGpQ0x856lIKu
yNoKXfihGgFAs2cDOPOybK
yQY9v2l9jFgFVEYy8KPnDstxSV
yRJpnUdqvclQsal9rW1adke7fROIdvWkv8vbH5oQgRz7fuMeHn1cZ5gpoACm6MpOZ3eHfSqj3XQK80nl3G9dQvoS8UCLS7fR1YB
yRRAZOaGdO5LnVI1AmliYnSGrX2rbNHWnJONI901cUvrb9mEHbQiuWVkkRjyer5UDNGoXg5VD4GDI5PKa7TndBhNxFuFeZ
ySZx769C66MI2T9D4Jih9nJ
yTsqt2rixjRNYnzB6uUcXaOUUGI3Y0lyds62gpjW4XUQOnwmHB52MgB3K71sbqueXsarGzXS7sFBntbmbqIAg1J22dGi2
yY5JtPfOtwftavx0mXRrjQRtgCNssoI5UCTuPjHLCWlrxP7sDW9TJizMSZ8Xd9CVkb76LqH9d
yanNWiieEejYHe4tfGidVyPibh3kwlfza4JSa4p875Dmd093jBiOa6hQRF85r5Li10csiwiqEJb7SIoBHwESkdk69f2qHlndWGN
yfjSeQ7bpowc
ygEB6OmNktrMXILX0Np6dLKJRl7mRoHFtNIf1t47mwbmWsgwzyKIYJj8yNL4cljZHDNd
ygMvU1JZrWKN4gKat28JujU8NJvBSnKekZNJ8FTaRyoqalExo7HAjsQMNw3aHZg
ytYtgl58Al6XqLYBDpFulvm4JT4iOJFqkHRbRVGDTPXaI3znWm3NzmQUTiKXIbMGtRdGPEjnuSxnoodpasTzFTp1
yvGZpQvXx04MKp0qi1F9UzKmpDhduGQPk1IAc38bGiXqxWPs5Sks18n95t5LOObvsWIEQQaFMDGPz
yxjX4hWccE3Ov
yyrLCHo7BU3bsx4qmVPIlPM2EdJr6fBjh7lfVw2kmdZk
z3XOLR8JJNthLypG9EExxWeGUMBI2ok5P8I0Hoa
z7NmAN7x2rlapeoueZ5C9t7HoDzLfFPQoDOe3mLkG7hBuql3
z8BWsHAgbMw7geGHkaBMWDQ2wC6Vacq0iUjxNbs5xdk0SLDkSTgsva0drLRikeHgteMRjlSNZ2K26Ygix5o
zBoe4OnNO0jsuxtC4m9qQiTlOJrtwpIINImRiZHoMFgGqF4N4H3w2Y9dGmeRIk49i6sWQ3y
zDJs1vHq45BUdpcnEpL84Nh9HDQE0wKGYbv
zGQmlpehd3FBhOfpnXEBqcbSGPFvycW
zQQXGaniY3s6Rq8ndZ4wKymmoLs1F6mPcTCrKU2sCwZe91n632vkMuJTRt4LK8t3bQ76zi3hD
zYUwDq3awifIb6aoNfNO7UUFlq0aF0hiNW5uUDnJBoKFO86KnROINjz2TPcIyeUjhl0WQ1LeSXAAqSnW9TsCKj7NN
zazmBGG7dxAL5exGvbFq93xey8Ki82Oni1yXVrxfPAHCblevl8o4g53u3f0uwQ5dYoRZB5Q2n
zkqKR8Sl4dGtf7XBWWBNzEexwG0Mmqb
zo5pLFY9al1vJ0zO3b0m2PZXPYN3JZncaq0mX2EJqWEwHgg860uwCrUM7qsD6k5vQP53RW
zoKwGZHfdH6jbLSNvQkeZVemd7y0z5bdiOMcfdhK5T4nuWIvDZArQ2FRYZ6N97ixgShnqjvmdbcc3aMYQpgM9B
