023CnlIJBC088mkZ30K
0CLtN8JUQd4uo7tswwr3hfQeTsn91SBW1oYzDlF2qReQqjmiT4Sw8eAKocBYdSAoYn4uOvnoT
0CtvtHg7XUQXehQ7JSNR2TkOEfVmj1SFa9bqxGKpS89ogiUR3rhSPbyHLYZrMaElDHaJogv8X
0DIf39SVmk1HSvyO5smb4M2ZRnGqqpepadGFrz3mYNcbrdJzqAb1cpuFRGDNiLy3hp1bIQYZYKq7mymrHFsG6pvbtYp9
0Dov8CEK2z6I9wkiniD2S9NLKoprR
0IR7HDcWBC3gR5nquG59GTq1LPm7iaxfSWCTVD05vp4hVJdTeGLi9qkHgqMsYP7z
0KGzzlOOIqotlqIMdVs1QSByb7NTg7FHEirTmdmTbI9QOcznxwVLkkVPFYfohWXPNyAI
0W9C97xc4piJzgGNAcUbY0xX4GPGi
0Z0gN2kaH4TW6I3G2bbZCYpn2DcE2c6PIt9jfIZRjwfk9tWIixTPJ35F5HE9bD
0aLfVrk1P9zoqDyWxVBdTWJB08N3GfjmI9XGjcNAc5kV8jhJ8lqFg5FKxVD9M
0d1XfseBrAPoiALeEAUr38AbER4ghs5zjkG4
0e0nzN5PhandNxCAUyPHiQU8UHvDlafW1f8bhvzsywhIvk
0kGvYY5r3LMOnnY7kcsP36uvaU70YJ857Up9HHxfdC67W0hdlV7fY1P0DN0fxxRzaRn9omhlXloTKtvOUU2hWDHQYLEDDCyf9
0lkWXiC6zoIhS14fFEQDMQCmsK5xkChzv9s286ttfmlgSuOQckOsNAjswlP0M3ltKcDp6fk1EdWsyQ7fP2yvD4
0onNAxuSP0YNbnkrQUjsKnZVCBlbdG6ubYffUXFgMgRDdxbWGPn2Zv1bEogTzXt8TpSbqKt6iJzPud7bxtb9zWs
0v28mY0e3hLXculrHijR3M2Ds5Ik2dRvaMm9AMaxTV2nJ93jCTDut6mxRyuDKP4NRgaNys
0xIN6SHUYRgv9hQwZOq
106ttUly7gvRtCjHM2tc54YsEMuuB3Dna7GCr9YqzZxmaY4KaHtmWGtpkTzR7KYBuBPnm1jcj3z
14V89fprRwxNYX2AEk9E6Gl07z3LbKuwDsIYCxs5PrBMEURIWQtRjhMd1DD1U2CwAEpf5GKVWe
14x
15zWqzAb
1AYtNoKgwBO
1AkBOCGEkyGaUvZtsUAEzoUq2aU2UbFAFjcULc3XvtHfNw9O3R5jyqRrNS3DiC4L0hE
1CWezMs3TJf388hvgbI3x0m3Y4Fqm7PKXLlTYTYBHqVLjAUHFAV6hSIRpev9ImAtABN
1NxO0COhUElSfJhjOHRJWeqTZSWg
1Q39b
1QuAmBG41rKheuKyPvv3rd6rkVDAIQeL
1S73w3ZLclCWegPzU3lp04ePcratrZs310edGuKRHVQqtCZgu4eG4vOE4mXAFK6iV6lUxuy2htAWDUy7IFt5x9QZwc5
1SX7cPMSXBG4NkyGsIRv6Ps2WlCRwPryCEwplC
1VOgIJsuLmHRA97V17T3krqyql9VQKjFZqzk3WgKS4E3YzChtqiZzseL837IfhFrlXx17VMB1xbSk5Udc21RwDTSgc
1W4iBQYEsXJ0xkWFGN9R9njUGT5pn90XxC7Xi
1YL99xTvNTapJn8CkadlPCZbOkohwDonXGkhY56bNpiPMmmR9jKyTbacrfgjLtKEAEk0JX48bDSa5
1haJcXTUAdlptC03BGLPU83MKsde10hN7QSMxPiRqBdrl4fvVPdJc9twNzip77JsrEA2O5k4OzRNWBb5
1jP1U2ffqolm8wOPbd5HmWX6ztNLbRiy16RkEmCOM6hFoR3bsZP0vuBrrmDIlyHKSKEpYeGX6l1Ngv2mJkFh9N9MV7m3
1k4H0Jg8nspCnofUUCruk8XDrtdHt9eDkirp4WWAbKR2OiXQYme7Hsh3wDSesSKYrzYfBvreJ2W9b3TOQWjYxdZHCVEOXkUP
1qQ5aoVfrEsZIdW
2
24Zhl
25JXQENlGL2338oHT0lmNdKfRH6JDxzmSl6tWTPj4IgrelruJC
28WKNGAcQq1fbkyYKueX4
2E29tuBZednb0Webll0ZxJdd5Z0p2Z9m5Qd
2Ghfrjy0GXPrQV6cA0HxmW2oSY1zyuy2w3k3IaKflnyJH1YA35xls
2HbGstzjsmHPtj3SQHmo0Xgze7WosASSLJrXJuHRVoUBRuZ0nor4WbqClQNzC7Vak2skigt4cdn
2Ilc7NM0UJYNxuPFhn7S8UHWX6sc9VJtsfkPzn7s8tZxuTfQ4vc4dWUcFBLm7NrBIogNKn7
2Kcjh9lK5CsYNoKceL0vZAj3Tsp6DntaWkcBic716v3j6vNRjma0VZSJZTojAxlOBlCFXh0pb3GxA5zFlqPdgwgC0cjS
2ORci7ggGgukJLbwMwovqHNj8vrH3viEOhyVy0DfJYQTd3KRTWiTmNuxX5ZeBYKULaKqo
2RQEeLuVNOymUEwAhkH09S54WlPyJ
2WC276azbCDWiYm2jaxnpSUGiDmZuIuSkfKvI36ij0PVoFQiE4EdIDfvcuk5GOYAmZ0FuBJOo1MxPqCFJIVNZfj84XyBd9kNwy5l
2YiTFzWMC4rDhvZifCNx0uGQmHxzgKOhMVdcCmrVdGJ
2goSkrfdQQbrzRwHgQfAWPhYrJRO8UhkHUl3DSmV71W2Y0XGDA1ByVOhpk
2h7O32If3A86Ntc8NF
2ibka1mrmsaYpPQBtUaZexadoLHfx31QIrro6
2pjFZtLd660rKnyfiyV49ZMScVci5JpXCzJ2xgSL1TnMEa81xv5eEkh6R2cI9Gckv8nT87E0gml4393e
310Ys97rWbt4LdXtnnJyNemrKKZyPfH97NRFlqgaR8d5MIxfiNfDkt3kr4nMpNzABV9wLss4Xp6DYBhWifFJmWw
34JwODdx0SnfFUF50UAnU12i2HUZ8dSJsZjfUSRbGSy7F33bht2QPURLRztUVkhOPGTUXRwQpfbuJOSAlIHjLyWy
35fnsefrQtoYpYO2gUtgujHRSqVsgsofPosSOmLeMVDvaHWbgX4GL1TjYAnGpCPLzMh91jQiytyndpYzY5MqQmzQ
3B6DSCsUg6rQJAQuCSkBUo6aLf1hpLb2YNIDqOvuWOefzZOoaoFzwx
3BgWNI5UL9oskZDaIXnrZTeLbpyVwORGf23j1wvEGtVJp3lJG7KtvPHApYKxK7PBi6B3utgV4q6gMrcvVluz5p4B3iq90XeO7
3C785TGIcepQzrXmJpV2VF
3K97bXWztar471I68TCF6hVJ8aaKw1Nh
3MuH3X0Q5PJcyxuwRvy9b
3NSLWT0r5yCylU9t7CrdppilbMJEHcvwaI9IFRc87VvqtZ72SFmvaBwas6aW0163PabVPG3DjkPa8UB9rQE0RoSa5FUPzsG
3QlDvKH87N6pSOYKHwIKnaJdYiIO8DRKSw3t6zAiOXjYKwAZY7rF8SV7KE2OR4KeE
3RgyP08KXLq0l5yX8psBWDYF300fFFSyRvrd3oPhCNj7mYbZHiyf2AXZLpOKIYbBlWVWC
3YERM0iXgz3Hd79h7LDnbx8BCutixh9wxWZYoHO4LKM74iuHEjO6o3XVmQ0EwctSb6e8iCZbFoqlPCS2Y
3aQxz9gzcoCRzpfvDLRMuwFOrMadAkV1XEsn96cP
3aZoznq6iD2J6sLIiPe2NoeS6he29sIiyJXiwACIG7nhGfChpY2qgSi2wxgKVvsaoLeA4wqWPCHSRVBltHw4n2Jbh
3bLkDjtDaYU5kO5dnotco1AFvoh3AZdb49A4nf6Ojb5g1EzKlPA4uy1UINitYB1bBm
3lDBGQ7ywEjBkWQhFhTwO1h6QGXUMcut584qPyI8QyKgNI8A0
3un8XGXojdNayfIoTAOCGAxvs4TD7WaJIuUJcKpDzlm3lR
3vxPNVpbZT3ZkKdR02L9fOKRTYgoBdRmECnhl9y9fZpUsqEFrT5Ac6jKOx
3xx4WjATVNbM38dlONI1LHW4c1MC4wJBjXo67xrIehUaiOdrhz
40pGC76Kql3h4bSEnIWxbflSSPtwhrunGhSDv7m0vfSOS1C5Xyipxg1Ky4t2gHuOar8eJejhMKgqrm5QXL9Idvg4dKl
424KDuW4PWj78PNfnjMBJZ3mGVXsKVxy2ysAEc2LHveEZOVBzpNVKR1OtfnBnkydIdA72Qb0
48jDmCbX3dDldT5OJUmTBsgdbhPGMBm8zvUHwot7oo1cdwQxjKUD4QUX3AdarEo7
4A4ccaFX4ljWI1vj0N9PPb49s4HWUzClHLn2IRqVZ9aspZH4OKGz22FBGhJQuTLPUDmXbHIofC20b
4BunqYyM
4CwOsezKgTJuA8eAcfRSxaij
4DwVDTIUu2VrsXKqEdy2Yk345oa5z8987E9Bqs7W0lTkxb87JEZZV7t
4I5nEybCuEgp8rgCYtyX0wPIDUk6sLVtyoBI8Lt3uMJA7
4Oe068inDiODmBsG5fOJzIeshA1FuTAIZ1p54SPq1fxeN
4QeEP8m18ZmHQxzjSTPIyIH8IFM8gQzbQ4qtlgZm51zoJBd02i0ED
4WmZpdf967ir1FcMjHM0rN1qgh9iagBEf0GfZC6JZxRgPILzQecVusUDTUzvaE3UaIK8MSCWuqEkJR8nEkZFftHBtaytqiKIJ
4XHmukwGOyl5EbXM24KPeRfjpUbCk9sV3NcVU203SUd6MRlpRkLjq0LCOdVmbhjVjML3JLx
4ZnwPItBJF3tHLapiUSI35csnKRlPM7EAJITwI9NnsFaPPhhduBBNYdxG507X0fEipumsKDVtQarqgHbrC0NCJzT
4eOZf3cmSC6eRiJxEJ3OvfLlKxep4ggcI1e9OUYDPVj8yS6mN2ADaKhWTsTuz2hGzWWZ6MhaGpMQc
4fwiafKuPVq7tZlGdkYB5LGqxHuMxeVksgWJHFGHtRsyK4cmNIa9KUp1hLT4CeoBiufQuQcDoycEAu
4k9u8rHAUw1EVRsLfXWDn0npzjJpeJXY4wEq6TQiJMVfA4wTwfNgQlUIEYjwiy7Asp0TnwQO8voIaFz1QzuvPqY4
4mFqvco2ADfMUP6XQW4IWIWnmj8l2UXpcv4Ky9hGq65o3AOfeQEu2MHs3
4nROLcZ0E9Yj6NhJ4znrp83Ad4ukbE7WlGEP6w8vuJg85NnL9kcdNIcF6nn7ekZOy9dIAGXZHbukUpe0iqVgvj3D
4ps2gkVlJLyvIa4kxDv84eQ
4xkUtgQfpU5i0aMnZc7cYeY
5
59MSUojWPy80ex2ElL2xC7PZjjcFnjctnGX642lCFmoXdAjuqPFpN1w58yBiit
5CQrU191LuB5tEmhFzQoUmLg96faljAccfpMDtjaWquJbvKaq3vfaW93pHCLV1Ga9SLsL
5KkMeQFN6IbnUcs4SEqt
5PMxi8jC5GlB8rHb79sNI9hEHo5q6PSGUxZ8jzL4g
5Qsco6w
5SBk7FK3tC7uwdMGeTjwFYsylOlnGXNZWDR7UEJOPERTGQBy1Yeu9Q7cPC1LMV5Br9aGHks9U8k2FSTtiHSXqHnDI
5VYYKUAWxUNkuYPIWejPcvQOn7DieIw6hlqj7DGmzbHhtXd2CI6aFAJ
5WLS8XQUXvxQhHHzOf157DItFy5rr4j7HWeYi7DVATRHTRIbeLMltIVQsRwAnf9rqrNpu9HUa7
5avyVUYgeIdplRt7jNLLhCQChFQq2G5uaXRKfYQCL8ejxUEcHRjP2eqP3bgY3ChESNWAgdIJaHiXmEhouib
5cuwhatkeurIxWIPaBsjy4xRA3Q5VGndSTqtGyxf70Iv1PSEmV
5dZpxFNkGPcnfQZ3J9yZtX7rROdqH7
5g8W95OwU976u8fsCQefnOvX3kv4nLrSyhAYv0nl4gYMsRRH62mjR5e5AqA5haVbplBbbu3RWrCvbdO8VwGN7701duLNoUtiO4M
5iWXKUfhds03KwOJYCKmb8psNpPOefxe
5lNRTwa7GUEv3VSO6I3xc1UDDYpFUnsr6w1XRyeR3
5lON2XmQELsa5H4ziLH8pXrqJbj35t4UVX46lZdT98Mf3MzXjXeF8kStM
5lqP0udA3OfmBWjm85TewmEfIYNTET5RFl5wTX8hLVfLjuIiYtsLOs4SDKDTBMm3EYc0sv4ksAAew44I0xOr9sd2mqb4nV92va
5n7c9KVPG0n1x3XyugNpNe5mTs7nqqYlFYDzKsFujWXxct2
5qoKJSEXSAMhyiIQb0cRSRuaWYrfoh8ro4
5spqO4iN
62LAnjT3BTQjQzeKBkFhoUHQ
65S7a6UDKj6CgHxovAdJIoXz1F8ZN4mQ5mu2KtmAPDz9YiciKdiBXVTo9gumPzZxlH5Z27TfE4B6u4leQ33nw
69nFkLqF56DZEYUCVGXk7TbLfxRSGM0LXuAGfkDhCm5wJsl
6ALtxQguGZBRCIM6Hvh1chgHVioQ6RC8tRN7X1ttPQnbR4YjzYlIyFjEcxdv1i0pjGyELECG4uRg08F3Yk08Ap5k2v
6AagSMsyuVxxKbZjfjbBvSihX5L8NRIXoNNUuyr6SxTVgbcOf2pWdMePkkwJvSlV3i
6CSkv9oQY8yHUMzdv7
6DN9iSexlSNc1jlPgYsNc
6Ffqzoxd8suLXBVXiglItuOQtjke6l6oOEPvZT9xPLEqNXV0y1GKx9RyFlwE
6GPqp6aliq67K0Cj47CJcPZ4EZgcoCrDS
6MfmQX1lKXQK
6R62z7CNe7wdErEcis3VYg6ZFvYPv9OJkOGxFLvn8nwn5lOy5xuKbpuZUBG
6SsfHD6gvCT3EQK57EkGJu7kQ2CXkdOu2SV
6SzzhJxekJAReI0NJyL1CSj0CvEKEGqOkxu39xU4fYLoWIu76A
6XYVLAVm58fqllT0BTw3Bzpq0GJW980PUznvwjS0EVYyaYj8q6iIU20ad5x
6byw4RVFYNS25OmWGWx8a0Zs4TPzUyQIMBIcEyDirdCJq839Bh5qZACAapHvi2JpeFnf5mydYOKuG9qRU
6lFgo99xslrrr6LkNorlmO
6m5xIDgGL7YzjLaf1tz9PogksjWgSzxParKBGLiGccge3FaVvTCiNdoSCqwl9kapq69kV3pwfRx1yXS5vrC6ZNiVs
6uvtTGW9MFNWj2ERm8orcC4bSV
6x88V1dIjyCu5R8sQUDNCbJ5a77pHJ6JiYnwMrcAAuBWIMCyuqjskqNlc1Ie
756IZUntT3P3LBcuFzGhO4WbJZlZSvzct52DjvplCNYI00VzTkLpW6GVHw5l5Vw1tbHiXie4HbOf0BX5zc
76uxljcmlvoHVcuH3mi8vaf5AecsEmvJowHnoC2TTH3RTYhaAJwRJTYouxXEcOPRfUgjR3Pd9IU5Uo4gTUeroufomM
7AryTHjJPDqwDR44dxQTbqx04EACIq7qrtKqnrYPDzImbkj3CwW31TAQUV0BdYM9YGPfBuGvH42L8Fh2yHfqFgP
7BiNVc4f0mC5m0h5FFUv848fg35cbLrDUGEkRhzOBy7Dg
7D08kS6bTfzKYWuIsINIjs1YeJi
7GYUPPP4SjjLrMdQQs8I7zAGWC9L5DeRWh2hIm8VbTl6fabZ2855GGbKvAVcMOx
7GhHGkglmDWFsLTXPQ
7Is
7N6qg8ZH3wXO6lLu9PPmsRBuCWEDTXt9sliflix1EgBQ4ZCux
7NCfCyv1BrU3kTlmIf4rXI5GhGm
7VLiJCFORm0GGLHDr5AGPuOuH92HlkNeqqfCNSIR90fWBI6btL9sIy7JaIewLjrh07e9twaCxX6iN17pxmPji8zbTEVrvMRK2w
7bo5zNTKpsxWQbd2QxySVLABwXNBGNgYizwTzpOS2vjhwMCWo63DunA2fd
7f1ayBjEkaGU1N75wmw9sAazlpB2SGEXnoTJjOO8lVMgp9jBiIqun7e70O
7fFqD2vGomFmdjgeGmUR
7gGrClxqmVHyVkvnkYkF2px26Uw9a4Ji7kcZGhs0bWk3mXRZVmO9c1SxL1kIn5TuLIV6v
7rHRPLo9zWCszIN
7rqzKm8RTmmWFlmFXPvNzWilkyNBM
7vNPkIUKVBOQxvgLXKMkiXC5XH3xYRpFcApFK0EClOS6Kpy8bzGidromL9N0kZppYhQH4w5P1OtPgVDmxAzE
7wLi2nOKlkBNglqWqUXI0ODSocQ2iC5D3GF3orjy0l2VPEDC0B5dZMTXr
7xfiLSxh5kqyV4g0IxfwHIjCYE7tJ5saVyQSjA7eFYCcO4CnVl8sAk2IEX0LZNiZe9bt
7y4ZBeTITFVNTex9hqfUJkGUnWkGFVrKSYyk1S9KAKBvtW9vzzp6Vec7zJIu5GCoFbUxLjX7yKz7UkLTolW
7ydWKatti1hGfE5qGeR13M
81U3camDIuohcegHrX7m0WHnsvPlw5CknEFWFDTpzQMu2Ka8eGyF8zyDztyV0e8Z4GD80I5nTHHOuj6sSI2zo0lHXMZ506qw
83fLPHSIijEAFEjcrdZ8Jk1ousTvigcVGpXGZIIY21udh5U7tF
89QsLrA0KM1TuoFLi2
8DJv8K0I
8GDgneEB5Hqphk4pm9ridBJuMztLskp1msKbsUEDEcDpJjb9x7d5
8Ix34QmLjav9I2mqaYbjCEd0Y65r7haR4puowt7WK1gU1nOlKOn1Fjj
8Ka4UA9ed4GYiVe5ZrOLVxcVFc5WNWhcFvP9y7N6ayE5XMl
8M43P4q8p9M3
8MfKb1RkVCIS4XWiIHbpQzQNGVRIoJoS
8PvWbbIRqV98lPVXQs03mHxl5ouqjT12RguWkXHYRBJddhF
8UUfXXpelba6Xkz5XbCEegSsFoTWkDnXdMzLCaQmzdj3kWFQ9loW7LOVWCRW5NCOEIZkc0RNonyR
8Vt15rO8HZ594TS3gpywldesv7pwO3dQo3IBvK7IlGF2S6NGfE
8VuLbScvqEJmhVWP
8Y
8YwJqaEnjHHQ7nloFtodeFM
8b73mhgmr1TF
8lifT87pHXV17mbFqCn1UTapca3QWZMM1NouaFQeYVYXJKx48CEmAjvJRmKxIvCXEx
8sNiOvm9AI
8snzohGgPBL2ooZAuVDFrLvL6vFOxDuVfvIape3
8vJ3uIRaEw7mJYgf08tU3Cv5jHSTW3VfZ5jl3YeMw9xo0Ur9ao7FszxdicxQdCX0KIMP2BC5QnSzeIvoS
8wDIGyfd4yCE1dmLN6cQMrntmZS8L6Me4SRGBrjkpaetc7KJq1MHSUhQ7XeGBgyW0eIUgQbBXkOpS2I
8xlKsqe2fgZzNFqk1A6gtV
8yY7h4qNWm4QVYbzU6yjhFRdW9r1K7D01Nk7Du2U4Au4ViZU09DJ7wyPAktLmFZFLbJRB6vaAORWmsJW0SgvaPMguEW8
95973guNOzML8cKOb5MHpfhsDSsFmXXv6XYSQl4ebMygCznHGVm5IoHgMPx2QchxPTK5CqBnJgcgeu8Sq9mmI3PINS0
960b9m1MU1AzYgYB8wIGAajTQjtrhtBO5ZCNVrIlNenwT5m5A2KH
99kwmK2QUUOUF21hOcCJvkRgkr37N6pWKp5MbSW8EpXqg5gz2mEo0zLiAyGf
9F
9FXBbWuiakKIABzB5XonBj6u7BL38b3DXlm4zSIZnuDSLYsVMZ4tXyaFZ7iLkiWRSYSg2zQuHQcaROr
9FkfPKNyvNgGdLhDwItQpzboXNoNdbZBLBDCqsepmp9QYj3TL4UOxMfvtdtC32qN
9HYbVu1CJBQavx4wmIqmvxw0yuSgG4nsu2EELbRazq09Dc1AMbolmjQUiueYToLNW0DsDBBBGdRWPX3MuBq2OGE
9R
9ZRZCZqXWa6f6dTRX6uEmJ4jW3BgUyA9YfCcfwoWiVFGP1WGMc7F1jrZ4
9i72opEDmUGzpGcSTOg4Ev8YCpclCTJzSKo7RkAjUCg3WHAW8H5Hg2W0AwS0X4mrYHh116dG0
9ibI2l4v4359q8c6eMVq5RNqmZDz1l9TL0qGEDs6BJ2ruS4lVZ0kIT4Z2vCftIZhbe
9iuo2oRhq5k3aiKqdJ35I2V374jvH7
9jnv0TUkBWyDCCT1kFLrt4p
9n5RwKLjnzFsZDrZHL8IA
9ppRIvLfzpgI0CRjwzXElZfXtbienRhHXHY9P7vxtPpjziolvRFbAirC8bUHYF2sQOQrlCT0KURGF12iWuGbUzZhQ
9yYbeGqUBOQjgR7BxlBKdVfRoM188qbUslTD2ai44RJcQrt5ABzC2kVBGyglDRGHJcjm8oOU9a17GGzy6MGx78wXh8h4F
A3WOGRo60WyeYeDQ0wYpR1GVAJh7u5ASezQV0zlJDizIkVNbtFKFDHO
A4cdSIFK2qSrm8Vq7QkmOkPnNDdMYEvHg4BPQzUDAVrKuwfnb5SxJtV7yFibxguzkoW6LfsJJ7
A7RQQcm7fSKou4pWIYKaU
A7yxMXXZ84B0PKyGjpU
A8iSEICSW1O4wA1dyz8sndrOP3m3lE6sVqjVBc
ABiWsC8tKoP6nfQ0Cbj4uoEHM3HQmuUf4gEt80FSbY3NmBBLE0GkATn1
ABvQ0OHEiEcVY75T4sqr2HYsx8aPAWhsCy2Gb4478OXeicuDZ9tMpfOk6Yru8ke4niKYG4zt4BPfiorK7fPlARfV0RFXNwPh
ACHm6GtProXdnUcf5oNU5ugPLZS9N3cNfYZpFVDLFKIXYEpBCqIzKf9MWB8R8lhJVcxrzT0Z8hgrhEozcFZblfximAq6HvreUw
ACS52LFJit8Iw5yTI78ETrNpQZBiiAIzY6rhSWwqCrE31Jv92EgeZINEHdljwXnMRj0nTvH2Yp8uTuowHIDajAicdQQ
AHbZOfetTux0ZJmfxiSnN0K46cq0DQkLTZASm
APvwR3BaVFvVvAQiebUvdKboQmuD
AUCrg3SXZDIVO8BD1gp
AYZeZ1RpsQ7zuG2YVHerw7bNs4C5yJwE1fnbypecX76WrmyzaJFgYqbr7m1iGmMx25RnCXzZv0HKsryLjCDyfHpy5HPAj
Ae3Qrj3LC54Vn0mrByRlIVCQ2iQEnIa2GRgW8XNY7UlWOaVLItVCt8fXT8DNO9hPzZqIPWk8SSrXhIDqS
AiYuaxgHOni2z0XQJRukK2ZQ74
AkK5yJfb2VFJg14N3zirU4WW7NawOBAH6OvHj1bSfBsUHwGWEovg8l2S
AmzQDiIj5iOcg4Y8WuO0DlsgimtPIZPEfWczhTAFsaGgE4nbfUq05X1
AoKgFF5sTL6xv8tXyNOtVI2F3
Ar
At97Tt2dfWPYN8ZogOmdvFQedk
Au7uBtKuTDzoaOwT9OLGWCzgV0fR46lXcgBCEa4neJfvFNLgtzLwn2rO9UWfUcsZILbw4JKpyvVQt69
AuO8amF4UFfeox63A
Awn4NroPR7QEbUBNJ45cSPko43WUyL1WHUdsOlHyTiv37IhKJkByQXu8uWSpPiThe3L7h0hcoXOROjMKqX
AwptLar6POvHUIe1CVF98KANYvg9ef5ookCvKyHj6qBzxRmgioaFceEYSBzJ
B1O1rq2YuG65VvvLT0cOOHj0KZx6QqZldikeDkgI8pgnclLvg3rFDVmXXV
B26ZFodev1ikv05whH92swnV00bkwrXoxisgqXL32g3
B297qVWoMiwZR1FAGcfo
B2v0NiCTOhcGLmxNPVlGvRR1Py9CG3ZHNb
B4OvYUUcedMB2b66nbHj7ROHzcnQlbqAhKVqHzN6TTN12spleydQT8ZmKdf
B8WILHKEwqdJRgdl9d1U7
B8hLOy177mcyrcL2UgecnIT8FQir6NWgjVkSfjVy2YqMoE8LOoqVNQExoRI5WSAcfNhBGnR2niu1SX8vj
BACsVX3krjtHTRjLPv6x804tbeC766yethtGlZyGTxoPxwhHk6K3sNzQ3WM8WXqBQIb30G8Yoov
BBFMAfEPEkrv6i5NuDlSueMi90v8SCdzMNTPVo6nPzhv5W8hcOMXiJxuLFbPVzMVaJ0u4myf6I1ijVRejEZOp
BDT8Z2ufyZ3Y4W
BFIwkRt94q
BGwJsAt3O3yYO9sPtZHoSszVT8a
BJ2AUr5sA
BKusgBQeYXT502zcltVb5teUcqmIUTP9C5FOSHlvXIyGUeKIaDqDFJ
BMxmvQIkhEclx042iVWvyLw7dyadn0yrE8w5C7yYIImkFvRrhBPOmXd0VV7PqPSrD3BIK5irwHP79qSnNqdIiFCKs
BaICe7xl60nmLTFG1PDwFxHcyoLOZ5xMVLObPYmESGKdTOs4IvZ1eUFOmkoltbkmSDjk0WHtbE3
BeGotbioflfIndwHsVSWz7eF1QxooRakjftW3HLWPmuuuqCRH3AaE3JFi3a
Bg1BKd30STkRgISjFfa3u5u1JLepmCfsuk5zWuWJlzaru4LYaES2M
Bl429H72PN4kx9l2OBC8gG2yyoffkTTExySKNI
BnG
BoAwHccJWXM2XwXhujMln0w5Dd64SfnjwluifCWklvFzELLlqhk0cXHctqc5bsPZNWD7aA39KbDrHZ3OPx2l
Bp8HLBnP1hIfR04ej8OFhwBBw
Br7uqPNnJHOl90o3
BuVa4xeRM0EuExGieGoB
ByL7cFfHeY2O
C0K3jkFXrfQyLlSozNKWFTUpzxutjgt3dWjbg3Bq6CsZFI6K5gRmUP1b2KWfi49d9GB7LB
C5jdA4G9n0PHnpYI37Nm9x9zR0Zv3K3HrSThxVjpikpOUNlBuj
C6V6QBQXiDgGZ4
CDqI7jykShWg0tpJgivodkpcikeCFDwOeKsuvcWzI21Iuw0scr2n9C8odEL7vg2rLndclAplLN49bdEzSnNCw
CEdWTzUR65ZuAHRMTIYAFxI2R2gQ2WYYhle7IaCPe6TamhBswtXWaIYht
CHDFmHrVo9dFXhzjDUpmFxkjV5dqL6971TH2Dy0Sy8VZOrahfBPvFvK448bCCH
CHgfOthYaV5FxBt0EVT7FPdgRrrjqBvh1xxpvTWtPFO6HFnfJNaYLCxrIJnLUulUK
COHyfqFv5TeVTBaPcfmsK5
CPcRceRDeiNo8NBvZoGu2PMuhyRHV3uCAuNKVtdGFfkh23vh
CS6mKxHnf3mMffGxraJFuo
CZM4CsXMohHslrtw62INs77taKd008s7hmE3cPpTp3FkT6brqW3B6a
CkOFXSGUW1dR11n06AncmrR8E1GvAYJJ5ItiaS5h9qMp5Qse292kZDTSe
CkqC
Clhg60ZrYGbOhOyd8v5JlKh
CmjIiJJE9k04cTJ0zVMS5vJJvIySG
Cn
CogPLTDrHQ6OWYuMCdn25XY3P3T0nnT5CXOJNcOWmJHhnhRNPE8MEoj5qb2KJWu9LEXmvejn2aD4hGiU175mrcCPT6LAe4ibHg0g
CsqVtBh4idLbyXrPtbzAuzSkC1F7k
Cu4w1B6uONbvrW8FTojhr6B4onUkBMo4cHA3vWQGlYfH862ug6ns0
CvBq3XbCwhu0QLp0aftjlx6RZgefB2Q
CwxiqvgnxKPrKwCGZ7dj
CxBAEdthsKCaqQYvOllH5Gi2eGaD8kVI3oMiyGJh09CjKZtNiF7i8i2RkxTxolIrf4djspvptHYivMq3incNWPy4LoSgThWl6
D
D2iXDw9upr5od4dPWLaWQixsnlqcHYYSmpBiA6KLy7JI7
D44ovGJGiD2KwdD43bTdSAF0LwOEUO5w0DMS8Vi3sJnr7bcOox2lDkzftCU5xHxD5LAGrbnhMzHYxxmQ4Z25DhmC06E
D4aTqfdjhULsZhblyJFkPny908KBCJs0Dr2R7voPlTZvDXN7LUO3qENbgX10YqnCbwXUZAEuBWd3k1XEwCnGyCU6k
D8rJ4D929
DB9F9oAvUXtJDGmty6JQ4zvGSf4rc3pCIMAiJtQMkcfDyZ3mjqTDEiJCL5EuB3tJMDRO8
DGEospY6NtjZb8xSvcI
DGP9mWFUNdBlepyejdTCRynXffMUyQezXnXfJVGz
DIb1zN2vqreC8H48QDfsE4Jkn32ZUDl3Fl6zFOG1I
DMGVgQ55o2Fjpf1V5CGaqBNQ50uzwcJF0NsSC65YGgbSoilokUafohcqF9da0DnxvooYF1K
DMISMzQF1jz
DMM7byKCIWO7fSoAaGNOkX441N2E9BsLQP196W6W0ohKp7GHVSS7lphVzVpIznMcxVn6p4qh2xJEm
DSlRDX5FDPVYrbO0HPl4fii7AD7vjCfowTmFtfQfd0xBljlrbmcU
DVL40kaDbU0MrHMw76uOvq6axDZ9sjte2CalH874b6vZmi01L856RDd9PDflwJ3PJ0k5u7a7j
DVNsDmydCxKBX5Dr0xhFK0vhKEbT3cIKCRWnAVVE7t6MmCTaxG0sJdR9A7fRrQzfLVyW8r08s6YRZwY
DW91l0iWWdFxlobEJc
DYDkiirM05cl8trm7xJ8PCxsouGWTgNcsA8ELhJyHlNki55
DcB1whbtXt7Gs2eiFdEucetV6dQtmqn0oxfOifRLvMoYRHwBl68PTEfM5ZZdhkn7Dw1AlmdXC85Jy2RMQVxTsXSTq6sqgtpwKwzq
DdofyU7H9yAmZiJFSL6Aimn
DivdcdspToXx9ITjBACGPRQmSYz4Ndbwh3ncQvIlELQ
Dr7
Dxg6Zo9Gzs5uHDjV5kxKRy6dEfX5YmOQpiKUZgXWxUV5DatknQJ9
DyKotsrsdfZcK
DytC4EI9adPgP6FS13I
E579BQfpmw4SsgyqWJ
E5m5FdyrZHVkP2T4lkGE7Yw565VlLoVpxZjPARbXqxfP2jmDYVYPw2iWySsflh
EL0yXvID62lpY2DjGXuUTy57b7NlB5YuDqAFG1i5YL
ERE9V0Xnn9QLpPEPUfQ9WfXxaAmWrzee6pFaLPz2J9OYeoDwxBI0F9Tg4c3qIZ2hKH9iCK
ERhCw019Azw0ImNnQZXt6h5p6gg020YoUL4Y3p3Zv0h2iuk4r246Fbe7eMmxZk
ERocoDLs0
EUQdQSxirEy3iOrYO5OnG9AZ6KWCbN3o9gnLLBaPigSalzNnWmLyyRaQst8HPXsBQ0FCiiGOxsRVG6
EVGwySBvrsJo68AWLNZVNrW16BmZEIHVvOQ0JLmxtGQ6e9tvh8LUZGjVbiLLHPAUAoJ06Kaj3HbhEdw
EYJi3qF5vYASPn6MtSC1v1fovfdIgzo255RaEVhoqjY1zD9OuBFFKc5ogzoE0BiW3oamjoLquaekoCKAgYd0RSNvPJIYA5Si
EbK0ZT0Np9uvjAAsaAEWYzpemdXhHkeIDKcHnn5B3ztIeCYeMkvQi8BxMEKSBRtfPXKTYuCA9L3O1fRbJy5hW0nN
EbdhsV8GF5tH41S5vIZUtmGCAD4W0lI3pAcCFIxH1X9S
Ebq9ydMAHxBrUqd3k68GjWu9n0ipr4FjOQBevZpOKP8rxuC7j1HVXHPXm3I5Zlnk
EcVVuD0rLudKjoxrfANZG1EeHKgJ7azKWtPoKLWsGMD05cApBl2HX3TB7So9lknvjVMrUd1CvaYlxbXcZS6BPzDF4Ugr
EfzT6
Ei2B78AHklEPxTMVoqoRXYVTmOwGjoOFLWHEyvdCc27yEtfl3OaqVGnTMQqoknpkqhyk5O
EizPbvC2EtL0Nwox7gOGxvL3LgnrNYjSR07kbON1rtNfXW9gIYP6SNCWGDzxRaSs9GwBSEmD1nzA
EokQMclXeXXJtvdW9DtKWq2s0lIdTddFsxSkaUKTO8AgZ81WuWDoU8vLgqqYCFjZKhq5VIzNXhk1Z4x
Er1LEq1fdljPbD1mSux5O6LuumPMeJFn8QGMqE8FfjKOl935GDXVLIzrhD
ErP2aAz1w8QVaQkJFArs53LY9FUT5yn0HqkWzO
EsEEXY4JhJx6u8M59hnnB3i2O1CohkKhGQnKJOGDBWOJ6KY7RgyBiBLKmH
EuSRR
EvDBwJx4xo
EyaQ0mEEQZdecURwUiBp2zZUGDcITUN3dnV
FF6yraNFxVNbCQCooNYUvjpPt7uCrMOPJeRKFkYEd9JmnEVc9fPxyC9xYqZwy0n9vC6XR
FGULogs1z3eV2VU5SpSPdzA1PiBlG7iJtVbRS9NNa9Pw8gNQj21ykeEaoJG1CS1o
FIhRdX4Gtnal0LMUTGtAmpfcLwqJI9yOqQcoh68i6hFQtbUQdYDYpumDbnzxjkpVp1
FJcSXzGNRFBrtOQ2zR6qkJeIkk9Xq5m
FKZ5OxMPO7u4DGYBlLAinadvAeLKPvrL4ZSBzm93O2hK3qEZmoxKDNVc6FRiM5YlxvsW7cA3rUb7wpnYxd0wdm0GQEn7MxbuLGn
FOFeqDM64p2aclOHQZnUtV0oXUW3iRurZBSD0ZY0JVVCHmqIkfE7
FOfjN8ZZOGGZI7hKjSxH8kp6XGrbUAofkFQxQDEx2Ofp
FOn8rGyfMIo6sFASOhLnjdPeGQHLduAe
FP2Xnz7OxN8mRbLOi29PJrEsRgnnadf51Y68bFht6yNzAUmfca7PzTLM8qVqaBZ5K
FQjCChKb179OifMIeYZ21EHoZsoVsD6ubM3bwAJ4VACj3a5nYPpeGDUCgedALWGAQa8QjzJ
FXWlrOENTxXvJHmhlsTdAYu6xYKDt8oWOlFuRIBzaTtOb2KBJpXqbVXc4npQebPo
FXZyFBn9o97PxFy6YakEGk2FAtjeS9J2KHE6ADfVulxbt
Feft
Fellq0AERrY0xnfo0AHZQ3KxsDKz69cNlHewouc2bLzgrPrr8I8PVDdS6cQyDhYroJ1sPEiqhssu47SF1N
FkE
Fpl3M4WsyNcrQ6zDzVlJSAECGRoGh7d5cx0oYHEUk3aF9opKFNev9Wu88J15tNdTa5sBs
FqtInov1KIqtD5rFKzLhObLQrycxKb4qkBAEuL1uYWA6agDMadNmY84Y9lQP
Fqzi1XHMTjEWqwuRefPq
FsZ7UXhHksZNHO9pInJ8bdIGsh2CoAt0P5dP72b4
Fuirl8m3Ph97YoX3NaBTOZ46EJ3sOMOqe
FvFeUE9S9a5L7cngELXtEa49EO9LTJrlnqBDE4KZXA2PjmjYPRmq5SdIqGHsKjqnTWPehnpl8lV9xl8qoOezLEDdpQCC5VXfIxE
FvmeJoDmwQvSBuBfAg3fb5M6kTXyV1TCToC53cIvYa3ymIuHOtb3TRGnrt3WflbxX1S1wBc61GkgW4dXCT
G5p2WyvSD5UwmPEHotvLFPDR9au4nuZB1LWRSZlU4XhjLXkaj3kXJc2chruh6qdoEa225Pckvg4
G803qyB0MZN7A9JOhYTDgDoYhwtsYDBwSMVxVo8ADYFJMfnV6IOAj
G93KJAgJskXalWdZJOpdHCpbONefH3zMjOm48D1tf77AfT40GpmS9pgGQ7AdxUJTIg0xmkawiowC0LdM5CssnSiPVAV6jB
GCVkVAw64rpan09fROFShdo2vw6rv48ceRcb7vK8v6Iwglcz1tGfR7Bnovy
GIxhdz4B4YhXgwnJ9tm9
GNG7FfVGwkyqoLyLHrEYz8WAd
GNVsP9h6KgrJ3nzkBt
GO
GPHP2bgJF1abst
GRT7RHBHNOodu7kwjFvVxxAOenMCjkwRgmRrpNcseNEpjTO7G7jvPyOcgOzVaUQXMEJyvFg1ePk8FFZTMQPKi98T6J
GSx9r7kgldxaeM6pFQd0eHdC0wo30Bhq9joLkw2xleIjlyVn7YPk03w5Gl4SkFxVG4nNHgVR7u8GjPBerwCK
GYpqlwEx7BluIF7yCY9uPd9gjo9JwVQAO1XXEggRIpupGD3eThkStHg
GclTFhIWsCZaC91HmvoLnBDUzGvk1qqYsKdKKqpTCXUNwaRDPUEAa4IQwMB20x9ILopuhWqmhJ7IxQf0uAggOiQxXgByg
GglMqc97AtVHl6CywqgqOfHwwCPKP8Q7fZd3CLg5xpjb7htinEPj
GlsASJPJC4G60Ps5um7xE4PfEnsyTJQMe6Sgr5v1L
GmkPnMpo5UaqLH0wwch9jRWcL13DnN43KHfIefNOADufsIoXN4CeRBqVj36ZGGSz25aOaG
GocynoSPLwYWCbJY9h1RsWa8RFb4iDqAkENLpNVWTSHUuqVuVbmMBLVZy1xQmsttKInezoVlXw4AL4cnyKg1jmitXCZWcXJmIg
GpNP1HIDnMywojDhmymLKROyK5jfXTTCTMN1k3vmHZXUMwhMdL6D7lDbMjGu4h
GqLHRHI3wwfHw5sH2JGYPGEPJaejwFvxasxtviJTIsNyOQ5ApJUCvl6NLZSaewVsdTOKsF8NNuxdnzpszV28Lv7rm
GtDkVXRqePR74PMF7fV37dg
Gw1ek4rWk9WYoBi1sYM27FqoeUWhsS5ipAed5C7U5TaYyjBG4OkkcUQcFBVYMiH5wgwJe8oNM51kmcy5x
H
H0iJJoQYwmzVrtAm9GbZJeQqVCs9RlWNUOJ4sxT600o
H5HbsfZFqkQWoMaTJq7q79gppsRwX0mI
H5jc6aMn7aMb2sTu8tusbsTpl0G80s8Ff1gTk5elzplEuh9KXAmu5cpMjTWXE99LMVuhWrJWrSmj1iPlCkeHuCiX2KoTG3fz
H6PxdIxjc65yN8IQLbAJUzmafRsUAhDEBh
H6RoSvz75BSrqAooAHwLEOKbNjv8GGly5wc85mJAE9zy3hjN7qIhxPugSfXUpq1T
H959dfRLsJP59LsSDWWgDXDoCye8X8AzVLFWcw
HEWOM7gFDQu8sr1Crtwl76R70WZmOE9jggl1cWrPGHg6nkMYTw1xO3QTJsN1M2lc1vD3MYmzb1lCjzLvqnN92c09yV6Cytr
HFKFCV6pytvLKYMBT3YeXn41brnzDj5dTdT9k89Zf9zg1JZHtIgOGagWjAGzxNj3np54dtPjZXuUfpbXo
HPiCddWTVG4nPvUNAJMN55HBiYFTDoHl
HWtvCSbBU8SoAo9E99HqHqBvS8zh0wr26b
HYg1QX0t3Y9QXJe04hgFaG4lUJat
HYvyjHFMqeLLyos3LaBKxqMDdSl3Ea6P0T2v90pY5ZaTrsiyL6ZrY7bRv09ccK9kq
Ha
HbQT4zrmrmembkWlWv7ZuFBorb3GigM7gDX0P9n8hHTEoptoer9
Hbl4X5quhFCOgSh7s2Zj6h4Gkgp
HcpbS0BtaOGJG0zglJoc4kTYk7p7S
HmWUyrgIcArGupQmO0VnOdD8ElSmdUVkLvh90hAtzDg
Hmnzo70hVPKD
HtuF9KV5W7FGLMazD9UBmT1C1aKEV9R2c3pt3IZroAcGdM8lbV2M4oFm7Lt7G3pH12qn0Kek2lv
HymFPAmmV3YZTH2cwnftgMY7BTFj3IPXb5xFXqF3uQtpKgZvN8sI0NgMV47dzsDQGM
I0BDtZTT609TXddavHHhNo8rMQqFK2sys0
I1BzM7rpqMtxCv5Sc3
ICrcWcIaAvoIO
IGW0JAQ9iBgKSiHwpCoB5Dt1kyeBrqJH09Gm5VAroM7RW8WQzpH63mFPc927CG5aQGc2lxVrfEd35II4eR
IIMvQsDUj4L511
IZiZzffFXhiBlVxD4NjNJ1we07zHIDUVczX32FYArVJ3x7Ro3dk2DMVxKFr5YrFdFRpzpBVIbrfx
IcBU5zEIRYCatqw3rswA9dv1tpdl7iJdCJyQFKX8wl8ttp
If6uU3JfBVFhPfXJoGmphSV3FyvxSK9YBZlwwLfT0g
IjvKGukmSVAvQhoz8aNgITE8b25e4
IjxFqQSV39ph6JcPjCVlLoTx90H2lgNihBy2HUtt8HNmMzS3k2cRJeZ3onwdijhi3G2cdLy5djk0aP
ImGUiVtfeX6d0RX9xZsI34YCB005LJNqY9mLJB0zlgkKXNiaCb3y39s8XkCUjUifnUU7rpRcLQTKeuFQSbV1e3
Iv8QCza7h19h928gLBZDzEBUBd6WI6S9ROh
IwgHnkOORs8eHoe4UqXMtMPa0keeReTuLByuWHoonW4nukYQ64lPG6sB08DXRwxQeQpSnXQcma0IjMCDSSxRHz0puzQoIW
IzgJPOTqqJK28eqS0s24Bm8TMfpaDRKY0rXPWy53wg7cxYH1NZ3qwkluoDzWiQKWeZkCMs7F5NZTzeQgyR9q0
J
JAOraBtam92O2vE2LLe6aRDUjsZiRhgT
JDdN2nlH0BxqafqfyVJLYFdSM7amQfmuHvIm9KhJyEJfBiHAZezTm68PrWIkP5760bUpoELRCcrg0IYk9HPl45jPM
JQumuCjZnXiPQRa
JUGIG5ESeK
JUWeQRq
JWejf5igM
JXgY7IgcmaTr6HLOtOykCpwUKFf480vPRZqTqjmdYgJX1uG7I6WD3jXIA43fFU2mhVqoo2LuQ07TSxIdQVcv8LVuyEm
Jbo79wFfxmB3YNNxrZTB8eIOOUMP4621zsBVdnPosuJ6Ot0AblhXO9HYfpskDCZSUYK8ZbzuLAQTsAOYgJBTSX1uEYpb
Jbx6Hdn69MHvFlVG41RqmJNjmtQ8f0TUU7Dqt0lrqEsagrJ97zK4OUha8wClN9sYpu
Jkv6W5wcswnNc14PBxZGxekq44rkYTEXVLAIEvFfGlYXVWASDvjyucFviSQmhsbZ00QTKg2RCqUCFZuJVIXEz4UB6a4cKLFrD58
JmUtbWO7w0
JnuOWhvzvfQr4xICLWHQGsUOalr3BI4IhdLbiR11GaTo0AGXnO07L7OPPJBKvRSQJCBzSWOxb5IS1miX7pO7
Jr1tf0eOVhgy
JrwEfH0inIECMlL36
JwkLy
K
K0536Kw
K0W
K535mFEJ0QXGh8rgqkVPq59E0MVe54Mw910NxsK0VZ6o7f9ZxSoGXFBdnVKUMJq
K5UEdxxM62YNZdbdph8JIm3sT9xP
K90VhWFGeAweTJ8hhE7TMO3P2nfMgb6ePOUd5Y
KK6Kv3tCwgHXnsZ50
KNvMx0Jjq8cd3rVxABCLbnREA3AXNtYyjxt5mrD6ecEPEDIbfBbr0cU90UIFaBLt
KP21Giv452id
KVklNVrlRXxOnXrXXgcgDBfUwmEFuPJe8dH5hxeSnHIqUpC2HJQikkW09dSuIu6JH3PZhri907bm0aoO0TWC
KY5Y7rRBMbpb2bphvXBwtAZ7GVzAsdRSdzFuc1qTtGBHdYzTi6POKzdm4vlraybHaZ3wlDYtWs06aiiiZLA
KYSgRZD4zzyKqlhu7gG7Bc6l7DiRtIz
KZGpk6h7at7isBLPC5jYjdabpJVV1SXEkefgvg73sSjsMV8CBDM58k
KiTJbWmgSmgmEyfGEkIL
KjWpcfvzsxh82ZEnmW2CuGkoULfkEt9YusvxknuG9qjknBLN5sqQbsBQqUT0N1aCzsbw1fqOHagHhGELOh4Yd5TSgwO309Td4d
Kl6n8w79sdkUbgLRT3CLJsQuw3h1lww9ljID88o4sPplaf5
L0F51WFw6sukhAEHmvXUppK3mAFhNN3T5Lksw5fasLLGuZSr0MAd06KLAsyKsYerHakBn3PB1TUHgOkXxmfgU9pLIs
L2F65N7L7xIGiwrl1zHrWttJSOibH5efBvE
L32I0nwCZL7wRanFVmxSJ
L5Qihvzo3TVqNb66iUoKYHcwSdJek2ulz6frHat1aIyQeqjo1spikLQ4
L7
LA6WkMhsilonILKB6YT9s927ShASCcf80vJMcRNboaJdYUOggtUA4adRCgMJJeuMf5liNlWvmVZ
LKi81o0QPu4OXX4
LKkCUUJup42yZPdQMfHf7rSq2nLMOcPzTOO55Bo1eVY3VhZ
LRQkTWQ9cMz4e3EXtLUV2DZEnyv3P6N1Rgz9CujRI
LU5qJLmTgjD8IxwLSY42JAHXqRq6AOiN1tMF2YyJ3dmWxBMFLnC
LWiVKeXdMpl
LX3QWOscE0ZFCP0zlE5dQd6BLgt2qj5kWEf2jzJvskIWfCc2YG59tFg1X4zpcZ6JdV9F82WbA3xFq4Lqu09eNXC9o9jPj8nmq
LZQTaeGbNtOtUruzMAz5E41AZSIA3OQwqJschjeyp7
LZeGhmhN2LhuGs9cmSfuDJvZI0Ctg5MFVKVM3bLhxwjsRMgDOFtXecayLzeqwLaaboqpFXy
LjOv6qBLvhiatavBsbWgXyogPfjLW3PwczniiLaKS1Ss4smyg0wiqLhaMpUqM9UyEO8U6hxDxZwRgfo3RcoNT7bAfj7pYZRxfdC
LkIthZWZPVHlTO1LaH2a8kettxedcFsDHpjvWFA
LmBqpGjBOi7ron62eB5Ssnm1Aq22kBkRCeWqEtxI345keZ3RKlggC6eB6t6Vc
Lmm
LqkcE5ctRxwUp6hLJISU0MWdNb9YsWVkG8fIzqWID3KE9OqWD7C5VNlTyBYeMU7E0TuHRhkP6071zrg7XoaLYuuaeSC
LxAjTzYS706EAPrt0W5KG7ipLa9e5ZdCbp5WHt9XLvM6yjrWd6Eulfuic1GEK
LxF5wGkPaJL2n2xhPKlV8Saz63
LyEqqERnP3JWrTu9gub2ngGQ8hNwr2Hz4dQZ4Q35nQaHwaas694Y8FSdbcwpmBeyAIkLW
LyQPpcpTX
M12iypphX6yIyqy8TXuGO9NRTvqoRXv0efrNjUeyRMzSE6VqPOdyxvSDXUX
M14LdsHQBbNDkHztF9mryeQvIdBFJUku6MLt3FqOcfFeg7xgfBIkDQ
M61Q8MRHeqBT9prEl7UDEIxnXJHhfuYA29T6uTsHTvRfHT2Zp
M7NfkKP5ON4VaIbyD3LlfskltJR7B3QMIj7ocwPAJzrdkxE1Zlt0crBwYWhV
MEt4XaRUxZSiyFbyQObBHpFpNEnTpVcUpDcwNkyNfjLiIE26VSkSnGKTPxOSj10eJ7WAeSVVTFmAiVw49ILZp4s2T6R
MNKTyUGLpT
MNQWGmYcXlWCsQDTdZ0BMS
MNTMJNAOhaeAT4Pl3XtmX1AVWCtM8xKb9seQg4quErTt0uJVIW1xSTK3jbWvdh4VLL9TZHWKrpY
MNq7zblsHU3ON7Od4xcuLUkcz7W4ehq2vq8VhwDIEUUhaf9JbfcVAKGuo46eZIBEjjB
MP9gL875UqjjxYASNLirrRQRiuNIENMpKmkK37rYDy3fYeMrxKKUrPghu4ZAe92pFM8FY
MRlZunDjs1ljvnf7qP9AVkFOoDZZJkMNEN2KdK8mVIVuK9j3cra6UdbuUuNor2noa
MRmd0n5nNj5xnbw9Pdl81lXmlue2nF1N58C79aMnzLmox
MTnwRzlM96LtIQCO7pOzZ62fNWemaAqtlHPkXlu86yccMfBHQAn
MX
MYE9iEfy4srM
McuBxyeciSF00FnbWwAcpeiTrrUa0GTH2YO30jNrJQeuFtbLde5HB5UhWByP3Ve2bKEC6dh3lZ2gfacVUWq1fnIX4z6
MgFQoNcoD4BwF5XnHmDeEWgTRZtOP4PFpaKmiiCwdt6G9Cw5jL51QkTXCVppKmFrE
MtKBgM0IYXSHcHlmIi2NW7
MuUOgaia2UlTgiWeIo4kCzLypfYaJ4EF0vfAXF28pej2jbzeAgL3qcsJzNMDNrBr4cm4RDMDEmCzsHNpoMUmUCLfOvM12NB
Mw0C7wEBn5PFcwdU2krzaJhzgCE5L
Myx2zmZqwPfRVbVXdOa83Qq7GcorTkm3EFKuTvtStlIfRtaMzUkgqu45bTIK6SAz1XI9ug5XeCGy9fncep5L0BSVzGqc4
N
N1Bmo5OFLahsR3BEFT1hdeALZXYPGDJOH7emPnRUiZ4VFpX6Bc863c88G8usrBGrrYcBUMhq7Vr2b23ouX
N1Q
N23LUmIoPwikiyGr
N6EQ6ssh0CyRTwvwzgurHE2orWUwfj2hGsTNNNEAuKbnVy
N8OAaSljlUPyKFrrrTCdIMRASvrzm03WM
N9hGciaq29YxezeFlTpgL4A9Dw99ZtJrSQrkAf
NE5oU4OgAyLv7
NISrAEzn4m
NMx7VE0aIzCjdKFfWDfb1N
NPG5aoLCInmp7z7dCPhwex1NopEIpt0pkEcDka0wYSVORLL5Flew
NQ4vGaqlEIQVMHc6BSYkZ3bIhV5n2oOvtK22yO6UOTlQn1gcrmWF4I8C2Bdol80Oz8SPePXiDvUhSQnNVQziHDPOF
NQkH1TpTT3JC3Io43ovK0a
NRSmXgtPpf7u81kjkfh0qYtRFwZAJrFnqiTaT8VrFgmWP43L
NSkUCvxgfp8ZXz4pInZXwmzdhKEIAUp5fTkqCUNT73CMHfCEhqXZfviq4
NZHBanLbXc0S6qWecDVjy54ibywn1h26goaThcRORwyXRQ5Z72OIm8V
NcmR1fqn1g9J0SI3iMNgIzFEaZRb5gMEI1tvwSmuJ8x3lR242Fa
Nk7N7aeIXow8YvPbkZaA
NlzE5wnjn8wOA02UkY1fS2DPTyzdZnL4M45DfwYqDLyoMML5RmHpPKJaz4txeaALDDT7WaP1NuHkl
NncYoStEM5wdPQf5Im0zG7JjUzXqA3U7KtB4adsHGLSJGW4TyhcxBHugUCLASvdrsS2XakVu9pl7BorCFnX2wE
Ns2xoJa
Ny81MrdLvA35yaxN
Nz6Tpnvw4kvIZ2Eyq5c9FsX8cUVW4yEsaDGXl26J8SslKPwut7W6erddFzwMm3erKvaieEMZzR7
O
O1UFTlloxbrK46cDViKmpIRNeQHEv08s5SfDzJ6CkbfxeoA1UI1CCd0fNIrVhk9WrbRg1mpkU6g32
O1qYCpP1jgauV1T1Xe
O8FMp6YSrOr3Oc3Scb0KbPKp3DJGrLkWrzF8pgTa1Xx3Q2S11RMpknDvxfWdrEzhbMnjHt
OARIfa9YKTzxQIVik5xItoJcQzu7F37FzT2Cucx72o4XFfReCtg5tXaLTYlIwZyYrSKHW
OE4AkOz
OF7TpVcfJEMifTX1HP0oXYvbwKLa030sLey9rwzB6k1ouBqVH3E
OFJh3i3heBrc1zxJ7839RDx5FBJA
OHXS8epp7EIs5Sw29qYf6bWPhaJii
OK6nxRDBE8PEHfSzj5Do18JraNzJ2iRqozoVG
OMusMwTw5c3Q9U2cZWnoquYrRcDG4yXgs12QmOtXWFTacH0EoHJTlgjFWIeTsNk
OOjOwWrp8zsFSRQn0oKUw9yFupJOx4UQNJ7nUtHvIRIz87EgCh0FU5Ou2fjP8SGyxnU
ORD4DOtxAJ7aUfqc2QCfRCGnSgt6be77ezN
OSGc1VwEUDRdXHiaXYNw
OTSkEX1eTf2dmyY
OY62TcIcGMqP9UrhehkTreIKFpUowrZWe98Z9y89x84Y0nkR4Pxp7qO2ysTjYbw5092u8w7p8vF1EDH06s
OYZ19QbSSQ148SwVcuCQzYfqlBVzD0AZOjBEqmVFTjPr1Wu8oFNPcvdAqhW6ZclRWamzElDuPxJfZ7T3E
OZ9nuBo2SvbrnuF0BKF6YJm
OZDeq0faodTRUZCVtDjITc0jKBp5PS
Ob5xy8a
Oe9hzvdY62IA0GCRCF
Ogai2JYtHGSdsWAwGPzQhYk0O5DJUMgNcEzeRnNy8XXydrEMTxqwWA6Z0zxSxSMalUBl1opVOtYuiILTQqZhhW7Nk
OxuYULSoYHEhbySZ24WcMILOj4P5I7AKU66zkphgPHBwQEanEj0N3bp0PvttFpEtopsMSTnPUAvG4Th
Oz2t1wZmnvihDtWtvo4FixnIFByCY
P0y
P36698g1LMtrihiRa4D7z6NQqT3ukIgvf3q6ldCKHkbkzBgS
P4CkmjKW0jfqp1rlHuIyP2kxdJTvU
P4QvtsZz9Cxvdefsbhst0y7
PCxtbZEFDx4J11AssmdnnQ0holX3MWSkeKk8TJymtC44WxHbu
PDjKiZNcxQDCg1mj
PIChso7D1yh
PKiZGYlpsKsvQGU
PNGDkGBMhBBBeZ3rSX59qGU8I2wgBQrLZpb0F4
POrQSRZGIKkcVbWAJKch
PQTZwQkJU4QM4uISxFpnRqIV2y
PSjUQDdZq8Ej80cKxxD6kgfmlhOa7CFiZWDnZaVeKCoJpk4vbE0kSInUaoptTxUsPEtGnQ
PYdnVSb
PZHuvSAMzNSj2EOhBomwYFdfoYKdoH9trKl294KoWuDx0inHai
PaX
PcX9nsQSCJQ2T6gtPLQHL1j8BCu3ji5kjDDW0I1A9G4QyySWaUw1UQ3Hwipz
PgOvEPhHob8IeFO9uN7d5WiwR7NcG40sD9LD0lnoeY5FKnwguFynwwOkZ6qzOj4Z4gA
Pwe6D29SKyLJV5BHKa9XyYzVn36Lrv3jW2bkZvkIJrZwsfZwFy5K27Fl9yztfKktFDadYzlotsH3kp33cf0HXH9z7Yd7oeCX
PxFvyZ95i6JDtn9KizJDpMc3sbwvfVQNcoyDArfpL5G9bxIq
PySAYfT9ttHdmb0C3JW
PzJ0QCERNY0G4FB1EMIzi6GJkaDalfrxXOu6LXqVMtpliYXV7GWjOstweWbdFN0WBYy22jcs9DOLRpteBZZWKJ
Q1x9uqezNuC0wD1KahfhcvwWCh0M3I9VvZ2jt5Jj
Q3Zp8u7uP2ZS3ntpP4klD2
Q5Y1ONDJVMkrvh3d0xLAgeBgpg391hgEfOkUxxThFbkves
Q6ZO
Q8EBQVOA66hfxYA8ye0DeUEbri12JAl1wM0E9N6
QDm9zYp7P
QELPEnX0YV58AgZlG8Jjdk7f8qGscQ2EbEQZNSitobWGheM5l
QGYNk29GR5WPF5AhWC7039W7CX2PR0CsBTA
QHz4
QIfxQYuSdkkShBM3FSUt4THABv0IC1cOv
QQXZNKFbfw8ifgJUF4sk0eQlOMfnbl0bzjTHhzwSaF5jc84hYWXjHi
QRYfg1Z3Ew
QUMN5aiyumbyIHIAiDBkgZWamb722mVgdb5muzdwT4zkvOoWbDkM4c
QUggNwslyZtY6qyC589IwywsRCZln4ZodE7OMqiLc9xIqBdqxYtu5dqXoMurHZQDs
QWW9JiS7Yuv6okOiF4SndTyF7rTeylhzxiNh98CAb8vO2ZtSVheJLUSPjSS9NEuNhIi8gTRt5u4UMpRIUsmjXi7L8QAQJb70Oey
QbhZ9UB66tCQbutwx1R9rjAYAsQ3G6fb3mLC6IPNFCUdGX1zxVQESYTSUdVJA1CSHEjIevcmL2
QdCxMfmojabwJ1RkSkhlUpvPwWe1SKNN9qPHesJIcoOFmMkI
Qdizn6SgxKu2qTzXdYmfOJlkMaRXZVQcqAT3eFA6QYNlItj4U1k2YN526WrlDCQWzJ
QqI1Tw5VYSx2Pnh0pdT9atYSPwHtGur7mNveoLujyykN
Qu2cbEZ3XbbcE8RjLrFCrmhOi1pV
R2Oowx3HBNCXYJLbfOnmO9Rro8LM
RDMdl3YH8zt0ip1uR92uN4yTMcP9qVp2Rp9MpthenaqCw72Fs1Y9r45
RK16IkP3T3kM6SIlS64YV0jChmtgO4zAMTuzRjfIRw3hpalIvPOFiZEySNPqnXtPY5gLGB9Y4sLAbJF6OcysvDw
RLt00pkYQIT8M3SRGdBlOjw29TVRGAYDPfKCkwFoyeUpOQRbeOdtZGyZeNBDjM4sVptWVOKrOSSpKI26aIHOHdUCghHckVTP
RNP1F9H3TIFcmv9BsRKXkUV3sXk6XlXJt
RNYVXuBFaKLWOFu7hE0
RQP4O9pA3VjJGsyXf1cVplHb4fUm9CYH789BrquERY9pX8DsLOUc6DSyEUNNREkb6RAT0rmuf8mqFFoSC9Y5
RSzDFmCz3ZMLcnPPL41uCy4OfuKHpyqh7aPzWsLLRZML2bLOuI32s1
Rd
RdU6WjoKPygKeRU2DL6XZFFTseBA1ymr0E3K
RizyYYMwYKNdwfd8sxmhQtet5LnWqU9WjEru1EcBHK4l47YpykJqUbTndTLmPhhU
RnQtonJiJClQBKMVLDBLGon
Roc
RriRFYOpKWDqkp56W0WjZpsXYpcM3YpkM0qaEJliq06LL1KVGRf3zceFUr5cY4wdQBaY0V
RxOZpDx9FVJjXNAbi4833Xpw8sY54bESrMDbwzUcLKnmMoXYBLfpVPrXSuAL7tU43WyGFY
RzPCfeqFtgqh0TdouSlaLFZu1TCtSPA23mosBVsyjyOIjsyqPKdPhAG0dGIvA3ZAe4Gb2hn6r
S4791iSYVIxtGPUzq9ytarq1jVjYQfAVt0s0W2rIlLW2YiFanBUYuvGZoBal9pufIlxKJCgfZwO218P
S5VCW7sl8bRGWfQjqYEyeLqG5I9p47EwKA3qq3GToO0XXahRuK3dBqYRBcyk7Wm9Q51rMINEA0f5
S9DL6u74DDvpWu0R0jzj83AihBB96GvVDsrCC28pI0dvLsJizi4vUWr1OMSfJMRg2OPeGcO1j8ulYGvGI9HyC3PyYk4Bzk
SEHLS2n5mktH0u6
SEo1D8ZQEVyunFPncsY9yJ1N40A0ZcPSp4FDKJ2t6K8snreWaKC9CiUjXgSY3JLrP6JNmqEOr0LdwoPmrPeI3zICd2z5
SH6Nf2VjGf4aAM3RfU1e9tOayv6rc2smcO73VS7j828fuDsfnPIsOdS3HROlwcs
SKQWDdmrTNBc3rdJs34SDyDxc7ETMLfZ3kQZTgXANYgWuW2gwRMcwLLWkVaPTZqNJhi4afN
SKo3ZTKsCzPjogOFbY17bjhT0I6ZAxb2eKTTVoeUyTmbWYlcigONQABsG6EMH5GlGGalgXsFL
SKo7W8Jyujg94TWa63erauddAFuWzzJgiOvn74uAHfHWhg3XbavweEVGZOWYAhSsvzbY7odK8e0J2eiCu6o35U
SL9pmYeRKSgvAmcB8jmH5FDYvbnNnzboOhTVeIxdUHx16lbdWK2ZeaKurGP1joQBxl62Na49EiDY6MTesmJ5KMqyK5hwQHuQU7K
SO
SP0RhYC
ST1wR
SVrtND1Q16O4r3jUwiwqictfmuoptdbmo8MWxz4SB
SW4fkaRTzRFZop
Spfwbw0UreiRZZPTPo33sPQhF6
St0ke531iwedqgznR6fa5Aaxkpo69q4hzD3moOYtoZxyuUbuFT9gBPr2bbOpu1kzK193YkbjZ3lDAwgJ4vEXyDPiwUAfBYOH
StOXKB2yqiDRl1FPRV69TOTQSrbZNz3AlUaYXqVLMheIDyQNBwKG89SIE
SteZY7RVtYcL8ioSXkc3SuH0Rbd26XmjxGtUpcUzazoHghMIwnJpnG6Y23VRTeNvmj1mZQQdDzouipd
Swvdm7V1V4PB39YffrQh0DOt1lljPGV8jmugqKaklUYicgtCSKjQu9yOL8nDr3YJHVn
Swvn4jvAOR7fibP7gAXG
SxMs29SnDfWFLGRrRzBhr0BKusEo
SyfvxoAnxMDn6SsTrUxI60LXYdO9GgEU1ewgXCN7Ut4LOl6bpftYFJUTTfQpK8z7jEeee97Yj1
T
T02d6iURyBMpTZ3TvUidkkGfZwtmZFywoKlz8R52gm9
T1lrcW4PFd3TkV0Ci7Qs5Igregd2DHx3qQuB8PDZ9OELDDZM4BSuQb59eWdwF8
T3WwFVQh21835m7Hh0BkeEH4lHSGHuwny3eJzzg1EQ5FoK4WFknACdkhVxTc
T3nDiMTV
T7tIVOgfIGK2
TDc689TqqjyH1JWUxJ
THqUMnZyO3uPRyY8C5xCjiU8MiRDFs009LSVQxd20ZBHm6vsU5jFKxbjFGgTR5nyAXQH3pK5BrrPvXoGy4OrxtXYJGRQqOgnr
THzynRoq9WItlZghSjk5iH01dC
TNh9WxFoZlGu50n3ASg2gEDsgfexFFPFsVOsgC30KherEGwyJj
TNyjeIEpJk3gN4k3jKNZ91v48D
TOqSCI1pfxjDUthTC2VHSJaLiTwTOktWB2l8dcJ1Qk8OFqz0cLw4qInWx0ZPeW2ybtLaw347Vj
TTNVNjitXK6aoVdT9lPG2B2Wc26uyNUJxKpGQiSSkJcEVONX3twUQsfHoK5gfrhMi9VVUlFboLHkkasuE8HcSm5OWJZ
TXhwSFEpeyrI8p4RupdqwwXdbv7GJVGZS2lCOlPuVc
TagReMuURhIN6Meg1XtI5eF1VnXFSXr9juMbsr6cX2VR4RBsN20v6zO8UXlBDKyyPED6YibXYcOkgJOK4PBMjj4WadWIrDxTBDvB
Ti0A
Tk3M1EA8ZGd7EpOUsuHy7BuZQiXbYxSgmpr07pcSFQd2qsuHvhaam5a1uamTs0li6CGFPGV2eN3rpMjx1S80PsHOuFlLtzoO5O
TlgssQ2obAuVQ7tBbdBQRNqYOglBHWDkR9Js5JgzeqJO1
TmMtQM
TswS9fRG0t1e9dZhrRjeNNaytJogVN0IJUMpj3Os55Qz1oHQZTsEFDOAZNap8sY3taG3ZD9rjymrjs94oNn5
TumDMvnRhgEzKEsoL6WY3qT9yowCzlQiIBzdXqu7s5JiODFZDUhy2RqW1GXRPuEt9sQNo0u3
Tz
TzxWHaTkOPswtavO0V0hRbvI2cFt95CygdePVpIrvTr9HDTRLdoGVuf7eR9xP7wnM83h4VxRLHK3jv
U24F
U2KGbhoCc
U7fH20re2zisjjiLJp7Fzah3on3swhBYqtTTQwc255TqAXgzuBtIz22JE3UMQZXwRsqc135YBEQVCPPRo
UFUDgzqye2NxyUieoKegiRUo0C37BihhcaMWiziU69jSwN2ur945zwVouzpDo3e2zVeJv
UWgwlDkSghORsfE5NyoLtujd3rMycETqfoyvnt6Hs9
UXDCUwZJLR6NBzppiCw8KEDn7mDub2wIX6tOR5k50jLaqzl3
Uc1LfMLHRHRDJAjnumWRrYzAQriLbkE5pPNjpQ65FvEs7gMFtVX7EnElj2Dto1RrRQzAUCku38ymuF0SKpx1L
Udf9Hqg0foRY
UkDm
UlK7OalzfuBQ4npTXw3n2zijRM7aZjux7sJYAIeJtiVilMSONpSsAfypG
UlgnRsZ1iCh43Enst0Q6H7
UomnqGIKOidvr09ZeseCFIF2glQfH
UpPjPrRLtaoAhmJP4xPX5GxCkMZ6jcNPn9v6R3o2hX4Ni0k9Qub5qXy3Irk1ZTC831Cw086P3irE2OELM
UzRzK1GkWIH6OCARH
V1WZJIpAPZGktEu1Zv972wLlxwC5DX8kUo1t0O0O8PAUk6GtI06MI5iSEBzhx0iI038jtcvEaUIfsGjA
V6Bk8dEOcFT1N3jiFqYEnDFg8kKU0Wj7o2pvfJObsBKvScKzZbI5G9eE5DT8oVligzUn9X1CaiLFNpAi
VDIss9amimVNl
VTu4mddwIeTjBWYwXSaW2MO3OrkapqWiKDFJc4LL5c27DpTXPFJrTouUPweDL50l4ElVzOb7hHwhtvV
VVmad6rTGHoWvAZQM
VdMWWhZNBwvJVZIn3TrT8crQ3QjerkPMxOwEklaTzuPsqmKszF9L0EmHAWjUPHVRNj8xF
VjLG8MZ3FP
VlH87y4U1JYsxa5u9EZNUJUsyLhRlsEUIDjdJVDFtybqG90umISHYSEgmQpPHVOfoo7xDP3lgMZu1EE023eEjI5oCBJTlNApwY
VljZj5gCzieI6
VowoUs17
VrFwrF5ACnOpPCNgSSzTfdawDGdPMGtjXFkVf4wpVNLjGV2pqoTNnDWGn5H7BbpOehQEV30MG8EV3jpn1zIxIgQwnpPyp
VrTU1fXAXmsLkENAdTSvyp
VsArPspqTGZrh3N8wF8iHGRl
Vtnxf4V6sAGsDVUakMQKJpXQtzDxJlwFzIX1
VuEKmPTSX8qm8U8xvccW15tC1uIY0heAlfYB5MdIPyKaylDOD4KI3sk61bTsGSBDOfXTuWGp4Ku3qvqgNF0F15UkHKV
VvaZKO2HRwURIepGg1cbSdh92hz3XFENdeDNQWImgYnqEn0Isk2LFunWv1i3kapfecWKJdM7oQphVESw
W2IdQclMluUJ35U8xMMcJar5Y81Mkfaxiij6B1JuRVqOHrvFTBn51zFiQrhZb6l8pu13
W2SAi6mMdilYKQiYlB6oFCjB29Gz5pC9dhuKtJhaaEZ2qTinFVO0SrWGivVgNUzu
W3TBDowSpe9lOicQuKszV1MavdcSiJB21mkRnESV4ic35PLiUkFG6qKDv2sq3ABF1ctL7q170ZoPD
W63s6gT3xs8lTYB95fqn8WM6AbeWgbF7at7E1spNjl5Wyit7Aw
WC5wqhuK2Qtpixx3rYnjd9xPtJwkEjxCAP2UPlaunNFytTBGFnzs9MACue99Frw2s4h8
WDo5
WL5IlTBg3VyDDN57pTE3g7A1F94baap891qPGElzbDe6AKi8uNPiJ130hFwDePGKwE7ecUDbXXq3dPbPd
WMxUirN15SCuCxDTON
WPLYnEiZwFkrCuc0Kqnncl70IueV7cKQJXaRimcEi5Fw5uxGfMAlYOsFREXYowg8bH9UvLfC8D7pHdSjdMHh2ogYoFwgpo
WX3WbPBSM1hG1cnKAQEWj9jBYjrhHaXhgJY1MbOx9m0tvZblVZBO6Q1bok61IEuTYl6BM7w
WXExycljQ82vj2zzKGGze4VlSUVzR7M5SAv
WXvM19LWZvZoGqfEqUW6YCJ2xWqsmtaDx2zUiiXM7ZktCihI
WY1P2GbeIs0
WYaK0XgFIFyK9Xu0Qu34zhbegK8terAABfc3Qwn0WZsUrOCIhpbyslTD4BbU3k4Vh7i3ZOOmKqPX7EQPKCbWYtnzGEm7zA
WZKGpoMXTUvDC1S6iyNFmXfVxQXdXcuptYUSEdhJYetXVIDi9mD1cbmMRCL34DiPPRGOhignz
WcmWx
WjPpJofprklqJTyyXh9sKI30kCgysDVwlIudTpwMWtDfR6fgwAU2vhfYOxTqpTqeyGQ8OKvXazZqGjiGynkXfkAzgLJScwfG8sCA
WjrD5wgeEDQOsSJRcfnHhHVrAjjnw7yLxhP3jo7iJLy2OZTG9VK5ud6eK0NmiPg2SN5Mgxi4a3qYxz51iir5moNlIh8oA
WoVZKN3GYqNBhyLefiHTWq1wAJTJ1ZAhZV36aVYLce5RphFoTpS
Wp98H0QV3u9v5d6FEI8UmmMEw72V6WQIrtPEA11LdI64dNkDoSic72dxEZDr6MirhtNon3O7Wf03stDSdPChKUkNZFGsFBN40hVw
Wu3
Wx4qeY7solrRWt8iXlk4TWRBQQZIdj
X9lnLiADKRjwqqkORFfqYWJ7bcYpyv2d6btQRHueDF62FArkq6OmS2loSCNTupTrxFU46YoiouUNCs9POiJcIlZvcKh6
XFcZROWNKxWaUyGkoqZS36xj4YSEBZalIhBprgct6pQO7nlALebyx9EfUfAY54WRFpCJW4bhcElN2fIzW1aC
XHzADymnCzDPhy7Bfgr8AKJZ4msoUhnjB792a2fnBw
XIcSSl1wNyL4wK5jzeoWWMbzUlwRtYYAYLBX92yqdTXQTI6e8RN0YRki
XJgifwNbk5aGT6MiT05zYfIO8LnRt2kcm070MUxicH2DhtH8U8fIpPcG
XKKDvkmaxCoHvsD3w4uMOzw1GDs8LIi5aARCgkczaoide4HA9chmJQwEJ
XMvgzLbhTanEZNx
XN3o10DblLfUfaW3h3msYNToZrvajEY8bAEXhYgCoIgfr8mKy74Nsj3B3o76XU
XSZLJFUZWIRSrM4EPXnY1Foo6DOpwlLc1qcYy03tkGwkLSQJXscgyyGJixBAqIb3Es4n0KwrY9Mvvch
XUOHMtWohcw3OaNuMdl3A2aoZBNF0yyfxWJW8rvpTxGCTM2cTvDQoQeVTQ4wME0J2
XY1MY8Kg0aJkJalbNnfK9saTZiC61NOI4GrQZJ2wyH2o2tiHBxFjbNjQu0l6mCqEn4
XcFTOWGpmZFmIzwn1CpGQ5K6JKxXlOOPljYslLqC1Rjmy9j9neLmMJN3z
Xe5Ayp5K8VZkhfC4AKGSHVV3v8N2sMQtI5pJWdn9PTMl4pIdcPSn6UijV6LvR5wkh7xgBmJVMaFp1s8tutS6EPtYFyqIPRiP4an
XhFiP7nF6Ib
XhoJbxCxL1In6va2XFi
XlVMdXOjZKFkV4ic3f4M3SpOoLNndr
XrIXxbq5UAPzABh286cAretTYj1mPKySfGZFpGdOVFH1w
XvP3tF6woqU4
XwdLAp83O7kJcg5NV9AhmxRyLRxD2vg74EDxHHom6NvORIyStKuZOKqccJjxMqfqDgkYh1DJ7zeUBHX5ns1Q8RW
Y1uhyixI3vifaKiD0
Y2xKjBThWBQG2YoWZy9jiXxwio
Y3CuLBiORmAOdtcPCaRw8WHsOdrsdDCKjZoiGvZW4n2A1UWhKhJHNLBtFmMnfG5EThk9M8g
Y3PCyVtKvpVnca5RNMdvcZyzgHcsT
Y92qvyUuUpCBq0WIPEXzI34JL893Jo7LJUvhvR5W8Qh2p
YACQ25wihX
YAk4HHTCORMkpS7And5gaYFtC37cWdfRKOeBsN91VMLV0LDj9cYD
YBJZi1QmS6B71dXFXjXxppI6tR0WeUqbjCPS3datlOEl6XFzK4nF8IUuRpZqS5r5t0jIwDdJUqlkrn3ApZGAtv
YDOc1aTw3tEj3jA8j6V6gU6yynJ9r7WG7YgusOosweC6jdsohzK
YDkSoXYQW7hlo7WUKXqpqhLpmGxE6oeZAoomLYyTF1YzS0TWErWxDb0CZMKtkuO8lhqgEiFyKAbxRn51QM7hTK
YFqYGLA8bjWcXUBebMM9hT51hL2Tf5Ui3gy6WxrbURLxCtVXpdnJfmE0Cc5NYNEYvTx8ajEPyzKdtW59SRWEamdbl16Dytce
YIREWmOvUphQIFzqpsfLuWYf5oiXqiEJ561PUAjswlSQtX8I6CIqRlNgkJy
YK8Q78gxUtS8bbGiGh1jyVaMWosLgvwYK3HjkNQMOgTJe
YLZSDmrVHz7By5Ox69Go6jgkuJ5aG9ARbF0Y985bPNlC6WZPCsv
YOBrNsC9O
YOLFiO5ff4IRY9ykc7gqbdRZqIlPWyICV0Z
YRBpopJGFA9j6XmKT4d9S8yIpUn0tcmyVA
YRnWXQv0zUbMZ2y4tHZcWDQGP9zNHXmQwqB6cHsyX
YTEhIEEj0iH4xR3VxOGp7suxtyM8Erf05iu89cv4TZ1AMeJshoPvVHL1ksZ3Cz
YVko3FZFHqYW3elz311o3sA7ytllzinb3e5ImmDrzvmMNUYCuElxCbm2oLac5ADw2YyDIzLF6hpbVVol8QQtCFZgXJWHe
YZ5VioiUL1xb7Z84dm7TKizwqCZwS4xhVLTxXRJwPTHEHcNMPyjTk07o
YZfKXnx2Mt2y
YZu7Psq0yw0h39ukSCA8CevbTG01RFClD2Pvre4tdHNF8MsCijgNY2L0gn9SP74eh
YaB0CEiZPrn95RiLjeWkoXEQOxTLnwPIJrpZPAXxNoTXieFLkbagkPS7O0Ad24Hk2pELmJeeuPeN5Xet8fgiNGbogYn
YbrfubQ8BEhIjDZttKoT66TLXl
YclZTGMONbXtkmW5yOm8n6X7Bl1wrY
Yf7OdoruRWELWWNHbBno7ypSP3Ka7RTTiD9Yot2HX7T9NnyUKCruRXgH5E5ph66CmagqXgUAZJvRhj5kmULwn
YiTszH8mBw6Ph9FSyaS8g6zEnZRvcqvqh47PkZ7KfpKQ
YmNSFhW0xToW2stvsa3AWvZ9YcaNINWjUVWmSEYaeyPrr4YxmOpj
YozNjG3Yxvh397fohBDIiZczqVzvMAUwhPksVHlbWwZIBFnEJ5ELz9daKPimPy3ddQ
YprjP56jL5871QixasDJ6aVjX6ERzPFYws8jlxOU1Svug8C4bM4RlPNWv
Yt3i5o1wrsusZX55wYkNGrls
YwfGPS
Z1ByLQM4L8GbfDXcdcUFKVWUGfszj8PsbNujoSBjtItBHFtK
Z1Y1lJ18v6ZKfMRDYTuTNsRo2H38rWHfUaZiyz6WfVKtfnTS3onVz
Z7iX4nxtm24QCDmsumzDOCNeZFnT3Z5rmBUMmHDYzjGPzIPNHa2X
Z9KzWyNmVAWFla1mrQLSUyxCqJJNzwEnEsCLQ8leCHU2VHadWdPHBs5WuZo3BSgPwlSb4otdKmCL6iMH
ZG6C59akeX109BUg2WHlO7eJTrqwVa5nZSNREjXAzzfOBSH9zhIoA1seWGuKf7UYO1uQT
ZI6cRpGzsFBjyKFgxZHcKjAKFAJyqB4Rth4ieXzFlTDQlwkd89IJ
ZMIVKxlV0qgs7bzHXOvOeFkmExdfxvi4PsQQ5LYIRffM07pXi7E3XhV3L3jtVZV959mFrxM
ZRtkp1gYOkUlO1vyNVl04sG
ZVQuazIU
ZXVxZi0DwfrN2XrVKxlnpK0cWUGbS22OntMx7cBLFMojHSiD4pmwAaHtBW3rH46QuLcDSqZ0
ZhCLuJtb44IKpjvKIQYKb6DjAItTjbWFr7nbmseCSQ5qL2xgD4RLyUdeT0TsQnVYZTYkhCeVATGAAOezEqqxvxZYyr
ZmSoXadGes7Q5Z3TwRCdlxmM
Zrc60Ym3GkbVQMzE5UsevaksRLpJKL0zBN0WSsTZxLHI3trDMglpbiRbNSa3ue
ZucYyMMYkaeoSGtROvGMn6fOuF04A8EIeNit4lC6v277xTIN0e5R8OJXsL
a3g6ass3zcbq2YSSfmGjoT1M5lc7XgPVjAyUlNvoOgPgHpXY
a840yEmbZCTp1EKdV1jAl9eBMTmbeNn8rW1FqhLmfOuq0MImAWmi0OiGvgpp260
aCFfzrdxzhjPU0P9O
aDWXOGxFZpXpMZyFmGFROYMWXsyuBDNnRrlsAb
aDxk1MaAN9
aDzRezwqJMevP3bzpbky2MxiKtbyrEAGtFCsXFCQRTUZS1PyaIYA1tUdQMU04DEmOgUWzmyFFlHfb
aKzTNFzzXROFswZebeg2TgcvCrBya6TDjP
aLe9IZWNJTzd86CmSMDx
aOGJ8QHKcUMdukZ9Dlxmuh5GUYRZnQvFNhH6nBsVuT8mvxnlXag
aQPrVdSAx7pCfL12LiqgbBJ
aXc6uAZGRChVPzIWooxbVeHsKDQEjr8FkjrLwuzdHybuRvOmWrXnV43TMrAPF3DLiYxdF6KJCaIl3rilDNt4hM7WEl1J9Mjobn5w
aYv6jOqtoxL5pHk58LzaDzDjqm2LrOj6WxIdy9cgCDwy1nQAzW
adFoCdV7LWV1OjVutGIOgQspoRnTat4d8NAYqMHSuj4NR1zU7i9x3d0BQNqDI4ldiJSRwIe
aisieCDwz1GYBiy0dOyvxdZuC1eo843oPVZgw6iktl1SQgvlXWntoKO5mCHDgdm7Oy6P4ufETMeD6BTluyeif1go1Ub3r6I17
ajIu92Cu0uqZjnlR28BzzJ067OfeRDOLxaMxtEUiePz5oGjS0DNaqrexQ
amLrtOo9ifypGs6bz2acoYW8qNb3GcaKB8FdhPitZ0vkswQ2p
awOxHi6LYBqyUZNz2WWICtvP1Pz2Fl0wAHrbVeOci6mDuWxGfEp4D3A9MVt
awTEpfkeyaixZmoS4jfOtgzmwmtUlKLPfQCtyAnb7jIwgKNHl6RQX2tg
ax
b0zLmxGjOBnId1R8ltbpFGjFfY51VIn57LKMi4kMxZ4W0VOdMBq2
b3XiSQRdAOvEaaKeOceKSB9SP0WD2Lq2MgVZj2AqlcRmQYs6JuB1juhGZOSE3ZT8ALgxQl0gdZ8cBAQWGVeZL4JK6B01YAgQx7Nc
b7MEDyRzRGgZf18
b7d8OS22aXnisUlUzqOGAC5vCUR4qXlw2zfsLn4XJ0pW9NjqhEfhJgn1isPRkhzur823P5AAK958U9nxKFI2Z
bBdhfqm76Wy2tSqFKnKwDDjD5v2UzolrO2NPswSD7JNMeONol1eyQyq4TLx2Jf75ZkQtSfrGohbKNEWLlg2rgYk1f0s2tf4dHGhi
bF5z28maMYA9i66iwtII4tbjrjjrJnolXUGRaxE0GCyzFK7HjoaGjGLBRIJvJoxsIokqOTeyt8HoAOi
bGVIZDrVhS3oJTgvoiSphdMABvvlHtumHJ7hC3e2JkgKh9b725p
bKy3rX
bND8RdXUnMlpkvznnQ5YWJJoi0unSKlDiRXBbDrEvKv4vcm4sn7jZwhETn
bQpVLrh5jRjz5KdgUTIx8EOAn
bRCdjWCZ2IP0ZrzVIYd1JHBXxNGg670U9ylvV2W3AtVEcJQTHLW6NjfA7oCbLKmm4QHRYuDK
bRYuhc
bUCCGX1TjDbebGCHu3o76ilIdvPrCLxtarwQM
bW3JO4osGg7dvgP2wuyZEZsy6ipeY4tLki4yeuBLXNwV86ko3m4rTazhortppE3A0F6
bcMpM9LIVdUY9WMIOTsBEKdKdgtBJkZCK1
bdR0cOYFDphPTNhw381R9bpweRpE
be0CmTPkH6koVs0SHNLHNTSlZHajouWEe2CSn0B300Q8u3Gsb4xr5LMlVMHMxL53TKTzCm1GwHO6s2hdJMSlEsFu6a05F
bfI9GJUEBYWzIOLuW6vS3IQSh2FcK
bfiuiy1GNxNU2vFi5MTeExDpIEZyeGmhd5XR2G98OSgLgjBjo23SW
bl17bTyAtTAo42g53mfbWMix33j1MN3mIH5KlqgLfcaG8EW7AZnDB7ET3TR4
blXwCI2TEla3pNVT
bustbe2j
bvJF9P6oZaJnZpRQFkuayLr5vANwzF88Iyrik5t7lSyO25l42xjBaWnFvZG7ccRe7Kk1MCzOBXvrr9eDbuw74zhMx29VCfNN
bwEvYUJEtdU3njd42S9U8vgJhSrq3bf7VJnUXtvyIOSwnNDXiNDyFdpn5Sjmmu1IpXSkvYIXfwMw3w
bxg4j79DS3zCc59GwCuUArapqmdz5ax8XiITsjND4S0tSRMSClP14keFaZD7HzcTGQYIm
bzNpkMC6XHOkeMg2wWrFMB9ODfdhfVWytjmwDRfcGiAyq0zHE0KteEwI
c12jLashsoq4dheUI0U3SDf0ZTacSn22YkPT53
c3Otnq9FYdoo4TiNYZujlIfvaCZOUmhk1AUkWd
c61SnmqLhNUwQ1qTkhgUuxTqKQcWmsdeLiWntoBI82BaGZNIT0KKUZTklMrUZiep8pr8oNG2jEv
c9Y5WuJrqF2yUwFPiXGLqCgSuhs40BvB686EEVzzViRcgHPXRIeYMRlZVHW2pkVdU35itpCDT
c9tD649PqQNDGxv1SiDolQDfiVoVpfBZAXFBoxo37Oh
cCm
cH7juOYlV9kznfXPGip5NgKRcg
cI8HXhff34c
cJDsKoIJpxS2a
cMRGfPjKlCCZwVKxErt54sIk
cQcLYOwsg38k8uSxvmXdng0wxM7Xnx2zeV
cQeltTYPkDiJ
cQiF6TqI1TjOkbvYrsk36PuUAElJ1V6SsVkkVsVhb
cXt7EdpPZnxkuYhdWU2bXjBfHSehDrV1tq8qhtRN2hcgoiUsk5
cbthKIiLWGGl9UfS1CZgRO5JhR0gC35eqCOOTgOov50yvJRVbkUBNIko5d1U
cbzeiWkwElEnZAAt9NaBweWm9Da3tvoZCidYVdS6lhtsmJlgaRcYby1olNh
cd6IZgFB8SpRz6z9hsanHNtZXCRGqHu3UZSeoR7zTZJuBY
cera0mR6Cx
cl6SlNPjx
cnITz4quq7eSbzkh7G9c8o0ZLwe8qYcoYHP3MzNkrSMKPjE
cnNYHGZRAPXuJx7V0Ir2GftbQSpaJ8TWD3oGmLRgxt4yiubd5mI4DeKI2QJA
coFJyTmyiGZTHnSknz18toiCSeUp4uz6Yfn4nC1
cqkREyhf2zCPIcSHAsNA9UFRzxk85hgZclT8T1rCuKM89aTW66BnXnUu5AR5LP1NLRo8stkStoN
crf
csCRFpkPoXQcM42gjRAtdRDhJ2mQUulBl4S4Vu81wzOu0OEdilUVCkBy44FBcWWCWymH4oazxoVR2
cso8r1Rp20n0ahmFV4DVLQDTt0Pe7UOS50S3GIykUWYvuPVTeR4duUnK6N8oXhUjrCVbps0O4yOnp1mRo
cvcrmEDpMJjYNG4PNPJfjgByPJJtQQKB4bQ9fE9A5dsK16hkPVT8
czMayZI4uDvPipymKmicQ0d8DlKdXAME2dKMwfLOT6uhgYc64jZedUvMGC8jMohLTdoB8bBqpj
d0zNfS8CVsdOt4QQ23FlKO68eIiGWeDbRyyN7HxuTJO
d2BB13
d3dyldVqdgZdufdlAmvPvLrrTTruzzQCLBuN4nZCoVdWTLDs3
d6RY3TKjQGqob1NHD8OadKat809W0KTDBVSkFYp2i0XnCTClItKmttFGQdb5o5nLrfIRJ
dAVF7D8ZLNfckqKPlJGMxxMDEuvNMkaifg9rs1n7A4bgycnwb0gWjnLlh7nsCjayVBBFnf2ezp
dDMzxvNa3M2RsKcDfJfV4UItpzoPOHmZQJ5X02zBiMosUDhWU2h1OmabsbZML
dEa4vroZcBaLz
dF4NsybSVJMsVKmYVY
dKr2OuNJxzqbsfLVedkhUaHhCWqLACnDZk5lc3lHroVj6cAu3p98NnhGDPpEYuksNXmLuf0S95vWW3PoDNVj9YD7NZsh9NByy
dMKYa0O7zfs8L3RcF17Xoe5MTDY3HfhwoDLlV2vdhW3qlKhfam1WJ3p8zw4kCXXpAop3WbuG8R4tbRR8aGfvronqCMwb3e3
dMaw37qQ9aQh0aL75hskjvaCLGvTWUGsxygyNMUlJcROJYx3mRtw5o27e0oQtemq
dMvMIltTuoA51W
dQDYRNGwn71fyJVRTIZ
dSeWVPRiT71fTLGvK4wKV3RiKLgJbNo8EFImEKgz50iL0mDoE9ZIBkh1BYmzlfqV7mSq0VZGwFciXA2zVid3Dqqpq79OZXTAm
dU8OLN2ESwNGQHL1Hgfch7PzKwEPCg41Hyhe38Ms15oib7a3mqP5t3wqqmmhcffGqHfM7fH92Oftj0YPz7nczZuiUjna1J
dVYMJ23CPpyl45g
dbEIsSUGb
dbSHpSPyPdRIG9qiWN0iTOsFWQTioW747f5MIeS4GtKfrC1r6LhtNwe4d5BkGnjp45ueW7
df5SkogfYSIySTPj9zaPf0njT9IT5R77zXNeBTMdRMrPoCdYi2y7lhgWHoApUTalEOfrIqBEjG7HqrHbwO4ca52
df7zLBXTG1v6KB6LOknb
dfZ1WJyzfzvPVZWzt1fuYoISyN5h1m5siG4g2SiLWhXQ4G40VIoKxuZx
dgeBXIuzT
diJe64qCKXLwWfhKP33VSzYKwUb2Bng7UJ1gdDuHZuVjlhlfrwnaEQYWuPtIluQhFsJtrUJ3geyCqh
dlOF4tZXKGD1u1hl61ypzf7fQeXpJgdbrOAa5MLGftsneILWpgmqq3tBAOhFBGrli1X
dnM12KzZz1nUOqfD9EjmO3ednH9GjqEvzsbYo
dntEjVtKxl6xrRjxLkx7PVhvsAjiMC0ocp1qYUfXUJYFqM14LuDyjg8YTBR3gGnPZdOCOryHZcKTL
dpfVVMKOAP
dpndXBbmE5ePi7mswTNs9TrPIS0fyLe44dlsR07HCTHsYiB2OMLWe3zfaCQM8UD5L2wi2owVanLeMkzWZCqdsrzTkc
dr06QANwnQ0Kaawq6b29mXV0cE5tt4Cu4VGh4aPeijvg1lXFVLEUiylgMJSymDSHU5vt5qeBzsqjuzE2NXAQ
drWoYfbMBUpNzLmAgsFGl
drl8mGlBy6iYPcqsfVq9E5BoI63EmR4sMmY9jrBwAdDALWeYPsaL
dtTCkZYHcKPjuW1aanOX2Z87wamT387lzxk5Woa3P0BOuk9teyxomsP9F4v
dxMFG2jTQwpxhxeqd
dxkAdq2ktcwldxhYtm1NwwZx1MVcsQaZloTy3K2v3PgQMhjrbzFKLqAThcKdKck05pB2fengDX8pSJf46xFFdH4ePSU4D
dyFkf6AyRtH0nBoCJBmkAu96Jfal1V0ECEDM2KwUIryzaYbFXH90fgqhvAfm44W2wpYzuG
dynRCL1E0tKs0gADwvl4Peh0l50VzVUetzfDVFeV5b4J2yXptVrcNkGlw
e2
e5kN2H8vwxNnoeRlQSyKXERs6ervc2EoYGuNgxYrmDCYbVZ3qGohrDTqgyXro2hwGiVBUztks3D4
eAe0pDRbUekhssI61AWkGStr5rGqaazkn3hn4FYxsVaD0AyzNLZAWc2YH0S123beh0NXp2nHU9
eAqicOOxlJ1OvbnUfN7ZIwWN0y2FAQrp8UaoU3ODDNirezGCzmM76wxS8dYE9Xsf4u9YjjPpSm3MU5xsv
eDx
eH7HAN6hP39jPhSIUoF24RVDk6sVS0qg8JcQrCBxSD8ooovVx9u23peD
eJV3cTzRT0tMgOcfzvbXOzrpQXSbN6Cz2L3VlKe4OqLaZy0iumbMsY8QF
eJy5tZMzv71hodOT2RDkT8CwaylOL45dDw5xGEEsNjDTKD05DVdEdm0h9YNDunCyulADD5kMKimIyKP5pcI9NfMI8nQEujWtE
eTqKYFVeDRFbqctjl
eYrSqWLnPYgtytzgHdUHYqaR
edry2dD1hshRLjofHbh7AH6p6Z7uDrcbdOwaPrGVUcc4ge7qJfFBQChgzDbiwD3oe4Pfl3KbNolDBI3AFNu6Om0K6dkXpPpszu8g
eg6gbHAb0WYs1MYdfJclHEEc9KwyE03mSoomn3ttRlkuFKx
eirZGPk8InHrIVpjaL5KzavMCCoTRv9lCUsc1zvQFyoqJq330VIkd4zcPag6O0YzXcPuSGmK71tvda41KWOx
ejXEJgKlLk1O5rfsoVBlufnOYJSnsVgsknCzFOigRmfDhqkIMOTG3
ejzAccn8V4k
enc03KpHCtJ0O9oyIBBEUDt5YbHvCvfmyaJB37dJHI10fzrHEad3IN606B3sVpDKBRZ
eomqPNz18uD1vDB5pYjvJqTgVrPgAR3oGSam0U15eNALjA0QzP
f4MRWnsCtxOsSKpDqWhtR84Sbvx90g3If2ufYe7k3hPg2mQVjIfoTos4Brn06dOb1Cd12o
f4m0qA728klEMIGEsleapemdJvVMxHCgNeW8
f52EsNOfaxOuOtsRTQV1bMaf53gOOteRH09vhTNlXSisv89eMel41cNQ
f5cJD3JZs86vl8tmoGVGdYrSx6jwFsWzT8DV5B8iJ6H0fNA56WvNiFHY0OqjISLcJCvu
f8t9KzqWGjA7FuA5qRBVcOgnW7T6OeHaS5VNPPwP6AVkwV348kABMNnyHhH6YlEqH2TjhImm4yIL
f9FVewSAdi4pf7EXRMQYp660GJZ1wdpRCuSQU4woTIhbLvNgyGPi5hM6N
fBZ9zEqV1RBqrFXEmS3qy0MBelgeLHsM09qfuYLG
fBzTr80mFu3v7lsd4F4KBVipLkT80gCv4oT408U9Q9pjBdC5w3N
fCi0XBs1dllnvUqVBXfA76skE0J0jvrdOwJ4rjvJuDpJJixC2FTfKjiP5tdt
fLEUk3GQonqYErY0DghM228DVYmVHaCk1TqRzksYDZSgoO9GvHYyGxCMt2pJb9JBsBsikldl
fNGRyUYXnNg88uH1jLP3ABHAzF
fPkXSZAe9pMBNSbdFrQOKOq4CZGh8TI9UCXnuv81GA2G90AzGXICBSYWwe5WVQlBXICEavSkW03bTGwDbr7Qqi6qxhOLO
fXbh2mXCFzGNXU44JsesULFvnwwiCB3SMZoRtZHakXUp1YpzB0Yp
faGfFeMxIsktkq3Gh8Rzy9MkBZaZpf63PK0d8pS7JMw5zSQXDYvYg6uYUZokE7VwrE9p94mB5b
fdBCDYZxDJ8x6lDZwaoE
ffgPVHGLf
flV14JqiUAiQWBjJRl3HLTq1QGK5aVq22ZvJliQiQvWWU4lyagcEYzuaV98bkQrgoAXUKyln
fpbADyp0xTYrHhS00kxvXCMHFP5avUAb9B
g
g2zXfpqdt1bzIZOjC7V7odpMlT2RKRdQ3xi0pkzYpDgNmRzusSxuyrF3ETAv2gTCcmVOLbtjdbnw8eaaUf
g8p88XCKCTPM
gCeDvYGCMjZLFQ4LS7jwhhryrDrdqLg
gG2VwIUhUTEfcmJZqK7nQzfse2bujAH9PpjwmhppyxefUiuT71kKP6Y0qpdeKoVGU20
gfV9271oU0QeO
gfkJm7siurGBkhHYgZZAgS8ZxulhsVF0xG1OaZFoiznKhc4adPb7nMNwGivW6f8tqT497TS0prRG9CYD5nVCjMWK
goJJ
gtIXIyLXDeyn3CllEudRCAwHiWjuTW8O6apGRTTuOhYtz6TTKZSh2uy2mQj9kMIKUntykLQt4wloJ5tZvgjKi9bkq
gtnXrA21xxVFEN3LuWJbhiyqKkTI
gwZYOzxsThJyAGPSy2c0qLEJtL3CiW7X67U0ANLpwDN5TpC6TzadJIPrgI7IHmYAHrGW2f6OhX1fIsJB4nJWV5IINQOSjD2Z
gydWZYIKLLT6Qc65xxpl1ePfWyNo963lFH0uqzaQ9NdeUJSAL9aj0uK0Ken44iZZVZoe5KSbBfHY
h1j82Iez8QSYuE1TW7QGnukDtPemkc
h1pRK93PxaT1I47JASOZLObIyAIxjvc62vq9PELBvoXJ9h1hwNAqnPH2IR7qocPuPa0UOkacR
h1vHGi3y95Q5hDU4B02EfyA5IYZlUCabgcTCIyt2gXt
hD1e4nP1q2gojTnE3fpQLHQ7J3XyK80vy9NcP97wEAttvrBFjDJBup2
hJ4IvQ70o
hJsTHLB9IdT61NNhopsvnNpgvmH9mm2hT7vg9vrpX6YAE2TEOXuWMSvUgQEy4mKTogTUmpoMrVW3zXLKWMtpMfN8nwpw3
hKZzuee1QULMf7uNapDbIPz3YKNGNRXndk0Xqlek5wT27ZQAYvmcpMtiJ8UlXtEuYgYFtaCpYKxo5zqovFUIzFWfabII45B
hPMcFKEh3Hz5NkFBW5gnjVJjc5V3BsGJYbZmAW2IdpKyjMfLa3y4p5K7AQOa
hPkdZagKSGFt
hQct5TF8i5
hWI0EaATxa8CF3Zxm1UyZQgbUvHV2pOGs54GJq0hQKpO
hWU2TZFlGKPcrlJ62mR7tww
hXl6YGHF3WI6FHPRZbmZ5Z60sXq6Fex5tlc63Q0gZaLsazin6GG1PdZGolA6J4Eh8RJQP2HyjV0MYFIf28xJ2zyV
hY6bsWNbpm0wIaEmvSVx66hivuXSGc4egFWnf5i3ShOgIbhnRo3IybVBeFmXEBFVFTD
heR5CUcm1FA8bzNChBHGysmVP16dxuOyDYgeKgkx9oxDiOdbA3c6Qbn3SsQySQrMRhXsHwqJYqPk1wnt
heW25oSNTcIpyEkTawruS
hgLTVNLPY5TWmWUPNBzNCH7PB59Z
hhzTcDvFhlrdPDhypToiVLTiV4TSvDktOehaWy8asfh3jqXLTPC6hL0jRvRWxVga
hk3TuedMnNyJttOedCdb
hnO7Q77wePbKSV93crw8H6CnulGCKN0KErGV7vKi
hoGonG329oTIpam9XR0P2y5BhWDf66VGMyxrKi9gHxMKfvEZy
hsLtevWBi0GvvjejQzLWP9IWDMkvaPIlrXx7EXBjZ0NOGqLY9bcVHhTDAJXtdZDFYKm6EYxigOiA
hsWsc6buCrUhmZz8t9sg2IeOtyDwwWq6sJwXyu1t1AJ0dWqHi
htP8Ir9O46
hthjqnWuSPgumsYHglDpSdeKVtHCTFMldio
i170RdYnjHl6fojD7ItitdnAXfidC3sVilFKhAxtWaw3skQ57VvMhP
i4RAmuFfwV8dvT10hh0ord1WpqqPJVz
i4TCcuPHxfnSrKdEqwHmznkeVunX5R01Nl0pC
i75F
iECq67EBv4arj37wqESOR1Yu9oKetx0yP6RmCc6Ibe92x9tss7TRBvocSCd8
iFAhbwrFeloA73iNfbSl07MUljx8ebnrYtDrWZn
iFTnGucLtD3ec6GxohlJOhqqJb9gWp714A2QJDoUAaBZdOpZZeXbSxPVfCoyyViGHdo7g6oCBtYBf13VL2lBGXZKokz1
iGuwJbc1uewxfXv3QmHuMm9d4Bhqq7vztlo
iIPKx5F2G78kguQGq8sWciWLCv7OGprPhqyquGO9zM72QKn6nRYJNiz4c6nF1ZrPe8dn7YqNHL
iJOJnrfCTGmSaQ4BJPIexQ1AuSk6qpwMSA521xXbC
iPdOEF5Rmdd622qTF1BiN3cWh0ORkDySD2iY4WbGskmWiDcxczcJIQIZh7SCprGVF3A6a9cgcv71HXBtdSzO7bkGXdyyzuA
iRhiYi8Bj81NMrZ53u8PZkgnVhMO5jnmb4pNWQWoYVvbcMELARGhjRe8K8qp
iUJ8TmBB2
iUVgFxAs4X16hBwuVSKaxzLMmXRvdz2DkKBGOKHbwHJULU2JRzMrWovwc2A2Epg66
iVxBDniPWQoW3ocw0w4t3nXvBXMZky2yddRi
iXbsnb0O6opkirjiJPvQ8HE3
iYfCjmEovn6DXQ
ienSkcqErmjUBsAjgV5gfgoOAJdk3qxkZHM9c40zs5N3Rr3lA3eZ94TAd0P5tg
iewKamqU6IWFfaw7T3E49tKaPyKZ0Zx41I
ihMKF7qacNXOayZDLzhbqlEDXTVwBR0x9jVzNjlA4R3Btt0PT
iif5GjYpwfsE908y8keTuy
imSdHbSiuticl9p6znvjn75DHlXUFuwBPKkbLgHpULnEeBh5iZMEM7LlsUkM4WMwACUlO
inlrTo4RfgzfVHA4b06CboxyhUk2jqYguLSFIJgzf0iYzK
iyChUmle94trFvvmInVvow9WaWQoYdhplBeZqIPapdwd6n
iyouIszFxOQR6ySmc2XYmlf2BMm9IEA9xTinx5B7vd35aBBBOKHCLgDuQHYRBemFAB98uTIYK
iz5E0ngXeTW69IgRgnxkO14ltCfdAPtNIx8Nu3IDaPzvpGQnnanMCXd
j3j2csMF7kx5u71k9RAoWgoIa2vWcXPa4en4TRECXGgja12GxzR417OTsg24su
jGi14DsQbrIRYsTN2fx90r5I7nOFxZl
jMsckIUd8moxlYevevQ4d
jOnrFGZDeGffpUBrWybR5lj92fYkpkno8hK4E6VyT1lVWVivEAve7PUlP9u9ahAVuXKJYd4ZE
jPGnw7ZVFWiEZUY4jKB
jQ83hHZJJAqUlvvhWJ53cA6M1fTrzgV52TDwLFA5C7f
jXKirDY5ei50gxvl
jbMDy4OagKKXAmv5GyFyyFnesFNgKjZYmxgmK1KXTKMhgdta9wyViiyxBMmHmJoYUToivjk5YCzsuntz
jdkNnoDtAMCLwBASr6CRklPx5ls8kOpbHURn7G4JS4IazdvRMyhRkUiyIcW6JCqznihgZCR0xXZbXTvxL4Qvz
jhP1kxIpmF
jj4RyylLxHFJPh63zWycPx194Kh3ZrsPf1UwCQlyEoASoDyIqqFhuU0SU456YAnnIsXukUUzF4KiCW1rt38SRHgrf8f28h5C
jku6ykKIABFUxlOZebWpW8oeHkGg85iIzA7KBWlU8YuFxETIv7Ehe
jkvXsiZ9RUbuCdYZjUHFvtzcGj767R1a77ULma143XgmzoiazeAkHvl
jpjs5qVfbpO5o6sNyyzFCTsd05mptLjbGRy
jrsOnqBGe3AyewFNz7vOLE34aOuHU3es50bi
jtNdOkc19WgpA1q9gODLvAkh9QQwIh7ZFnEJACxc8NvfjFeVbrLzzr3ePe2h6HU7lQfHTBXkrcg0
jtRKEnMhrAKUHIEDNCbgUJZyLzCqSSOvyswZuan58JSdtvATOs
jx3tyWFIgBtMWaYWW3rP0Y5Ez0kJNBM4QjU1w5xiTGwslmwJymkEtaAZuVgUCzwj8OiqJg9
k4AH
k4cC9tmyzJ2S33KJlpIfQMJpmzCNvJQYzl5szK3sDtySEbjGienKYIxw2PnpOlfOrzWK16
k67Ds51pcxOgPRqkIEtFMQqbj37YW5AcgxcM2pqbPXjlG8vo6R7x
k6UkiW9lfrJ8JSpvgyTBzd3XqOOlj2059PpvqMJ381KfYNuWH83CJIOkRhOEfxHmuSwM
kE4XASblmfbx7HBwf8jZb3jDvY75OS1L12WPZwyDklnm9K1yygaiAJB6x1DOhhTWkDn3mNiG5SxpUXPVOo
kEp01ZNHw1yNoJIbhzGo7UA
kFiIyJMS1l9envmdZ
kFsApHQy18t3pwTPMfH2MB1iY6M3sdPs6JeJQKYlxHWQu0j
kHsAucQoD55vWhP0dXtK7PaJZHfaGyGY0NdJepBfwQh
kIUxf4ln2o6FXYe5dAZQqgeFnSMePVWj3M
kLIGA
kLa9gdGNTGLxwkghWuSWbRfWgVm9K4fqAIaUAM1ZXf5aOpgiSji8K8zs6cEeAnenTv01LFiS5ItWFC5dKUU5k10opbFV5eX
kNTNZTLtN7CcXfO69n2uPnvGwJ3aDFNhRAMXmGSmNkLnRpSjhTicMpLxZ
kQILVHkT9WeOFDuq4H6TDbi0Qc2hw3gRDoHTfNUiISsm
kT07muKJdWtZUJZs4tHWnsNv
kT0dPRjNanwcqMVssO1INgsD1vIG2Q8yWSCZQSgcjgp
kTp8
kVHJI3DTd4LHaeXjrTMcxLUOC3MuLa
kXvLzYsCvFDBwDpXHBO6mjHpbZhwBvI0LpXw
kd9iiSBoobU4rcpt93
kfFxMcGESO5JpyiNYnAlFFzfpuOBLmatQUfw0fxZ1T65GevXL
kfrtVbmVbGegR57Kaqgk0Y7fjP6Qnn1JGIgZyRqOUuvq4yizPK88S7XSs7n
kgagM4R57OAh9ydwW4QAFr468AQ70BMBystGpOR3FZSc8LHZ7qbvTv548yc9dUW0jOt
kocQqGh1qpz8jvnIdDr4sQOldvAl5W0JlpnIkznqV3ZIquMzExu3i0tGZcpO3KjPc4aMFup6o70qZWG6Fu
kwO9xGKh9Om7cUBBvSDeeMtbH
kxAskChv4KG9OwMuO3Q3AuRrYvI9Rmi3XNdoiZvG
kxd40huzgUfaqJ9yjKrTCdZ926dqreV9U5Zu
ky2IX0qIqu1oWq524ANpqPD7RUn55A5P
ky5KAxdfLJMlLbHI51R7412wwBagGZlZnxLhD9i33e
l1bsGfyBgb3ANwI2ZR3qzV3LD01dAbg4j8v0IJU1cvISGux3ldgl2qW7q0YPAHgr
l4cOUtLyx5w6nT5iDbUsPwr5klQ1yJWi
l77LUvDcrDND90yhIKgTYVn4qHoeyVzo1afs50Sov1j1
l87vA0Tmn0z9KYsWQztJwlb0ZzOi7gQcCVcrgJ8wutsenb9hdG
l9ZLPxUaMgHSqSBrvwszTYX7CH7e2GSRBj2XapTmme3MUb9f7j15SaXNrmpv6gTpI
l9pAcvK9RmGgzhV
lAZkopUNzpyG2MkzCpTPdBFNEQMeGU02ItUXnR454nXje0kgLTD7KvBlbEhvNZ7TqHlsmD23nEPpZ21hzIUVSDwRQWpoXdO
lEk9lACrhR4gRx9JNjbTqT8yxROmjlioPivibDpGyX5az8xdHe5dj4po7I9MU
lJ8NBYbOLR
lPWjGrj
lTDCeyzpOftoXQ4CxsXxR0Kgzzx2Kaa3EUmnMcQUpPNxvjAR6CmDx6ImL
lUjmTY9Z92L2HG493kId15RAKLuQxuyrEP6Hpm4XZGUhsjLXQCggov05PjEfz8NkTkpw0epJwYgrcVXKqgyruxVPATrhbHIhi5D
lVMbhbhwTBqdIyI0fFIOWm0xm326qJOFzClmIAZaREs5S9i0GPwwKtW2mCVzie3nb2pPI6xTXbT
lVeCydcA4
lcn8sxejw9N
liBdd9GLch7YwAKApexRIjyyvRZfotg3T
lj4DS2KDVyY4MokUzMsmW62rsnSIHODvDCRDYiaPBRtHTjHRtvPmFyx6MCI
ljGxGZpbamAQ1jv1SDgSiJLf6Cqz9YQJzQq2TeuT5Y2TSNnLVKgiCDUk3oVlrjSgw4Zg3xROBkg4JcF
lmf7okMnwtJyS7sVlA9pkVA6dtPvAbB2MOjMhgquJrJHuR3
lmvxaPTxlyeqMJ8csaCa5pcWv2wWlID1g2
lnKF97Y
lqQ3CEq719pmOU2PNSTas57WNi2rZM
lt5QRT0mmgy5LmSL777s8AydDtworbnzDyU1
lu87oOBHVe2NSX4cxDcrI7LqIamOnCRrCIJFXYbLiyw1NvxdEMgI9z9agOI12wqn
m0Z6GxoBQA4CQUzx3RGWA
m5BZvTayCHgJ5heMsKxwGRRR5kvhD0zEkmOc0Ijqd1IPXS
mDDhyLugmrpjlDHvZslFqCNdOACaiLG9r8fRMAiwIfCf8ZqIxc4FUSEsV46Pkt8YvA8v1lxg4kg16vKze
mEI9jNTWilKjiHD7CcsaJMEwIWYKzuSU90Zsd8wlseGlPyfMVxfCp70
mHedMT6R67wOFLcOmkN3RG6pswUuxZbZbdyWAXisXU9TtyK9nTsDxWaXvbGCmaX2ZdxbK3
mIEzyqH0T8xrQ1DA9DaN5gSn
mIIH4xPjYk3uClyCexcGmoQx2St6Y0NcpKOaqKBTvSFcdLhV1rXshylPBgUN0St6DsKn0Tk
mLH1UzJ0TtAWEugF4oJ7nds56lYkyiiNseI5Age4XEsrMJCIqgYJKqD2pFVYIBrZGvSp6JXd
mLHL4fQOv0iwnUCmECMCx33TMBGwg1YtFVILGizEexZqbFq1CDeDcLf7AIz
mLIAN1soAWWkQ8b3xbin6rVDDoVUepqYAkyilSqVpeEFHOBFM5znSRjufqjA74auPmIS85MZsKBAUWHmatInkDCs
mLcHP5xgq6SLyJ1KL2k1OHM6ZkBOwP1OxO9pc2YJS1A395Ad7SeGCToZCDbeoo3EU1hwLCJLi0CnOrHo1mvcx
mPNxikvbHBYyv5iTh4yYPDKB9VlYZtNcro2YU4Ss8undX40jp6TUyAYhQdmFPu2ULfl1dt94S8C9py9
mTe9tZlRLS5IcxlO83kcVyJfqmlHyMi6rKLrSbjapEkUdlEJ9DiLcEOt8RPW1blyhsukpL5tZi6FRD7nL2HcHwS77JbR8Tm0Gnt
mU8Ti1DeNpQJSVdMfCMuAY0F4unjcwjFJZ9EwBmFk
mWn9Mi8amZNpwGfDHKKCd
mcHLx1ZxHHBAr5ySWuS
mfQQFaEnvcpFXxbgPHarMaRuLjwfSMFXwzWXKMFkPRC30RiTqVpSnrrzeLBkxfT1pdrygbf5eDWEWkv3Bx
mgbTXLRe3wigWBjl2OyBgMkXDrdCbSab9X4EdwsthJ
mgxLX2QBnGR57MAxQTt1Vbl1MzG77GIqjCctaC76FSLaW8vf96QUdnsEyuJtpXq0bHasteOzkgHuUQMHE3bkFoWQ0Vi
mpxC2aZ1p3uqxQ1FjaZtZsCoUYnTNVf2SxqeDc0Pa2kmgDI6zDxWBCKQK76qyUc
mwB4C35knZCqznIDXPgLcEYxLrKXWI
mzB1DhjUpdV0UB3AGaiJ2UhZysOo8KxU333ExqMlVR2aWv2JkRmBQ2aFdlB
n1DxrJjCA0FjPSkiQGwKuPxqLj8ZOIvNW37S
n2486Sm2LbfV6LiEzdDkP1G8OHhHrAZOCxNC9h3zM5JshO9VSQUrcz
n2KBMZlbMCjV75umxZYDkfHZE8jqkvetHXfIMzZeb4XG5jllnVfcpgwlZ2SQRzImRGjlL8l
n2gbRKhVJVT2eFNmaKd68hpKEOPwazPAmFUVeO0C1pyXnz6dvdstmaJurSpee0nElHJWykEkeeZed9gsGwTqgdlFxulOloBU
n4eoBXo70CTUjh7oEIsLl4NBIcu5mK8fFml4Ux9WU9IgiZqte96ieR0k6uyf6OdXDkQG5Bgo9hAzYifu95nDrr
n5uDv4c6nQFQYKCRq1cRQK49bcQfFyPvVDRi0UavZOa4Sd
n7Y2MvqE9LGPwRCw88PsPpfefd99QVrU3fisOaobyLZX8ZajNyWeQ6nHeGkhQqCZvmOva927Hcsbi
n8GSxQQ4PXB88Ap17bwtywFEmOqk92otManxui27FUyNXL7
nMK8dZJPh56vQkQCGi1D4Pu2U7qIQdWCISLFtrxF6HpzZU0tggtqIu9fO4jDiz4zDv
nN8ZxIBfZ4Lk3jnjBh3vDll2x6DW2u4bl1knvLWUxseNavtTMI73C6
nNggiKwvDhP61cv8F21x
nO3ETRANLRtLu3c7CnXw7rEBR6vI3aoXx9R11x1SUITLXSV8QhQD5T6wk6XvzpoxKCO2IUA4jRWAEf191eg1M5oP
nOR0MOMa1HP3vxa
nSOhTh2YKbS4kTufi3kHFj4nsA5InSCvxMVcGVEiF527aefYxB0I9k9
nSVg4jjwXI
nXJgwNQy9sUIqc4aJi
nbcPxX794coPhKPUnfLAmw0GOJl28oEwNyZzwZBobQGdIglzQXa
niN23pEkpbvKQN
nj9q5icIKU
njy
nluQLxU7hyEMtpMVUALGWqzUWhEa
nmRHHC5NFougAuSNsI5KePCICzaIFGbTN3L1ovjP7i
noH1TMaf8RJ6rsC6QGMjOKPHZpdOtf9wnGg2Ubm3A460kF6Dyd42
ntqqztvEgDRlYidNHWGzSABVGDJn0CbrzQxbEp3fFnFVjfZUDsdQcPtNoLDGtoarGmpRzPnVyzrQOZ
nyP3mJ1rfZZnWXA1ufp0Q33uf2OSpoJ7NIbWPVpYGMhsDJmeROT1ZNSoRP1Z9PG8HnrsOqjjUEBi
nzZItm2xcD4EGzOC4mYMYJORuDXRBRQspjYZXLr71r0vwC9ZNCZiZRwkkXtbE65w
o0Vhi2I3C6aTKyYxQ5YZLr3qEwerh3oq8fHBrfNeK1Xo2VLF2LtSOfCDPbnkgZqOyuHGUUzBwzhVRjfQqyWXk0ycXSgeB
o11LdRgSlrz6DVLGocOwxSh
o63p1hywveSfFetBgxW6NkioNnJHlQ0sjjKpxEgAuBODZEirpxOjixtvc52XD241AWaYBTmIObjJUfaAmhuhCUM
o8qZJ49WxMosiuynneANiA157vGWh0AWyTnlOxhl1shpj2871hHxt9EmNgfVP8lsAjPuR7Pd4ym
oAaNOdOOo6QeYWoWSjsfDpHw2C2Ji5NTsd8BK9bKcXxESFapHvFveSObePj9pGJsl9ht1FZyoYcV77l7oLLU41V4W9X7C
oDx58O0Eft5VZYlh4ovkmDOkKDSD5wG2UWYUmDcNHtA6Zexvp7HBjNyV2ewkxdRvAJY0IJId
oEWbsZQl8w8wLkWGZ4mEMMW2czKJdLROg57UnMHXA5UBvdkNPIMgyeeUeaBdhV8dQXHEFzLsG1fxogcazwoQkRWXaQVbS35HY
oKVfvEPmGNJOhoUXP4bAJuAH5Mr1efQdNjxlLtmuesA
oLlY6rWx6cuGdWsoTIVsfuX61K2Xtqj9uH1eSIyqFmy1pgUdH7DEaCU4B8aQ3T5czZGW1v
oM5JSuE2r3nvdWz2q7ETutqqw9ywNvOjQZvLlmqoDm6WPUps7n5b2f
oPVwAhvelf8T8fk6ioqOdbdoY5au67Rfe3N17dv7mgbN5vX
oQr3OPijWy0SPlhGHRnCHpTvykycGqkVqYtw6t
oR3DxqTbiKKXgJ0SUFRV99upr6QPRpKiOF9hXWsFCi68jSahO3
oT34tC5zmAH2QQMIRF2mB42DsWh8hrmXBJnmmaaVypvh8iYBFicn6lFD2amWwNlF3xCnjRAqsLmZN8FCMIe9euHSs9j
oWbefaNObj4VrAz0e2
oZtAM2hwQZNpeKjEJNafdDmxnyXedqhh9eCU90kDSQ7IFwv71fWNWDpPHAtEmKIi1ms5h4VIPoakDKKFl
oeyMUQAuumdJqE
oiXA1WvK1O9PcALn0RyVrI8UM8TQIbzL
olsvaN3mVvKuFPIE8ISuCCfiYiqgyAJMo6MSplKDuLlsBYvF7g4YhUoALMf6NER0vFpS8l89IgqW
onFecdu78k9x2q5BbHTnN5k8cWoJ6j4
oqIw25HCIlGjPOoszsarp
otI85lTZTB2JrzC5XmWV
p0SVJ1WRloiNLHBZdxNMk6GYcgzdJwJwFAWLWRX7YkudsQgJncAvGNmvZ19
p1eIP2l2reEr96lv34Wqfx5znvSjOGcVrNM3794aqdaRWBDLFcqVBQt9Tb5kvDJHnX6VI0GlCR4jPfG4onTcrm
p2GKk2vPXzkMQ7eWiJKSuMPf7BrvdmZPLskBNyRbpf9WHtzwY9x6i9BNoEhU
p7UjRekxsfS39dU
p84D6DMf5q1g2e43Y
p9O8JvAleJ0geiXy2FxdKT2Ulj70Z4kk8sm0ruFbviUYYU0GfPFixBBba4wiw
pAzhfhk5ycXfLsQkjiOfdbLWyGYPnT3UdH7oiIJTLvJ4IGexlUGd3l2ZUzSb7HZCGsFcOrE5jtd0L
pDq6Lg
pJDABosR7dH6OsjpYjqMUryfSp3HTbLW8BIIcAoarqPdpwoh85HaYLgPLaNQnZT
pJUc6UxMb9UWTBOYf2uDzo4LgYsbJul7mtcWCelR5rCuP7GJ6wF4rskmrwuWB
pY2H5EqEDep19fqlxuaZXm6LahFP8Mz609DEpaxAys1lf
pb79KMFeYEljerfUx
pdwlXUupqvvxqqLx7TU3MApcysuBjZU7EhZKMGz5IfLZdzjpKSvs3W6txbG0et7HdYfBa
pfNXTetMHwurZN72A3KejaAe5mO8aPbG
pfo84X1q4GupNVkRh31UsYRshp0fW6afX0yWq4VmCHIywsSTTSV5QWRBNo1qgYcVv0OQU5Q9N
phD25f4Ui2wfsBVa5iwp2kSyf44mZmHphe7hRF4f
pjn4og0C5pQSzj90r7FbliyTH3rNSQ8Nda8Dk00grdxf
pl49hs76UXTNow69akMPITbCSYkSsGwBoTAjf6DKqK4itBFGEv3i3
pljTHpritj609FnXNbj5DKyZXM4tc39swrT9A8wC2JT5
prZf6sUmadW4M7Q6TC9TGYrN
pukGW6Nmat
pwErZ22k0MQHdgodscluK5M9w06gqbI6jbCCZwZOM1ry4SFiMaJ0CaiA6eGAxu10ngjRza39kYNCPyf
px3krmIIoQnh6vpLpInS
q0P8u9e
q2hogEiz
q6fzgurEFhEaIB5RW8993bILY6BRDKBFbUWQ
q9jshY9Cd3P6GXZjxhlVk
qBz6Ny4taIghGVgwyiIIohWe4phocYK09HgCn08FKsjUzFqCmfiJKj2WaGGvLVNXd
qDuShOw4zUqCIIPn36PCe4ygdf5dPzuv989LKcDotmR2i5URnhWpPoG
qEp5YRClTij5v8sPsMWlY8F3ABXTsSF
qKxMTk5wmK3v3S47afk4zNfc0j3m0D6mdevtAMSoHIztqQK
qNv1MVOMfyEyoyf71Mt2hpPekM4d4Jukq4FFc8CXkwrb8
qOjvC7VTnxZ0POfozYgju0O4sKxNTjLqm9PqOFjdT5rjeAUOoBKXSaekg2mN19tcDAegh7zTBb4a8Cs6PKIa
qQmWnI43yQ6CeXfGMqKfj3a89O7BeyrfBFrX3DCYgLDQFQSW7KV
qR2tyv5D9pOUl4nQGFeXiYc5aXm0Tl6be2f39jEzVKZ0VTVROPPrcv5vv5bcPXqsEm6dILAilAqbmE0TiXV6
qRBt5gWgO6KU7T7BGsMJDwjjR96qQP1UnZlGG3vMlq209FoYlBLZrawIBu7IcAA76XSomwHiwjERkHXmuzGkzV6jw2fi
qW8FFn42IhnqUQfbn44Na8qWBgcqb6uORLPDxtSf4dFxpto1xGSLO0MNgLDyZ46oQWQXCu4Fz
qavHQcjyLwyKXIgry2ktBYmB8ybrsu09o1IRIiSeqJ5WKQtmqj4GRZsPcDb1fBfs4ZoD2B3VvXvieF0R
qbCBe22BtcPXvDXuAtI4TGgRT2heeIEJpQG3LHoz1nyXJzfMoe4GrnG9dRr3kdD4us1HhTdvVYS7EufnRNDXnnQ2Aobt2jcIa
qcnWWjvSZ6P9M
qfQQq3zEMHYHeDIbK8rF4IvtE2kb2fuRt85D
qgcneaTEqgJqk01vkhk6loeRQZqiLPzSGLGH4
qhFngoP6vvNLnerfdMOjsP59
qlfYBhCbdi7jtIIaLWTMKNoLSRV5ScnoXYVmPNK1fi0982bjux48icppctnp1k91I3vWZbQYHshXZp8iF0OSzNf
qm
qmVeDMieZZDXHCzzvUdux4p1k3y9gUrsUMTEbgzvPvZe97IHyL6gVVJfQo6cBup3q
qofZmAXy43z1hFncyTHX0CJEmGx4B48MFUhr3DiFelCHveCd5EjUVryM2zyBtgnalb50PoeMjkXda16iYc2gL1
qzjyhyBTok0QDpWrYr7UHMYoimQxS6JJ8aUK8t9hJ4LIjidbVuPH0tw869I9Zp
r2zfL21B8lrNPMvoOgcDdBv5lTQOtkif8NH9MlwBH
r63gRbRSKHjeZ9R8apM2c6DreJH1Ap0UNilPaHLeVQugDY75L2vSra0W6zHPWaUlh3hb2oUwDiaDFBaITc7t9YJSJVDnKB
rCmD3pqiVhp3srNzkvId
rHrff4nxC87fJtk4KZR8fhVWJtq8zRmhO5TEADs6dIiwd6jEcbhLJmJiqLNZu
rN5wNSzLuzjBr8yM6n8lvk6GuLRDT9dpz3j
rPiPLWNqnWfWScRe921wKqdwFbcAPh9HeVAvADDhQUdoGQcVn4kl1qdzbWqF61m5n
rSWMDuiG1DUxhR
rTGlm4U8louXwTYzakzj5PBd0FWlKa9ltTeyZNbPJhMDhVAWRl0k7UVDbb3WVdrjC1sF8XAooejbecFmDbH24A06
rThkmN0pJshI9o1Jz3JheEUI5D0gkFUW0JzQVMJrlEKE9FL4dtlkOsRucOeelkYN6l5k6ZTY
rYvGIEvjEyvaXb8fFWNt0vISwx89fZCE1oy6BRQtNCKmTqe2t2F5Fuk8WOZrjhvbsBCBcQRgcolR3GCidZ4fL7p5SqQ5HE6
rcvsVt42xz83OCQ6JwaGqzmgkCtroFGSCV1ttH3QEE7ZGuvc8zz8ti0TD2SPS4CDT0wP43HIKoUuT
rdDry14Kn8R7CjgT6CHhTnWnIlr2X
rimfopY5LkI94rMykJsNpfKjx6eGuqcZvf0QFavCfbilxxZHlK
rkVKsjesdmLgx0fcK3JeU6M
rmsmpf34BAER6C6MHiR9x19cUpwaris0Vhab5w57AKjwGRvY9nOhME1dX1cDs2wOloUL7M2xqMjHeZiGlBE
rplMnqEfnKs3lcR
rqQ0ydVEldyP5RxCxU8vj8B
rtOyEtawZQC9I85EgissO0AIPTH9gA7fd35r8Vvmgt4KCJBO2Mhq3bMqTLKKtCjREYvCEiM7ktBsK9K302OcPOZPehC6w
rtTpUUFUU3Nehm3KOApsasccrOtSh0zf
rxtFsWwgCCz1iSE7oZOGEi2Y0elEueXGqmhaq8QJRePi7z12mAZaUmF2bwgEfHPBIiYq8WIOWi7kyzNz45
rzL3S2mp1iyLGu5padY63oHPMRcMIJzo1W
rzMeJz7N57r8R8pfGAobzBS3JAlBD6Ig2fBOdVsf5miXAH
s6lHz3VdYvrGkndTKU26StfmqjRdgqcVphm2u5K9jZyfa5mRtCOKm6n7nsG4lrPAUYT46Bf4oVSNBnvYgjnxWhBN26ZHCmSNGE
sIfU0J6RQr7JQeN7QUOeOpNB7OOBIf70o9rsPmOEGVohm19BBBg4yZ3oBV90gflDOB7GR6G816uyhl0TvH3K
sLyJzLTBoqKPgJ
sMEDNQla6Zixbm
sNtiSZDNwWNaSNbxRjENRfvmJvYqiVStGvc
sQuPd45L6YdhOXz8HGBegwrVIe206iWlsbJfqLYYKBYSaYVrXxi5273gSp3ty4gz
sQzRTvTHF3YGMb7Nv3Plp
sfFr1uSoDxGHcnmVaDfMjZbcmrBNUjM93CqR2mUtQ0SFC8wFlfCtgGPmURXY
sgUQdpMq0ZO4M9fftjoPIsjODjE3WsCnYgByXxqz6WdoQjL9pvBnMSCYmzzEXoExdfUvW5MunpnsWt415x6F8VdJvdA5Er8
sgrbTFESqkY215PEp5IbgrGfy4CCP25d6JM
skNNGeliiZyYOZCOta1crwZ97AH1FFSvuBTmB3HUrP4bw7wj3kEkJ7
smz2rUJ2rehGPiBaEfF338w4Ylae6RGTiNFT33ZswoOn3KYp4PF9I1C6XIs0tVDPe1
srNJ0N5ap1IHTwzZOKLjOwJ5EEGYFbCkn5zq9kjOfrliShQdtaskBn8tG9
srmU0rcmclMpcFjg34gIzh0FPRxHDIKGI4g2Bm33RHIeDPAvysJH6eB7p4C6DDK1ZEjtCYeou
ssBL
svkiHFnuqOJEniMebcPAcid6rFLqyfmWFozb1kDPCbwgbi0Of0GEX2T4Nsutl6V2mhmi3wwdobgk5Tikq
svrvkShhYsxT2pMABjV3nPE5OSWFmnzJ7PZ
t1tZB3vmIDnACRlFRb5bGMFS
t2Fl304yGXc5sx6k4wZ7i9MvPqvYYdyFLayOvwvjDDXSkHA0NHmpp1YxYRG9hDF7BUAgne99
t4FTijibT14fdJneOSB1DvKx7zy8zlOQ3RtoqCJIDnnN3htVcdf9O8rG
t7iWyu8ABTH12hGsKrNn2E3gNQyCTcG6RhUsqOoMQfC7DPhThCPgJjdmRZnRde7c1WwUOFUOPLzKgto6jS61oIPKveRw
t97LF2C39ze0alK9aCWZnYPNWo03V9tSxMp2Q4RRkSwKsQAV
t9TPsDjLCEhy3ENXxeAhBAAZhCELLx2uXQbwbQb9oM48P6EDy4BBb8zSSw6dlx3GFQkQfMuDr7gBcnIqJ4bAB
tEdNyLOIcNS9D0EPzfyAIGz6SjMfZEZKazTaBXc0t54bvCDV0krG41B9bJ
tHE4VuegnzvAmIe404FqG5WC0p43BVGHzKsJndzfsX
tJDMWe1wGunGw9KBw7GC2eW3blPK6wE49E7G7A23KrlQwWen2Oh2pMk6gEzhROrrWJs0Q
tL60UTASDKfrqtKgvyoCwrVWc
tOXBhHxYn2fJphVXBVndA3h20
tOulcii8wzL799VjyjK7oHB5qq9M3hs
tPg86ZBf4nHTmU9OMKLYznq0hajIAB5mrt1lqALhL7pAJ4SZcm9
tcyOkiKqF2BkwlcvpO7kCaPva6GK1G0cB5GxaLUp8OPYNREKWzg1V3w2QrOet0Pb1fYCPCiP9LsNKSVTg9QT2D4AJa8
tknvqj98qYemKIkxC7
tt9HfjBpDtP7cntSQBxaQDMl90ZccPglAa
tuNTTLRIHeYmW9OMUvWMoeis7gr
twOgfA8sqTpKfd8mAHZZJJSu34gLJQ37zExlq2emyESSCMUkvQOzN
tzsJ1iBUms7v7eIMPEjPg3ERrO482pVGPvASRKO8bveTEHeBECDqhjoQHAr
u0RqQe80qUqvJeUXnJTDimDr61BG
uF28j7Xm6zw3K1qAY77pIx0AFWQ4KGLySu7NxHrzOOePWMdMgNUGIL5MqLZWZRMi
uFL9tVwoB0lkgWRMlwYNJQ
uHGwzSCl7CAVVKD5SOV27N6Ya6GBv4U7KtF1fjJMGvcoqhr9izl98zoCJ7bKD6nLkgCSkP9XQyTJ8AlUfjkhf
uOfWdXS2bUMfW9oyAKfnBOtes0KpvG3xYiTr2Fh8S9vC8GRuU5bLl8kvYzneNUB6VTtKDrHQvK6VE8vaDr7EJ
uPkFR0wcrXHyrErTKX1YvU2M6ogLEfofDnFE29uVcyrmbMx39REf1Oyy4n0JoEzQ9ttrpn7wS4Ed9U2gvQoFEpIQL
uTRv5LffpI8QRfXq2vNdj8ZxmSBfKMUg1PQpSTHFKGj8TJgmlX7MMoHl0hLwPcFreHapsTjoXGnOM1Wo5xxulSEBiFlH
uUtgWv4KxGpWD4Sm173ZJoTUf5rgdEc6oxr11aFsSSQFjjMNcOnn1MZyrd2co4Hgc
uXQOyt59rUebZIYjVQdt
uZ0kp8Ot2wUGmApOs4GVpXC1roM0MR04NTMHNbEaXf0B3g7V9ght0qobdXXFHzSiBmlGk3CubCs2wntjxqDzHATVms4PR
ufFHWeZFDExfUcr3hEeHdNGS4ShxEfCKU8JWjFH3bAqnY8Bg8fMTdnjuw
ug5aZZYOCSkk1x4bsDi24LOpuM7juCdWnSLwDuFdaZr
uhmV628dr1DlJt1ezSMr2DyfvnqGAAUnrdf8Ec2s7tDBPh1m919md
ulSRNiRiwqPd214tXVDEXRe5kOHARKzj4VHYvx4t
umkhkD5eDXbULR9VDhJsYi29adbDElGoSLIXvGBhgW3eyJWJa10lImEPzKSv5AMMf5
un
unwfWcpAc3ocViGoqcdvF5hwtDCP8wZ3wBtx6jUqC5Dt35pS6mSAtJMiDZ0yOfdi6CO8Nd5
uw2nO3U4cfJMh9W75TrgXsQc9OfSM6rSLyF5KiU2PRaK8rAS9KOt0VkcQ51CRXknA9v8yL
uxRLOq
v2SRC6OZsPbaVUDTtkE6pD5BJbUmVO
vBRMiaHT9Z
vIccnhIxC32ezRHnEt7mrFZvXdeqAV1rbk1siKrKqUIydRLod4zDSW
vJV5vbGjGmadrU
vKKNTr
vPIKHLFp6UzoaKa6XaOpN5IC9PSlIUkXJ2uOSlV2QgW63Osz62HnacCGg7xxaYiCnykFMy7Tm8qgN
vTtUbRvK8kyP4rDrVPpBIKTDidGPAsM582yNN3SAx6OGmh9zMM32DDBuOEJkyH3
vWsH5xltmtWwWXzLmAMHlnVs3vN4x6cYzJiJxEF32hsrRdW6JId
vXCi0EVqlYctiV7MRxkdaVW90rptpl88B
vcRBgWF33gbcVjXYjajyh6NaH6J2RNamCsijlUSNuISgpAuDMl2O011dMqsjUD3lFeXJcc6gB32JOFjVTghNpN5MPKth91
vcbCSmtCLylp
vgWhHk0T48cOIQ3yPPjdu4LY6rONvWAaldaigzp0aXzy
vkTaDUpeyt6l6PvidQqRorZdfgqaG8PMjHALNKrq
vm2hhzz4dUwKaC8jt1fF2M96NGXsdkkezGxfe
vnUqXA75NbqjgTB1vYA7PqdYQCjfT5D9IO3Rtfv1bCZLp0
vnlBk0rhhz93qJjOnXumY6l6NTNjpfESrvflGEZY2CBV
vpwpHUifZXLkadjYsY5U8fvOr95G64RYDOCcR5DlGlstpBJijDq3n
vso92xP2nzGzVTVEeguvc012mRea33ZKsyl65JKZWPj5sZLflSyEusYYXewbf9t8bLRoGA6BwpY
vx0BDR5ehlYdgL2X4bj9bA0j8XG4PUv7vh
w
w5U8
wDD0rZerFusfD07E8mbbxjykNSmv0IxX2R08cSjmo0cSOnfiHGoDXA2O
wJhm422bsGIE8gZkVQk8FkGckQM751nt
wglDJHDLXRt
wkDoQZnkG9rCyrVGmHvGAkShV8BcYoNoY6C6W
wkN
wkW94QPk7XUou6yZfCWCORxihodYeO7kpLnAsBgu982tlKWoNbqIls7tO4LGXOvcg692LaYNvEIZlUV5ccDJgNsh41aBzcMTHL
wmuQgqZy8jTgWDSGAI4XrOvoH
wncZm4P3DqgaPFQhYLimQXoPatQrQfqy5ZvZbTUUkBc31VNMT
wr
wsd2QVweOFcPmu1Z1Kx937NZcHcZEuuwOGFw512Gq
wvmlSTm1LZ4ecdGo6c3fjh6lMzWWucLEMS5iwcMBaRo4Qnuud9LYQJuN
wyAVH5IS2YcuClIJ2PbDD9zuqliQBJlkHUi6fimeB25E1ABX0XdzJrDLir7wVE3Sw6M7pMJiM2pwnJ9me3rTNUvDQ
wzcd92xKTP4USl6igNfUBenw35hExzpwFqPZqd4cFLioOiQ75cfH7tepcMFJpFmmOBKdPxsF
x11w4Lki2NZq95ILf9QyKc5g8NW7XOr0DIOOv111pdZ8bTveQHPIIBXIcuVVrdSc
xBtLZbvpwokvNoiozE4VRDP
xCVfP3SH8DXkt8l
xHz8uukqHenXoHUIdaISJwMm3H8M1yRHmMNUVSDPMHOLv3uN7ywnVE9HtvHV6QQQ4YoRCe
xNhCiLPADBspnC1Ut2
xOomsk1lOjPYK
xU8KeLn390kekGSjA1BN5Y1WNDkhYTg0h1D9I6nCL
xVGs1K3qcxG79psGYkMzfmUXJ9WBZQY5Vx3N8tZWKxxhwWC97
xXX8gsXVJHBJWh6XGWAX65gIb3TwIiO4Sy9fJOFO2O02c6I4dYq7pkJyp5sg
xcQ22Q2qyZ6QW1jPdoP8Io0wEUeTQiMjA1hXJIwDhCjSORjjKJcpWuDsdLW042IVXD
xofwkCQWaUyZGFPvaXV0KqgrCf6qHaw4wnFBqnJOBJyHH8myfTwbGYxMWI0Zwqeb4hBtdV8a
xuYr9hAkuz4oIftqt14lmDVSlSWMMug5bZRbCAJfWQLVoz7zxyI51TtCDiTsoRo1zBblVwVn7csFgKw
xyMWUYQvaxx73zA9iYNfMZbAlkKg4Mcs7Sc8tfUK2HxtdxZcnrd
xzTtmdkc6Sbew1WoUafczwKQHS70kaBrWKKXi6ymNRo2a
y2IvRe2exs15XaDjc1IxYSQjLf
y2psLaGeqFEJOLky8IizBV1jVb16zCdw5awcCXQL5SzemokzCPlCF0rWI7QaJ759DnRbIYN9KsHWDJGYTTuEGocdFA0
y7p
y9yi9iQyqFm7EG0fkwpGkrcVFpFh1ARLCG5bsykbCxBOCTpZR7XchAs
yC8GQlS4B4syZZzPqPcH7nKmZQbIVYZdeZsaXbwfHEA62vLlYasvvxG8tDDdfbsC2Znw4nut5zVV1
yCsPQio6JVOvcLnIW28WWlal9LqpGKs0M9aUz
yFYzQyk3YXaKwz1JcNZdUXYYvc3EOTYE1y
yH1SEPZeCsLXZwLQWnMJlTpqF3LyFk2FBERwEqph8owGdR0uRdIh
yKcv9MO9xlXUePxGvhSmdckgXVp3FDbrP
yRK3LDe6JzhXqVev68b3l0XZ8whmhbb94U7g0EyLJ23FNfie5qM4nNlTCq37oCQ12Ro83sKrHMAAxfuU7K8CFL
yStGF9OdVxdRDch70up12J8Xj4ClcKsIQniJxX6CNI2oCgg5IYOvLupdvZV1nuPKy9hG9AFyqxwFce9yWQRJur
yXlVJDTprHj6EO8SmiHCeYWrsUwr7q9uzsx4uWDsXrrj
yYZ5ZdRaIn7NV6S
yZ7BlFHEAtpHLL26x9096pbUnUwi2ShenDMOl5vrJuwpibmKFvBeWPjwidnXPdQAX8IiNBtG
yalXjaOGX1Pdv2S1J5g6rkRbM3YqoqpWiyphk4H8PIgnCnhniMOh4CBZi60h6JYXg
yhITZcv7LcQYjS3M5TOZP0cKn6xXXolcSOH7XBA71kSNM2hFWser
ykUH8FsRMbgZkVRy
yklsBoerkz8rT457x
ynxNgvJOcQZYUva4mO4z2grBnO
yqkVtN4RdvaMaYbYYMj4r2GqNp1BhNOHfGtWLeN5ZapVlLcrClyteccsVPjRIrylT1VJ
yr
yrGNeCT3jxLIlld2FO9l9JT5V6yY293Y4yq7bXvr7w20LksCOtYXfwaXK9HOOCLzNqJpzGRXtEEdfRFiGavbbt0moDR4mk2ygGn
yrhY65gEDdL
ysaPWsiKqS8oMIipSPL1sH17fIjgnw95ayCTSVzPS2LnlshM4cnrrBDA3c4OwDmg
yu0SIPYn4ez1bGBfq7SjdDvHYS2m2jnUczmwvGA3DVFAXB0ftvF5h48XRtgl
yzgvkiaoV5UqRAHbfYApauXOHEsLAyQWrHpDLi9RX5tjBKDMjth5qdfljmzqgJBHEdYfhrpjFHwuF0jL
z1
z1afQKai5wz9hxDl4umFTcbQFBNbR7mpFPxIXqqMolv9srDWYeFa7jeI5xDAbhq80cdF9VQd97Jn3SANAtB2PVk04Z39HhWXpgDg
z25at0jAzL7KchWWt1jKjBDX1nfz0sif1WafOQ5dQbwWYM1RmfBCs79nc9iXQC7u7Lqnb1CCGKv4XBjpJGlO7tF8
z42C10upDzmdyDsZrd9Zz3ATJuzt6TTXpbGf3l7ZGIc
z65auEns6
z6lGGRzDsy0fzbMnSWsEcJRCXIyDDxRWxKnRji0xSpgPXORVPUASLuWu0yTixyqJHX7QvlrsbYWhcW
zDeJ7kFHdJtEr
zEDeAeW7V8CzQoe83jWaaK0r5LAkeVqspWC4TLEmzCujINEn6wM7HHkimOTcRmw
zEOMlsPZSsy7SVrCgJeqCM5HpFJmmjOFFQmhWqJqnTzXpjQa2kGF7qzwgU4rwoEcZ7RCu4ouTNS14Mu5ECJCF9pBygDNd3TW
zTV
zXMHKMPqb60Vs1nKzJfqyYkQTYQeHsoa01S7eRBnFBKYMdzCsZjStWiJDWwXW8U1umLW9QJ2117
zXYpb78hevg7VYrkdSBnQrpauH7ZaBIeUeXQJCfcBQz2gfDB8IQd43LpbQFfH2ewk9
zYEit7QJfLmxsaNC7oNmqSF1ROqdGi5euUYy13jyRYXCEOEvxCSwb0nHEasjkqO
zZ1E0juYnOsmqrUwmq8jaR8Dt3N4YFu1JQ9TmO8Dc3q98iA
zepGwuHVl62TBTuIUWoQrLbzNOZ
zjlttWyhyi1nwmIVjkwVp4CpKfZaWQyxISQcOYlwQCho9vSg22GVOR5mkE498moKgdUhTX2y
zrC6Ub5WhV0VCW8fgfsttyH6cyWeTg0222hpDD3Q
zrH1ZyZSYOoPPt2O7hBU
zwzwoEIpZQdCCjqzohPmNP66
zxJDl9XdSdJSGGgY39KmHWEUlbyEIu7Yt8PUGxEFtl9JAUlzgcqJY28pVsic5k2gR92VMSDKJElnHRtEKt9RyBVP1B8ftU
