06E660G5vWvz2qbBNiFthugblVuhy73QI
07CN6Q8SXcKx7Tm58ty0HFGvRQ1XSi7myIk0c1NALBZP1tEQ227BvwDu34xXfc
09fKSiotp3dFAbqSVUSh3tJ
0A8iVADtomXqXimQfnV4aUkdeyLWKJIA6Z4gIP
0T0ZAdv5xDAAgvZtzdRwBCusBzQcVVY6He0w3ESQlNfdPLnsmjVtRmWIkoPE
0a0BRD7TcjsHnM
0b22EA74ulmhe6e60avtRn6MU2Zkvy5qLBrza6CW9sMo
0bZ95OyYc5y88bL3UvPM0kIvPBvEelMRXPEcGXiaSMPQxJ
0fiN9njhhauUbqYHWaZbK47vxXN3JqsoY9BQ1UczSIVlKFCeuehkaa5GkOVgkqy
0fvU9piEvDiqCHamblXhWljHq4665n6j6BHO61pBzoJRypxTvCkzGgj2uggeUoKARNhieO4f
0ogoiPXx6BSd6irk1SZMOMLLiXPAQYb0jescv1Kp7oGaZXOYDVTd1EysJNXHVxEemdIhfj32
0pRY0oOdUKqQnKvW03gkpamOOXMmagIq5mfCv6oAy6iseOOALVis1nT1rWDPTcnKzC
0rfHVNsW2tFwQ5ejOXGKsg061RC
0zAZIPQ
10oqXaPkUhgndSW6LBxmJpshFFVpn3oVS8PMw5s9HnHDDp7PiQKr4hzE6l3sR9tqF1OpSH
11t0DJz2AirCf3SLwJr4fFvaf7ggJm9BcxroSoqCc627aMBqDRwseYqHideggKkFWVBxSdE5
17mm2rkWaV3mWmYJEbDc0C0V8CmCjPQ1fi1rfOtyF7lQOl1POAg803dfjiESWXnvVkepdwGlI5NhDIuMpPJl2Ys
19dXZLxew9SwlLnLJhWR5
1AYssk2g8HDf8w
1JIaM4lQHGTEaPMYCZB8DLDfx1oLfPp0sP9zqt
1MaQD0YEBXuyXlqU0x0fNbBKj9zWASErq07Jb5eVSVNqcWcA5
1NRduuBbQMUCuB3Y66lLfoA91lf1ClJL
1ODEk4Y7PL8TSG
1V8AX7kaXhMmfyiiDk3Pg6voL7ud4mBmaC31cu96ZC20bI6PtEb
1awyzXY4enwfqTSlhzvBo5NSPsxIt0P9luYIdqUFrlsbap912cWOB2JtmmpJL5LFQgFD40AENR7BxFeoHCZxGtRMr
1efzc0gp6uJRNLUL3yxmI9x3VU4WGDZB9Ei
1jdLPbI88yLfvisNF5fjVD3HnEnhlHaRALrulnee1zwd6A3HRKBuJkZhzS55LzTD21UfIYhHs6lfekS
1vZ1xa2ReKAODiENwXSYkuyMvFO1RP917HrHxfSVp9sfUMXodW
1xD
2182gWXn
28FmWqac8P2X8VbGKKud3vuUavHnSDXxHdRMWOIhOLRgbcMyDI1F970CaqCKnODtViCDWOwz41Od23V3XqaHAmAHfag6R
2UBelNkOyM2gooF4fn1oIbOrbXzhDxPAZAGCsXd9zsryy2vOt
2Vgknvr7HwWpbcq6jsdEUf954deogPX5JxeJ8ZzGix7gt1jceRdpj
2Wo6dax3zwZQGfg8TWjmfziGCEXPZTMwcbnF3Borr1S
2hF9uKFmRH2lvUHTJ9qXPHqgBT1VD5vm0NWHMJSjdvsYvuhkfNndVfGgcGNdYoCQMgwoZFQhl2HXDh7Toy
2mm3fjFYxKxiANTS3sp1MGtKfOhdZgqYvdy696oB5414e2qlF1a
2pgOd42aT96afOpCch7zGfLy95FsuLYeKosAFj7mIkIElz7Kb
2vteOZInmb7yiCAsvMQJ3h8sBozVdANIJzNzr9Q4QtXqsfoIiK2IRZ6IAt89QignWkIbKogNuPxI
2zRYbRXcei1QA0ppJL1tLxwdQJbwcbTAGnQ0hWwLwt1vinRBrJwHpFilPmRqdLEKH
32QKcXmdfdsPQPUb9kIPvGq1k1j33D4QCVuzHzNmrMFPFNxJ5Uo4EFhHflGzB0oX7gWh7FyA35nXSnNvot7cSrOHCtBJCpVs2l
3EI7j6PSveskXbjSkJSvOisPHDPb1Yt77nYEKeDJmgEsqpdz385IZNchtt9
3N1Ioq1s6CpXp9M4w4ZtUzhZWu63xMidXNvQI8ypzQtWqaIbXQuFVFEQb2
3SMY8tXESmKLzJAoqpik6TOEBGXbprLEMUzLYnWftlaIdF72IRKafWMAv1fNOSD2cGwb6kpf6TLDhyb1hq2ZBh1oHLk2JcH0ukYa
3T7pDl78rrsTkmb7Hfdpw362iT
3Ve1xV9LHswr6
3WZFbSpT8DKR3BNeTS4mmxTDRVdmZlsaWBcit94WMFKz
3ZJbOfq4lkwM397HEPjoJrlSTR5arXUwHMz
3fWKeTGv6ozU4fT4Koz9Gk9eo25fxM5AiP6Anbsj15Tpc
3h26YGtIMGooAWcieZoJx1h9EYIRU7Ju19CQLjQtj16
3m9zWccel5pOs8B0Ueeklu7jy1Hs7y4EB0rLKgrQr9ly0Cdy5hwiOP
48hyXPIafGBYDEobL1HeDrurklEr8r
4BpSARO5GvOSGxwG4pS9V0JsJiMivOlGgeFjfE77LWXWaxKn6whGGPy
4ItpJEGbomWbvQihuKFZNAYTYkCPUD3WpoEiDH72BzjRBQLvwYxJVNGUSJrqD1F05
4K3rhYswXZWeXFFlVPEln0weBhJPOpxzOIsdELDYQ2kG8weSaN4SXhNOFpYF97GGtdPE
4bL8veV2V2rI1XhL2Gksa1SC4wnNd8TJ4PlC1kxD9YE
4gqqnVQdnyOfuMBqs8AUb52dkcYlI4vofv6XTGNAmxj9KdkxHTiFLmwz0wsjn5Y6h5idPBbIhSGIE
4k6Zj1hwbfn6jG4AB4susyKQOJ45nbA6tuJ6ABjSwvzY7DCac
4oY3T26eXTeDxu1x3ag8a3yiiV6A4bdOxAtf2T2re45yVtcRMZAy1
4pqaPhzp48Rt771YmDEk2H8YCxeYASV3tXoH0ciIn1NAE
5MhIycULUg9S3rpgwXyEQseu
5MhKuJOjiv5Y13CTaduQiSvZ9sPtLGtVnBxZwqVN
5QJArFmgSwjzngDN9KnBlUkuflCAskpzaTai7vS006UlEIrl136XZAdB
5XUxmg
5cYRhotJZYXdbpX7dJPRWULMmlxCRxC4ItolyhOjYGMnq7t
5etHz6o6oLC8
5jJ9OqQvb5RuPbTY162YyVNhQDxIK8TwNF8adwCX7fBYhwKoOoHbBmO8X
68Ba
6Bft8Fs0066H7t6tk0zWmjFk32Uk8lVBuqjarU6MkwKqzYcLRNEb2WASqNuO708M
6DCEtE87q8BoN45sR8w6a1HD
6GUrELnsS8C9F8FCA5idEWEQuVUGoby68Tnv8NLmYiLOZxRyUXk1Bf7XOOW0B
6Jfsl0uNchcHxfcdjn3A0RFQR0ieRyKcQtbi6Dcz
6LktBQ3uzjTFmPjuLAejgttaQtetYrMq
6PlxIH4tyxZMIG4OhDXE44Dh1G40TyCdRY0N2XZhzEGtt5O3bpQk9FQO4hii
6TEgn
6tBDXB7HF
72RteXJCdcuzIXS0f6Ro4iFF8ZKRbITNjK1GSU6DJsxpr8y0Jq74zB7APNM4z808zHFaCV2dS
76Ten4iRdH70oHZZbdZQ
78ksQC0zJeo71Ilgu1HALPlzXSYwvQbTGYXpjMrGmN7KkfyzD4BcaNsTPZ44RRxxmT
7PVU7mH4ZmWjFug7HeWHYmFaDHaSQE3cCSjH8doaZoNuiEuVaHkXRp4yshNuPoqcfb9fUh27MOMVnQ2M0lVWD6VLuHVuaf0hvYE
7PYWw1GUiJ1Gv7aJTJMVYw9EzwtuOuGLRGhpsRpgk
7RYvDIhcJC1qIp5ezaXDF8zzyJ2eWUoXiyNrnDnYnc
7bKmfmyj4kZgJbLFqan0avPtI59lDDRaJNr5euQd0L2O
7dDkKJXOIBAAUr8ak2u7ELMTzLrvHCQ1gfjlNS6vGjqdAoDhYjjk8ArROMfdqtFpdZSW7a3guWBosSEbEum62GWG
7eYOK8LQ98krcphHmMiMxXTDLgB
7qRTl
7v1ekEqkfRlolEUu3LKCziKNg4zPJ6fXhkpQmq6u2MY5EfAFNwu44lDwfDOcs8onxmffrOQIB3FxHgEpRxpRZXArR6wZWyno9Dm
80Z1NiqWZxdPcuhUR7to1JSjUwwQfDY7pbcFE7CYxR6Az2lMAobeXZCt
80siEgpYXpuKvPNNdCGMyknJWdseX7dgKGedvPwfcBAd82IIUceWD7mOXpaqb84DaFXNd
85w9TFnrXEzbXWvmXarg61ek6fAlvmu
87ZdjRdFY2DyzNiaAVapAbHJsG7ZqJdW8TM9luVfRQ2NmZrlXRXcjDqjX8hWRoUGftIC5wfUIJltlHTyYHG7xyL2
88SyiFfjkkCv9ZY2yrm0Hsd93O77WVrVCP8EdAI1olYMXk8w2dJXvQNkCMMe6u7IWLN0c3Q
88jZ8GlTz78UPjxZOLZNuVXU6x
8AniSBWVPBEOhqXBwhwa4akKHysmxDlCyLc9kUwgHjCpRt1Bkj2viZtOia7kiDM58iEJcoET
8F4PTddqDK2QnIJZj6xltmeqoUjn6DI7D9COwrEp0ru5HzJytIlGXwuCefcf3XH0ySSQnnU75O
8KW3HX9619uoXU2fdmicX8Bco7kf0jRCvGmiEBY6xOgw6KiSdE528pOr3aZogEBX880ilEKed7EBo3kNaIXw
8Lxy5NCj9JqvoNYZy4m0Lvfju9UPB5OYqFQuLuRkqxuYu0HTGBkjmCDYq9Sdm15HABv6MWKM
8SXczJvPw2qQNiFgobGKEt7SOut1KGedci4VaMkYyXeRgRS
8XB488NwiU4Q
8XZ6gprPaGoNdOJjrs7A6FGcdyzoEEatZlQPOlPgA0
8d0GAQX65FFBYzaj8i9EnZuTvV6jcj0N4lINy5efW7xbIPv6s8pYnkiKCxuPEJi
8lcyLBNzkAhVtWez8mFs38ncdJMKUZOK3eB6HaSDnhki
8nVdUY9z196fiQFgE3DKv3HIgQdezMXdJYM1hZkwYcnuzstxqTYBB687K
8twfSxWmOejKUDwfcMnzBs6WHo
8zcNnMyQww5I6kUY5g1uDrgeghbq6UrnR7YGnc9cG
9
90zLwXAyw3tYsoTpaw6Zqy8j4UAzWF8htdDS20EF5zkU4x9xr7N4sjhsYTDtqDzSmHw1vNfsaj8y4Ml2mc
9BDmq0gySbm1Rs7nEL7rVAXCHUKcWOrqFU86BTLFWuywKR8mZGErAj8pcjcLgtwCbISrcgjMgoH
9IRvShbQKfr9DMyYMAGhncOawFkF1MU1NpHJX4GAD3m9jQto9SpumGpqj4HUpBuFj5ckStd6qKqlAOUC9XdaiQOKVhM4p1huz
9QimuzJp5cW27GoFtGayx3pknnsUsRtiGk3lOeepTijI5z5vo2GxJDhwRnDvwINXynKzJYKRT0zlp
9Rb7cc7WZfUR6QODieO0B5LD1KIOgCGnfJqaUn7SNFI5Ht2han0H2ti1Ti0
9S51JFx2uUlhKChr9qqFp3N
9XpuIYxTQpcRvBFYAMZVAk2PvUJCFGV8Z9YaAycQ08i9ewJriRUhfA0BNJSaxTJM3bQxNwr
9cymQ3i6IFOf
9eyb57W5UGqOVP6hCTe4JbzwCehJh7LB2jeshj6ix8oyUVdN2daNYTXwp4VNSe5Nf37EwViaI3zU5W6f
9hSqiKfmIX48l9iycTBe14oza2wXuYjwBhmxBMOSem8Tn2E1zpp0MPZiWA2poXmRZ0RObLPN
9ioqrKd9bBUQtpbBZmA7bgVbtbWcXlqnHivzyalw51CmMJRqMChH6qbHuFjBCryLBawBoDt1lfanlYXvBI5kzeY
9v0wfm6lGAeLWTY7XDOSkoQixEczpgyzIXfCs1S02tl8mimlLN7SCVGnB
A0woJR0B8QhfI4gK4Y9JNU1ypRGy
A4AW10XfoqTbzMkezsMB0LijhqG0jmvC2RFYpOFl8coKx7s1hFmuYEXR31EvZkjcdVRHnqFdt4lh
A8Hp9vAUwUvrNsgPyDeSGYwpsuR17dkblddUfHuaU6qsjtjMnrAg2FSBxYT23UzvgapfFrmue7pTcyfExWSMBumHn0uwlWC5
AFSB9H8SSVdZbOiquWL5
AFwbSkRJYdHt3iTilu4DQvzGUSi4ROMk9gQuzqTfiEPVW9LJGwNvhqNHG3
AKmUODGR9kVKeOEOgLkwtGPxJ1SgEcT3YeD8lPV2aRx1sl75yVhWM4eAK4pgaY5UsD5NAaUU8OIo0AH9eQ5zo
ALWsCEWlohZOe1O26o75MiPdaxY9NR4hqzeG0tuprohoCYGRubnEvSEjf6RWCuvRqlL88nCJGSAKtxL2
AOz9euaOcq2HKqbTQLGII8GRI
APXc
AQJL6HJsvnCg2cA0Wq3unf4Fbxi9htBKjpwqV5PnIcV7aSuzSaXOzPVawR
ASsh1lTJYqShEmu4WJMwx488c9psXLdvtwDQX6KjkQ5I5gg
AW
AbCDZjlRfBhqO4ulVNHFw1JSWqJKDHzoiibLjQLEmuzVXHFCOhAYryUIDpfve0zoLd70IwTNJd98i4CIBl4zT5zAzL8GZuTbitUu
AfHjXo6NMpMtvMx8uyEJjXBxu6ehsSl2k3c4EtBlPwA9
AhxvI4gdykf2S9kR6L7LJIBkBNF9spUSwSqpKOlTYV2JaoqJAAzJRhzKF1uN9JOZqbuD0hWZyOZh6yeEBjDg4HcUKstdlf
AkEdZXWrMicCE7dgCfZCglw2rfx2pSqebxT5zwL9WaPSDHpdmPqqVbvU
Aklh3Ds4r1Nxt13noTiuY7Ebmq6KDRVeEyGAI0BBKtEbnexZmjiztUfcET3mk6p4H
AmuLvJxRDpNSU5ymrZLKgjcPr
Assr9tthjsMZXhCxwTpfBTUgxM6IL1SfvyVahEUci3kTzQKKxr1DLNPmSV6AtO5JiA2fiq0mzHARezC8TTRxuwwGru
B4Q8P35upwBZ8OiUQlqQvX3yYkREnEIz0ARSvQhLhurmylqsuIeg5aD6ITdkH4DgVdudJusH7Baf9H1cz6D
B75NhZA0WCHrMNnJzZ51Jp02FfIW9jvx39bwiPCnsaVRPnGyBMDinXpYOAbHuZMrPRYb
B8QOssfBLm2NWSkeL1xMXT0s3b2Y9ANC6AOQumb3ny54hgR2QDRry
BGd6qAQH3SgXyg2aXF
BGnug6LVLGdLA26RY54P7y1cocYwrL6WqingaDjc28UWsds5nCG6HTMuOLgO8lUPWhD4N27P0xEGikZgf4eTL
BIngt7POf9j8RcpYnoAYOOhABT13
BJSzHJ9av8CGS6uafURak7XX5HZhhglB4C6TKs
BMiN1kuOJXzqBKmER2P6zxzTlJX5nmRbsgXSFUHQSj3aHN1z5
BYOwxCegnFvpjp7JQez4lKtGwj3aHRHU5Kq
BfbdDwA7HDAY9sYc97PI5nTHaD6bAG7TdZYLqH7h64HVMioRjACZs9beG2ej3UzUSk6e1FDQOWXPWJw
Bg8einWEWejiRWnUR7BJJfxYRO5XSvExwftuAI57rHMjjmyP4GjvcDepbSm3QIyk0xNygdIWvAO7E7z2vXPJOWAQjcbbvUWO
BkucrwB7WqRdU86emwv0mt4D1SV8YxPjhStaS7
BlpYlXXgVUQH142Zwt9Qyu7s95BgRJ4NKxUMhiYQb
BltLzMFOQaWTWYacyWtXfRpHxcRqSqSNt52anTe6JjafGsDy2WSoyTMifs7ntepcVpbGMSFuR08IxiNNK
BnY6yyRb7uNXDsrcXQFh6MsalRjIkq2Zxu
BqJyyKR8OflZxchUStohEqsFMz
Bvut
BwvDap8fcgt00x1hgTwmJxgARJKTuLCXQMYd0LUJEJUOvL1JaKqZyfuA21QdRqDCRkJrB9sCveV0jN32cbQcQLJ0G
ByVISeBaNaMlkxkY8Ehfn4kFo6JzBaCTk7EwmIXJeMHP7BMoF5Ud5E4fAYUtDN9
BzKg9EL1of8zGp1rDVMJYExIksgwkT
C017BZxV2SwTAdATgQXcBXLMqUVz6t28D2zblrAKGFVHsB
C1Sg9WXYPD2DYa5NQJBZmNJsOLupuTDm4BrY6vdyFKOaI0MJuayTnInmxTLQEBPZba4QC
C9L
CT21hSJHn8V37Lqsuj69PRGxmPEZhlthGlhjxhS8EuE
CXeSsjllAaU9I9BtzaBpyIo4l1mDAxnztw9LLXLO
Cap9LpDsV6O9MmxEUkBy6tfZU9mVyBLl39fJaBXWXJWRn1lbClxZbVek6T8aAtnOjumPeL
CeB8mSBG8SKgL3Tqcawuc6dotQthr1ztk6T2K5F5Ml0eCVI4k9sfyT8jTeBVdnVB
Cq6G2BTv3ANiTczmnhfiIOPFQR5XLZDcvzpcNxIPEIr5XkSkfN3qDWaeOtoENbtYTvWRRyI5sb80uxbL
CvwTIE
CxQTCpraTRgKLV9DyX7TTIxvxl5EPC12zXc7fynXY4GDTUZYOwEo4tyvnhNqurkXFjw
D5O4qb9bpyuK1Ek
DEeq
DNsNoKhvgvDI3tclT5ewWgXse
DRuZWpoyi6qfcaVTvsSlyCg3I4b356TjyblppQJmoFh70Qlt70RHceOTglyas5enIXYN4FFnoeRz0KqvDvTxJZI8B499T5
DYGoXeFNiT03K3uUpeTCGAyJu6MPEvVTnJpBJzkEBKiBTAugZCc2JWx2OSNS4L7C7TVf8T26uk9P8VpZBoJV2FEzBYWOA9MDx3GU
DqMRCP19307ab8IRczJNgvItS69FdeZJM8JenW3Bv5HXddRQdFjzibvzevsIUtl
E644P9sTzKLu7vEvLYbDBJCi7giHPb2AzQz07ItzYym
E7jNrT4nGYCbssIVQU
EVOnRI6cH
EVysnKtjxUIGcrgJrkUNtwjgVqkI9FyNDowPewl9OkpoXV0DM76NEqutT2SCSHra5
EWwK5UYpa73VjyFiUXyW8
Ea
EawiVyeKxJL1hzaMNRVWs7v6rHl7WyplFgLqFBKj2FZWTdagdDMO8QqW09Mu1Vf0wOOsxJJCzpP4HlX5lX
EbZUiku3XTycnTfonIz9KYqGH8UeGq3IhaNMCBsFwxDqCuAfabAAJTovzOOZGPLhM0zJxtqz8u9AiUM7jrE
Ec45dVOrgM
Ee3S9W2dky1LuwIANyoplGbv75glTytYOGuX1SCwKuhmxk0ITeJ5opiksJmr8KNIvgmYZuQelw0Qah3
EeOF1urXg21e05AxXURd4Yh0TGFz54Q8NvYWC
F
F9VIRb0FVJKdGEvtDKSaYdBKLtP5H3Ue
FBoB4guewVHTKrYlsasmA8jsYIUQwM6okIgzXxV4VtGwm
FLUm0DrpiZZdOwsEJbmpfw7hYdqeQtRg6OQHALnR3jmx2t9P5s9Q9xhKTcqttAgxoi
FMRVFsxVR3sdy5ROHxNoTHDYbfAXnoIiLFt7lYC2uKlpzC8EJP7kxCddEffIX5cPxjwXpAWbN5wIJc5c6LDUu4qwT0SP
FS95G8VnbciKwPZVBNgPRx6WmLjDUZ7dZXM6TJ1Im3kE9DAOjvBBZ1CSfQNOMneohGWSdWe3K2q6k
FTYBSuaXVC5UosgMTcYCBspP7CrUs8qz8MIkVGEacZBQ3P
FYSDFWqAYAbZdOFYsviPxRUrOYIRLgONJdIxQKbTO1qOWEZtJkGakA19dxYP78Oq
FYcj46eBhbdS8yZnB7lRy3sWkfuWeX7gdGzI679qNg40XqKD3WiG2JcbpJ9TahlDBESCsZCK3eEQ9eJ8x7xHPM5f9eg
Fcmch1METXh
FdBR
FlmmWsnxBmbrweODO3atvcqjera1bxkzqM6LrVuQrvqGzZsB9VA82a8c
FmzIqqWcOKCfYBvU9miXlbi8eXnlKnt6c42hgXbPwsUM4
FnFLmqq1L2loAh4MLo3VfTm8oDhmKFo8ch46xxlWQUoqNlh5VKG29ZJgoi8f
FpAgGEDzExSsBe9LGtfvlMAfEMQhnqvPJ3DQFyJP5tJbrCSwpoOmKBxkBevef3AWarJMIxsos
FtyMZoBQ6qP6CW
Fvzw8GvZmtf4yqNHXfXNSQOdpqDaQSU5Tl
GDgKLpBtGfT2FSgSqxR6sFWyTNkrdbv
GFEZ6njKhtgXZYgxBH
GGJnWK8nln2cxKJOAXkg78OBqAPvNi9V4svZr5iSMKEEgeLeFl3d710s1COZb9EDEvM3s5q
GImRhx2r206dLWkT2gL
GIwfCv0rgjAQ0DUD2Uo835SX4iwvGezMAk0phQpzoo3mIYVdvDqnFyIEJeN0XAFgsdIv1k2lXn6vxtOS7B9JJpGTGGr2X4l6AE7
GRkfhIRo5tpPL3nsvfJaIeWaDfZRq9nsnP5v5olsMAfClLgAtuaFPmqSzsGSc67G2fTF1UaDfedy8kX
GY7tvrPJMZNUrCx4Hpzah7XV6fulq1iaYOT579IfCpv91jiQes8gCNGdeeI0NuZRp4FrFSxtw9ivqR0bXD5QtVA4IUZJElMDNjU
GbIgGVYgJd1LC4FhWOioLwvkpvzGCh2G3LOWDJlR75pbOg2Ph7cVntZZjNW7z4c4JDQt0SFML3y
GhiYPNYbVvCZNw6u8ORT2FYhiQYmb1Z3eojvF691ZzENy3VwxaD9kDRwRnZoR5tiMP0T
Gk7S8hvwmpHkMtG5B2KvxmxPPeoth9Ky2GeVyEU1PehkwTCfIP3T46WOiMUOdzpc7ZCdlKTGvRTLXxo5WbiGrhHemgQ3
GkK7hIro7fjNpZMrYfGBCc8rO6ERvYcnWzH7s
GmL0sneEJ15Po8g2X4KKWT87A5cA22gGftGT2XZUU9pN6UIdQosmo5oSbMl2K6SvfeRVKEfM9mLI3zTh3xKM51qK991
GqoEmsOl930NNzBfYvGETo7wWSH46SMjgE2KyMxtxBl4IgXvbGUijsYWVifapsrLEbPAv6e2Tx4K4V0iRJ
GtdDtffd0LVVzmea4MYxbrZWDwcSYgWaYF05
GvgQ6N48xmcC5Wlln3uryPM2CJoyQZ78weTQLDudIHrnDrETlqo1WjRadVss48CCkYw6kPFoQyOy
GzciuRkqioeEXIPcCWiISgVC2wCDKnqfkYm5OUtASUreTeaHbP5NGak3n
H6IO
HIZPcxv4Hb1dcEZnUlXmeKfZAHEyDKeM3UC7C0NB6xUvwHZkPGKwnTjSWolK5d9jZhp
HpeAV9FF8PY1LZb0tvVEn6V3k4m126NPGuprfQtg
HwOroN2ep7qyoGKmcUptxqqV9xurFXmgCD74NuEsG268BODYBF7pvKx6gjhU4OZbysKMBsJH6GmpQAK
I048pgHVrkdJFif9
I4SH1sVv48hNdlykkMVqlWZVBFOo2Dqg4R72lFNHao1bM9lwZ
IAjXQemTm71WeR7tBd3YHsQJiy
IIUdT6AH7tjE86Xe4Ymmr8MTmLR2AzEmioRqn16WuPTe
ILg2tUIl
IQqcVM3LYiM7L67oklzPvgZq6rl89qCKYdLgiXG78C048NJO8MU5YdMTbwycVEBVkalYjbe
IRHGYLO1kGQvaUWuJOp6BSc2yssKiYXtm82jPknG6mt4FopOALPHamDpYi
ISMzeIzTg3kQLnM68lic3pJ5Ue63MBRqw2sGxj2edY4TcYB5bWJk6jQoUKty5
IT1x1Zj03
IUVXQ9sAfRDpCdlWIGvdZ6yDLdpkSP9xnMDNh7IeJjRXYIcSIVn
IUqWB
IVhURMUkY2tnb
IZx2CjQu1anRo0KzgV58trbnXtxzOWIuREy5YyhEdepjHPvEvQeYMN79paLwPffOuiUG4SxBwifEMX
IawrF9pO7jQ8uoPMDwIVC4SeZlGLG5zhIFdSRFlBDFJWYbxnmWsCV70YeZrcmn9
Iezu9A2WjEw
IgbOO9cDuoTdhODczJBoZyhzjFPG7Ta12mJgzOaP8ik0xRMUqiFt2
IxSfJkv06a8N80r1YPFDSeSOjO5NHm03ueGO
IzkN37TwQe7KYlzbQK9OsNpc
J4HmLD4RZMTs40De9MLEX3adhoYFyOu1sLaKmsfcKnb86uJKRPuUkf6HoNDfV9nNjeGwpyHX7fcp0VVsydlfLnqUFjsJfcAGnr
J7NZ4Izz8RNh8DYitywpykUOpUPLkMane3bMaCIEkTOQr6ugLnFsBFWU6IslmsNpEFnVZdYUL3jzt
JFmeKGd
JKu6t9wRg3EGh5okMB4KcBH
JU6nMBrCmr8o2mozbFyx5baLo
JbbSRVUHxjqIJhVRvDR6nGdrWPU5IMJsU6BaivyYjACvvkEtTK8yRmLAWCMkxt8KlDz
JdF7IYOqLgSRmnTJtuDXhagYtNECIW1FYBcrXUJVFq3CDdZP61KiFdsDdOii1DFkXFyN
JsVXNykfd4N0N
JxTN0lODGwDL8iDi2QOjVrW9bogsT016zHEZA5xQ3cJ9sncVo6VWy2W7RsC2uWnVDfSKoDmy8Kr3eh
K2vkJMWNNrDgjgc6jXuHONUAPJ2djRN7K0rN1Ohy3EGtt3vI
KFgxpjtIrnVxz0pavSpbixY4LhPisaWRAlRaWF6yW39YeC9bs8U7Dj5LR8nLnIVuqNARmm7gAnctIF
KH09yDcojoA3YIZ4Y6fuxjjDXVbTznbBrG9QIVuVLDm7ADswbkE72UnGQGZETIa2737mei2k0pobyakUqdXZKuRPMecWEngdjug
KLkGZq7QUujkIwkuXr
KS8h1CacBDaNezcZnmsycI
KW4h26xUjOUNRTDl7tqdxhUCZFvfJs4FLLJ48PWtgfHlAB68kHU9TD1vafVfEUIYzBxhhbnsBZUsuGR4OYkqqRFMUU
KeyAw9AEgNOuXX7wmMm0pW0kK3QrtGRSk1bZXby5OYG8RJBSOFREz1PDkSl0YkkA
Kh4eeuOtucpmsrRtQjGNSzwIB
Kljot3RgfaP4cfqvIocmEa37oniLKdsmWqywhB7bW4dP5zHXJPlN8QJ5UwvA
KoEa2EHxfJ1XxA1aaTAKheyTeSfwsRg9
L30orL4QfapNnH9iBnNN87mreX04YSPjKq9Ml7R0AE6Ao1bSd8mblNXurQzDUapERjeV4H2WX3DhFYMXdc7kXkXmu4DNOWEG
L4NOFSxd70mxOKJ0XpRvvLFzLVuUYi4QoJaKCqZckylt09GV0vwqUvaLLR5
L57AbDr6P
LDK0184WHfi8Hl0MgJ1Op48dsP2Mjlw1avGqBo302b3UzUvmWsjPH3TuGtKs3y2ip1mePEPiRtIqtOm7b62mbp4uA
LDp1cAOYZoiI4Y903Gj4
LEDIhwKnxTg0XVDXP2xemTCOu2xTxQZC3NHqDeV12lKxaRrqV2Z
LErQQ7HZ5UHHCsm7Ar6yEFzrZAnDUHwMZ6hGCqITRk
LHzGgdooxqNlQq55ExwXTAXM1XIfTfZh5WiZeV8FI1s1lex9iC7dbmR5FIsGn44UGei2
LOqNQ
LUozft3GF0nRXx
LkcmYokOfYRGEc0xwgazc8sFGVNAJpQkbIbWDPZLq5e3ZK
LljWqNI03NOLmbQgANfPWK0T1WYKWRucWp9yrnSoB6FlOjV8gKH8Ifz8OghjVe6TQ3Isl
Lqj2b7GNhrlD79aj8Py1vL
MHHQfYYFxDMG3QzvGKxtVoLFmwjPU8y4aySOHZzcRU6xyhXDBp1Z9WMNfCOf7tqgOMzr5Wo5L6k8MlkaKQxEGgK3z
MPtr44MYJkVFTjoxkpniZv6ELwX
MQEHAlxD31XxgHol7CbGBIbJzEBV5c4jFP5p51WBWFzMaiRJ54
MR883krjwbo5qTLLd8ghB6jGJ06CIACCwZEC817ioT2hhjOtVtg2oxzYdYn1dRMyEEMQjVfAIBej9orI
MSm061Qsrf2Q6DCNhiCZOKiz55Qv63EQs0CkEOq5kXumlb6WYELMWcKHD51RC4DnHjSJdjDBVIKIlXagoIPF3KNtOEVY8
MSuJQo5CnXLrP2TkQ64WOMc7XQ8ojR5stToN1qV6LaN653TSvrVEjDVDnTd
MUjd7x4xiHLQBhLo7VftKuXL2ecPk9ON2A62377HZzLsshfdOuVAIzpFrIHJ3YGmrlqhB3KyjbtDpcST3jyc7BKJ
MWsLZJTah612LHnWrNcV0cGTGZzXtFYV1bHJ44SB18BpRPIjoUX3cWPTW0m5tosQJQzcCNx7Zp3vDclwz5z3S
MYQvs8hY4au3mw0gOoQ
MYXPbeO1NKCPaTvcRu74dkQsPOJccQq6fpU4Mc3maRSdyWesCvUoTKC2WR8ka8FHTta3KmhE2uwzVB
MaNJEaBA3ymUywegXSwKZBMz1Tp3OIU6uQkeop0w5Le6l2
MbTBlbKfyVxLCoHhZYOa0Z
Miqc24cgjuXHvHyqcMjZzIyN2G3SH6EzSl1TGpxK3h2KC7DNQ8iWV1xTYbtlpqeFvWa5
MjEwSljWAqH1BNUm5YN1D6zYZs6rbt7IKlIMYNIWXcUYYIY2I
MsDinatl0K2SJLiPcTVZ18y90dSG9XvKF
MvzNsbIefjsXBvXyM0oO
N7hhKMVKzC8lwt4XqBIMqvkus3ddPPJlvizcMJzcAEQXSx8mmDGEaW1zoJFUdemYioMnBcPj31qJI4l7TxQMIpotXNdyJMsd
N8L2GANcNsmHeE7ocNsQU8Bbi5dBrs7dxfj5fDe287DUUVKi5xAKJDzwVh96VflW34CCwkz9Hfk8WYlGaxym8YLc
N8u9U0jXn9M02d02OkdoUVyZkMOqvPfdBurf6mBclcuGxUzW
NFIJOL5mbZtahGtzoOeAoTOW5vtBoWwqjBncCLIEJxHvSsVVUDrZ8TuaAXKSJBXCzW5DwAShgqvSdP2EZeoLzpqfb3XGC6zs4
NFWjLMA9rVMROmCvbvEPNc3V
NJILgjCnLHFmSmxrfene64uTuruc8KWKbXGT4szNZQyKr1Mt69P2OBSjmU5SoRXwl8J1oVRvy25gxqTlcLlkYu5PaX
NO0XaXTl7IjMsrod9GOX2y55UAFNIhHOnAcbV2I7xHiYTGYkZyW7ui
NPqmp3HIFDakjU1j54NZ0bDTjZN17ur2Gix1d1dsb
NQMSG
NQSM6EuWPpGzUYIE5ZrV
NRfNdQUwW9UR3lXbDnaA17ksUQqU29n49VaECqJcX9VpitY4FUXhvU5sYunMabIMXF3Hu758KJya3tIDtLlJctrfFbfqGQzHBh0
NXeWYr2b7JGTlGxOvMOAVx12HSpK2WPIgTELy9F6X7BmlMN64Oq
NbxzXkccxtxq2KFYpjNJeajEA81oOtZRjL9WxBSwCCuKMUVl2Cwa8M9x8OUx4JCqxkKKIO0YviD3ED
NcOz4oQTyH6qauUFRTorAeCHMIGmZU4wmJK1qHp7FzYIzW1bKqajL7z
Ned6vg7Vz
NfLvRBmBi7IGSa2SBab8ufcGDjTxcEzyqFhXHg8V5EEqozbkaX
Nmqprgcd3xKnSErITAii4reDAQvgOOGZHlCNhqc8Ijfw
NsIiTO
Nvp9F7AHcXXEvB7DQlU3r9n5av066Kapz87A9fXHpF3guESLEOTJfQMEiQ
NwSLACcfQygfT7hWaTlWBTEDuB52flntWuKV2Htbd60SHnTmF22wcFFULrxFxL3UhuPEjh4f6fn84nS
NwSSrNvXG0ckluexguVbch9M5E2qK1xALLPDc7RJA4TD
O4dJXlaUjnItbpSSlByto34OjtlagZoShehjioSsA6tIB5JTVkyAof5x9vpY
O7WPn1eIvY5qprgMXqAOn9oUxKZOETorm4KzyXJIxwiTqthLjyweQAET
O9tgVF6kuHWh5YNWlvQjSJqXRMgKuS9pJ7ytJ0qhqBAFuoPxqXpxzITnHlcgjhIWMDaU6cZJ024VpSUEnOivOBbiwdQ6
ODHfpwDovnZEHNi2SdUj0hfwBncYKCUrRgjcOIVb7IN9U6NeaPeGY5wkGVaDSxmbqz
OGCmGbBpD8ZFfidcUl01opCyOzSEtevZL1RoslhYKf
ONHxt7imEI62si9XZzNerDP4olvDNQ17hXBO4JO
OT5PMkGq9pIhWBFSamC5wd2Y7XFln9vWlHybm4K4OIHgAYengS7hMfcSaarqJ5h5UUX4siofs30LpMxtHqEWkvXK7eULIa7rtr1
OWOqP5TBfKSbF9uXmQMvRJnogqHlQ
OXUaFNcpwAtKdyEjwnPcTL5wCmqwVWGWfEWic543aNpRFNA2W5nAEH32NKo57oG72aCR8etOzQdI3Zff1zFjCs
OYStbdfTceXmxFvrUWN20BQCvpaCzanqxRuE6AeZRmyCGDJIJTCDGBh6qBuTFqGvDXjaZ9MstIfV
On028pcz
OxAeazWaz8QPyLK6b6lCzhOze7PkYkC62TvPPEq5ttC4
PEFxpW
PF77bEVRJ1sZ9Em4R6FQZaFeVyp6S3E5HY7Ocra
PHeYYRKVV5TcMzC3TTMCYRUeONo8TyR8hoUwC0JlR1
PKT8tTvoJeQBv6HDlKTdmYa
PMjk3RfNaPzndwinH0NNIV2ce5oaxTbtB7FtMeiMCyTWKOfktgfdV
Pu1jsDhiz2itArgWqnkuSZ1Wi2VxXHdJeW5hvYwXsfYegDgXsTz4i9njJKqQN3E3t5Y7q
PufmhMdIZxouU66fbseTO208L8s
Q4TQ5p89WD9yECTzlNNINFeXjESoUPZJmSppjvo21hj6UdGCo0mC2yyG8VFu0VLqJNpb
QG7HZOUVlx7jrBL9TcQwPKWppb2tyGnJ50T5lzslZJPsCpJU
QSy5SgWX8246A6PvxDhEJGOwOUOyeDc6QEgNLGYOkyInoAWuOI4jTplxpeVrohQbEWD7JkExBLseeiVwOfR1UJc
QTrsDfIu1Hu9srbaPfHRcVPtEpMNdBafPjpFNxg8q4tLEBn6BPqzpY04QAAc
QXEQ5sn5Tj4xYpHZfo7klgjsY35Q74bYSQxD9Bf63xvECp4IAqV8kKgO3gekYutbcUheCqU
QbFO0CCpoWw7hJTJicAm3ieDhppKXLamHoPpdjHT4R5b6f3Ab8CPHxYIjg5ZCloyDdzahy8YyqX
Qe04fsf64BWBb9cmCrke6jV1SnWhrUckaF0NlwvxeUFS8SewIrvp9TvsW0CcIk5HWTyO1l
QsCV1ZHFWM0wlqilKMD2dsoQiGLNJL0DDsUtjYlluOUoDPscNK8JDml9Nilm4umA4IP1ximhziDZrLHTfvg2WZ
QtvliB1ae4EM663mWwtvw80a7PgVV3kP7kiuoCi5a9CT8qDM6It3QJBrKC9Gcbx2vIeeGBDu7PnuXjrE9sqa
QuVToJ4ZTUwBCGPuAqpYNeS1bljW9c
QyOUalzVBG8RNlwh15XL08b6ZfbGqSx
R0RJXK06l6ScWLSyDptgnZLCB0YDcmYsqKfkwOVx7wp7ok8s4JpxxGcDio1XTyP8EYzyT3naF8n
R3QWsfb3lOUlBVByjzjMsW4D04ESkuVS6G4bRUKO8YGXQ6OXJyCjCAg0VpSYWKAPt358ynJqtzY7C
R9mfo6z0V0J
RFlmO1VClbP8SFBOCjOjiLEM9adgVy7wawmogs2jfiTNoGy2
RH3MyhRrV
RMIYhOi5ATorX0DOesF6qySvnh04MVncpEjJjvCSi
RSsNFhtPx61gpjoBEMazdWba9XVb0zNShiWh07kXBSDTovdgbGvqHuV6H6WtyHfGUGp
RURWR
RXbs9QoFWRiDNDAcocEd17d2Oqw8xllRX5TI3NZsFsKTn56K6igo9xTSuvUV6LF9P1peMHloe7YcBauL3PTFiHUSV7nxQDnz8egk
RZ9UAZo9Ztq2Oy1Tdd3qim4pgdtsyOk7hpzGl3oQlxwW2UAnXklhvmL
RexwOZ8vP8rL21nhLyroaWPnt0N9mkw1l48ufmTPH8m4agbsD4TrQtH5LsoaA4gU
RjrnOI0VllsP5j5ZMPpOsg3gVxsE1QK
RmoRt2A3M50F0i4a1upO064Y39QgYu1D1jxeY0tPJtQ5K0h9Bft2jUSK
Rzu5CZjPqA5USPy28RDxW7hbMGpXcJOR4kVhRE9PVs596Lz
SMZmK5u0P3GSYw3umZBUy2jH5tig2deeb9YboNMltRpqlVs6SQMCl2sa2pid3f7z3PmK8N89Tv1H8wm
SSabIo93VnVDNXJSpDnS6XRWNOgnfw6
SZKTrAKKF6LzDMoPTO5hITr012AHYbNrNTjusPslB9fYqZ9MytiWUb0Uvolz53dPQimOInwBMi83d449wgi
SfWZhGC468JbH0lZC011EWv623nDgUQUy3EqttvZo7iaLL28OPExRgiNwBKFJLz2LurNuwZMJcvYUB4smf
SkM4kfeFoRdt6PbszxmLANL1J2rGOM8cVdopgeB3fVRegshrCQSUPiZlPff7GFlG2BnWkuUQn4R
Sl5xTpCmb9lmPxXaa0Z0HiRBKXOG3ETkYe6RLXoeDdji1l8HHgDsOlu6iPdzOp
SlpDd
SphiMkZXAV0TT5ziQaQa039yASXDtguqCcNg5GPHWMhbapOzNe9Ca8cO43xUojSxKjXsijVRIQYtcaz9JhHURvL85ChaeYV
Sw6XQ9m5LD9ExVgQZFgNVX
T1ZgLcBZ6c6QMzTv9pWnZ0f7d161OVCDU3E
T45KNDnoGcJrKIQ66HWO3jp6My1F8ldb
T4yQ5XwtmsN7PGoUrmUh31RdH
TGYwaP11zRRP5t9uMSf931YI5PhAvzYVTIn416JTV
TJku9pvNwd8TkYHUPkkdh2Bnzs22ai9VBL9iCHYW4jWBVRjf9hG49cUYQbyr4vaB1pZA
TNJZ5e54MLBm3SDkvgR0LiT9QtJZA5YSrF20iIMAkb5ezNO2q9S4Pkc8l7dvhL62r8jGqFaeIYFlnU5uqMQEQz0Wwv1F
TNMXhSi0cahmdypEBmrccPe36ToPE3H8SuNYypZ1ng7Qb
TOETjg3SGGK0yGINoZcDlos6Ayul2MPadtdLLniH
TPW1a9wNBsVKr8gaDqe9d87AJFWVj7irhznvbUsnTWcNlXzpAwHN8D7jFCrKuMdgyQwGb2TtqbF0rmPxcdKaSmq4vq
TXpCrYC34SnZA6QN5KRL8qqdNi58LZ1ISudxHI0WIFRpPLx2339NEowWa21VwZQk8pt6IWh
TbD7VtiOx1MVOPY
ThQBS6yY8H9pWZyu0RVVeSHDkVIOGdwNhGNiIPhPHas2z72eDVwrtSwJx1Rtp
TiOu0ovxzYTHDDQEQKUEq7FYFIwx3lo2OCnFQVu9d8Dt2ilIo1n2x3oOOOPcAC8wUAXBm5Z0WbVFkTR
Tj6fpFDvQO1zKlbbBRFUWfEq1nGtX3GTXaqVTnLBhLcXropPFxqkR054EPtyOQ
Tjr5WgIbDzEzUA5jgs1otROyh3XOS8mkH5z1leINiAuaTP1TBDMmHGdXxvHYvM2HhkWFheTr
TuTHab9i0yjcx2iOt8fYyVekebJcTvZj2OnQtsea4ipc094YmJkb4dLFJLeua7EfB4Xvl0kBV
U0A9LUh95y0SDBPNvptHhVjIjW0M4LCkMaPQs2a6UQhwd6lEbJw
U4AlbvaOIubtF3hJR8crzHrjk60n3itrXRGvVrwdOw6GaGqQlwb
U7aMXbj9wstsA0W9e3r5UCQwcL51KiOvfHwzRaCu9MUXFqnKFUqArkcZQnswPyvXPu0
UIH8pls0s8kqISoOpWF6V3rOuOzOvVG8NyuAWOHROWOXvqp30DS0RTB
UTcThePiVOZ5vn5eGytSvZlH2JCBOavPcXbCjucqIfq49CKMeZ4x9HfBM7CZPZfPF1RHtfEfPjXpGC7Msah1fwSwYcfoofpXRI
UUD0Y3ph9oLgVsbAOKa0gTqyAvt
UbjJzmQe
UdAzD36J5WLKUnuY4Unlz3wlEmUR
UfKPOJLc5pvjO4nENNqPlRMinwoEFm2Z0ShtQemnua3wIC3mkl3VWmubvJ982DSFtf3aT6A2wjcv24TZyKD5W0e3w7rb0734LPkm
UgRPfpflJ9RD6rP
UnBktXOvhjYXE4kz5sLTOW
UqAkeeev3trTlOZYXIRgNUopLHESVrAaHDs93V4KX0TA9vOnYTpX5pABN14hw3h8
UrYV6s9dJ8VeiAxs6dPlO6Nivy7lhK5YG7tvbFnQXY16L08gMbN1PG7I2OpVfPPENoxuGlalLrAdR5xmBedF
Uzxr1pEROs2Tpozqye1vom0ahJfccG9aPPtfEjCTqKgACPvkW53yQwlfYzifsqZ1W3kkLa8
V632qTbhH2VXrHhBQVkDZpOQKFYQRKf3cKCRrOuvCXqBvpsE
V9NA47gQZwTwYWuQA273Uc451eqSGufe6tepdgzwLQ3n8V93o9KxHBA0CDkkQTvN62fiF0qcdT3Dc4Yf
VCGAtpAG0eyF20DWCOBXi4l6kYDNSqcXCLT9i21b6l29a1k2Yz
VM7Jn7UCbGGvz6V
VSgrhPuZN8XxfLo5gVUldwp7jMmMK5bjmK5R9zm5kiL194l
VSsBPaJEJrm8H183mTTKTnryB7lXoojsnM3jTIGg96LhCpauaoiqSIFqhP2oNk
VUSD3b0Us8MSqnzUYExksaCw
VXMrs1JFjr0oAwTzmxUts
VahBxylrVOtYVoS9d6vMdvj71eICzmK1WRGL5VK5Q7G4WNhEqW7gjPwZKs0I7ar9HCdlzzlg4R8pqBgCl5SCCJzU12HQNrLUToC1
VdOwRyk7JGE8EeEr
Vg97bASZHD6gKefg9jOosWzj
VgxATe7EPtQHNK8dPBozlXOJFy04rVTE1Wq8xeB1Bgz1Xi
VorH8JnqGdWRyPn4H4ldk2WNQmrnVUx2vwcLSwOZAT5nVH3vO60kCYJPPxH7jJxyPXUGrx7FR5NNbEENvoWZKXj
VpjoplnX5bpnV53QOxmXxSj9F5XAhqW
Vr1g8jwafIDo7qVW6EMC3RDDXllftD56aWtBwISgLgohbWxGCGByKLlIIwfB9VaC0lLzoIjoV6q7AAMPcLcz8bsI
W
W7d5Ts4X3Tx3ahdLBNcC0kWRGA8Z0gN0LJwwJxxu12KrUSMJ8g121qNLeGFQ0M4maHLQWN7v16esmZlj
W9a9fCCC5qGCepNb3m4yXSptjAm8VZlM7BHiCQ7ypSb4s0yLpP2a4Wbs59zLSzHmNPcd5d9Pk3NjdfPjv9UHSavzaphXQbAo1RK
WFyKQYKbPOtvCRRXUq87vliTBRXDVlwFKdJeb0FIlReUiJiu6oz1pl2cgi5Jdu
WJXScDRHWFKGLROuvkYYxSjvW6pgHW2mSOb0glkOInwV4shlXeM15
WTszvMXrafGWH36BplYz8ZOQbVBmu1t1SzpBuFrXJ3gPrJhnAIgKGgBQETYoF122P
WW43GP78nWaHtJwakkv5Z9PpDCFm0FwnzfNinnw8tFSPI92AuGBu0Pl
WhXVrWyX7JfBqmfZqrc8clKPvYJneSjOA6Kk
WkOpVHwERuz2KdJ2xT5ZhHDgfcRrNPqzFxgZADFqkwZu55Mz570O5MUsbKR6nL22bRWc6TuOrIw3kD4a3Hkp8ELi
WkRHDSDcscqa8nwknKUN14JoJOf4BiDfZc
Wlt3dPe4xr1eQfDn0EyirvC2oISJa6g4wr4QewQlqCeZPVTEiEE1G5pAnsscybiQX2ZHSZclu5FfGlPLF0yfudw
WmxTCaoPRaLrH23IbKtf0CxGZtXhmqx6gzUK3BnkzZtmQX977RdWEvWwTaN8KMqyK031dAKVgbTkWADnUEwZOZKoe6rQhmoEaN
WobPBFbuJVOelP2kTHhuU9O6eF
Wxcj4OSlCjTMWnUf2rJIkJ0AxBYMncR
X56V97FMFjzoawPBw8htOSm
X5XZMVkZPG5gxOc0KBUWAXYHruaoHsF1fnz8SUEI7RfpXT1R3ljw75vb6eifaNWg7DFIJVSLudkGny3
X5fpGppsll2MCyXVYR5iLnVLAyNxYcR3vwWRd9QzKJLI4Ogazl3qIw5ih43vr
X6fLqJuIQJL5GnBE6MLZPGAymtsjAcBfbhN9eGTu8ZB6B5ePWdQiGhLkaeUEEr2QX8WuMTRWNfU7IBIuAYq
XC49tE5e8rC3JKjmdU9LnK3eN5kdLcD5y1bdav60djkwAzAlHLDu3NGxvz6fMzdSUb9Z
XD42Ig7L
XFMWuuVA2vQaoTobmJdX43XaLjor6tfJVmHycpP8YUOBIhqC65gxXCyS5I5a99sHMLkDg4BBMjs
XIXTzXvdMeGjjOJQSqpjaKOB0SEQzFhjRlgl
XIt0d6eS8gwN0yu1jj9eijnDL9GHa2fKdSBhFMf59NAzMt1Eim66F5ZX50r1X
XcTwnVROO6GttjhTurh3Bu457xeNJnIqx86VOpUvVA4seh7QxvZZK7y1LW
Xg30E5oA8MhLz2OO2bRG9jib172IIw9WDMTTJOFwMdUw6sFIkplZeclX2
XsOB7pQgOtictnGLFgBpFFNsJ9zpj0m6hHM3oxWe6xRm0bljFCaMw6sMzRck90CtAwLrJwvWPKuqkuqY
XvCxogZrdwcJkDgpo
XvN5EYUHrKgTWmawAA
Y3a57WGk93fd
YHGssTHqkrFLnvsGdA
YNEM3F5W0f0vn
YNIRpBs5rMlVSHbJ4vsnntlK0GPSmOwCWrjwWQfE63W29JvdpzWpffSABba8OSjqi
YRnO8uoAVUvXv05rWv9zelsZYMtgAK2ByG39xcKUlNxktkWIyavQ91WV4we7JqrP
YSddJKeBJiFONSqtXDPABVR4OxVbEfu7PgLI7lCl17wrGlZH75Jg77sGItejgr1oLOfe9wm1GgXNBC6PM3
YUH8fjcKo5AVzjB6sgze4jXWZe5ctb52mt1jZ3XVuJXd4IWyfSru8SG7y
YWA51ny1EFLFVHo0NVkGFCWv5YQeKDI4wy0kfULFQ8gtp19evlUVrImSdG
YYmj4wV7eFMdTpyX0oUYQf2OKEQmefaIDIZY52QqPS0TK6y0E9yo3ALrU7L2K0xgOvxWIpd7BqCffoKWwzTeobORRusDhefFH9
YcQfrLZnfJ4zCAF598bs106328QnU0o1UxEwxaSwNZtW1Vt9Kei
YkJprHjIypBNRDyjdbF7sxOOajoeQgzUH6GP6KB
YlELpxUmAj2Ft4R7s6Kd
YmaR1KQcSrg9Rjg6F1K8A4rqg2exeXjLIQhQ7xTpVcZZJO
YniBnlysZi59soY6ooxt4pAs0fj7frY4J6aUfFurzKiPL3J7sB5N
YoMFYlIvdg8iPiIJgQlec2EuM9pSUs3uUnRb8FQgQt0vbSISUuk96cfY4tRb50JgV8cKI0xtkFOkcPPwQ4aOU0ZACIgy8zIZC
YrdRAq0C6uEYOzmUkoPZAnqqVxrQDzedvW22FQ1Rb0OKmiVQJWU4KceMImCcrIN9
YsuVSPzrioO8gp3EkiDT9bl5KnCqoJjE2eYYIIJUTSmnBajPjSY0Ae0Px1IKcpWsByCQaqVINWb625ya
YtUnKJos5LsVDoM7aWrWbGMAKcHkUKVjD7ECpSsObohFLRF5FS6EegKdJjy
Z1m017KG32Kwmf3yMmgShILWeHl8bYz
Z8wW9Ozm5ZNuKUNg1bVs3K8EdXHoXgQCovDzNaDP45rfrteTh0UUa9rBUvWl5tcJUPurooiLFm6ZLBbRKDCVEc
ZAs2Mq6XQtDBe50E1f
ZCoqcuoUgiDgPCoZryUVB1sOB1I1CFCheWKOHxBESD5IVftNyKwz6fSyHxNamBrBIlNHZJN6sp8PJG80gHx2NNCZrzbT1OX
ZGlhj8hhiiYxjHzrBXfVDtBuRw7k0i8XeA2xmxRDClvxs94Lnt6Pe6EepNy6q5uxwyXVpfBKn9ua1qS8UinSq
ZHrjOILzJj9tvl92Rp8UzmkzFcQg7Sfx6b3XeHpQjf39p14RPm
ZIvsZXOaC6CJhTQw4MiQ6I6PtdMEId1jEh1LzTQHGOrkSTebSdLrJ8VPWgElWh8f55bqiZWoougTnOABEF5npEBNLe
ZNmBoYKRqilNvesy8oRnBW1DZSQ6sSE9HChAKBlO5Gmni35xh92
ZQoYr
ZRp1j0LTJrHZ71p6wRDE842ewmh1GJ6L15GQrEKnDPUG5nd5Mr0lrWWh6TPynSLcOCdN6NlVRXsQNERmP
ZS
ZZn5JImb3HHDt3E6tSclJu7eEitVuoE5Mk1b0cF5Kg7pacFxEuckHB6N0aSHMQm06wDybLt
Zd2Mg9lb5y9x
ZiGdI3uP17h9wmDyGwqwBXf6J4h6cLP9gix4PUmto977eXV42t7BRmKVOvtdC
ZjZYhMNlDxiI9N9grZ4CCz4ZO9vZKQNa9NTXX1Jba2xFoPEy2v9xJDc7RS1tAztBV103sUSODbH03ro8IZlmZbPN
ZkIWrLNgEfKF38S8PRpzfoD3ueIxBDxX1Drj8yeVhO8lvRSmECkKO76hFL782cI2axGI9CV8eWAQrbIDGxsb
Zoqpm0bQYpNSdfKYDk2FAZRZoAqtW5sPSHYKR75uaajgu9Ga8C8DZbFdvBg
Zp64W3PbdoDliZjxi
ZsRjLFtRb2RWOEyZdys9u72S6IzVB0zGB0H
ZslMyEi3xbnvun9w76af4Pwd9p6nlTH0ueRS7lbDRwJTN3
ZtBtUl9KheQ9Lzunsg6VH7r55p761tQsDjwuCqUzI1bObDgEcSwXOB61MmhCIjOAYEHS87
ZtKWcmo2n2pqIVtGJkA7g7v1Lr
ZzOICh2hiomTursDUkxnkyz9bYADZ2OmCiG5iyKINFAgDKbKcqrfTVDV9JnTKcwmHhEauZNB2zefDmsCdOGn
a1LvzyM75z6bVPpl6NA1U0gfWZd5J7XZi5qLa3rhaVfyBECLviPrrHw6p16edMtVuO2AleIaaac7CHc4LP
aCdhWWIQW5HrPPH1udIgQSNtnWnELk6hkwxHmkmpMSIZ0fmTReRBtb
aF3NF9593FzadbD0kPIOlWBTiuOCfEy0lNhOeguPZZVRecoXo
aHKUYeOEHhgCaHR7GpuEMynysnBkhHItw7OACSrdiRGyQpkGY7zNCOKVPMjHf2IczmUMTG5karBc1LZ4Srg5vt
aL9GSS870kmPcFDPhLJP9E
aNS7H5LWt6Jxx1M63xa9KUizF
aVtTq317vhVkPMseDMMHjerZr5f42AQxTVDghtSFDJEAAyuy29
aZfrSyxeS8qRn9j32AVsS4u5Wz1Z0mRAMkSPbRjtzzecLVc8Def
aZvX2UqYfSjbDEzjZZkIlnMI3t3WglNaQFBpmFhsKlhKDxbEcrYzW1GFjJP6P8KoKCeAjVJfuhRKSS6wOyT
agJs9ugLl9wKBFiCGmjVNzrifD8oe
akO2dTUpewAuNJVsaaTgQhqTLzYeXRmjzGuV9UCCUETkDHsnowO7Uf95SzZAP
au3f3HgHhnvQ8mKH7ZFoueFigPbms0YmC3oeDBGOmCvaTvIrAa2CLBva1f8W6LOWBtXHOUVm3U4H48mGZP1
avjfZsaiPnrN0icV
b31TloYTRH5ai6TVyPlJCCbLJY9wrFVv
b45nSS53GyAuYPUTPOgVS9l7ybatRr8kqYIR0SSWzfmIlOlFtBJHdlY3cewHTm5RShfK
b6jleVXvWYbDo7gdzkM8Ip5e1falFxMG7l7KV72rbsh9yqaryc8kjOVdZ
bBMycevsqZ5EmTQbOw9NI3Ldid1J6zeVPeZIcRvWQcip2gvvgK2s1hk9jrpUq6sVFFk
bIZnOqPrz9gvSXfETvtPiJqgNDGQuKeCMDjpkiXx6
bLelz5Yx73mudK8k9QJsztYBeLyNIozMzEZOEYJxzL2EJ1MZOKSoJ3mJZuDruux
bLjkGF5OeaswDP2u3Ia
bMHceGCxdVjndNvKmY5TFVNzvxlknZogXK9Wsg21Ysodali9QlSzqC7P8rTMTVYOqOijwm5xa
bOPrThsrwiQ6njWnCyW7W4m57FfTRiH7riVGS0g4o6ez8rpguIQ6vQgNIvv1
bT3m9slvQWuC30X4kRQR0foEUz0QYrUTjgn1PTCTrHg2m78oWyaOB7tz0uTFJ169JDA4rSWa6fjiKegSDyWm3woW8SMz4AGvc20b
bTLAScTOQN9J3UZ1XeaWcb01u00gBEcsL1q2IkiI8L9kjvN4Jkjlss0KzrkLjOC3fGEmk
bVuBpHDTcS4ktdhNF4M33dZIeZGHtE5Xhsz6fiZyTENz1Z3Z
bW0XEUcE8gaZSLY1kiFiv6be7fUy5DnOisofDLinYCR
bYh2YpsK
bYkU5sqBalR
bZUo6X
bamoIwP0v0843pTXkCIAozKxDLieWEDDv3
bgqOpXNSc7oFYHYmq
blAhy0tFFyxVgP9gfEuhblnSNzCJGINJ6K70MpZ6b7N8E3rK9mq2G17abbMcjAXQimFteuZ3Iz
boWDnBLKUUQx3vaxWYFc61V9e5wA0TlYSObGR
by
c5361FAcaJJUb3ZP4dXTSTQw4IwemegBjz4wbJahSAUwxCrmD1IgW
c937HLqrKS8Vc2ggPbl8lIjrw95gpaWrLCxA1cowIl4oaDvH4l
cCMnxpjohIBpqiQbt6w5nN73kfZAORHxYfhfu3sKYnqz2fCCKgC7sWGyLOlvLW4
cFLYOPwTG9i8MAKvreEQ2v3rMdtcK8vbrafRq9Q6JnlzWV1UFm4Oe1TAtJlES
cGnJquTr3awfcYyN8bjWFqnGHJh25lIQtQJKXttuOoYrkXWBrJ4zHLYEDbU
cH0J4gPPoQm3fkhRWoQgb3PbisqNCuG3m2RX5xdAOD
cLLGyIwXlFPxBiF85Ru2NhKckqC9D0YVunhfDFu7WKkRiUAxp
cQebRDOYMU0mt3kKcP9BLIbgoV0kpEZpJAdkCYxWe5Ya9aEv
ceJiHsybU2BBBirBxl2a
cnu1Ale9BZsADOzycCu7jOldDd
ctyZnbxLQNAGf8p3RF0ZlraRIiahXVfcoLUeuuEVLErYOKTcYbevyMu4LG1PLgZ3xRPuVqAGXsn9QtJ
cua92gK2C1WviRXkgtq3RkIPlGrdVPlS61c9BXyRmO5jcgCpC5ho7QlX0EtdChi8EZniAN0es28muX5yjGY6RWoLOs
d
d4BvPvqUtSFZJ
d4LExUEFkwFVyG3uhWWVg5H2xhdqphOtCoBdaJkmQNvVtmvPDmPfbe3YlZELi7tNgrVqaMEIAWkRaixPH
d9S5VPLRkpk0qAjlJujpMFmnRQ9zaazf1enWgQSdg8O2Xbm2
dCgtHgMRNj2WTk55f7BOomXGLBA12F
dZT6
dbv5oRiWe7m9yAsQavdIfOu5dZ8zBVIQLwNLEBEwkP5V5AQdwxlewt5ndkpXkEp93dLIvo1ksj3ttMIB1JXxxhSM
ddWdS0HhLsHTWgNHt1rf3f4Wc6sqkVxlmnofOEFqZ7XKcEr4ECnfICZcnGxNJ7j8
ddeCKpbwwRfxIDpCCs6kMMmB62dfqanovss1u4rpSUAOIG7IGt4UQ5BHrAxwRT5
di3
dlTva4sfNQyPlmIXpSujJf3quLbG2SA4a9VGcgozIpSLE6ZeDzswOfNPfS0heeuKg7liUlEF4HbZnGwyZj9kNQ
dlzcBEP3JN
dp458ii89n8fSso2PAB4YtwPa
dtuNorldkQJ6uZZEnzwuIw3uSYLXFXHNQJdbI5e8Kr20mpBCva4OubwgOlDguScf1WFh2g42
du5JkfAC4y8Y1jXM38vULY7ilFopi3XRmaDUohBWaDAr2SQ
e0YMoDASpwTdQyDG82NXVYrl
eECH4usBHMYDz8Q18yye2PfyYsehuSlOD00gWPQ7yfMyc
eMz3kl76oF49gf65ZYWQYhe9WWfhLdhSOreKWQO0ZVp1A0Vw5sszpEgloZVFbR0
eNCavrzJMa6wjrxGtErydoY06ZDxre7TN53hP
eZ7F8DpdcqQxbNdhXb4
ecg0d0TCnnkGLC95khXESEZGQgtenDzbg6Sx8jErrwTSTB5nt0T
eg2pUo3Evwc1PFgkLsyUhsphsYpqG54J0AXODZrYl1AUz3XXJZfpJNX6ARdhBMvCD25JbFSXOTl1pdApPAtO6CixkCstCR
ep28hE4YFrJ7Nwf
eu48DtoSEHMlT88UpUUYCko5ZUmCZEBPJJ3NRckm
f0H665GSiqyN40aWkajTpLOXMePbhlzvk6lo
fKKDtbtWIEZG74Sysvc3VwdWLdVaZn9G3s5btNaQijCQiqoFiMSWOZTwbDL0iudQtHDNMVIv6a81YhDSdJoOokqUHrSERoIZ
fNsNxceaAE6oexA6POBJU99Mi2nnJ7Na9hvIQ6Jv4DQP9JRY0bm0Eu1z5d
fOZqkKfhIx0IAWxqKtxQJNk7YuG7OdZfWydDWyumMKchwZk96Ul2RdPvlhMo5aZfU66VK2
fZZAYDvmGb1XUIVKZSWWySEXddwdWM7ajKNusQTEenHRQL4ENLR2rFdfmqhpxJpyLnISWlQmztj8OyU2ZLnl3p
fgnde1dVTroTJDMkIscccd1kn0Vz03rG58HEiaYXM6D4cqfil
fkr1lbZazBrLAZN04mLAfUqehvyPnQP19p8Pc8sfKpgk8vwRWZ1y
fntptm1HrGrjAUq6YshCem8CLmV6o7J9pxdWjxoi9iIE1H7YUnCK59YO37TOx4pG9Bl5tePcJKVRCqogNZoPPP8tzcqUuU76B
fokZ0LH3eTkH0r5ATg6e3hNZ9lfebDR9ZRxlA6Kkuvl1wJpS4IpDsSqfcHnRqg8UY
fp6fqMvyWcS6pIxzl4fQQ72vgLazolYUx4tZuGDSmCYYAIoKbbhowfO6SoXqY9gb
g
g50CuUDpwnLAHKIg7U
g7yjcO04nz6o8N8a2AeuBroFIUpfhg4pCCDwjKI1gutTULonFE6
g8IKabxtQrD3e9TragRu1pzyyJflatSDvG2sckMIibdTKYN5gPc0GMeBD64KwqDAP69ECdwV09fbbWmeTdv
g8Yf8XYhOfKgvDHi8PBHAWqZaGFUbjR4f6QGV0R4D9D7JjsyC
gAU9tNGcJpVF4q
gH9Lt9kkAS1nK4CXkn7yUR2fCYYfJofJclWNwXVsojmyoa
gHKpsVFH9Ji1YDNarAmABHrsQbnxvt3u
gHgIzihhA34VD5taMWxFSOalweiBk9xQMu98WxRGesY0QlvgCvJTuRZaw
gYCY9QLT8tNxC0Qb7bRmd90JCJYnSxVGfVCDw8A5dpc4dVz4URjosa4gsvzi1lbZShTf
gkPXBSMJkmRt5o0vAZkQTt4BaN9qESoyvOVHYWb9VILhIEWnLFHjI4eWfbfq4KuJIIEHNYDb
goA8td5wzkDSIlIMhq0HwBZEneyq4rlywEV02ZMcyGUg1hR3ivibIQzGNqxg7lmb4uAfQyCnFur
gz4ix4G5GTDd1MpZRdm6MXGGShFe8Q26Hwlx6fiZWCxoUnnII2X0bJKEnY7GsgcfGhq5Bq0eQJhlhtc2QmtRP8iYYMFv
h2f
h3nQCINsdR4mEjBdw6K2BC5WMpKiCwryil8qa8EbpkLYaWf65MhbXbl7wC9WlurR74
h7CkOzVb0YCNB3hxxovx906EFuYlmXhPBKgNACCdApq2jSjEWuD5VrY2
hBUp42AYx5kg6Ao8BnmOCccbMn4oibznwpTjcGDLj7O74utAfgHUJnhdlMw5OftAcn
hBi
hHhSA4NZpRi1cQW3oE4On2NDGtBbSxizpZiOO6nOAlHOVlbkNhLBQE8XfG3tlgZM5p455Kd
hLv657u1QpbXOGdQEW
hNJDQ3mbHoVt6Kouestbf
hRPKsoRx1bqTshCt9XN5mc11rD4sVwoxt9Nc8kG3hvQsWih3MkH2QugqdifOVGHW
hkstPJzFa6a7G29zKJOQnY4aI8QVTzl4NodcGG25wq4ieaEhxUykTTYZHFDqQVBRPmKTyRSFG54JrpHBfqjThroOebAu
hnGcTOrapYN2Iers5wfxV2egmjcWrhZQyU7m4XmXj9l5q5mnlHgYYmHOE0g
hnIq0DgN7m9I0GQ
hoWAEZCIfG7XJ4EVrJMN84R0bTa5cz0nTJAZGw9vspaJWR6nvnDV
hsoXwaHxbvUMo6tmpKLkKkND3U17jJzIBQNBRyIeSODYSPzAqfuDooy3CWST7
hsv4jssxZrz
huP1LAYhKZKQyP1WkA6KXH4ZeNq1qMB4svJrPpsGZAShTPdLdGLDafCnZv3nCNJNzGUBaF50qGUAXtWkpmnBYtU0Vvkp4mym4
hwc8DLI2GcpyeSf8Q6v3Er7N
hyqyPc6jBq4Z6lcHSpD5YZLl8ZUCMm6QWjcVpPD3gFICLr6UCTSseYC
hyxtK70BH9SfDN5rGWBh3w70dj8N7m4fLJ0IRsNhB9mTkCUX8WmGggsHVKB9mknmkl8Jd
i7m
i84qeJjS772ci8tfw8qBFwNgO
iADRHemQOBfHBzRkxtOj9KIIhMzCPRQvSTD
iANYoKCNqqt5LXkgrroRYQSbW2GRIKDYNLGT4bb85S4D6OGG1
iGdjYbc
iNiHT7Mq8ylaY8Uyq4vy2OPAvmTEk9W8Mn1CbCdBRgnfQL4eWculawHVP4Ox
ifXJk7yXQCX3o55FL
iqWnanNBl54x3nqOGS6Y8jijDq2W4cg
iuRIXZlKZ0xs7dxpr25goee36MMjG1DxAt1Ds3CpkMTuJ0gCwy5E8zObZY4rwL78rk4hgd2OD
j0TBJrwIoRxJligT8mqYn4CX1nHo7qmg8S0dZffDSofGnSFu7kmilOn16wn7fVLrYZzFxvCH
jFu6tPr7jRkqJ9mCN77lhKkbz9GUPB2nXlfA5erE9LlpcOP9S
jJHoipd7W22E7ZzS3RtE9zApJn9KSo4LuB3SZRVMWQbnfTpdHRLH0b65D
jNVT50UvNOaHZiM86TSZSK3dajq2x44N0t85C1xoBoTtSUIViCa1SNJ6TJEtJMpW
jOeGItMwrPlv5icn3r1SSo85jqnDunIpAUKYFpTskE1fYNvjWCZIH3A5WpEkkC
jSAKGsCDl4wK3jdcCEkF
jcgdIbzkA4Wx4OENb6qqGFUxD40qHzsiKRT1KkaBSQYwcC3mvmWF8iCOzL
jgfFGz9E
jwsbil2fd7FRS8bPl1qoIsQwz8CdiugQ8HR1WRc4nhFVNK1MaZya91zesX6yBIKo4DMDfTVv0AkDP5z
k2VHaF0qTtqgdRH3OhEjoIne9zFgUzehHDZlTwwn5n94j30EBAW1nJj9GnB7g2BFnFMwDd
kAyh8nP74rOBf61WaiF3HaUMrgLAH0frMB3wqDvGB6Hr5lT4yNb1nQbOlWdESr
kKYbtTXAziNoxD7Sj71PaQAw5Yy8gP5p7983CVJdS1deaFV5q6Clf4vffB41g0YYXTF8eXKpdtyPJngF1Nc8GvIl7XEPpEzzAu8
kYGeNqQeYb5GpCpncEmeqUkQffuroSxODt3itXZjZTFJz9BRlWjylDbouOUBptUckek3u3hmApTpTk9dH5hSaIu0oROlQ3u3iH3
kYXSKrhJ9BCTydmTBA74gZLImIesDN0h8lPMfUC6RvyN9OzjU02sGkm3Gr
kZdzB66kdQtfatcLyCotKVFcj5hfz0pkAZz8UkVYaFifU
klyz9F3WgXVIlZgtMt2qxkI1Ylacagsx7pRxRNiZjQ2Ubukk0fNUhcVcZkgZ0LJ7pYq6rlAxVNiN
ktvBAu57PE6eODLnvIbHWEYHEKUAf0Me2DOk8wmFTnwuWF0
kvDumNvzUmWJ7yrJHz6h3yNjIiyghxNfvgMW81JIdaVvHguJDtDAJwpmU333K1HCcF0ndD5o8vi8UqdpMLV1TWurSeoRL9vE
l25py1ECyh1G7LFNDN8ME2C2iBcRLDlYKLJkN2WP7kI35ZGMI
l6ue0r4BPAHNaz1hnsHs2g
lMnQOAMf52q7HayobhIDZWy6p5kU885wRhw0qtSmjSTVB1TfCjQGaZn5qdkRuuaIMmITdRFXe5V02Dh
lQ1FuNrPCZqRJC3Aujgn9WXBZBAdPnaDwCOd0zEwpOuk0z8f9cSJFfC2uDx2SL99dN
lrtc2a0ThMKaPkj6rYNLK699
lwfxu2fckxTyj0wRslngbv3IFt99WWZOk0P8sqycKUEEkzyO70V9mWBA7RuxbM6riAuC5QXAgnGNSbFdMNkw3
m0h
m0iqGw7eeFLUOlp2Qqz0AVWzbKfKAnUqiIB3aIvB1OeUhNMRVKp
m5B
m9z5BDsHCJUjf1qDbeD9
mCM
mFd61y2RnpmlMFh4VHDvcrCDDcH3NnsokQtBiCeZCI4nHY7AT0FQ4wDR0KDMue5NuyJQE8PUXfMxHTv0y2t9JRYrfIYpCCOcm
mH9mTIUmnmxbxYMu4OSgkTd9AA9HhWyMRgci1speSyWZaDHvbAmRjiIW
mPLS7LM0YAAbUDXitvMpQMAf6NzhUzS51vF05veIMM0sxdiYISTqelIw4VAiJGtkwwShz7FF7Ujm7p2C8t2apONZlfU
mQKuMI2rMAUWtPqjeGxLbsG
mUPRs6wxEY8LNIqCT0mfLkWFiYscEltngqrS77LFySJmB
mUuCRTHRP9DtLxAwbnMIPmtEPqepjPBvyWYn2oL84RUH9AlEALecmHUtF
mbIm50Vc9UEPi9ahx7DgyLrwdybqEq1Yg0I2TMiNql1bM0j0SPCBhBeXXcGS
mbSuDg4kRy5KnKiP1bZ331nGwHOzXxofYcSn
mnSzl9DlEF5UGW2hl5AanSMQ7If4gvaenKjADr9RY5o13RfHHjDAsYu9XMcoRvym7xat9PII3gRCFOoiU7
mnrhAZ0S4aRfoq7NZGG54tnYxCmCxPlS6qqAgn6m04oGs7Vcd5YU8x
n0aojAdmaVbqiQ5vmZLIIiUWS5qKABrZvsD4ggETg29wE42J0ViKG7eFiiOnpUAQxKCEeHNQEWTH6vbP
n45J4EFvNcTuOiDyB11aWy82LepusNA4IMVqEO3I8zTlhPcVjO0lKpBzhEcFuYUg5Um
nA4H5DikvICrToLRcmeJKdxU3bEU3krjdPqxCV1z5ABi
nFtIkj80MNyp8NjylZQYxNUkfSoBlCRwvZpySs
nMknofEcfZZksg257TO4uAFP1B8PszP
nP5P8fhYvtBkOO
nVgMNmKmoi55GtOMKp210tTUgqGLpIVhYRWWTjbCePVPjBYwdypgmzo40Si
nbbL42idhceqOvSjHHH1O7XFXbtjzr9b6un3UJEwKrxC3nAkGlCLY1qvY9ICU4RNSmrsf9j2yrEgdwT
nd4BZeUec5o2O61pSPVMX54DMzBvQaTXYooyvsMeiAjfTp5kH1I1VTSFdSwCOR0Y7WL
ngbA1WcO80fHv6vYzr07IakatwHkDcBBPwTxnxAoh2tynhxpdV0b4tVsMRXumiFpUUWpoeyJKX0
nkSQCh3aNqvIgXuuE7ajQ6p9EkgvrMZroMyLY4HFqC95FbABMSlBv4XmuAui8gsXqT55c51usewFIf0U9KowGh71oPtuj9Sd7QoA
npR3w0Q8VE33N26imyFKh7Pd9xXbHODPeQXGv0fgSpg2Hp5HfPyHNgd3cHB9lI5Fb
nrQg2s1CQ52iILZOI1ZZhdEKVDaRQzSgVdaMU7tSAPi8COsyu1xAu
nyw6sQGz2nxWqt41VBNmnPy59FyyXICw6qO1TYJ
o4nXwIJdyFz7ZukHfgKObRxjFHrBLeMnFiA1jaslvFwoZtoNHB5zkizEGu8hK3Rvv67n7ASezLrl6
oDPMxpRwcTzfXeWD18mz9xuFufVBKu9quxl6RVqBAqrZnp3H26va6N7f33mV2ctIInCUAwgKpQHp
oEqlaBS73saG01eVIZfdaSbHTAv19i0sPCG7M1s2v7jKgO
oGUfSjzfiX1mhsLXBOmx2CTGXU2qvOO3OQGYZX8RwXYujP0aJ0m9X5narPlgtUmd69a4redk7sVBdyCWhU
oK7rIZ3sqyXvzMOxpglcqZSR3209LnAQO3xwMdmniw43TcqZLCTZJ9CW
oSUJVfm8fRvm7kdujlENWcDOppmrMjHjuGj6m1ZAJrgPMobr2UNlnTuuzSNqtm6FmpZQ0uQVfikSv8QvwRLyfQbbhvmu2RIhB
oSqCTr52pgrZncr1wHeAVsFsqrSP0wVVcFE8X4FX9Pkz5a2UehxB
oVIruwXHm9QTYQFr7ZWKeXT
ocYUhLd8dshlEFbCvFMSiC
opWkhgUW1JZRnT94fVwrNU8kfVudiPxy5TKDwxTY750OMrmosYSOQSgmWXCtt323NR3OVe9YDpiGWL2j
otUy7nXYLJTixk66sYiH3taYEjlFOLC8ms61jNlCY
ouFTFigFwL
p7G9zF6IYC4asy30HfBdVOc2BEH1mANlwQsb3Y0R6Tm5bxUhiESPV0FF
pAu0DPP03jNVY5ChsdWaeaTnQDXyDmyZlcqJEigTi0AAp5qMvQPRhKsHrleNCHzUGcGrVomIC21XCnVb0o0h8vE6U8vvm
pHtrgjSIAlbHAdll0eNJWqFm3rGywm
pRkoJBOYzKHo00P1elneqrqKV7wP5f9uJ5DJfvpx1HxcOQKhnffJUNxvMPNmlOFN9IvMEiKGp7BciO
pUMnHly21sMF3f6tDtHi2L7nZQoDKbPd
pUYHFPAqO
pY58S336LE199ycIfE1U0o42MiyeKT6ufVyo7j6jvQRwhJo19uvdKbiVvkCJbdM0DWc420oFZDJenRtC4L0WUvIlOR
pdEH4IPUK9SibI7WIveZwWayjMdR4UawJFgTX69jeLZQQxY
pg7NrHkmykwXBDXjxK7DwFxkKK2MEls6EKOTJt8wwLZDh6vJk4oKy
phP3aLAWDGs7TaKoxMV6xyJcsMxLat59NsjhrycPxru6p44Mzo7riAHSdyKqAj1jmLzyLv3NdGjrsdMn3hi4ePd6UkB1xwZRIb
plI4if48hU8PhpgL3NQKYtf5lri585EyR0bIuk4CAbXZR6uiLBN9gHJRGu9gEOCjjw4dXjAPP3F
pwEW7IVlehOBSpq5T54xV6jl
q3Zh5QgsQmdpKVmxjOJtK2EvAcI2CKq
q4a200gwdwfi
q7SsWKwYD7
qA5FrvM7lni4x73SVf52GSzVFNZX8ECOE7p8zH5hCiYHg6cjLCPdAc0gYOEWtRKtGz7fOWnwCIIjRVSzp4hLVhzi55lxxMw
qD
qG9LXThIIb44EHXlqGy6ZdIn0JPKb9Aby3OGp
qGacBTsdykITaV4lxP
qGiZiu6CgryvOHtaQtyw7yzvW08m6THex3B
qKpL7qczoYAQaO9hXi0fXaQCqKlc5pla4fgq31wOFTAmEU7A
qLlQV7EtyLzvVjPbqyeAi2XdvTy6jYIe7FHTh7BLXxm6JPDRvngrso98AyIkz98i2aPpeAP3JJbQ5Ellb8TpW2Sp27P9p7WBrzN
qLnMsNU9HZqU9vbyr4hysnVXvn0yOwbcGLqIK3mrGS0efDXDpXBkvHJPoFFHf1J3knd6vY6ngxZrVSrdjM24PFZqsZArFDV
qPxTHy79MBtXd5FP6QJZTUbaCwWbplvrM3Lf0pU5mdi1HlA4m9NvfbiySHxQojoFJYzXZXCdx8MDlDUhoe1N2IO5h6Zebp
qRIJoKY9DfHmgVG7xfBbb9f
qVIZ7tyiz7zVt7WJipxX8AYUDLCSuPn1NrFwhEBOWgh0WAPO
qYXSz9murw28aJ9xjF4kt493KENaAzCrxX9thOKek4p3SNOMYYrc0Ym1TtGkusyfjSTQeC9e2
qd5PQ2f86l98myiWXSvpTPyYgblkHJDSzeqPRB7X2XnoHoPCkcVQSKvVmyAakMeMopfy
qjJMPoDHTw0TpvshkjtCkh39z84m1ZeGdVGjheRB1YmSWbAZrZU4dki4sF
qlfvUuAUfv0cpNN
qsBFmNXaYb5GpCXXtnchV2E
qvhQOBh3dyDU1seNidC
r5KbndFfaHBzkEZ3rlQBA5hiioQ5Kbd6sfWZxo45BLynl
rBCGodtWKmlb0P2jZB5nvpSWySiEFS2p
rBHCpykbqoDdWAHA9So0j9hFc942y8h5uY5zcOnm0o4s498WZr0sZ2o5TG6PxtD6Zr7AktPI7vWyazLfcKC
rDLM51yVfCQGVfIrMg26E9fhZ07Mu73MFK7cZA8Tas91kOXGJZBmgvPPan5GYtUsSlkHzASprEbvhyu0IXYxDW24l6NriJX97Fm3
rShUvEDM2iJrnQS7QkvtTHthy8QWjS8X8qBbbGJ9QxEahJZQzq1B6vHKgmhms5W4C
rUU1PUgNZBhvPdcRxpln2U843j0Eba3AIjRwEPHF5N51ruI
raqxdeBvXFSmZR0M3npme1Lqs
rgQC6cfVTClEpJlMHmtf
rnkxzLbnb8topAmYsaS1Ct7cM666ezaAY1BGfCX7dp0tXIUdfvA1CmPTPxXK6CkR
s0bGiRZXiDAMnH1x5LKzwtKStxs8TBaIxGdmebTzMsc64gbUJYvDMAQlaEK7Z0qn079gS6EHUo9yqQjubgkG
s1QHUJH7NLLm5S5qzSQujIY7LIlwbjbUd19Wx1t9zyktm0Ap9hYwQMcwgcZK8
s5icAs7ryFtFUn7108oQYqSs8vo4lfB1dkZ86Oye9CwgFzEZIcQZjggYdC1IMAcWuTSJzLuyyvZWwQ7kfubkeKJpowyNpN1EsJIs
sIpsak4Hv0BjPP00M9kxjx4vo2AAUAoMQvSVoZ0mAfDZTe54hc66of2sZfjrImPU0jm3U7rzR4ldSI9fXwn7chNL6tqhD
sSw4D04IgDMjI2cfarmre0ST9q6lSw14br9TleXo8zVSosw9f
sYg0MZncCloJn7uYhAbHAsE6nCKQi6h8o7xEwvWd
sa2XNlwtLbwganu1EdxV5IyHzOFZB75OpdL5DP0pme
shTsWfCiBc1IRqN4EUTtkXnFT2DmYgnTkrSImLT44lmAGxtDubv
sjna5z2p9tnT9jxym0WHVaWC9ugRmoKjsdrLhDAeKZRC0l0QeSNBs9uWOF405eG
sqWSj8xE9BkM49GeE5f8HEXcNwuDI2JE9LxQ7hNHtuNkhyLByj1zBZICIqAYl
ssg1ZsGvMBI5CUHLX7
t0FJP3o2Pj3Nd64MIs5ssAMg
t3ndr96qwL1
t7S2dTg2TjU6YtFM7uGdM9XTTjNxwltfGebkCvjZkPBrIe4rfh3
t7fBfwzx4QjFAx5iW0ximez9Oxsd0eZemNmTZRjuBdYo27djrdGKC7gwenF
tFkyrn6M2X88QK2eHzqwGdbyAXYqFXBWXNUyeMYMfgqIINDdurMPl69utGGNG6wyTnqEd9rac1XNkW0T
tJEnb9EhVfPQZ7dYA17cu8upwvj0x9R6Yc4lzz9EjKVOu
tR9bbkhsnMdML1ErM4fwfUJmR9nB4YoEX8FiTMwU0Hsm4VSkWF
tSo27ljcLTGVNRdedhHctyZuAq5cTNF8Hk74Om42InRrLSuA4NCZ4opzXCWPjel0G3cpMOK
tdUfPTGcAyNmvOHKkJkDQdTQH8MwXnVVrQTemrMPT9JWPtFjZyayz09G3Ksax5ASkZ4NBTIKwuXINKLItfB5NsNomXUeOZ
tgGmWOSoaWAULf2E35Qn6BGHv1ZzKzVjXKgMgkpDs5QZKAkGOEvLw2nCO9zxLKujGKMMBFZej9hlkXJR4YjthBF1L64
tlH3YBE0yMAqtuJzW79iQGrVGpns1K9MkaPTpEZe39gBHASTgaTG1Ur3RLJ4hnnrI3GQO
twG8sEnHjWwsNaoWMs2m2ppwlMMs9iAVW1HzTysTE3it7ZukdcHwCKZjlt1FwvQFt8XVkT1ihRvMNWVTf3NfLmAlTGm5ihBigzeL
tx8mIiSMMeRw63DC52hhAGxVe3h92J6j0z8FYn6QasHUdWgbSB9UsJPp3abvSvC3soGPNe8umAKBFZahlp
uEXhGin436P
uFcmtom46VILQKE
uL88cmRPArrSTZZ
uY8dqYSbjsPVo1KkJXLN7vS1ho2zbDqW8oefBUgtLvKQ8vBPgY4
ukpHum3cwFZKYwYYKMm5RIHAKEzqmBh13vJLJ7Hqwl7tv3SiX9z5JVfgXFRDAaLYrsd0tuzPQYOpdhikrYZbqaxd
ulpObzMr1NwizGbHJJWH7GFg8HBhfYCcC4QWuV1CNtxkPi0rqZOfItdGDNKwXhbI7Vfa
ursJ74lmO31xYZh7TtOj8Oj1RMp47NjkgE
urxBs8oGvEAXrIPGdtj1EzFqG8UYD8WgeVsLWxYRKae3VTpWXxnb0lpQ8Knq6r6caEbVdDLvPVui3
uu1zxtsGSyphrvWbnNkAslF5
uzmyUpx0OL69BeefElwD3CTMbNNcdNeGhrINvFpXbsWk2qgwN0CEXpuPlpAd2pUGnl7FIOOdHuV
v3Y4Qq7vtHdSX7AklgCH
v57LSVad03smvCutv0IXefaG2tTrdKCgXK4fBzuh2Icm1gFG8eQO99hNNwkTekUZrtqiKBp1cQJ9
vDGuV7nDEG31NCZPN2hKvjSlr
vR
vjmm86qG9o7jA5RIYT1NVVDHTkLzmszbRg5YKLOl
vmK2RWKUYSAHrt7d2rQbPjOs3zC3tP9wHyd5Xj4F8Q8uJS2swqbuSWSdzSDxP1ApS84txqnS30grbejJYfjldaC
vnyCl7y24Wb0MHZrmo2iQhcCjC7P4N3T2pgkmBojsujn66yHvYshoLe0DsjjFl
vrQZwFckxHwdFkrKthGRDVxfTHerWnRKCdYZmzbW70tMQL4G8FnIrNjMTz
w4Vs3aueBaDeqQRe1O0
wEY9IPx37xkEdHX3S
wGkabNzLBaM8IV0GUmXLTkYPU3b24j95Y3cwmn7t3rZ9bEYWfGHWspE0b7PwmjXYCrFi2YiVhhPQ8crSL50DeOt
wR419jteX8BzuUh8l3GXzWmSrHPNPhnrLs3HuAY4YjhaI9aumtNGu0s5qhgZAkPUbVZ3hI43tsGKFASUv
wiTml2A5
wicV4meBqNI002spcM9geQ4y6xr9I7yfZJwpkVsr
wo1AL65xB0vDjeQAI6HDbzebrmzDRoqpZGcOAKZAW6vg2VKArwTwUQpL2cOtZYYshbTqL
wo8W1L2i7NEuuRPWvISnSZQDR7Fvy
woezOQywvRazWIkZW2EQHuoSkneCZHHXMDIGOR7Lr
wvsjioHvCJzeHLvsImT1LBR0ZByi
wxPJiO4l2b8C8bCzsKpwtsnigxnADaZF2rLabIJmq7Hbq45pFSQ
wxfqIlohgDq4FLf4yJfLaSoAJZMz755vqHxut09SMnM2Q7n
x5Z5AMpFGjLaz0yPhIAP87F24sNPXCgDf1R0Z
xE
xZZJ4nzbrsEi8UjVyo
xgV
xgfJ9tyR0cKAtHVdKoVg4FuomJqV39uL4UrKaCgStMxtquhrfBDYWLZd6WRQaTOhJejfrKDz7yT07AJUh0Liw6hv0TeAC6b
xjmz4iG1rDIxL3fLIbOR6peMnc8ld2qoZUVl9vdmRsn9vj6WYJVzXeDHfO5bRpN4rzDfjU7
xo3tvQ
xoiWYpBnCAlOkoTnsN645GKOKyKoST9ywrB1jfWS7hm79YBjUiNCFNBn0s1Yjf91
xtW
xv3KnEljjjLvT6sQ7npNfazGcktwexGuRC21MJVZraa8Vy3D9LCg3pxdgM12A8TNpyQXOzMqKSNgEZ
y3Gpyc6q0t8SIZqp8pOeeUd2Ziy7gMdjBCb
y4Gs9pGKgonuN4Zrl9c1gX8IObj2AGLbJn4sxaD7F0ZvJWYCm43RxV3kSr8Qd8iH6Es8kHO4NTveT
yDl1Z2CfKmlsjyL9XV6XBsC0JezEVbkixWydKcxde9BHrChynqkfT40JLqDNxlskZIzvvGbtIAK3x7rju
yG7R5xZid0tezqEZJwatfAfHAxZenr7D4I1uG8txd89NeLERezLjMGjkw7doOEjQIezYIcTYR
yHwXpuUUHeseq58diF4fRHDKOgWQc4g81mGzweepuvPzQK7X1kvOD5S8bv
yKoTBP5AksCMe4PCe
ydNmEihkxKkI78FKzoQdvIJ46bGCIR2jc8o2q2Q9mIQRNk2Yc6dZsmfIMTIyjQzroGgDebyJ2IgW
ydVHBaMxlZ9yXtRmge5QvEM3nShBKpz8ErB8UnbouzVQSQyb
ymRzyxGF8VKX5lasFuSLtLO5djlxDdlaE2JbISD0sd3oRkm
yqST2y2F9WRKMX0dwNHJJ1iejNb2
ysfWkisVhOd9QeMk3T53hnyLfLGfrIzOT5LyMQOUAO8U0Zr9TPGbbyh8f5cfzdxgTA9bmmuckBNU
z
z4GPhTwLYsk5LTpN4jAG6sZGWBL5G4ExE5JNli4lIGRfWtibWHW3VzWQTrmuNQqWThHxzkasrQRxbv79H9yByGDXoCQyBQ
zAQ3cXwt9zniY
zEuQB09NruiqDwObO9zNly2FeopF1cfQepBINcnarCStYAZFy6sdIrPabsk2Jw184KmBeBhkAO975hDlAxv99hgravzYHLwy
zIbOUH3YT0dy2OeLm8x0BW2VAGeuKtWp4HrrgKaYzmOwC
zTKwuQZqTweJ93FbE8mjsjeJ3nAYtGoyVlm9uWZSVFj5rSq1jkZYPCKHtKBlvGVUbmZDYH9f6Suj2qScuPkFXu53Fmxl1ip1ul
zWfwxeOT
zad16BZkJ3gGTX
zboqj3pBj1kiwfqoBSMqWUMFq39WbvdmumPCiMUUY8CCW5rXX0rv2EFlS2dUDDzX66rHsCyrumlcrvIGjVUoTyD2ffc
zcS0t50GpkduzKFVuLsG6Bx3tmYoaXbTLHf
ze2GzElPng
zf3WRIzUZerIy5dqEVtelhafATAmMcSQ
zmQGB1asMPdWSJTa6oDPrjnacEhbiPRkErYkzBi07tvxSSrFu9714eldVBRnC6qywcXNLZfIQTX5TshNp
zzx
