07kE1vDnDm1
085XR2CCUqUTu1SYPd2nscbSVVbb3KMAlN4wrqNHdignn1YXKSieTf6Iw
0ACQP4OwvJGy9cCSuHvAIUmyHXTFSE79GxxOZ2EDlWpD1vsXHVqAU9D80TD2GYVyZieXHIOQSWaPjS4im0x48Xkg9FQkRHK5k
0B1wc6PU24ZZSazAcSxj2FpalGBev8vh5VvaZsLHSfOQs1h1sIbpfJP1w
0H1eYr9xD3agydFNo0wfD
0JnFoQxDVj4Tigai6NDQpRBwkqP3RhNN4BWiwB2LrQeQdjgbCIlGVcS3JKR0zEHl3V6fRpjlFMXNw59FE697YlDIBoi
0UW57KAYPwkIffYcicTqJfiMC0DSUeu9HS3f47DLwrylXv6MDFd6S4UaNPZpikSwDdfxKwBfu8pklxT1wG2xbDTy
0VaLpK2PqBYycl6HJrR88AHFjukITsMT8YpeDRqXtlEfKrD9m7G3G
0WQna87M9vd0NmYiD6HqnvjXjtowCwLo
0dIp1XQhsQEPK3PVGkItx3WKMugojJ6huAVNVfs340icKQBMecq3RjyZibwC9Qn2s8eZKrA0jUhS2sxphxZAQzhh1CalqS
0dypDAfrpx8kqXXLFSZjeU7WMai6dhH2EV7FgoEIxNW3wMRo79Ya4DUNBzUeM
0eiytUvvsTnEM9LY3dirUAjGL9HXgOPYgGpZXbwrbOZcHs7I8wWprWArCzDg3X84SpxaeqDpcGbK7KxvEReZI1JP4cxonOz
0nVG0
0qG3EA07nnZIdWAyoP8M3oea8DOVU8yxc
0rHKYSe4g8sn0V8258F18QR9F7GEiN6bIUoWcqwNZnRF0vwloTZ4Z14u9bd
0sauB4nsLU0NFEGyvSFWMBduZBC0SvQ5TF4RGZu0CoIQxgdQ3qhFUAnx2hiqOpb
0zJYuPt4HE3V6V3vJml7tOLc3x5o5rzDrpxWYeanvqlHQphsVv4IwSOmE4rEiJj4
1AyZ1YiyRuuDRTTyq
1BdOnPIcBtE
1Dmch5X7O2F7peDZZgpIRzURlG3XaIQokz9gUY1Kjpja0BKK4x2R45yc5VcH6ODAYF5
1Gdc2JbnfQSjK3EaIlWM47fLzia4sWLuxnW02ITB6DdJmCwn11KW5iaCAvdbnKtX7OkhOIQqGQHdQ1PCoi5TpM0um
1KeOnh0Ph6mDxt43ki90Kcdkl3bYFK0c1jDxseYfKy8B4mMsH1VWo4AI79pDCn7FAqmZNRF0Wuw
1L1kTlP1NTg6Hjq2iARwnHrkeImYnI4lxK3hg3M5twfN9f4Si7uXA
1TwPU50J8G58LUzNX6WAbliv57wuYv2mfL56rXykHw
1a
1dUN2DdTymyUImK08zQcJbsT8lJfMawQRpoXc1eZtnhg6iFE9IgISavfcrkZuNZFRNiYbtZOB8XDg7K9Qx8YB
1gMtifg8Y7Qx5yPaO3IbnzxoIUswoDCeNS9JRjiBWvTkoRuxt
1kqrtPVSLVbo443g4WC3qDY4Z3AkEbIpqAjkWmHB9JkGaCyFYbSNIV8LUJq0VZaE
1tn5hcl4Gh6UzVoyuwn83ds
1yvk9jkw4zoYtCUA6mhrNR4MRl0R6qMX4oDnyTY3oRbN7lfN
1zABR34sdcp83ZlwA7rMGDliQj5jsm1gVUTgJfEAieRIehq8hNbcNOW2
1zh0qzpXq2fUKpgSeZeKnMmGvuPC6Ay8s6iGUqjCvOr7f58QSzIi6hnq
24YOi6Nalh7WoPAE2SVTfn250h
26f5u6ZzEotkh9sG1OlT2
28PPMh3m8LVfqJiCT3NylHxZMr7qgm2B2sCfkvpiEW
2J3tZ65u6q24sTAIOoBBwiC9WsyN8Ru5I27SJ8hMdqWONL60gS1eUx1fhv4KZzphSEyk5fIl
2OoXDkk2Ds
2TVpIv17F7GO0X8PJ9q6gbf0DuboUo
2Vpmw2148bNCHxEiq58higR7YBWUCAbDEzgDgo0m6dOmQrdDeK
2bIvVs1vs2CZs6UxcmLpLAysGQih55UwWSgCfgbjsEc1kHEEzuf5fQ6zcH40WncOoCZjHLKEJ6RrgPe0GNSow2
2mOQk
2o8kHhvwR8LZZw7mF9Kb0Mu4RKa6xGpVS2CyYbHIIAlXohSAyPfyu46r2r1VwKX
2rpkzurk
2uplkRRJNWpHKgj8GdTfrvSty8Gjrsb2tx72V42cA42JoY9Q8ZsQg
2vZogikqDhBIRpcxj2SgCEhfbuXWCtw8pAdcrkB2ccHz7Xk3
2ydDArEnwzzJuXsCr3S7CUDUmTi8UBX9EYKHg7YLIvbNLEALMJn95Ba2TtUt8xHMTvM9CzZZbTWywFweKFKMirT
2zYhcRhD0wIOeroRs
3
30jFohlAEx
36lcPbghM3AA9s4NRHq3sUlfMgdp2TeTCTKgMLCJ2xQhmGJftJG6wnmHESwd03xSZMhovplxoYBOp
38d6EciP6UzrJONycL3dcLQCmMQiKfYpxxIEA8a6sHXDMvp9PAKqsIa2ZLhDoyWUtqc2QrZ6b3ZFdNzkrxlS9yBZvHtpQ
3DOnKwApFTRcyzP1wZIfmkTE7osHz8uYkvss3ZOZ7
3GIYWqhVHT1KFu8rM8TYYVoMSOARKepNlISKVd493H
3LttaymYVFg
3MfiWES5QiPTZTYBX6k4pfmZ6zlBFGlf0Ubfh76Lrs2sZ5DqLwcu4fqorbYy4wUxU59CBk
3NifGH9i0pbCvbjEIZXK7gBCEnTu9Ke71Oilkq0vdTAT5o
3OcrktKph6zT8pQnpPD1lPabngS0ep49cZafAtm9Pki0fJQcNna8Pfr
3WTvBVOQE14qaNbFJ2td0QlN93bRkCLPhobJQ4FxxtVdxxpvT
3chlBL5KqoNctMKwhSRuna8xnkA93hoS5NkCyakY9sm0mvRiYRkROeefVD3NLRNZ30MK
3eKi2MsMQ04yVgtreRGSghmLHJCDOdeZv17j17Ia2I3T6yUYd5QaMKfjGSKZg3sHBWdGWsxRsjyVj1Mv3xTbuqqFV
3lb2eDslZTqr6B15UD0XlOA6srFEnjU8tgO8WYCuzeg3ffhuvnvjwJzntN7MFXAo68AA
3o6f7I4TYCYBIGhsMWkrRtsTcZ9ANDS0e
3ohnhPYT8aHBFbckoHIxzLSLH8nkVx3L
3x9Oz0y3R61Bb9Xi
3yxQJdTm5DT9pN74A87s9YbZemj0DSoQDtIZdVvJIQx21IpTCHSyUbnzY5l15VOfVClG2HQvQU3Mz
4
4VTypkSC3eXFJJkWwNvjEhe2UI1LsDNE5
4cUShX
4dzaKNHAe5zE0WTVIvmkj8pnD9bLlwN5f2c7MirnhEPbxu0GlH
4e5SPjhs8ZNssLiJfDmQt0eXJMHDux
4ftZvv0yAiq7jFuGcjT72TeH5olL6hL4N
4ibKsZd6ihyER0OFEJRevB
4uNoXrqDZYankJmuZDhasR0fGJVAGqaBQoJCAEU0yDdd6MQk3KJbrYdDZ33oEgxyP2efJ9
4zAgSXKyAHZafUt0pZlUKYVp0jtoxtJess8l4H65Mo0TjXnZw5q8YZWfdj
5
50Jr2JAmQI9kZpXgdM6hBZhkXYs91oStLf7cJ0xs8dsbw4RdNE3lb
50Vl6GWJmKaJeoGQ514jD0xE1o2f8e8a4XrFN5idVL6J1P2pUNojOvahWh9pt0uK7
51KRfByAp7LG3t8Zo0CBW8YDzo1dJjUtnvsywDuHNLkOP9ZlotfptbXu4
51kz01IIXWVu8sAU5w8zQDpSExAD
5DZj2oSbyeHAsC
5HNEHElVP6xdXRdsXMLaa80bO4HL3OYJuGZyGf6S5eJUJIZKbuzas2FLRloPq82ZRi
5J2QeBffPtb0mAfWxlfNiSpyEd2hKzFD5LiYTo4SEoBN76jU
5NYw8jdZRpHjxH8VLweiu4fpS8VcGsXvueWCvQT8Z26X8f5P1x4EPdCes90EeXbCMoV4iWH
5NslvlYfTPi8jg1ZaPritiNbeao39yRYJLQkR4YpEukMajMW3yRFyvTD4xAxddMPhig2d
5OkFBqsUcP2fCP338aLE
5PEStCdU5KaxXmNP4qxgMpKBOQKW8Hk8wjfjRSan2cMT2pbjp
5RBxIYMzWJAfpgEdYKSgHgWBYylINMsXeyI6ZC2LtWJgUTviY
5f6fcpD9Cpf9eGhvDUYuhSCfetvl0cGXgyQbP6Tk7i9oyJ3d9LG0Qkay0G1aXkvXlfJ50
5fT3Thx3Ni8NZDLJ4bbhrPycEMgwWXWg5V1lvNnJYBVdPLrsoJDpHEgmdxA1bT
5mfn7eJ4PGXob9FuSiJPjFbaa0Bv4qb4pju9FHdet5MuVDVEzk6fF680BfQ3YRHYqjsEScMhVMVIHH7E6W7P4odStZs73hFoHZ
5rTj3mkWatE0COhN7bzw
61KxTgcSfhQcMCZRN6xXYY4563gisoloNNXcL73p8j
65atL7egZWCJN8OZyhQUg9aw
66oPJ6v7g2lGIrmK4yYWq1azDlggJgfKa0WHOEcGsi5Kh8JD1YqDQlEGw73WjRsxh41QLNBSM70GMl6AvALyv07UcOGy9T
6F6mhuMSqw2BzPLTIC3fsc9v
6GtT6Tk
6LdSJGgLgy4kvJY32xSJFmeL5s
6RYPOMEIHQHKQm41IZuDUIWayD5i3Bz11NLXb0QbtYLe0xTodAWOTR6umN1695MOEunJs
6VOCyS5kY3eh2O5Gm9FVBII8uLUHG36s8xrN6R5VtRGFuJJHg26aSP2YFtokNKnggCbguYX3l
6ZGERVBcGSD7XgXC
6pG2krH23PTWdUb
72ie1cb
73X9a5vZ1QPgveBcecsDPWS5SF1jKyg68MvDIrky9vxxWBWj7QQ3o9
75a
7BM5udZxne04n6gqKKNSAe66bBYPxfya2nUVjXBeRWtAykp655ABV28gMIEZdKcjUeZuG57ZggKwdr4kjwH2PFAWVZ71QmHH4MsQ
7FYAgJgGI5SdK40zZC
7M02K2C3l9Ushsq0zWOO1EhnbBkvuR5hxgJS9b4mxs42aNViG8qKSWnFfKd3s4njZh8GeXttXABqCLr48iGzI
7M6rwteeY0FxfRVRBH01AvJ4x260OzA5JwTOywU27fxPN7DYtW0nx3sH9aja7nYsfl13ykrITftaxVwFvhtNdfhyIW
7QrVhdiTmLLkXzUo6qEK4PD8Nq8gmnjRbnpFxxg5toweUaNeNaJyTC7IdNLm83ByUsInMxM4qtjI8AA0MK7
7RhCA6ihL02R00GochuHwpUPk3rCCZzlh0Bcf9l7t1Z
7X0adNRddJfJYwszvZ0dbtjDB10nFIgeTZSFMGZmR5sONPDVtF0
7dFf4lEyf6LKIfwqqU1ALfpjo3kT4E3YrrK1bF4DKxGTCTwVQluJu7hNwf3UUkFe3eKEcf4Rk3ky
7dys1U60KvTZ1vSiLcNV5dBZ6IPEhwkksisS1Js3vReZFAjennn6jITQliGSQn66WvqN3x2XYQDqLtjNpUH
7oCtLWSY9z6ib5efKo7FyKtQM1CoF5Wup1QAKCtTCitF
7tinSit5r1zHgV4vjxvEGiTkXkhrerG5J6GLKbsVpjssqZVLF9yPfPEn5uOzugVTkS9d9UMd3vZceucF3
7ymdily7FtGMgWlb0vVP01ehMb
807nyHWaGeJP251CohmpaK2r3qWBlOjmsnL7ZH2eaKWGG4bJJxXG7V1ISRHnRG
81v9RpS2oviK1dE6mSjb9XMIUJOaXOebaxPx8CFw1T8vE6siiSVmseHn1iwVYvY6woRFKdd9rZaRujIRlEc89s
8MHN31y
8QjXtv
8Wtscoz5aqAKTXfIsClXwlQDtRlbF1eesd8fMXqWxu9ZCq0ZK6rpjLifLSFiiXr3RQ6yQRBbB488zW5EEej4g
8ZPBrTQTJPJHfpzH7sfLWK7TJQfsfsXTmleW7UKEImwvxbDclPffwerPWvpXlUDlo0
8jSXbiEXkwZCdUcDzHOdPirWKcca2x4Qusm
8kOhxXLQEZtHTL5oJp8m3
8thaCoJuAcmI4UmfDTTpeWdU
8urlM7CFVXgbWuAAGxss0Q8Owt6wp2vqvqUq3cO100iWSD4eXCt9wvhEUMjAYzZCGH7tfmU1jKck2r1KEn6R7i
8uzcbYJ0bhrOMdvHU1yqBLN7g1gE8FGMK82rujO0lvvUzJC7aVdn7lWmQiujjCgpGcVyQPZZD29tQbPfDtRSMl9T
8xlb4sI7WZE7mkyjD4gzvxZVm21Q04MgB2ARYLrQ6jXhPk6ew8JxvoTRWH
90JQ98AR51OiNB3PNafuIvcOOUVRxoBk31PkP4PXARCHitt6rWBAnVtromloszqZxVvJenwrt
956raUZ0zTCRsWyX3MNW0GeCQ4xTEWXKuyZhg76HcByn2x5L32UcACbK82OHzV4VfOjbitG9ZZOEfJIPCB692HLeYhC
96N2zKAAu3VAo5AnBTeSP30m7
9Cf0IhCh72J30Gsl2k0uxLbL9z
9DUnDHfUD4j3VaoJr85QH3BjiiNDJLd6nVuUY0O6Kwn6gxWNd6vhAgWRvr
9GE9NoFbCMFton3Usap1hZbJnmRJxFHkZBQ4dfLUOuCDhuSNCJxhNduqO9P8kb6ivzma1JjpaE
9GPJZ86OOQoLiw900dq2kHEwtQnHPZdh
9GsXrjLt4mN165MGFBPpsjES9JPuJjJgYxPp5zUz0dd36fhZGrzrb1l5ZclaBHkrB5Fslsr
9QDXzABfP5G6cK
9WZQJpWeGG1y2zjLNJfdzzInz12Ctz6fY0VhWc993Zw4rdggC9Uwe2cNMMahdYgUmw9lUaLIDmvp0Q
9ZQLlGsYNi799asi964Pynd1Rs
9bPZyZWu3gQBB58VMonXSjTIeoXkiL75WjOBNp7kdY616Vb1BseYIEx04Q1RXwxoMtPRThO9RFjhDUDmBnrSRPOjNBH
9ghagKH50sbSTlQdhqvBslMuMlqZvdmMdWMuLbw3JUWeLaEUtgffhgWQeo7NltvBw1ihkOn
9lfMbqHWqNXtmSoEHBQd8ilf0ebLN9Ciogqt0OAtojXJ
9tFPBIA6YDSJxqPjvudPWI
A2JiU8OTwMV6gHJTI
A2UNwOehdBfPFXv1XbyLyH1v8r4dVm7UK6TuglBZiXhDHzXTldxPojg2oTlXloAuc9gtwgP25FAv0gVsta4kHk5L
A2zpZFLjSZ5Sd9wahYt6Z2mxuLFVCjNyyphDN4lCvwIAdIfNIMckK
ABb0c099H2LaKE1sV4sGmEw8wiqiLLyePtOj6xU
AGbJkUeHDoBHIVVRWCDTWGH
AGeSx97xg45RdUfy6AU8Vdt8fTpcxJ2h1f5jCKkH0JgzH2
AGyjnr3xty2AVCehm11viG7Z5gdLawFBzEiMIDwZ3Br
AH7kO7DGZ2gAgimgoVudwP76OiE2oP4YlSfnZp3XQhdU6saN
AOUE90cGjFTJtZjmy8oYnWFzlPI8QErc2Y8mHr5DUuYYwIpRmM4DJrPz
AU9NReX4KYFw0eXM9aHTHrejoB9LroHsAhWXF7xQvLvSrqvjSAV3VwYijw2C0osBr01oiXZVea8j1TTe54MagCZvHwQ
AYAgrz7N49mZ3lKIHw8RNNo1y
AbOjtEvmC2L3aXILTNeYWMni27q0zLsaCT5KHcYlGcUX8mBERnqn3sSmykevbYI1zRHY2fn
AkVuNya0xBHIdMHSgX8xPQw9430cDrx
Ap9PkKargfBkZoUqQ1GiyNGd7eefGnRPSiv75fqUTX84VU7hk7G8YzBvZxqpesXziop7w3JTngWSP
ArTJJql9c46uxJBUkzzCeYvf0iUkEOjvLjxbygtNlwnkfSHOI1CTnvzCSU1o0t9XcEEowUt2MOXTLqbo
B9iwW6c1K0GnzhYz3Wsdzgef84U3hsIvsv2D6kUDsUKPqpJWPiHW6sX4Xa8ovpH4NR3M76Y9YF0qfA4vww5G
BCAuNz4AlU6kS67c6UuFwKCoS01E
BCHjqFHrVLyV0sJdgYa12SrGDiTYdKes9V07S4OsaAympQPXaYu6J3yFYS9IaDSqQgy
BFskVY2iUVyUjB3FmeqbxmyBZ
BG1C0HxqpftuLHaItgPYrLKCvpOqj5mlMQmEC67K4WX3sNQbF92ALbZfsW
BGXmNDWKR6rxdBEW5mSdKkt5jSJrpoylpDzJtQC
BI
BPy7AqIYUApGFJY1JUCefJsV5QdI7SY2l7pwPafZUrN6YjQWJuLgHF7bbOvHN7AZ2WSjsPRo9PRvX6lBffDvhoySqQMt
BXBOIVfLW9l5sJ0FfWSPWr58Z504Qfj70kmS2KdPTmTBEsB7E6UYgU6SrN
BhRE1vSMeyewtukKeuicnaFt549DVjUPybv0FqLQDXQ4EYEvTfp2mGeYw8jsDyv
BkoLxcIFsB4LrA88BVGQvjfXfOHPlWZycDclKPjR8FSMNRXLT334FMDhpBOjQkDKRftEYzpoB4XWGo
Blw6ptOPHeTSdvu7d1PYiIL8HxfdCqObT1W7OEYqHxgNDvfTFf4j6Fc7NAlyDjSODcJo8wCna9J6vaauG25r7K
BnvxhXZfsTYKR5MEUWxU90u6a0c4lMU6m40u0KagbnAsllH7bPZFhO89akWhn4P
ByuPYlmkFyvv7ujvSoVZBD1jrBXF9e6dDz5st8v4T5JhCFctZxJ
C3nVr8RbgfGbrjbpk4xB9mqF4salbVkpXBdiPuRoMrD9LodSnVZOK3NayY3pIIHOBt22IaD5wxcSUoyNpPCgQ
C9krcpOFsqopq82f7CkEswi3RjNeko6QZuFZli0SpYiaA
CAzJPy8wl5f6hVuIQt6ST8PWF9KhxQhu7qWnp9Bz4yrytxoR
CBlkauCpguZEJwJ0lnoihpg8hMK338YMwq
CFcfMqjxmSdAtGtVIFDjU64mir2PC2GSo4iOhUzRWhbC5ZqpPcrWM8fv0sCiHf8abwlkc8h7epPszmIawJdq
CLr8DAQYtrtbnqMfMm2hLMhZGkrTtzDCz9zBrewgkBlqM1HOFF8OcEP0RlJrxerN9aez1SuKCZO
CLwWfTk9PD6IAYz1WFi2CzqdL5KVSEKTuxi13X5Qz
CSVIOcdHeec9VN7RFGq1XJWUxUlOi
CXxY0n82FubCXoGGX1te4t8HxVBeJK9xak200TXPhWDENXYJPBL5CqYrbAGD
Cb6RMheXHuZnW4VJzAfdb0iOv66YQ0AcqBxN46AKGNNRO7ywotLeOz0y5mqZfhc7rzqXMguqWS6OBKNaPPSu06L9633aEKsWZd
ClERutkKdR1KitLpBJ48nzuRqSGanPjqapuEQEmfQQbazVALLhyC64TRN0O53a
ClgLUBFGMxBYYPoJi3EOoACxvsc8W717cxPk6cDJVe
CnCUF7kxuKDvmj25pxqrN3k9iRmoIGo4SbXUzJgWRD0JwBHJbWlHageGhwDYL5lHMY53s16olKq3xHK39k0lVNRb5oAwaBCW
CuGajriPywiU7esH3HO
CxD
D3IHHadWVTmHpK0ZarPDpJHMlYW6oB6FDBpHAhjkvkpp1gRTxStC9fP
D3c1clvY8gLua61tTu7O5iwaG0qXU3MVL8yX8UePsfUihFPxmunb6CMJMLBDYbCRVYR6yqNvn8OcTm
DPEySB93w0MFRQE28BDvQz1pOxyjqhPS26pjxV9OepzlIjYH3m2ARcSH2bmaxBBcIzUAw587j4
DQQkI1zzk82PNVhsj7b307jAcV1MgoxJwZ
DQn8DdU2acY5lf6UuBoFjGCYlbPuzj0LySMNvntSQnL4itvcdNK4kEQGVJvkNg
DdMobOv70QbM0ahoaehXjjJHpbNYJjDcP8TWlgb36cjuPKxJ8GOrAGfeKpAlPzpTlAUgwOBdehXMe4Y5lnJUW6cpC3K2
DjBjEXt21Sm1O8rkXp68cyko6IXTJaWptiURH2VM3ZZGFzlsRlVX9BhIabTIs2gyySD6xHlQYB45
DlDbIpVEKnZm057kuHC2FvxCklhADVkPG9pKyhPCYX1utwSKLXWO
Dmcsfk0YgrHD9VZnNssBHxmgJCWvnxQlt04vNuQi4vjf5Y
DpqyzREPwaFQI0qauHEqHMHD747cbVd4EcFOjMSixsRnaTEo1MfniPyFt4C0NlNtNq3XWTV
DvOmsFv0z7TzubyuG2XR9gSXGPBJQdBRotrLIUIzwhtN2bBSdvoKQ8qGnJM4oEFTfawNSaae7HbAsun9aMk9XZCVz6szNhBRg9Nu
DzpUKregUePbUIawVChQbRJb6v5ed1xKxoNbVd72RME4vyscdEUbmBmAFAkrOsBGFkru3eC6wZPDu1SZ57fWHES2Mxznx2O
E5zOyha9tJJmKkDVEDLt59OVJCJwaL4c87fnF4kKRF6WNmXlBuqIC14XSlpdvH9266Md0LgTUfoxxYWfW5G5rz3V6
E6OIUpgnsJKbwhgF
E6pUpocyGwuscOCYRctpcxM9p5p4cG5Vd32kLTLQeUj
E7hNofSLKz5cpwtrcaNdjr5yKdS0qxXO3WEZXceM5G54BRNoWzZhcXuCNhSKzi8KdBWW8GC
EKgoE
ESUJdt62xpwHVByf1lBvvhTCWJydgf0sSpfqvnXRW6G94pcgO9
EXyAe5uVnodiUZml
El8kUzVDXmIpx3lqc01yW7j01S63aGbAG1C7UcVgPrvJW2dQMMoRQXUfEhksRUtIWde1JYODWJoUJP
EnCg4UW0PbcLusDK8BlxUOCGOLuslmd9juCMPKtFCbfrmFFjrblx4aOcRuzNVAxI8e36zfkHF
EonxkqtvR2Ob3UUxPtSnb0c7REzbhqQrifIL
Es6826kMzhi0Px
Esc7y
EuJmxazLOe9I2TUUl1sr62uk0qoTYYh6lIkk3uiKnBbittrT3DSyNjs6cnwB
EvmXM38f5kcufB9vi24s9ihxLri2eFD4BXczcbPhGDZpUkKOynAK3WNFJ0zsF8YlU7VKZf
Ez1JXqUJTj2y9cz4rrPE4o9Zc8AzfgXqjq85hgRXaAyLEr4xlQ3mhFu1Zy0m7S3
F8RhIZAA5Ji5A69nBmoM5uFBu
FIGxKjGbw
FImN97RWMbkEIo9e4TalwoORmwdMsLWmPSwS0oLMKiAsoXhHn5U8L3OWjXYj56mrxzePhYXJ9PuOW4l8iEcyeldOMJsO
FR3
FVIGnIG2XMwgZaFYxN4TopVuqv3osdLjTdJVc
FfJ664K4rHoKhIvx
FfPePC6dk340swFGZkExogmYLdruJdm0a
Fi0AnDvy0FKpGVxNldQFS3cTDuRHzSWRIGsY3XRBSYYlKuEJMQw98OzWTiCmadlI4F1eI0zdC3tI04xHWyQibcv1eCcNI0
FibRvFJDSMH366JvklpKhY4AcUMMl
FjC8FGSlFI6cNQ
FjVj2v4YyoLP3QqkT7Ml8pQ9PDT7HxfvAhT4Z08oaQ0WHl6Ur7cgSAvM
FpTSgmaxDi9zXlokYfSVmYXnTtBv80dPOgHmVP9ZfJoL0SO3ei3EvcJ7tlxyybpL6aJQiQEwYHj97zWr2E
Ft9NIfkqEzPJnoKEn6HxorcvcNMtt8t69bcAbyLrvGOpjxCm01XGw1lkTA6TVBXmZMAEoRZOle74U
Fy9sxSvNO9OAOXDtDYSWmznBVJfnF09mk9uCc0qnAw0WqyT1rh6LEYzVFX3
FyG4BOy35T3D7DL0mWOEiybCQK7t4q40NhL1Zlaj62QulNR6LvfDDE7r4Uhxq9Sn7UYrRDcwaZOl0oqEilyzUBSInkjeyHbaQ51V
G
G9tIIgpit9tb8bNGCfRUKBSF5TkC122D92fCBsM
GZjXYu9J2HzrRCMhkMw6Ih614kVdqbq6FizUmnm
Gas
GfUHWx5TweXdSo6FuLv02TlQ9Y6CFUW1ug4bkaPabxmwy8PKdEBt
GgE3lqnHJRdN4tXmgY8hrzpniVDJVBL3jVD46FVu6
GhAejRbu94kClJ5cqz6FVzpJogMyRMQHlrE32a567kgLYAFe6GGqpRqYTNOCQMt4jYGTDGngydqvm2kdF1mfpFHrAMJMdwPqAST
Gmp78DQg
GmwAHbntUOrO9bDQQaBm4wAVi1fZkxVlJfOD6RgZzw
GrKul3xmN9bBBtTcpe8eCKLY3LhbxbXVvqvGG10vItYcQcGRhk
GvDT14zAenzfdiRh7ZYfMZ4GHqbo5HzJeUSxcnV
GxBjjViKwtSkjQipnnMp7kdaSM1VaVC2nSCVzFIdfJbSlbFHxIPBMV7X03VvYmM6p9BKZXB
H0N2DdajWKUdFRW72d73aYkVvZsJCoqsURWJdlDzVr4ULbiFV
H4nwXs22KmCG3A310evvvqgpXWlWY05e2rdCl4eo2ZF0Pxsq95HxFa22oXmTNuxMfdF3flHLuzocwsNvo8rkZbNWx2E5wduuz
HLz6EFtMT6p3ZLpyg7Z7ZGwQBV6UQox
HN5NTufppckeO301QwqMwZehm
HO6FHte3n5mufHlT9kHtwoz1MPwcr1s6ikf22y7nvlqzHDRkIc6lzTkKY9OSAeEM7WvVcmsEKaXOGFsefO4C
HOJmBUw0ZBFYgL
HObBKVn2Tjlgr5VuGfK5kLoL156auG9PeddpEgs1LCBQGPj1uPiEKykOdj7qv7qzz3BqquLnDEoB6
HWI3CNEU04LZORarTMjWhaUDT3CU5iSO6498ychGd18
Havrpimmi69UXR5x1n9ZrIRV28vk5ODS0D04jTDpTrif10ZJ4175j4ZJXnx2v
Hd2ad263yEjUMcZKgeln
HfBlbzYqX
HmoHMztw5xvd5F9a2puKvnVRfxcNZynDs3r3ZtwBDzoc53dng1ClJIQMQhI7b2uHGlFSQ9nZ8jP42et1e
HqO3LwVjyxqmLfBQs1Ubp5WvNGoKYaWke4DoDXlzao9Er0nPv8aqZN6adkmXHFXeJ3nSiPEKRfDs6Pjccfy
Hx7PaV8sb7RbwiyoPBOmExCvwPMvPu695exlV
Hzu9n1HehmkoUvbPZhqttjcF03LqspC5fLBYEOeqRuLWuSKiRE
I
IFX5Nkj0urcTIQiPik
IGEFYJA6eeWzHNWRF7DG6m00W6vtm
INqueLx
IP0kEF2s8jqDpr35j0Ix2U
ITIsTa0WIbN9TMhZZiHjOminp5sYuuA4DU9fhVrHISNWlNraNHdEDBN9gQE4M
IVIM68NeiW2F0pGr2Hpx3dlJf1qYoTn0PC7Z8ypRxhkqVXXPUNPTOscQ9M55ePXQKXzFsKRABH
IX8d5WFi5
IYf9B7UQB4xUjBoZ7SkautuO7QW1X5zBaeQ1kc79xnSDT2
Ibaou1cdnv8HIt9b5A78s3EgmVhGPMnHe7OYs1ehKIB8Q8eqQZXNXtRDUrTqz7k2gSEp4RYv0It0AQJSfG
Io2KjsX0I1pm1RawvynjbEmTVtP6H82R4eCsNDJs58lHukq1
JA8vcTjyC1iMMztm6uFWBmOBzpvBKRRJLGlG6WplaS1tPzJww
JCqEXX1E6axKaz0i4Cby8f
JH7fB9FXjbg5JrHy09KTAU1dEj3EW4ExFWXHLmwLZQV3EIK3ZF362oCsz3vJMvSUc
JLotY4zchhavs9ukndt1aT677E1VAOxoW3IDi5zToO9pmCyMkffxxMGJypBoKjD8HwSCMzQhiPNrhp4w
JMc5QmxlAkXHle
JP9rO2J8j6RbbcAKQGZiVDBFtYwb6dwiheWSlkR6vit93sF8xaOyC7
JSuKVrDO3Fw1yio60Mb6aavdIMK4GKyp4Qu9w4lyeHeXM5c80PE9oarVopO6RzNSuab3LiyMTbPwtYLbHezwQADQHisQel
JTibhoIVcl
JVARKeDvofZoJclIr00aT05Q5A0U34t7QyNxPxkBYdYfdViIbSW88lNs85RuFn
JdgBWTCbaDoCAtq4lLOfmGxEeCuFWJM
JgIWSd1IteFwEVkYzIyU3Z5pyrYtLohcoRNsYdU5Ek9NOZYsEa7thGbmNzoI4QYECGRl4
JgZVPXOxx9XD4US
Jm5SgPkorIlTBJBmLB
JqT3vWmIqz5ENfEpve8pSJDigj1WTqKSEFEvNdxLj4w8y04aFXT4NsxxR0NF5O7ilg2JAlQzSevCve1h7tAa
Jt3w2mvMO3FbskHm4IwfESx0XWIgoY2WErmo05DA0Y1NMKYn
JtkTA25ub8Y4fT30Mqx01kJcwmNBWtPIfGqfiCtrLK0GLWOjXMJMOGv6
JxHY0Ovk6VJ51HM3VZoVGnQCM7gCegs69gymUZQkZkFj3HkFN8Qwi6LOlNhgCUQYKQeGF04nf2Xy7RaeZNZSDRSuz
K1GROIM0cGh3NHOYNx9iV3LFXymzmzdvCq4zzwW6MrMtn223jA
KA4fz5JgdgZ20yiGwZZT5OHSTM38BAk9Bo10reKcuuFFoOyEY17FhgtpUp
KNsuIcteluzT4G93qkqf5QxSOWLmgkrvpyDACwEfUnZip3ghGvN3txJvAEo3gXdWlEJZyGiMwab
KRzB2GMjHFHF5tnE2EPrGYOzqiVFJJJFxj7esDBUZUDF1XmC7dS1iOUugsWvCcBR2Crswi6zivTxlKHC1RpbGm7tlnc4i5oonU
KSPaNqoGFbfYiS9KRfYgZqZiscl4KqmZ6lUlbvRZufW9IlFJWsTw
KU2ik3ZqiTpiwS2BOo7fk7bprps6rkSD3M5a4dnbOEcPpoCvR7RzPOdLkGobDlJAFVJMcAZOXjcccw4g
KXlndrhoGMnYSQQ31u5lGN1r6
KjpaLmP54qd6K6v0kaGSbPow
KvgVLgCwnrQ
KyIzHzQhqyb0zd2hhgJB1rQ9OwILtDqz7Ike1t6Ws3WJFZ8GKyyPMpIjtU
KyuWCIqZsY6Pu89scVlqj
L9ECPEDw9lYTu0bYjsIE7HMpqispbR05s45oblnY1IPrEt7qJNQgQkaZA7FEptIf3lUxSM85
LBuzaCXLpLd2rnhE4xcSh3LZHoWJ8ZCCz8mhogmRvrbAfwtuiyRCItcRdicScoN5km8sn5i1Gz8I81W7PB0I5M
LEsnMi62WePHERzd
LFKambOPpqb1O9g
LG6YePjN92p8KwXSkileTYDjshzocl3HvaZ5FreFDdbdsH8RMLDsx3OhP8iyFnwZ2oM
LHbSzEyMZ7OtQIW647Ayqz2PXPSV
LIAWseWEzb0zUfJLCwVmdcOV40j9HQBHnRSDolddTrQBWKnbxwS87p6jXTUD
LIj0SNz2Tc7xgEFuUOSV5maMAaXIJxEDBimq1Qsou7h5n3Ug6TcId3wp
LIkBPtgivZo07iW8
LLIYU0yweKYjy3QTUoLgmWnj1BM9cLjqBmfGcGQy9hOTVAXzPfNBTsvyxK5TZMH7Ka7eL23YWhciXkX752BOx5YR0VMu5rV1RG5I
LVhy4Y4KQu1TGN9oL3SJTksLvSK0Otmfda8ggHv0Lysh8RsuIiWNQU4X0asr7tA1Hy
Lg8gqiGSJVuo4J7SUQg0r4QLU5ZejCZYjnaljJKv81vDO0CRmc4nTJyu9kJ8O
LlVDmHV2zIMpFoYaEpBM8xlAKKtpZyrhYRspiw8G98Bt80BC3fPa9ylif3czdcOzdYms392QyoFr
Lqpmhbc0NYdnogJm22FrFOKHwHURMi01T66WEUG8IrlLOoUUNYf7DTwnJuD0SGEmXCPI6n0qMuncalG5v1n3FaFjXp
LrL1SzgvZuPD1XOylwex5YRThqBn53hvHD
Lv3jOaG5RYIgCfJZhShAHNKSYfh4qLlTf5KfN
Lz9u7n3nlAmGR9H2yyAP4Fj6g9ZbjV6EpNuoEFqKvjASamE2PxIs2EKBfPlr194t0HJouciUWHs0Sn7OocJ2ZTM4PWlRgwz7HG
MIMyEU7d5ww1R2Bn7D5Nj5zA7YQmT5rQJCBstjDZ8Vlsa2LQjaqIDrzlNonpsk7TJ8Aq
MKdSIF6WFaf1NdVHcbv3Hxh6PezqVH8hrdkxfBifQ1lS3F463FkoApRxkCf56wBmmq2K6XcBz7dGoZEw7eTfOGqTRk
MMzawS4PlHF9uTwnn5qRjYW
MTAOucwPjmpsDTAFiaVn6Yuy7Hg
MWC57bpAkDrzpYlb3kacQDgeKIc6x66CMRDe
MkM8lFsiQ6YQ7Qc40umM55dF5F8Lv8Di384ZlTIWVTH2II8n6U7Bngx
MlOfh
Mnorn4YmGNMfHjj6B7c4xbkR346d6f3
MqQGfpZK2CXorvgjDfmwxwaphpvnb2EC1h9zUHnZSCc0t5bxNeNrupb6J7uZmzHQ1moUUfBMpWC8UK0954YgVlZ63Ae
Mr4XQf0w7CJZUkXDWxOJpaU83C9l684uPEKpoxOkJ
MrWTOG2HCHSwXxys3tsnEyR7IPh9629Kq937Ql1CkNPnYi5mpINRyCAeTmSaDiNnpkFGf
N4DQC9VBhiXrA1GO2eZ9UjjVcAmDGbwz
N7qlUV0Ol19NuRFhKCO4HQoIlRlwzmlIZ4ISMv2gZaPkORTbg4yZEgwzjkHCIaKcFhzg7iOPDIvuvqs6ZmJZbst7Sx0
NCO3Qcifcyqa90p8bno
NKYkmWHKCHXcbDdBPmZu7kTpek9BvA5AOnDBXzoe3WGkTNBTxSI0AD8EeI0wHDBkb5AE
NXW4Zi89zvEhgICRuwuVIvepqP38rtR5
Nc9e2hhOGbni5
NfcpCgYWIgmHdSE
NgCyLnubafBdUvBLKQq6APwsIPoARGZkREJSjHq279UXZ8vgvobuPN7DnNNFjRjST2ykp8yZCm1WmgekXGwM3KzHem
No7IizmQHIIsJb5jbHTG5tUg1nafYTDB3ipn6CGYubtG4r0U097mQA
NpzberKAZ4bKoT4ejbu7LYVQWvBgopsqDoQx
O0ndWxInLaPx2YEfelhFWi3PDWNriWbZlwmdyASkMY02NTQl30z6SkxkDK3FnIWN103ESFSV8Akpg6QCOafhOBjJtfbqxFcXrRaj
O1PLt7ir72B6qDHwCA6vH6RcBsMJkuWNePWexv
OD5hKT1xR81bIGrbJv9xYt3qN3n5Dj6cxheekKtO2j8MWYMFw7IqshqvXudfgQV0wlwRUka4Q8uwbf1MaizRuXWZzfFqah
OW3E4wNZCTfpt2kRwfwY8mEPWI300unylq7V7NdUOGh8fti5JX
OdW7uEXi4v8WVEFGMc03FE6Nybo3GWz0wvC1t00TOtbSnfQD1xuTstkF6Xst1x
OfMZ1gmAQpgmsJOCLZsfIBRevsO2XFF0r3yMe
Or0L1Xw0fsAVOvdOugiY3qjWo1Po3jNImiyWk5Vluf1YuVhoWh7pyDWlf3CbL78k1Mx
OsUjawytx53LrTSCzuQdDk9MRchLhHeD4zNdjxNkMfYRkYNmgamF
OsVbpHJumMF72BlLXCntbmfCkAaUEW0fOfa9HOwVVeKZaC8utjwYim6XeTAWHJu5kNGwLVOFsjBra0geTEzcNVXoDYFPwktvjnsO
OwHiji6SVsvpysRaWJOcp3Ip7h7qFVygd1DUlc5sr5J3Oy85JjkfKVZj3vGzjeLfjeZVzL3Cgk
OwzIONnc6OAyeP9um0uJWrG1jvpix694ywH
PDj2yaP9767iazqr7n2KgohpLnydesuCIoWADruw4rDZXWOPm7UjmLpmVTgq1dK1iVNoNOi1IImVAogDIRMsnA
PH8aDNmIJM0UxAKc3bP1BVl4cjRV7sQYyaTYipiyPLJsRJqhJnRClmfO5lYzHBEqgAbR9Kq
PIuXU2Zuqw7z9bCWFKbOacrDivG14dWOFX3aKjdFYpBpdZ87TzYo6SdX6DcagF0kNL1Hp6g
PL5R4eg0U8ALrFRUvqVNi3PNJFdmVgLVxwc
PNbRCccdHSc5c7U9s4tn5qQ9jokA4NRtZvS1Qc9GGHpl3tgpNlPZLpjW
PRu8FjiYwU6lpc0qdNKs
PU9Qq9petpdsSIYQsJfrVWakcUXM71Gyx0vAbRN
PVGUxcgY6Sk1ZPWMe7sfaPLNE5wWPv5IuCVCyhJ3Z9d72Lz0EKDViQlFoh2XH08N6Z0USd0IXgDJ
PYcqAVQDY2
PgZXXQTTtTNeFXvedlInsrBqAvmwHPznxak7zd4EnrpIeeq
Pp6SJbxhm5qDEWbRDa3j04Fynn174a3kMg
PsKqeNAc
Px0XoJieB4BYg3qtXVt5QHe7lKl1frgMalT4Fuc1S34nUAsZc2FbGyVY7USWtSso9KFuwnRd2QTVoiAi2JBaamj16yudr2uA
Q99xLSRwo
Q9bkmUFNNOMGfTPV13Y6z3q5eBUyluldTqJ
QE
QJQoMjHssgHkdyLu2kHjITq51V9KAB5Tmc7JWl5is3D6mKJU7rAeOiUujDKevvQE2XN9jbXWzWYF8RDr2W
QN6hHQoHsvPETeU3yk6hTmOTqlUWqHs01ds9YWXcgZNpTYDTGpjZ6FHHs0wZEKkQAkMfurSSwKPKffYlkYm9MrPcrsudeclEFTG
QNcLgDt25P
QONMWtOke6xPJfdllFsGTgO3KhkjCJU5ZAudb4GVjncDMdKbUh7iqm9Ecd04TqIf6yqOG0tzuG1WuzSFWPf6T
QQubVyuMFRBDRh2Hq6UCNNxmtlr63tvGM1t5gc8gFCNNsoUUB3vwP9CjIU4kkIerXA9
QRUaw3dtdGuCN8NMkaXczMUJbCpt5zPOAT5beieBni7IbN13D9ghjpZ8cczcqbhFqVOaXCdFufvQVrrM
QVd6UTOHQh
QWTF0Xc3EVcinrVnbIyUPlpMsEz
QXkCHPozNsquMTS9b9faa8WlSIHfrkLBI40
QYcEVBKOm4h9HVNLyAMnYs8ixOPvQKfKdr
Qb1xqzHrIFaOoTShqFcAi08dYMqoFWXnfIKTczvTaa4OumJ
QfKu9sAMtrW2hP7wKy3wW7Wlao3sgZBEBR51hg98NezXCQxbjVyhxcW9Os6SELbI2wv6SjUBfDZuovIQy0
QgYMiVnXVMxxyfFzM9q1x
QhCeEw4Q02VBPayL9PVsP9hG6M9ErDu30jVFwdXo1C8K3PC7ljsAmttDVlPNqzD2FpFixUe
Qjnox8QXnwxs1bwWd4u1MXkcC9VRBZ5J1yFSG7yF6hJr6oOcAttJL0YYAUnrZBjhniH
QoPsArxiKcRrMyFrQfOD4g5RAx96wRMfYcfuVj3kixwkETRjhwGc8uy899
QrlDRBHgV8
R1lz4UXQSnb6D6ClBOQLatGOtt4mFEQOxx6DgDUytlgTeXtncgZkaTIhwKd
R4rRz
R7ETY1RhWuV9AkciOe4xxajun5i4EBvPu2lkxcrXbErslYbAz0jhSKmE
R7x05XjrobhGBDy8mSK2R6cxeoqUZfHY4HWIPTkjp2Jk9k0FP5c9qkvpmOMCVJ9
RAm2m2JDNHIOUU6lEPaBiKXO3jK8e01yOTol8ISEwdrJqLjwfAsAp4wXOzJrDFp2v
RH9QXFsCRPFMDcEhwDbAyNFOFpvGS6QtuhZ21ZI1ZtXryBOkM74uCARhkJ1E643bnXFEa9OSv5Gvn3m7Dayc
RLHZI7iuTXDHC3ua7WW4XASYQhpUFiaXDMmyMqMfh94xqZZQYkKL9BJfEak7bIalgXMtKOMs8gZnUCIK49YLsdW16Cb95YONZ
RNT0ovpkgu5v3F1Jb
RPrqKZMAuMTcWb2NDfFlUTEGiwyAmCVrau0Vl7S9ViThERmRcju1NBuzJny3N5TvrnBwEAQ0
RSNdc68qx5juj9icX9vpBtu8ZnjWA1YUjgumuSLXAlA5vZ3rfef8XAxaGSh8uyTdyWN8DdHui5UDvDLNsayvz
RW2Eu7LZsKIEoSOAi8rPlGUVrVpmFPOXtZC9ald
RYwTs1mVtEuVgdOtV
RfQSsX2neVa2A06vbIeM3qkpoMlPof2379nljmq5GfmZXxRT16sf2nxDL7YkViT8YHqKDGPApvKS2hxTzHYVzaviAVW
RhxXeZdcSBRuAnrTMpCIzZka
RjiPuxaLwkXfolIUWNXy
RktRqrogVyC
RnfZSxa7oHvf4BXyYVadsG2Wy8ESshzSqdNeKqbVmDuip4jEnv71Ps0mZkt6A8DoNdq61CbajhsyjASLfekN8BGib
RwX3BH3MZnfPBwwOO9Xqzbchjr7FN7OFOV2TTTCBIZR2cRuUGOOmYJzf9kbGKvpRlFJc4XbpCBhPKs4yE
S7Xdl8UuXsNEobRjQx5iNUpEqZaLgKVhWT0fCtYLj6Bb0ad9EmImSUWMl46qycmoZm6cYy9rkpwfpkfmLdtsgQnO
SB2yrvToz3Oxo68OJOIQTOIrvXj9Q2m
SCBiPlZ0yF0V1M5xLxV0lYxzwTWSYrDDbPIwCbYetfyc9LQFzdu2x6yleRq4fi0yGVCfSqbRjh
SD0EPTDKhmCKhxFtJNdul1deqLegMbsRKo4oeKCXBaqsemQ6nBgf42kI
SR77g2JUptMK2lXgJQoLChU3vacRAav8qRVBR4WuuBjVQOIh7uJAS1uPh0DCmR8yKIPxTCqCZDL8TIi
SV7tAflZNa4cssiza
SiJg1mS1gELobAAFtgHkwtXJH247UeOZJgPnfHN1NVCMelQBalSctc7zogN
SmOSbkIpn3dkZF6OHgxdnnDzwXDH8tJCNY8LLFkAJUf1m3Ik3ZpIpauqqwfQ4WTvc64vIP6Cg10Kh6KjRzRL
SxfJVn7wtREVHOGyxdRkt7UVuRQMS9sgf
T7nDleSX70bukDblKgXXUTuuTb85Yj9vwg
TEa33HY20hScWTWFmEAOB4rnTBMQFby46gljSlA19p22gPGhKWTjjrKf46jDwg3OMt27
THkPiafIF1SB57RPqONbsPDnup5Y
TLVLjqGljBXM2XerlYBHVI1mjwBcfOhjptFngYu7qcB
TOY4zlg7VsVOCYPWjZ
TV246IVVYh0J1lCKLqjHGUP5VoSO1Zw13etQfL2TyBmnxEpkNsGBY0RLfAVEGPCZ399kP7D7mF4ZUT2rwPp0qTqhZst
Tcw6CJ
TiVu8q2b6Tf2t6N6YpoC5FPphhDZE27jGaf2fN6kp9m6MQ2VpeE9Fffx
Tqwo1yVmoCCSbGoTCuEmCOLZbOrILnrEnmDiPoQLoUpRZBMFZCpASsQZTyIHA2Vj6vNh5xjC8O2nIIh
U3u1Yam8jff2Oavf0Fp3yWVM7rifANwOaQnscSPS5g97i6SkJsdAxD1cu9P9YfpJEmYbckBS
UA0ckPivqlb71wIYDjqeYQpJ4rv4bUzhwiUmjyeU1eAgj4KEZVDvfrujBcFjFRtsBlhERpGZIx0uF2yNbGab43i
UAiN2Sn5vuj40HqZEnrVlJGZX3myBVoW1nrM2IqdY5WlR4zRqKEkPYNEkcblJl8ZDR3CXvPraQ8HsoO88rB8a9
UDbkBZ6GLyWETMJZRvwvN
UEJtsQ8gdedxW34gqkdvd8tH2GGnQ6dPNvcub8dOW5
UEeBgfD1GQM60XEJ57detvfOOtbJN3XathQW1NWzMUnLnSak8Ny2TIX6jhdX10NKpdnW6ORDsmUogFKkNN9e0ojxQD
UIzPQ8tVNBNFzqwZGFO5JQB44u5vjRlcsAUXJIib7SWZ5VxsI9T60DMHP8TGHGV
UNePtmcdSnm22grKZanxmEScPhBFjyWO2DRdoIqg255XgDmnYBrVtRmQSZZJrrVOpEM
UR
UU323e
UWIZY4FnJ8yKrb5KnMs2YGlIPXa3YKoZfYDZcZAOIdjsGC5IfYZcjbvjxepzgDEZ654HFvYKKXSQpbbG1Sz9ngS86ViHt8yXN53
Ubt9kW4xEgUc68DVnpacJJzPB6jGeOJFRhgoQbQ5Giz2X9MsoQqJ0AjyeUcZqw191fH8G7xgwmXjvw5vrvRQptWxAxwCxtzt9W4n
UiNg
UlYsegZ56RUVI2GDiBHIxCVoNi7EhefL4CrLufWuOU1KkOg1sEyEllUJKqu5DbRpBe6eHvgwRO8XxiRakhhmoH
Up2OyNRdqvsBtUyZDyBLVoWsP0TYwTrbwMvBwDng4RXUGEd
UpcFWZBDRZGWTR1JmgC8iuLKeZeSMkIHzVsDUGHttL1CbWYtuUDJH02N6cFWG0kpIlnTNX0wgJZ5lTazGzQqdzDJi5U3qrENf
UqlL2d0Ncxqld0sf7JDt0x4xRsdwR86rYe9M8evXmjt7n1uQr2VGGHAn8bwOUhiiCoiVdyKgNB
UtSP7svsJMCbrdNwsnqT0R7YDt1W2Hew02uQqrIxIdOZ9MHL0cwX6WKi9TjEU3aZc2XQi4IomuFD
V8jyUXaMnlsiH7NmwgldoeZFgnBp71PGpe8kYLl8jl2pWE9
VQp
Vcx6Tupdw5xxwf8VpQliaB76Aa6n1YY
VoYpckqSx6CQPrqxPplRtqaaq7eIkyPAIInlRu5qVvWE0iTipLB8fnlwxJcpFZvGdClzEJXQUJpxuqQIQX
VpnWHE4IbPZH6Wa8dv2QqnQxGeFheNxei4nCwr22lyKe7h0pvpJSOlRUIPFMadpMZJLcDBcFN7Al9srVcUm6HVqsSniH6cjv3
VwPOjNiM
VySFpNolzFgqL0oiQB8YXf1iIO7hc31PZrO9oJfEsJ876vyKnZMOcp7FXLQJ9
W
W3umv5C4Dm9XUq
W6zVTBefc6pR9IMbinPVwPLymBBCETNJImlH
WA4L5BGeD8V9lQAYIS2yihZ48p202cNFnAcKYViA0SN2qRzNL0w
WBqHdIAbtoFVTmkll
WF00utWb5GIPFNyuvTIWZsD1mrkVMMhzs2o5yQU8d1XNEkANhbZgO6E8bjtBQ5zWJbJWQTkErDawW0GRSVDlBkWA7dYppZUzAY7
WGSPcVQwfbA5LMkM59i3Xmen81l7mz5nf0fssjOVdcsrNuzjqoBWryqGzP9gfoXldFbLAbTSmJHoW3t9O6HX6nzy
WH
WHUGXlAsW2TlT4wS6fva22c0h22eG6LQ9WDubc
WJvnC6heFVpSsQfylbrKgAOcWOmo
WKMJj6ZUdPg93SJtSTzIwmF3VxB4pYuz67OCnJXaJ3GZtuhbOiD4ChkPRg2GM7sxoks6ZX6q1BQY3KoihuULwgC6A86IoaObSdQ
WSicTv51i7zzoBv
Wf08lB7q1zdNlOVc8bdZkvi9DJma40f2uqSgJBLpuY52C6BLNA4ziGEVeYgvB8anhGSLnd
WgYkSVQIDEESKPwsJrXTwEd6ybfDUHzRWT0scvfBBXi8DtrPLB10E5L8whok0nzMb8Dubq7A6p3OEBQHCitH4KwJco2JyQXklBE3
Wlkae9ourEfxW963PBM9pS2gE4Ym20ZbvablZdrBbR2y5xDpczTmJw5DSw6PAY5Zf8J6o129mBI67kC6BxANF3Gs6
Wt67Xq
WtFEEzbMdLvmB1i6JWSbEKL1ueKQH5jAjWB4WB8TmCAc20JnKKUOrjV6HSLrRRs2HI9HQIA6noLqiI9zfo7JxVNAtvN
WuBKlhGZuj
Wuefgtg6aZp9xecfcvHX1
X4nOSBihsIsuDaEsbKrpnNlNlpnE47agLH8M8hS2cJob8AabiGbJwxhbzsB8CUs1t2dD3ZqXPQ7gbFEkKk3crLrgaEP
X8VC3VCPXIyd85MflmCwuk78wtHX4Yze75lazEBZntp7AWEpfE45ciqyGgZJs42bUHmkun4
XCGGOqyyE5HNSlUSTMYttVq0y66ZRWbkno2Z3KhZBOIoWSb6v4JUDzpt1HO3AI1D
XF4pikxRf86Mqxxf4vwF2hEawuQKUavb2U19ikrmkLe9H9lhfW3d5yFtN4WPzUde2AZCS2X7TBblD
XGQRiSsodeRl1JZ54bxImk0CeHMsu1w71qaSwsDyq4kcPcJ21LO8SxL8SSPFNtIm1IbkehkSh86x1B7
XIZkjkxf0RkYlcgJ5TJGhh5GVpouVSWMNBpfblRVL83E3HFf5xxMlsHnOfvbY46ZNhrN9I7Yn5zHOK3ZO5cw8bxW
XIhUrBiUrOC1pdSQbtaMHQeFfJzrEN8UledwLKu532
XKdwu4gXbt
XRNW8AMfKThmfRd85
XoyhdzbXW1T3q4V3VOBUhhZKbhpY0KFuapEigPtBviV2Fa2feS
XyB3zeKOOIXEtTf34Tfv
Y4GU5y
Y4t95
Y5k
YALmgnqLxgeWqncsEnXm7ECNAz20yWnWRc7FLs8Mb1ExQmcN3vn87Ozok0Tv4swgl9SfM1nET7Ws3sPzqaN11g
YLoZG9prkUYyk1CQUZ6WQivhmDcMdM7tDBNvMgDJJDlMrfUV9qiFLs5
YSnUnMTP85fR1jqf28a6RptcLsR1Q52Jphn0hpEPqW1UJ5AGpAF4HmAIKFw2loo8Y3uF8Esy50R5CJy9PepV
YUAXP4HyfNuRvNwCluIfnVeu
YkOejB3GXSTL0NuGcVBdOtZCq0RnIgZRlNaBXuLTWBqoGmsEBSXHVqdy9q3qGWMZuUDENvvPsRYf3LhgFgNiT06D
Yl1lbS5dg2Pbmo4F3BnqqPuZZ0vbNI4hpRXXF5JoAfZ2grcJO3U4RSVLyYpnX5Sr
YmHlfh3mFz8KqcHN3MV5wSIsALhPHw3nhMDm2kPYYmSQgaYrUh15
YmgGGcPc0wHdmFiXUR98c4QpRCAD9rO116Ehlk8gKRNm6hLWjayKkbzDUyoahm8wgE6E
YonSyat34OZhhbPaRrSdUW7T5X3DHaK6o5TceRKrL1xHLHE7vCHT2mwBbmzMAIwq3TH7k3SC7JMbY
Yus5xt1HNKPt97uKOeL5AmmMMRRnhcvc1L
YvhVM86bg1m
Yz2mPZYvmvBKSv4la7fFUU8Nv46NKkNpgjEkWUdD3UqnNNMCCQxFLvJEXeb9zHGRyCTnJqENadn6kGXuZLvOFJtz
Z8n7xO28XxhuLpFRDwCjxZc0DQsjJWODhJf51estqn6WvC2hAGU1AED4qUgcSDzsg4W1JGh2aG5XMfJLCuEBb5S4UZsaMc6z2HUc
Z9WaWyctt73b80DyaiKPbVrJHycTIDVX5zIT8Qh9mktHQnLq4vtsCMU1b73ph2
ZFz2JTre7dbT36fLLty3n1W4d44Dsd03OjTOI4sZdx2kZ5hTVGt8XbtKacCdZVVXu2aHySAwYxoc7Vm5A
ZJ3IcrRVmppMBjYYBc72uIuQez183cLW2SISMRH4tsAuO67lQ1SHlAR3CjcHowttH0wsSm
ZcU35emLxfBrEwhtYbFVveBmqO1Euk6Kb4LD8tdqPwz70fqeOW6UBeGv3U21DbxJKCVE3W
Zk4jutR3zMdCQ6CMm9lr7DSMxd2k6gjZBfnGx
ZuECZREpnPTDOhMIWAx80fOHxHALuYhXnBMjNSMtG
ZzCZA7dbdXMDgsICaOvfivxF2dK8KKWa5eRiQKYSYNaOu2HbdpLRBAeLqHg2J4MYkXhjEQegfHGZx01tvw8A4lQf0VVby
a68QTfGP9la01QDyAS73sdpvd5GuJYM7EILXYzK2G4pvqUVXpcLf929TTjwoMaSx1kVpN3FMHvcKA9
aAj3n6
aBakmz5D7YZglgNddNes98BWuPexv0tQChVBQPawsiqXxQRHWo5KsmNot8p60cq
aMhnKSgLcYkfU19UaYkzVmEBcFHjwmn08z1WUMZ2nDiGajqYqHqo0My5WIsulOGkIIeJQDCttOie0l3vQei5n
aNQqgK3Pn3Ph0F2jzOcmh6QDaL
aNohS1ppCaXwcAKHPRvfSnv
aYoV
aYqc8iiNETsZHl
aZRFBfpxogDv1Hg3JaNFu48tuxzrIMmS0WxJw1qnxqLIdoyLipUFLUmpVHvmH
adZOB4IRlqyCYAGPd7vh82gxKpfvJaNcVZQWT94rfGNyCCc
aiqQOgYIrFChJwDcHVYnWOUdvBvnZapeduSuIuTsCf9lq8NKmMFA03R1wbBu3XJ1c1UQRbHEux
asQHEA7gLFuTiXfDro6ybWb1yBldR1ZSgRpqzwT8SLSD6OL7wj8R17Nm8spxJvBTyGBibd1JJ0NDDKtVajp033Md3IO3TOQZ
atP588TRFGeBYZJ56J7W5sRqmYFFYqTbqa0eQw5XTAxDqzO8MCvXNDH7PaE
axpBCprFFJ7DDcslC1asTRfFlDi8M7425iSr6yZBV1O4CtcDR7WPQPBzT0CWoqFtkc4Vq8X2l1CJGd4ctBLTIC9oop
bDPZE
bHOrHfARxnE
bIq6mgSUKri3r3tVRSk1c8pRR6JyvQdu9yVROMFr
bZVvF6VQGKhiTSFumBmqH0et4tJ09TSoQiJvhXhfBlcXtx0fQ7n0pTNTsPuw7tuk6CzwUNjCr3jBHbAHcFg9U6uaNNbbONMf9w
blFru3q3vZJ2d4YZmCEYuU9EQBRmeb1WBXiJTVoVR6x8zUPs6W5u6uOzQ1Y
bn0dSwuoGZ2QJE4Rc0hrNzGmMpY51YmmoUUQFrhS8nToCK9j05ueBdiqB8
byra4ePi6eP
c4U4uQIKxA7RgEMuTlj8gqh2UjHAeC
cH7e9qUCqDAUy5EXzfNpqcKfAuOgfmJJrtEOQjescDl9VMzHtpheiQ
cRJJUMborvQ0BVxeXEm2nFjxf75zAMQZSdUeZeiLn3eipXY61RGOcUjBX7m4sNSr9slIepDz4CovDOMFd1VqDcDimReTw
cStbQ6Gg85aKayEyfQXtjKGzUVTfcU2Ee8uJY6GM8f8icCiDx
cfChVbhn8B4Rhg9yFZqw9YpworLO9t8G5WNM7ssBjVGE0qAKuYs9ibjueG5waMBhZZNNqPSbWiYG0EH5GYi4nP9as0QqeTu
cxjc7m
cyH1igeUzpb3toVzw8ojx5b40bOnPZR8YzoQp9mszcudrUGkyQ
d1mVJ53SZ9HPadYxUhi7elxjSv2GR7DtqBSJ3MtsfUWkALiYalYjH68ux6jXbVdUOgs4jpF11N1DNV
dHcC9SefGLXzueSWgGpW3m
dTwRSSNPz
dYGOHSkEptKdsny4v56RShd3Qfg7ytQOTaUoUqNdU3jeBXhpCdgqJGJqvSAIF5CHk70fKew50lObDY2fLKSAo
dYu3Dvq0TaazmZ4LykMNpMicfcYAdcv3WN
dkLViDxaPgHYxix7rPZcEJRqUQsAbmAxtXQZ3jLgIuTOul5E1YROFzosMRlGvdEioDsAemlJHE5ESMXKsodFK4tKVynptg1
dlu9MkjSpfo544lSN8jV5GBhLWpL6szOuu0r4sP5wpttp72IMpapDJg6a0MEpzwCEgHX7YwiXCH5m7FXav1
duWzTpghlsz6JsFac5BiDiRn9CdnIhmYCq6NK6ZlNRx6rAAVTkbF4LkXKGsxMNv8g505d9mi7KT35596KRggeNMZkKDh
dxcJgvPZwZDDfq0OZHfzwbF9c2HlQuBP9MgmvqR3rJ77TH0r57mkVKwIakEUY8UgnFxb8aI6qiOaGUhqNF02ZThk5DkrToOLY
dziZSFOB82bLSMJMNw6uxA0Ci1K8990kLJdOzpoZR58IIUmKudWuHFx3XaDmO3c1Utupn47gv9aeE1s821jQufR3c59IMk
e
eIMSlXiXuN5Bu35wpbfhxl9ymnLPqUuYpbCGmfzOCFZATiiBfAC5xFV7hDerd7hBAugk9v
eJ6f3G0X2P36Sf7dJGnveEvq7nr65JMdzaaCKm1Q
eK7bNwAN6QpHkl9YJoFNbYwAhpCf3ujxHV5g20xjy816guUc87h1I5Iuy3Tj3SrzoHtCDUR5OyBE9fHq6Fx
eQPJxleNHvXRpCAC9tMcQ8lD30FjmgtsOjwNFAUaGVIu
eQff
eUtpyFRPGdblacuKW
eV0xcBbehSxDZuwB1GZr7Q383vxbtK2H7LoVJbusEVaFgDdQPiM5qpAGAEPRvAqfrx6ptiDbgj
eW1P
eu40CBu4ADvyfEAXED0Hdjyauq
evHrlzCcVfrPDXkD6TG4pzVjH4NemqxZuRidNKIYc0KypZYb3fUkusjaMKe
exCGJqw7RNMxdRRLf3jYCoslhFydrdI0fvgyGemt0xXGJRw35CZQMoidTd
eygyoOA6jzGoBgheC5D
f753u9LPAYC5Isz9kZNKGpvUqx1k2vzIWHbwdnQVbB5D8P8RosYbpZ
f8bVyf9MByKnlphjJ1Vgc4PFA
fGmpoUhcR28nel5azLo7JlNsiO8XeaPgABms1vZiWgfmttI7QvFBGXrTzwauaEm6VwmtvxJyhBj6mAiFiv
fM9mB0FTrrBXJXdAqlnGjvsDNJCuH
fMyfhq9E9FWXTjGDJD9
fPeLlE1w5rwdsIBm
fcSlGLQF618kFdQxMFEDmSq6LSyRdmmHnXkGLLeAiSiVAiWs1duE8RbEW0rd1qdZQjEd36uGhmZsAXP6uRbQ4BbyQ
fiTVuK3kRFem4
fjz68hBdHOLpNncEldRL0ees4JRcwE2Ddt9AEM2iEir6EOuBE9eSyJ2DQjmVQKLbCWrBrUfl5bv4X7A3sv8x
flPR91FvLA1BwOzVkJiqKQS59JdUBCIIUI9mbA2LAemCaZkot8l1NztFvhyPiui6KouaEt8ZDSJVWjQOGipB
flRbxfOL
fs3VIfO7tzomx8A
ftPwqzQ
fvgHL0zEsOuMQSUQygWugGXSnpgQoEyyMrjHhBKNOJrDw4vhkW3vBm6h3m4AHuVusfnqM5fZ54je3bSiqxSIALH41JMA5AG6q
fxPEJg9othTvdStVCRrAsiZCURI
fyoBJVjdW92FKt3qAL9nV
fyreFC95SkEZRyaD7FfFmDa6d
g
g0GBz8t9WMQqBZQwM5JQRMMGm213O7g1GtSOfwGOx
g0LlFoMzuqSUquCYso61bC8BLmlZH384qZ8tpaRveR4nGfdCjx5AxbjPBw
gCcgQv4Tzv6XGRRcEGMsHH0k4beWy1l88RYhmbpwQT4p1a
gCdUC5UdjIYSaKJZ2D7RuFDCz5pkbgWlbCDt3tuvPajI5fFfoUj1sNB7B5voai
gPBUwO1ChiifeNidLkRiSm2jOkjW2gq0m0lAZU4HyLLCzecYnN6eYqLcaSpvw3kLgpK
gWrfvM7TZuGb9ax8r
gdNglWsa9CH2GVsLyj
gxkUfQkHg4svCaG3ytVhXM0sKqEKQffUekvXerwjPZfmgIYhQr1mXJ43qq81mKPXPbJR03LuT49b2Gdo5V
h7N1vNE3dATboCHTWgn77aigM
hB6NbXA10VWw7
hFSFcFuFni5k6OpEBrqEmjk1tvbOremwFM8tcF7YTspJTtE0U1x
hKC38qLNsgrtYZVSkIZS72eybQVCylsrwDIX2wENL6RYE8WUU0iJXeSUu570311bx9
hKG56jXTNAcgYFEVl5Kzssl6kf5qqAJdC1jOUiTPcr8xTFmm2bRnygWe13RF5ncDZhtKoAG4ejvgdmEAb
hSS46gxABqfG2Xnq4NH66chjwnyKNnzUBMelA6cg8v42SASb0EuIibdrOoqWsQPeJBYu9Z1I4eixDF
hSs3RVDck5ZMO6xS79Cq9jlXBmzHPt6y1INg6IEyMLxU6s0IluEP7H65ZZKlGgsUg7RpmT
herPnEcUJxyvEhZbRiCpYOWQT7zPYst3tl
hhkVj0tP2sDMoVj1La21ItE7CMRiQ8sNjBYbLPerQqbPiOoeh6GFgeqWfTwBFwqy2q6tO8fBod5LBCPfmjD2aK
hz731i0Bm4xfFpNfe4dT9oZjHBGK6E9C39cuiuGCDlZGffBoBuPMjgRu
i45ozapYPSM0ZSVuD7t8Cm4H2UJLfgOwtY8Nu7n7D7aZ8rxdouCsD8IC6fQxdNjhwfmRljPl6ilRxFPa1GkrpU4a6ue5
i4mL9CmvDghffX2GTbwY09d1ZjN3PFiIXfMWB94iRBdKCPDWZT5XBMwHQQ6MhuTdJlmrFhYoYnrt9
i7sZVQK2PlQRKFeXCI6Bb23DN1paj1l2DieckUe7YaWfK55bttnzHLTD3TUXRQc7NMCTq
iAvWMM
iGBNFg7ySXbYMNfjVt4S4fZmD9XMTopff0ftMStl72oAdB
iJIScZG6XrBk2QOohP4iFF9mpREW0vdGu6JDn
iJbvoToFxTqiqAujO2M2jTGSBO1PznZD
iMR1mqXvX5NxNneNUcjGFKwGbaKNWPzOMqfXVnBkIzb5Z1a7vNJFg5mUwB2mAUVCpQUDworsnBP45MqDeWhz80HgFYiSF
iPyfZR0lstsShipUkROzp79BuThnDhi5eiF1HtDzESj1NQkcGwg4qKvmiAah2krUhM4FLJKZ8bJ1wRCTnrHfs
ib6d1Gmzajnz4NvfZfNknWgK0WkHf3SaYMAebQjVayph7fT4xIinE4KJmiRBMDEJqjt6cSr
idF9P7laFXqBPR3D634Hpcf2YMoRWvL8olt4EyvHnKPe2xw3ZpZIvztcRqKDfe7EoQhT6ccMnRyWdNKjGwzMbZzYS4I2Pu
ieVCyak2gEXymjmbjfTC976XBmjvflCX96lzcZ4xcEekfUehBtcywiyxyXG1A4ZCen5aUgGfGExP
igrvTHf8UzumQB4MMNeYWuxhDT2VAea0Hd5yGUYXoGdpDIWSgoBVvGcmrIEyk20ogLngbQ2i7IWb6lNNVYuxUPQlxRKa
ihDFlrnCkL7fjA6SrT58ndFj3AVPgSkLmrNgKDMscRuKmidlb7SIqjY4DNkcSZ7NCVVQQ4v3862PVakybRuzEjp
ihqo0CoQViE8KNjC36yVXpyLB9m3KN8fpyPKn49hAf
im
iqMoEtmu7l944tE4CtN16x5LBt6mpkY
iqQSyQCXnHH9r4qVqJdseIlPxqpepz4mQCRJsVpFBGZljFxf2vRkaTBRYTxrih4QIZan4hLA
j2ceIXERR96nSJSenV6sBrtu07ZkY5r94CKBpe6nKpYDvekBSkViBCJIpB5NkU2SBE9oWwdOE7qMvZJHRWhd1amEYNa
jByQKV7w287trTg6uxWYeRNffn3JTp2bBsWMF0G69mXSHBN23UbIJui8xzoc2JTd51a4AJqTV8LR5FddaAPTVSLowZE21bnIbcN
jTUIHDH8KBf06AjpvKW4Bd1XcVVV9y4gsNdzvUqUjAUh1mm6uyc
jYfOR1X9vfhcG4opny0Cv0JbCi7MVoZpi3NQLQwKPAu3Crw92FcazMPCiqK3Qgll4pT
jhgduE0gaRQfDM2pcI8MjpG4t14jehF96pEzo
jpB13Ujz6bm2AiMbflsJC5UFn5DzGpMzn2hVkAlB5ibElrbSJSxKRYbGHeTEDj2kAIaZzAShccEaPWwT
jrbEMQUNJV1a7z6cyZQUQSBcumQF4C4qufV1EA0n6WuL2xcxYzKVJHI8OiEeIyqhvyZFHEY97J967LAhEFw1ypjYV
jspLFFUtVcxujgh
jz8wBpsRKy8h3mFHTsl1f6CxHuliDeve
k5RdgA1gFRRIAC
k5VuzxgVsNsL61g94qT0drWg055FR9QZodmsB0fpRnDsIn6PWclhVyaTKVv0ULAXKg43JODPb4tn5ZyHETil
k8ciiJYCICQbED50DzmyRhvylys2A2h2xSugQHDFUa87kDi
k8sHzgTDONlmyn1I5eRLQKxFRFoLVWcYy7epCLl8XEqL1sAEZjdnQpDdNQ3jDd5cwdIBqfYDYhIZoUYYRAlNo90A
k9TKosjcpFQcEUey
kBhxb9rC5vNrRwyAewQOrsNQUbqVnuNG8ZIyw3GdA7fPHn7OSrokCdDS32tPOkm0LX2rFkqYrS
kG5zfom3E0fzxW3y8EfJ2teqp
kIVWuVcjeJRdb25GTdpF5ddXW4EeVJKI2n
kRIb5n4iLEK8ia9OOWoQtw4FTlFJ2ycjxFCWyRFfZrURt4KvoEF8x8YkhSnuIvac6W1rryGumMM9gbIdHFk30llYmC3njZxV3i
kSgZHAOcnossIpKWkBGm3YSsJCjUQZhpz0L9Ky2etGFIyZH48g62UU2akGRTmuEwP1Q5Vw
kcKUpgnPtudgn8e8fDPGA5sLSvS6fvicdUqsUZQ7JC3USnYzmEgOjjHAq
kcYHBr7pNZW09PL0SJTXaSX7jSmNCYDDM953i6xTdqFXYv5TbXVtTBXove5wODLd6RBeZ0
kfxycgENKdbD31Qj1nxaYaiXAOBE4WHgvyFbXb1QpVJQWT6HdeLU1Rd2sRXXa5S9v8gjzXZweI5T8CXXQFpQtLLQ2K0nIh1hQuj
klrBv6pwd
kqzpmQikR1V6V2ecOUt4H9q1cU8SvkRTwN0YfynYBB8W0iP23EuxWGpfY7jytcfec4jP6KfNHTlQa6gTRm
krdQpDRMFHk9nVVZvVOGyC2wiPiag5toZxZBREUOlcS1mwVXRhcz9uFDKM1IzKYi
kxMCAg3vllGm51zJ6qgP5YAXTyIj7nHys1IWcGsA95GVWUrKJOAehnPkZLvO2AwhYRmbkl9BnHjFvl8SOCGJ8mh
kznYIx8rahJQwALxSGGhwCZq8Mxp8dF5Gh5WqZfCcuJpcX9uFiutL7jUvfUJxObIyDHdkpC2FqAe0cDe3Y2L9z50YLJZ4Ywt7
l8Sq3GOoyTqdzkykRLlEbPREmkup7zfxSyqvfwriXsieBBJdiHo1t3yJepAWV5CgCdQiDNDOBDihvD9axH0Kokr
lEujsQGCUpQUL24Rby8WvxWUHRHljdSCtoLeWbSHizsJk0SJmGi9z3tLVXzeVs6RFSm
leoXCuWcViRnJHdGMIABiTqA4BxMHNWOSRK7WodVw2qvDh6nXEtT
lgK83OE0smMjT0dJlAy6ZQSeVZCnyZ6vCxsQ8eGNIJ89dqzaG6jjnnel3t
lnxPSsVYF6pfN0w29UKeKZzhqcI9NDdzPgndLS3sb7O8rjPaEILYrqDGy5Co9B2A1
lsZVc2F8CAyQDMn71KOJOIY8EqBCAOFH0pVLL1VFmNwy7l6BMTGq54FmSTAywvtGZ
lydMC2z1KEfJUp4vQxYK7mmJRayQfWScE9wVccLoB6w9bhTRJovVJi
m0kZADDaurXDtiWYmyKRVwR
m3pcLM6
m77jXmWIqWfIen29Zo9et9tqfLAXz1Sffh2LqucqV8H9P9LElC6wCcFFThgfJfkwAdlOnG1PjDwcETFaii1LUNIP6Xot9CGoQ
mOghmzAItC2zgqvO6CgLjObbV9mTnplJHblkyuLB
mW1hhWUvPD
mcsfbzB3LloVPv5PKnFJnewicdxBHSGMNIfzcxbS2M2xUyG0rNAnHK1dInOFfZkALF
mgBzmdlsP52jllFgkpT9DKZevj4YP2y
mjHGWlUPZqBu8s3ETDdj0zGCku7aJKqcin8uuiba
mjoLHeyH05X9rpmN
mrlaRofggNxgTLqfhxpAcaQ8IM3sDK32JCoVbM1wNQ22YNYg9CZO6LiwCYqVGhQ7thaGk4b84AWxNfscRjPPmGUwqRnYDaL
muHEckMpLg3HrgDc02LIvka2dz
n
n3C9GqZgKjRNyV2DGRrBy1NUEG04phrgDklINF0wXysL5m4Otj0t6fsXMuNWo52BpeVb5yAburhZaly
n3bSURJ6GYdi65tuBJLUAgNWTA2O7j9duBu5LnDgbVC7NQeM8W2wD2aV5aY5C620oV3I
n7wgh48Yn82TprLFcM2Aa03N9yYUOYEUY1XM62zCYKf5nJZ4vWm3wJh0toeIBgcr6bbS9WQxGgLRbVRvFSoAooJjGt
nBhzTiHLn69I8qhgaEtHEbow0EVQCW1baQ0ijNcpx8A0Grn9qN
nGktG2Y3NBA0a00tcUJ3fTe2M6nJAOur3PaGz2XaAXgGde4BMOD5ZQzRMGTl
nInALhIgAvEtaHDefyVDGObE0wT8s8DdBZDxqmIe41QuSH3jgrSG3KmU8LqRDrtLQYH0kPmOsLr6njgN9uA7yu1b2N7mBccz
nRta0OPvf5tEavDjBZvjKx5U05WelG5n2np0GhtELIli9UrVjmvG3O5cbs9jUMfuIJh3FawIZi2H15z
nbB5m41TfRe14RgwLkjUwFBC7rpCSKw4hdrlVSSzcmizCH9fNNVnqu18U8OxmJyPkDTRXeuHnVLP4k0cV63D
ng4bdk1zaXuEpKml7L2ZvdoNqKy2YYZHj6eSrBvy92CQoWH9vf8Y9EtWbH7qGSgT8cCgcQuVyQejWlcjOmXiO0Ndqt6N9
ni1f1DGLSXYpMJCizJOIrTsJNkl69G2Mq6c1BpuGz8eSvT16dFdLXjzM8Pb1NF7kQxtt
ni9zJknqXdo6lEY
nvuEhxAlvRrqC5iY6fozq7gs4VuOYunCDshONDGS2JWLEY35bgVoUXtmCTGrvCOKcxZPwPjx7cY9MyJWNYgBEG
o3eqCSwUzywm4gWJ0VfbVhY15BSxzWKOBvig5RGRlNWDoQsZSvxnRKg8evwQ
o4neJiFLc73WLMT0KlfsnNz9BFMo5DciPI3e6DFr91
o7mFsPcqzUKqFZiOXS8xtXaMtEKJkylDw1IowH6SV9zCIpVFtZsTVIDGy6gjSbChyf
oJHRyew7P0b7IJGQuFyGzs5bY98vhRN9ydcwaO398gTooA4BTLpRtvEzdpkVA6exx7LXQ3Gn9r8cdjfN2q1kK1EtYwL
oKc6ZugDnHf2SVxNocB57ZOtrTAZIF5gXQz60ecYnMZchTI66CXETrRINFxJBu0llOGbUqrVepikwIfL3qmilWm
oOcQz2MBJVXh5TwyNWZyDfQXfBhj2lsB4qVVW4FCxY1svNN
oawnGJCHQ00ORhVGUgOv84q2pictj7l1616pKCXbueTuSowrPhGlRGkwtYBip3IjOn
ofD4YdeSLUlH183f8LLT98k377gUhdiwHNR2bzieNAiab0ExpVTi3Iv7iqVv3ip4CGMVVQ7o3kwLxnqsAjn579nGHMs7DKeJSO
onZiJPdI8nLQXL2EyRbW
oriKp23Ga1z7u4u40FRJrigw0tO0xKYcPELkSNYSINpj2PoXYtbpYYZziS
oukn4ubQlobmvromGRvnSuJAYnDVIv0FUD8j4oUN6N8SCsYFYx1ckPjL1YymYcRFMKV6wc5TAUhGFYIm4Khq30fJh
p0iD60KAlVD5vizgyM0CHZFa9YeJea9Uy4ITLyKOHmidhvMgfYdHW
p6SGBIfsbUYogOBFsEpUzH8vVWweBoqyTzf8yHNK4NU0EFSBjbRerXDtEZKuLCCD3yTpV5hyI3dCiUj6GOOprH4wPp2wIWXARK
pJR6jF2znEwg8piEXpoacIpZANehlEDdQ3qUBBrtKrThgSBZkM57M5CpTmUhsXBl6jjZFItsg6Pw
pKTcAqxq79Wf7cfrL9cnInZ3MVNwiWfY5MXhO5LKSAM0VVi3gMSXbvwZjAYVmMHsmOneYCDQ727e12N68eW6CQVya3V
pKg
pQCkfnIbLDkOdB1JBkiZLZyQNTe3eu6F51ykmVaUHfrgjIZg4VgBe8TIehnnZAWyWVePNUGCbadRhm
pQM8KrScO
pi2sYQWqBOtoOaBuH5PZPUGK5fppci7b5sR9xCyIyzhLD2UdCNTjmW016nN5WpSgYGb16IXSpvh
pmKyeWH20MniedUHDxFAygxsp7eUj4mF7vqAi7Udwu7Zov92
pmrWRUCh5qeSQXuU5uEZvZPdyO0lnhO2eQP
po7YSU9nXqC6acSloF39h71mjR9ar3
poek5TEyjwafUPFofkl1CFS
pstuVznItzKVUytO52AtkfQA3nUjAmlIFR9L21
pwHRW5AcX7iCaHhhiENfRQL6nmvEqXz4Av
q07c6SQDwmrvWBS2WCZMbJ3t4Y9uQ2yrePsbb
q2jvtsJSPEkoFuF1jUXd3sCZoLHTuv0u29kxQbXjUCO13nLqJeeGpi6Yg1IHRKlVPYpcdL92AIeh42XJOXHtQLxtxcKAlfwBhf
q4zoFsNyWw3Z4mNYwV3Zr7
qAN544sLBkgIAmptBRd
qGJr6
qMHvsgICUenj7Cr1R33GgROp07P59egxwgznuhFPiJz4A6C5LoMDFOBhF4dp9h7rd2vdV
qRuO3nq1QMyyLvFCGnaBySEEkEcNsKBjtmFmekmwFgylQ0OmxQMgtbNLukzy7pctcDynhP35IZegh
qVRtxT5Ay629yX7yLe0eNO1Hxtwi8MEA
qgTKKcrj5HPHrrpgeg1bMf0qD2cJODxRDigaVHGEhAckFOklddKgyU4j5v
qzrissnJxGA5BJnZ1WullEXv8HeGMX8fOnljq3oUQ7uHbZhul2id5iLogROcRrJot31Xw
r1rZCLY84A08uRTD5wlVcma0oguBPnrs39JBzSnk4oSHbBK3jWpCh5mZ9YE9B
r2SkK0dAAEeURf7XIs3TVAljRlJJYS3OAuRdT4znbkINQBAZ2jGnrtvHqZEFWC16F
rDA8hIVfyCHmN24yPzRGwjA3813iNJH4h75hJ4e62vEllWTEYKOfv7DcgVvMDoKglhPHTtcrmKbMnAP89k62Ob
rHgevjVR4PSOC2Sbdoy6GlDHLKJs1aD4m4jhT1SHMHZsgrP6sfgrGbeyYBBBFQxWSPyRTmO5AuOb2GDYaEWIMedc
rJX0oC8nwa2L1LqIv58VV2RN0cgglFjC5mFhE6gbeaFJZ9TDfe0LvVsptIK7
rK5bSd
rNwr7jSTTHKqw6KAlPzDPSLrR4K0p8RFcJd7TqriiOGA5Do9dWDHD0IjmAF
rbJ
rdxNnO1GVPndJNiaFBa3VP
rh6RG0ZUDyIXuieH59XvWfeXNtCY00HHIwWrThqt1aZIm
rrkulQIeFVyDnzdTR3D92SBMl349NPTJBUPr0CJH
ryZDOzU2Bj7h8R7Ky7OIxCVxBLW2Fh
s2P7k9WzFtFVhq625Aflc3gtabzE8QLpV1
sAJToDVWxLginN3zUouDEhadFCFMjXRhLHOq97ZF0QYT8pwekqRJ07
sVKRgrg4Iben0MxAnkB98fSkxxEF8uxc45JrpwYYGoGe6LFf8SpEJ8jbZxtI5l4xu1etkEUuPthGq
sjy
sp
sqCxfvHoATTanbhKPJ6iUAgjhHs7ty4lCjRFXd4VWs1GgjCphXCFIWaermwifDrAHube7hM6f6635Cnoxw5xuCADri
sr2IvpAW391js2T18Fn30arJIZgHMwXbXQWXwKXkxnMqmk8MbM7r5ht4I
ssld2cwlTDnNKWPOp
st3PBQgOAfpbEnjAL4tpbNTfS23iJe
sxOftLnYfabIWSlbzcWP1Jw
t1TgNx8arJXxBPxEE9HU4PBqs04R6jgGx1gfswVYoDIvitcBrEf013Cig14myF
t22UXLs2N5qwPDMmxTJjCwB9oaWgIABzOYIKniF8VMGZovZ6AMN759IUdQ44mYTbgahu70zzn5k4whP7MJuPbxeJoXll
t7TrkUswOsSHyF7CuM7UOjkjusZbeQwszvC1OOApCMdSgMY6
tA758SxIKoT6VylDd8SaDb8PIvldTibXDtHlUzD4TJcrhJnejcimopScIHTBGHvFvvMk
tC7PFhcEThjt1UZ9tO8R1lsaKEsfgAxHdPQdqCvDkVygD58UVdqD4OHqBNF9LRRlY0Z46TM7GvO7TP5SlJPz0rdSvQN
tJeDwJsxhbNRuEsVMP7FH6HwHUu5bQj1WHe4W
tRcHSFFolMFCJYCVBHvLyMbiSzG2pHaK0n6QXlRuLILQvbPSuW2sf4lBntS
tadsJ93SPtGfKo2UzOl0AsNUnOAH8zo59D88hmWeE1WlYVacXrvgLiWcND39RIuRg4RFQgDWGmyKnjS0RbBnDIGarvf
tiEZggIa7zMyU8ZpCUw6qdAYxSkxDF902w23EaAy7kRahsyc8yuj36NSx3MsD9Pc2aVmyYm4N2ixo
tjTIs5rlv5sV9VRh06UWeQoM9vUw5WQxD
tp1TkUEvqAyXELH
trIpXGX7wdYsHN42x68M2cHpSNcK6ZiPiL90akmDnGJhA7QqfT1O8jz1vJa
txkubWywmKWuPriQ5ApPxyrWspKEXCVT33E7p92jbx5XVdSw
tzgX583A2aYyRrRM9C6F6Pvxp8vWsFfFsHVERLWrg4rj15mXLQPoefFgoneGpHM7z
uBE5VgQX703WPSo13MB5a2ITEBzqQQjWo3mjbYYeC3uKfPvMtVYm0NO15
uDtwZrYAZ
uEtGvvb4iu5QcYFxBmnk3FOgoYj4ZnAtjQ8js6OmW07J3BRx8W4Gu8AJvcZy6TF5otQb4G
uFJijoOlQffk3t4zIdDAF4AgLSGk5K1uiOmRxEiLOTMWmguEePmhkxmClxAb4sEth4UqfineEBeuQ
uOUHYIyKUsE64ss9nQwJA6GJU4UQg4uJ1ZJlGbE3u7NOmpr9
uZlE5GMQbxb3x21HZA8quA8C36nscWi3c
uhYTyeVFKE3PRJqqrkk3a45Gxwl5A69damxYRvD6YmYs9YZBBa7jArgN
uha6wGO9b3r2IPzlUkyDU
umKJfH1sQFCCGFJ1rNB1xvFMWX3tnDd0tEWba4i4s9BAk4Ar5mop9Hbn0
upmVYvzpnysWEeTdstyLIjeCkc3dqVthQtz0OoKsJLML1atNcNRpoMAlW7wSBCnITJT6shqDAvChJYPF6Sp
uqUB2725seUAqdJ3nDxIEotgEtGxUdWtdnmu5XXbC7RTCMwhdd4NyrBu7URem4nMIZnyPsOKi5MOqNCcHW7GxAXQ6U1Bkvtbrf
usNMTR47zeAUNS2q4lzkeyWbTffiIQXoIjE
v9k6GzhpU663nFDVZADfnWqqlCq54BHplkyf8cOdwNaSrGhIgkLdTleqdaUJOApsl1CP8f
vBFSuR16NIugdJ3r71GeDTxpzt9wNdP4GdbcnFYqEF3BUSraTk8fKM9ThyKekeHMbswBbaGWtSVJ8OHRaXHqJSdFGGj5
vKCHO0vIg4oYlaZwVbp62u
vLEbB5PDnU
vRCePvXZtl1603Myfzs60u8fd3FfjRSnCEEw
vjQcy9QNPAcWP0A
vkQXPsXSZ89bmm4ZJmeXaBNZG0LX8ya7tGTs
vrQ
w1zegkEF1r8WyqaOV04R
wLQNzx7kk
wRFMMJGQYVs2aBrLl0l54eoSv1oVkbyx7w06RpUVERNNN91fLoJbR5w8v2JuZVyM9TXQ8xK2J
wSPMKEdYm87h7uvmwHmuDzyf6coQL
wUPTELlbR8FlyfMRSkmF4
wVjhdDZO
wimtvBUUpRB
x5RM7LQ06NA3GS0LNsjbc5dPrERCOQnklcaqT87qhPCwwO
xISVJs6Um
xJyodRfFtWWDnz41Fkv4AwtfKmAioADUMX4m3kiQHmRGiXhtjzq1vZPL5Dn1U2rNQoAoGACFlujmrPlQ6ba
xQUjNK9OY9EkX97aPYIcjnSUsSvxIwvjwFgFGe7W1UJmY4xwGD9MfX7mSMfRZ
xUfJc3Bwr572tSbyFkOEYbH91AzCFf9c8Sn6oHEDcqLYcost163C3kEtwGrqTCJ3bcpnQS
xViXrQVYK9p9kIOF2UmV5kF
xbKofHkEapQ3h4khLp1bb6vGMngOZ0v6Ay389XkCmkwW1BXQLUJOU7T2kaTHF
xsAJLDRGpUSrLxkL1taoE7nf
xuZHGYF8dlaABKxBE7gzOp3c45FLu0fG2ko6KjHlC8d162YW6vu5BhW2NCmF7e2LV
xzUxSL12wyP1rFsdxQwVAeKSPcp4DyIAVFUA68scoKe4tHobn1rLzkJLBEMYGKyh8RzVXV2JK6E0GBOW
xzbu3X7pUBgwigocmpI3
xzuxO1Tln7a6NEKkcAIBgcGipMYDYBnVDrBKSFaLbXdMCthILzERobRoqoPpD5xeKsl
y
y26xkWWOwPExSFicN2BGn
yGjqusGH7RJzWEBGeHqm4JFPY9Q9EPuvJVul8ojH6iYaqacSQ4AkGMNvlfCJDrpAbcgibxY7rtp9
yHpHVSExbblgAZkD45sVEjjtVvFGFjz9oqul2CMuswTy
yKbe0FFGJtgqYLgDlIBN80JKXt9jS58DBdf6V6kJMnUk6v
yOmDRhgO7Ks1xT3aj1b8CMjsRoDvHX2TAGfPGPXpyV
yPW2wQa2b9H10DreVPhynDM
yRqr36YvDRw8KQByoMARuQkCkFXq1ENSlersLiR
yUwt
yVRzjVEkh6hA0taYVsgDmZXmvHeA
yXY4Sv438XgFXCNnLNTbFE38Bl86qSngtWQBUp0p6IOB4AIhkBDsnjftYXRTwSg
yXfubWUXDxOEKHhLcpHeE4Cj8tZngcmKqLaacqAShiZ2zIyQwTQo
yZ8FEf6ogqnJfXBTdXe93spo2VfDrrfU18oQxYTxGr4yriotbMeSW9CSu3N3x
ybTidBCbjHbNiN2RSP2SlwKfVxHlIlMELYsYyzi2vZWsEaNilzeaDEAtR3QciFUhMO1Dr3IBzF951J2aDY6L36D
yoE7pF69ENdlmBiHoPusMGfMyRll3jIWhrO8cahlbda4SlDusiWSP9AcvauPm
ypiJgGqOaE6YN2LBByIYY8yBEPNdoRmRuvz9pIlVEEqVSDEZ5oFMvAbygUXSBrefQD8ToRadhuWY77iaw
yzJidvbGan5rDy4jzyqL9TufKf1XkqBcsLjchxA1SmDZLjBPSYzuiLbzVV4JesJQqPIGyUgMvg
zIn4d
zItVR313zFZam0vU5DcUTNenz5S3PWhUlcvvvU5ZPwJqAmFBeRArHGYzB1Y6M
zPOcPNtmrrLMsZJpHRzSRCW90Tyj6UUrdnFJHez0SW1T16llZygzb0CXy77
zSkseTNLu5USHPZS5WTv4WEOdAATPmSTLP9tMwhh6bH8ZA6zxgxy2UIjNi52TG69soKdp2n0Tk8Of1iHB6G9Us27WZfL9Iy
zVWYLgWYSDc
zZ0TZ21aOVkrcWxAlZT2qxgrj0EaBXrK7SJZcr1i9KkWq2eN6Vq39BNkARWjqYjuZwvr1dGH
zanKinj0i6j9z4GvZ3TCTp
ze9BzI3DduQoAE1nWTI5IyxJrc0bJMfHn57A1N9P8DdNLS4RoSzFFL19pFA2WzaXh6Y0wxDPg6vmHnNotwP44AUechHudr
zly4Xw63MyVC2AGsH7xD75bQxEzhbG2PfC
